[ 2016-12-17T15:18:41+08:00 ] 127.0.0.1 /favicon.ico?0074
INFO: [ app_init ] --START--
INFO: Run Behavior\BuildLiteBehavior [ RunTime:0.000052s ]
INFO: [ app_init ] --END-- [ RunTime:0.001536s ]

[ 2016-12-17T15:21:21+08:00 ] 127.0.0.1 /favicon.ico
INFO: [ app_init ] --START--
INFO: Run Behavior\BuildLiteBehavior [ RunTime:0.000014s ]
INFO: [ app_init ] --END-- [ RunTime:0.000505s ]

[ 2016-12-17T15:26:38+08:00 ] 127.0.0.1 /Product/ProductInfo/?styleNo=22331
INFO: [ app_init ] --START--
INFO: Run Behavior\BuildLiteBehavior [ RunTime:0.000026s ]
INFO: [ app_init ] --END-- [ RunTime:0.001286s ]
INFO: [ app_begin ] --START--
INFO: Run Behavior\ReadHtmlCacheBehavior [ RunTime:0.001372s ]
INFO: [ app_begin ] --END-- [ RunTime:0.001468s ]
SQL: SHOW COLUMNS FROM `ke_nav` [ RunTime:0.0058s ]
SQL: SELECT * FROM `ke_nav` WHERE ( status=1 AND type=2 ) ORDER BY sort desc, id asc  [ RunTime:0.0005s ]
SQL: SELECT * FROM `ke_nav` WHERE ( status=1 AND type=1 ) ORDER BY sort desc, id asc  [ RunTime:0.0004s ]
SQL: SHOW COLUMNS FROM `ke_product_category` [ RunTime:0.0055s ]
SQL: SELECT * FROM `ke_product_category` WHERE ( status=1 AND isindex=1 ) ORDER BY sort desc, id asc  [ RunTime:0.0006s ]
ERR: 非法操作:ProductInfo

[ 2016-12-17T15:27:33+08:00 ] 127.0.0.1 /Product/ProductInfo/?styleNo=22331
INFO: [ app_init ] --START--
INFO: Run Behavior\BuildLiteBehavior [ RunTime:0.000025s ]
INFO: [ app_init ] --END-- [ RunTime:0.001134s ]
INFO: [ app_begin ] --START--
INFO: Run Behavior\ReadHtmlCacheBehavior [ RunTime:0.001631s ]
INFO: [ app_begin ] --END-- [ RunTime:0.001748s ]
SQL: SHOW COLUMNS FROM `ke_nav` [ RunTime:0.0062s ]
SQL: SELECT * FROM `ke_nav` WHERE ( status=1 AND type=2 ) ORDER BY sort desc, id asc  [ RunTime:0.0009s ]
SQL: SELECT * FROM `ke_nav` WHERE ( status=1 AND type=1 ) ORDER BY sort desc, id asc  [ RunTime:0.0005s ]
SQL: SHOW COLUMNS FROM `ke_product_category` [ RunTime:0.0054s ]
SQL: SELECT * FROM `ke_product_category` WHERE ( status=1 AND isindex=1 ) ORDER BY sort desc, id asc  [ RunTime:0.0006s ]
ERR: 非法操作:ProductInfo

[ 2016-12-17T15:27:58+08:00 ] 127.0.0.1 /Product/ProductInfo/?styleNo=22331
INFO: [ app_init ] --START--
INFO: Run Behavior\BuildLiteBehavior [ RunTime:0.000031s ]
INFO: [ app_init ] --END-- [ RunTime:0.000870s ]
INFO: [ app_begin ] --START--
INFO: Run Behavior\ReadHtmlCacheBehavior [ RunTime:0.002260s ]
INFO: [ app_begin ] --END-- [ RunTime:0.002357s ]
SQL: SHOW COLUMNS FROM `ke_nav` [ RunTime:0.0047s ]
SQL: SELECT * FROM `ke_nav` WHERE ( status=1 AND type=2 ) ORDER BY sort desc, id asc  [ RunTime:0.0004s ]
SQL: SELECT * FROM `ke_nav` WHERE ( status=1 AND type=1 ) ORDER BY sort desc, id asc  [ RunTime:0.0004s ]
SQL: SHOW COLUMNS FROM `ke_product_category` [ RunTime:0.0049s ]
SQL: SELECT * FROM `ke_product_category` WHERE ( status=1 AND isindex=1 ) ORDER BY sort desc, id asc  [ RunTime:0.0005s ]
ERR: 非法操作:ProductInfo

[ 2016-12-17T15:39:53+08:00 ] 127.0.0.1 /Product/ProductInfo/?styleNo=22331
INFO: [ app_init ] --START--
INFO: Run Behavior\BuildLiteBehavior [ RunTime:0.000023s ]
INFO: [ app_init ] --END-- [ RunTime:0.000768s ]
INFO: [ app_begin ] --START--
INFO: Run Behavior\ReadHtmlCacheBehavior [ RunTime:0.001065s ]
INFO: [ app_begin ] --END-- [ RunTime:0.001151s ]
SQL: SHOW COLUMNS FROM `ke_nav` [ RunTime:0.0848s ]
SQL: SELECT * FROM `ke_nav` WHERE ( status=1 AND type=2 ) ORDER BY sort desc, id asc  [ RunTime:0.0005s ]
SQL: SELECT * FROM `ke_nav` WHERE ( status=1 AND type=1 ) ORDER BY sort desc, id asc  [ RunTime:0.0003s ]
SQL: SHOW COLUMNS FROM `ke_product_category` [ RunTime:0.0058s ]
SQL: SELECT * FROM `ke_product_category` WHERE ( status=1 AND isindex=1 ) ORDER BY sort desc, id asc  [ RunTime:0.0011s ]
ERR: 非法操作:ProductInfo

[ 2016-12-17T15:49:17+08:00 ] 127.0.0.1 /Product/ProductInfo/?styleNo=22331
INFO: [ app_init ] --START--
INFO: Run Behavior\BuildLiteBehavior [ RunTime:0.000027s ]
INFO: [ app_init ] --END-- [ RunTime:0.001033s ]
INFO: [ app_begin ] --START--
INFO: Run Behavior\ReadHtmlCacheBehavior [ RunTime:0.001619s ]
INFO: [ app_begin ] --END-- [ RunTime:0.001751s ]
SQL: SHOW COLUMNS FROM `ke_nav` [ RunTime:0.0052s ]
SQL: SELECT * FROM `ke_nav` WHERE ( status=1 AND type=2 ) ORDER BY sort desc, id asc  [ RunTime:0.0009s ]
SQL: SELECT * FROM `ke_nav` WHERE ( status=1 AND type=1 ) ORDER BY sort desc, id asc  [ RunTime:0.0006s ]
SQL: SHOW COLUMNS FROM `ke_product_category` [ RunTime:0.0060s ]
SQL: SELECT * FROM `ke_product_category` WHERE ( status=1 AND isindex=1 ) ORDER BY sort desc, id asc  [ RunTime:0.0005s ]
ERR: 非法操作:ProductInfo

[ 2016-12-17T15:50:17+08:00 ] 127.0.0.1 /Product/ProductInfo/?styleNo=22331
INFO: [ app_init ] --START--
INFO: Run Behavior\BuildLiteBehavior [ RunTime:0.000024s ]
INFO: [ app_init ] --END-- [ RunTime:0.000798s ]
INFO: [ app_begin ] --START--
INFO: Run Behavior\ReadHtmlCacheBehavior [ RunTime:0.001202s ]
INFO: [ app_begin ] --END-- [ RunTime:0.001301s ]
SQL: SHOW COLUMNS FROM `ke_nav` [ RunTime:0.0051s ]
SQL: SELECT * FROM `ke_nav` WHERE ( status=1 AND type=2 ) ORDER BY sort desc, id asc  [ RunTime:0.0006s ]
SQL: SELECT * FROM `ke_nav` WHERE ( status=1 AND type=1 ) ORDER BY sort desc, id asc  [ RunTime:0.0004s ]
SQL: SHOW COLUMNS FROM `ke_product_category` [ RunTime:0.0057s ]
SQL: SELECT * FROM `ke_product_category` WHERE ( status=1 AND isindex=1 ) ORDER BY sort desc, id asc  [ RunTime:0.0006s ]
ERR: 非法操作:ProductInfo

[ 2016-12-17T15:50:43+08:00 ] 127.0.0.1 /Product/ProductInfo/?styleNo=22331
INFO: [ app_init ] --START--
INFO: Run Behavior\BuildLiteBehavior [ RunTime:0.000028s ]
INFO: [ app_init ] --END-- [ RunTime:0.000971s ]
INFO: [ app_begin ] --START--
INFO: Run Behavior\ReadHtmlCacheBehavior [ RunTime:0.001499s ]
INFO: [ app_begin ] --END-- [ RunTime:0.001601s ]
SQL: SHOW COLUMNS FROM `ke_nav` [ RunTime:0.0054s ]
SQL: SELECT * FROM `ke_nav` WHERE ( status=1 AND type=2 ) ORDER BY sort desc, id asc  [ RunTime:0.0004s ]
SQL: SELECT * FROM `ke_nav` WHERE ( status=1 AND type=1 ) ORDER BY sort desc, id asc  [ RunTime:0.0003s ]
SQL: SHOW COLUMNS FROM `ke_product_category` [ RunTime:0.0044s ]
SQL: SELECT * FROM `ke_product_category` WHERE ( status=1 AND isindex=1 ) ORDER BY sort desc, id asc  [ RunTime:0.0004s ]
ERR: 非法操作:ProductInfo

[ 2016-12-17T15:51:22+08:00 ] 127.0.0.1 /Product/ProductInfo/?styleNo=22331
INFO: [ app_init ] --START--
INFO: Run Behavior\BuildLiteBehavior [ RunTime:0.000055s ]
INFO: [ app_init ] --END-- [ RunTime:0.001046s ]
INFO: [ app_begin ] --START--
INFO: Run Behavior\ReadHtmlCacheBehavior [ RunTime:0.002310s ]
INFO: [ app_begin ] --END-- [ RunTime:0.002425s ]
SQL: SHOW COLUMNS FROM `ke_nav` [ RunTime:0.0048s ]
SQL: SELECT * FROM `ke_nav` WHERE ( status=1 AND type=2 ) ORDER BY sort desc, id asc  [ RunTime:0.0004s ]
SQL: SELECT * FROM `ke_nav` WHERE ( status=1 AND type=1 ) ORDER BY sort desc, id asc  [ RunTime:0.0003s ]
SQL: SHOW COLUMNS FROM `ke_product_category` [ RunTime:0.0047s ]
SQL: SELECT * FROM `ke_product_category` WHERE ( status=1 AND isindex=1 ) ORDER BY sort desc, id asc  [ RunTime:0.0005s ]
ERR: 非法操作:ProductInfo

[ 2016-12-17T15:51:38+08:00 ] 127.0.0.1 /Product/ProductInfo/?styleNo=22331
INFO: [ app_init ] --START--
INFO: Run Behavior\BuildLiteBehavior [ RunTime:0.000021s ]
INFO: [ app_init ] --END-- [ RunTime:0.000813s ]
INFO: [ app_begin ] --START--
INFO: Run Behavior\ReadHtmlCacheBehavior [ RunTime:0.000655s ]
INFO: [ app_begin ] --END-- [ RunTime:0.000709s ]
SQL: SHOW COLUMNS FROM `ke_nav` [ RunTime:0.0043s ]
SQL: SELECT * FROM `ke_nav` WHERE ( status=1 AND type=2 ) ORDER BY sort desc, id asc  [ RunTime:0.0004s ]
SQL: SELECT * FROM `ke_nav` WHERE ( status=1 AND type=1 ) ORDER BY sort desc, id asc  [ RunTime:0.0003s ]
SQL: SHOW COLUMNS FROM `ke_product_category` [ RunTime:0.0040s ]
SQL: SELECT * FROM `ke_product_category` WHERE ( status=1 AND isindex=1 ) ORDER BY sort desc, id asc  [ RunTime:0.0004s ]
ERR: 非法操作:ProductInfo

[ 2016-12-17T15:54:04+08:00 ] 127.0.0.1 /Product/ProductInfo/?styleNo=22331
INFO: [ app_init ] --START--
INFO: Run Behavior\BuildLiteBehavior [ RunTime:0.000025s ]
INFO: [ app_init ] --END-- [ RunTime:0.000969s ]
INFO: [ app_begin ] --START--
INFO: Run Behavior\ReadHtmlCacheBehavior [ RunTime:0.001699s ]
INFO: [ app_begin ] --END-- [ RunTime:0.001814s ]
SQL: SHOW COLUMNS FROM `ke_nav` [ RunTime:0.0052s ]
SQL: SELECT * FROM `ke_nav` WHERE ( status=1 AND type=2 ) ORDER BY sort desc, id asc  [ RunTime:0.0004s ]
SQL: SELECT * FROM `ke_nav` WHERE ( status=1 AND type=1 ) ORDER BY sort desc, id asc  [ RunTime:0.0004s ]
SQL: SHOW COLUMNS FROM `ke_product_category` [ RunTime:0.0051s ]
SQL: SELECT * FROM `ke_product_category` WHERE ( status=1 AND isindex=1 ) ORDER BY sort desc, id asc  [ RunTime:0.0004s ]
ERR: 非法操作:ProductInfo

[ 2016-12-17T15:57:30+08:00 ] 127.0.0.1 /Product/ProductInfo/?styleNo=22331
INFO: [ app_init ] --START--
INFO: Run Behavior\BuildLiteBehavior [ RunTime:0.000062s ]
INFO: [ app_init ] --END-- [ RunTime:0.001137s ]
INFO: [ app_begin ] --START--
INFO: Run Behavior\ReadHtmlCacheBehavior [ RunTime:0.001969s ]
INFO: [ app_begin ] --END-- [ RunTime:0.002100s ]
SQL: SHOW COLUMNS FROM `ke_nav` [ RunTime:0.0041s ]
SQL: SELECT * FROM `ke_nav` WHERE ( status=1 AND type=2 ) ORDER BY sort desc, id asc  [ RunTime:0.0004s ]
SQL: SELECT * FROM `ke_nav` WHERE ( status=1 AND type=1 ) ORDER BY sort desc, id asc  [ RunTime:0.0003s ]
SQL: SHOW COLUMNS FROM `ke_product_category` [ RunTime:0.0041s ]
SQL: SELECT * FROM `ke_product_category` WHERE ( status=1 AND isindex=1 ) ORDER BY sort desc, id asc  [ RunTime:0.0004s ]
ERR: 非法操作:ProductInfo

[ 2016-12-17T15:58:13+08:00 ] 127.0.0.1 /Product/ProductInfo/?styleNo=22331
INFO: [ app_init ] --START--
INFO: Run Behavior\BuildLiteBehavior [ RunTime:0.000024s ]
INFO: [ app_init ] --END-- [ RunTime:0.001053s ]
INFO: [ app_begin ] --START--
INFO: Run Behavior\ReadHtmlCacheBehavior [ RunTime:0.001388s ]
INFO: [ app_begin ] --END-- [ RunTime:0.001493s ]
SQL: SHOW COLUMNS FROM `ke_nav` [ RunTime:0.0306s ]
SQL: SELECT * FROM `ke_nav` WHERE ( status=1 AND type=2 ) ORDER BY sort desc, id asc  [ RunTime:0.0004s ]
SQL: SELECT * FROM `ke_nav` WHERE ( status=1 AND type=1 ) ORDER BY sort desc, id asc  [ RunTime:0.0003s ]
SQL: SHOW COLUMNS FROM `ke_product_category` [ RunTime:0.0038s ]
SQL: SELECT * FROM `ke_product_category` WHERE ( status=1 AND isindex=1 ) ORDER BY sort desc, id asc  [ RunTime:0.0004s ]
ERR: 非法操作:ProductInfo

[ 2016-12-17T15:58:36+08:00 ] 127.0.0.1 /Product/ProductInfo/?styleNo=22331
INFO: [ app_init ] --START--
INFO: Run Behavior\BuildLiteBehavior [ RunTime:0.000025s ]
INFO: [ app_init ] --END-- [ RunTime:0.001005s ]
INFO: [ app_begin ] --START--
INFO: Run Behavior\ReadHtmlCacheBehavior [ RunTime:0.001534s ]
INFO: [ app_begin ] --END-- [ RunTime:0.001637s ]
SQL: SHOW COLUMNS FROM `ke_nav` [ RunTime:0.0053s ]
SQL: SELECT * FROM `ke_nav` WHERE ( status=1 AND type=2 ) ORDER BY sort desc, id asc  [ RunTime:0.0005s ]
SQL: SELECT * FROM `ke_nav` WHERE ( status=1 AND type=1 ) ORDER BY sort desc, id asc  [ RunTime:0.0004s ]
SQL: SHOW COLUMNS FROM `ke_product_category` [ RunTime:0.0051s ]
SQL: SELECT * FROM `ke_product_category` WHERE ( status=1 AND isindex=1 ) ORDER BY sort desc, id asc  [ RunTime:0.0005s ]
ERR: 非法操作:ProductInfo

[ 2016-12-17T15:59:45+08:00 ] 127.0.0.1 /Product/ProductInfo/?styleNo=22331
INFO: [ app_init ] --START--
INFO: Run Behavior\BuildLiteBehavior [ RunTime:0.000024s ]
INFO: [ app_init ] --END-- [ RunTime:0.000821s ]
INFO: [ app_begin ] --START--
INFO: Run Behavior\ReadHtmlCacheBehavior [ RunTime:0.001060s ]
INFO: [ app_begin ] --END-- [ RunTime:0.001153s ]
SQL: SHOW COLUMNS FROM `ke_nav` [ RunTime:0.0048s ]
SQL: SELECT * FROM `ke_nav` WHERE ( status=1 AND type=2 ) ORDER BY sort desc, id asc  [ RunTime:0.0004s ]
SQL: SELECT * FROM `ke_nav` WHERE ( status=1 AND type=1 ) ORDER BY sort desc, id asc  [ RunTime:0.0003s ]
SQL: SHOW COLUMNS FROM `ke_product_category` [ RunTime:0.0051s ]
SQL: SELECT * FROM `ke_product_category` WHERE ( status=1 AND isindex=1 ) ORDER BY sort desc, id asc  [ RunTime:0.0005s ]
ERR: 非法操作:ProductInfo

[ 2016-12-17T16:00:43+08:00 ] 127.0.0.1 /Product/ProductInfo/?styleNo=22331
INFO: [ app_init ] --START--
INFO: Run Behavior\BuildLiteBehavior [ RunTime:0.000023s ]
INFO: [ app_init ] --END-- [ RunTime:0.000709s ]
INFO: [ app_begin ] --START--
INFO: Run Behavior\ReadHtmlCacheBehavior [ RunTime:0.001128s ]
INFO: [ app_begin ] --END-- [ RunTime:0.001229s ]
SQL: SHOW COLUMNS FROM `ke_nav` [ RunTime:0.0043s ]
SQL: SELECT * FROM `ke_nav` WHERE ( status=1 AND type=2 ) ORDER BY sort desc, id asc  [ RunTime:0.0004s ]
SQL: SELECT * FROM `ke_nav` WHERE ( status=1 AND type=1 ) ORDER BY sort desc, id asc  [ RunTime:0.0003s ]
SQL: SHOW COLUMNS FROM `ke_product_category` [ RunTime:0.0042s ]
SQL: SELECT * FROM `ke_product_category` WHERE ( status=1 AND isindex=1 ) ORDER BY sort desc, id asc  [ RunTime:0.0004s ]
ERR: 非法操作:ProductInfo

[ 2016-12-17T16:01:58+08:00 ] 127.0.0.1 /Product/ProductInfo/?styleNo=22331
INFO: [ app_init ] --START--
INFO: Run Behavior\BuildLiteBehavior [ RunTime:0.000027s ]
INFO: [ app_init ] --END-- [ RunTime:0.001126s ]
INFO: [ app_begin ] --START--
INFO: Run Behavior\ReadHtmlCacheBehavior [ RunTime:0.001539s ]
INFO: [ app_begin ] --END-- [ RunTime:0.001649s ]
SQL: SHOW COLUMNS FROM `ke_nav` [ RunTime:0.0056s ]
SQL: SELECT * FROM `ke_nav` WHERE ( status=1 AND type=2 ) ORDER BY sort desc, id asc  [ RunTime:0.0004s ]
SQL: SELECT * FROM `ke_nav` WHERE ( status=1 AND type=1 ) ORDER BY sort desc, id asc  [ RunTime:0.0003s ]
SQL: SHOW COLUMNS FROM `ke_product_category` [ RunTime:0.0053s ]
SQL: SELECT * FROM `ke_product_category` WHERE ( status=1 AND isindex=1 ) ORDER BY sort desc, id asc  [ RunTime:0.0006s ]
ERR: 非法操作:ProductInfo

[ 2016-12-17T16:03:36+08:00 ] 127.0.0.1 /Product/ProductInfo/?styleNo=22331
INFO: [ app_init ] --START--
INFO: Run Behavior\BuildLiteBehavior [ RunTime:0.000028s ]
INFO: [ app_init ] --END-- [ RunTime:0.001202s ]
INFO: [ app_begin ] --START--
INFO: Run Behavior\ReadHtmlCacheBehavior [ RunTime:0.001463s ]
INFO: [ app_begin ] --END-- [ RunTime:0.001561s ]
SQL: SHOW COLUMNS FROM `ke_nav` [ RunTime:0.0053s ]
SQL: SELECT * FROM `ke_nav` WHERE ( status=1 AND type=2 ) ORDER BY sort desc, id asc  [ RunTime:0.0004s ]
SQL: SELECT * FROM `ke_nav` WHERE ( status=1 AND type=1 ) ORDER BY sort desc, id asc  [ RunTime:0.0003s ]
SQL: SHOW COLUMNS FROM `ke_product_category` [ RunTime:0.0045s ]
SQL: SELECT * FROM `ke_product_category` WHERE ( status=1 AND isindex=1 ) ORDER BY sort desc, id asc  [ RunTime:0.0004s ]
ERR: 非法操作:ProductInfo

[ 2016-12-17T16:19:00+08:00 ] 127.0.0.1 /Product/ProductInfo/?styleNo=22331
INFO: [ app_init ] --START--
INFO: Run Behavior\BuildLiteBehavior [ RunTime:0.000023s ]
INFO: [ app_init ] --END-- [ RunTime:0.000794s ]
INFO: [ app_begin ] --START--
INFO: Run Behavior\ReadHtmlCacheBehavior [ RunTime:0.001326s ]
INFO: [ app_begin ] --END-- [ RunTime:0.001419s ]
SQL: SHOW COLUMNS FROM `ke_nav` [ RunTime:0.0045s ]
SQL: SELECT * FROM `ke_nav` WHERE ( status=1 AND type=2 ) ORDER BY sort desc, id asc  [ RunTime:0.0004s ]
SQL: SELECT * FROM `ke_nav` WHERE ( status=1 AND type=1 ) ORDER BY sort desc, id asc  [ RunTime:0.0003s ]
SQL: SHOW COLUMNS FROM `ke_product_category` [ RunTime:0.0056s ]
SQL: SELECT * FROM `ke_product_category` WHERE ( status=1 AND isindex=1 ) ORDER BY sort desc, id asc  [ RunTime:0.0006s ]
ERR: 非法操作:ProductInfo

[ 2016-12-17T16:49:45+08:00 ] 127.0.0.1 /Product/ProductInfo/?styleNo=22331
INFO: [ app_init ] --START--
INFO: Run Behavior\BuildLiteBehavior [ RunTime:0.000026s ]
INFO: [ app_init ] --END-- [ RunTime:0.000953s ]
INFO: [ app_begin ] --START--
INFO: Run Behavior\ReadHtmlCacheBehavior [ RunTime:0.001261s ]
INFO: [ app_begin ] --END-- [ RunTime:0.001352s ]
SQL: SHOW COLUMNS FROM `ke_nav` [ RunTime:0.0047s ]
SQL: SELECT * FROM `ke_nav` WHERE ( status=1 AND type=2 ) ORDER BY sort desc, id asc  [ RunTime:0.0006s ]
SQL: SELECT * FROM `ke_nav` WHERE ( status=1 AND type=1 ) ORDER BY sort desc, id asc  [ RunTime:0.0004s ]
SQL: SHOW COLUMNS FROM `ke_product_category` [ RunTime:0.0037s ]
SQL: SELECT * FROM `ke_product_category` WHERE ( status=1 AND isindex=1 ) ORDER BY sort desc, id asc  [ RunTime:0.0004s ]
ERR: 非法操作:ProductInfo

[ 2016-12-17T16:50:19+08:00 ] 127.0.0.1 /Product/ProductInfo/?styleNo=22331
INFO: [ app_init ] --START--
INFO: Run Behavior\BuildLiteBehavior [ RunTime:0.000027s ]
INFO: [ app_init ] --END-- [ RunTime:0.000793s ]
INFO: [ app_begin ] --START--
INFO: Run Behavior\ReadHtmlCacheBehavior [ RunTime:0.001106s ]
INFO: [ app_begin ] --END-- [ RunTime:0.001207s ]
SQL: SHOW COLUMNS FROM `ke_nav` [ RunTime:0.0050s ]
SQL: SELECT * FROM `ke_nav` WHERE ( status=1 AND type=2 ) ORDER BY sort desc, id asc  [ RunTime:0.0005s ]
SQL: SELECT * FROM `ke_nav` WHERE ( status=1 AND type=1 ) ORDER BY sort desc, id asc  [ RunTime:0.0003s ]
SQL: SHOW COLUMNS FROM `ke_product_category` [ RunTime:0.0045s ]
SQL: SELECT * FROM `ke_product_category` WHERE ( status=1 AND isindex=1 ) ORDER BY sort desc, id asc  [ RunTime:0.0005s ]
ERR: 非法操作:ProductInfo

[ 2016-12-17T16:51:42+08:00 ] 127.0.0.1 /Product/ProductInfo/?styleNo=22331
INFO: [ app_init ] --START--
INFO: Run Behavior\BuildLiteBehavior [ RunTime:0.000030s ]
INFO: [ app_init ] --END-- [ RunTime:0.001269s ]
INFO: [ app_begin ] --START--
INFO: Run Behavior\ReadHtmlCacheBehavior [ RunTime:0.001246s ]
INFO: [ app_begin ] --END-- [ RunTime:0.001346s ]
SQL: SHOW COLUMNS FROM `ke_nav` [ RunTime:0.0052s ]
SQL: SELECT * FROM `ke_nav` WHERE ( status=1 AND type=2 ) ORDER BY sort desc, id asc  [ RunTime:0.0004s ]
SQL: SELECT * FROM `ke_nav` WHERE ( status=1 AND type=1 ) ORDER BY sort desc, id asc  [ RunTime:0.0003s ]
SQL: SHOW COLUMNS FROM `ke_product_category` [ RunTime:0.0051s ]
SQL: SELECT * FROM `ke_product_category` WHERE ( status=1 AND isindex=1 ) ORDER BY sort desc, id asc  [ RunTime:0.0005s ]
ERR: 非法操作:ProductInfo

[ 2016-12-17T16:53:29+08:00 ] 127.0.0.1 /Product/ProductInfo/?styleNo=22331
INFO: [ app_init ] --START--
INFO: Run Behavior\BuildLiteBehavior [ RunTime:0.000024s ]
INFO: [ app_init ] --END-- [ RunTime:0.000864s ]
INFO: [ app_begin ] --START--
INFO: Run Behavior\ReadHtmlCacheBehavior [ RunTime:0.001578s ]
INFO: [ app_begin ] --END-- [ RunTime:0.001672s ]
SQL: SHOW COLUMNS FROM `ke_nav` [ RunTime:0.0055s ]
SQL: SELECT * FROM `ke_nav` WHERE ( status=1 AND type=2 ) ORDER BY sort desc, id asc  [ RunTime:0.0005s ]
SQL: SELECT * FROM `ke_nav` WHERE ( status=1 AND type=1 ) ORDER BY sort desc, id asc  [ RunTime:0.0003s ]
SQL: SHOW COLUMNS FROM `ke_product_category` [ RunTime:0.0043s ]
SQL: SELECT * FROM `ke_product_category` WHERE ( status=1 AND isindex=1 ) ORDER BY sort desc, id asc  [ RunTime:0.0005s ]
ERR: 非法操作:ProductInfo

[ 2016-12-17T16:58:33+08:00 ] 127.0.0.1 /Product/ProductInfo/?styleNo=22331
INFO: [ app_init ] --START--
INFO: Run Behavior\BuildLiteBehavior [ RunTime:0.000024s ]
INFO: [ app_init ] --END-- [ RunTime:0.000860s ]
INFO: [ app_begin ] --START--
INFO: Run Behavior\ReadHtmlCacheBehavior [ RunTime:0.001377s ]
INFO: [ app_begin ] --END-- [ RunTime:0.001513s ]
SQL: SHOW COLUMNS FROM `ke_nav` [ RunTime:0.0119s ]
SQL: SELECT * FROM `ke_nav` WHERE ( status=1 AND type=2 ) ORDER BY sort desc, id asc  [ RunTime:0.0004s ]
SQL: SELECT * FROM `ke_nav` WHERE ( status=1 AND type=1 ) ORDER BY sort desc, id asc  [ RunTime:0.0003s ]
SQL: SHOW COLUMNS FROM `ke_product_category` [ RunTime:0.0039s ]
SQL: SELECT * FROM `ke_product_category` WHERE ( status=1 AND isindex=1 ) ORDER BY sort desc, id asc  [ RunTime:0.0004s ]
ERR: 非法操作:ProductInfo

[ 2016-12-17T17:00:23+08:00 ] 127.0.0.1 /Product/ProductInfo/?styleNo=22331
INFO: [ app_init ] --START--
INFO: Run Behavior\BuildLiteBehavior [ RunTime:0.000024s ]
INFO: [ app_init ] --END-- [ RunTime:0.000781s ]
INFO: [ app_begin ] --START--
INFO: Run Behavior\ReadHtmlCacheBehavior [ RunTime:0.001118s ]
INFO: [ app_begin ] --END-- [ RunTime:0.001208s ]
SQL: SHOW COLUMNS FROM `ke_nav` [ RunTime:0.0039s ]
SQL: SELECT * FROM `ke_nav` WHERE ( status=1 AND type=2 ) ORDER BY sort desc, id asc  [ RunTime:0.0004s ]
SQL: SELECT * FROM `ke_nav` WHERE ( status=1 AND type=1 ) ORDER BY sort desc, id asc  [ RunTime:0.0004s ]
SQL: SHOW COLUMNS FROM `ke_product_category` [ RunTime:0.0048s ]
SQL: SELECT * FROM `ke_product_category` WHERE ( status=1 AND isindex=1 ) ORDER BY sort desc, id asc  [ RunTime:0.0005s ]
ERR: 非法操作:ProductInfo

[ 2016-12-17T17:02:57+08:00 ] 127.0.0.1 /Product/ProductInfo/?styleNo=22331
INFO: [ app_init ] --START--
INFO: Run Behavior\BuildLiteBehavior [ RunTime:0.000026s ]
INFO: [ app_init ] --END-- [ RunTime:0.001039s ]
INFO: [ app_begin ] --START--
INFO: Run Behavior\ReadHtmlCacheBehavior [ RunTime:0.001412s ]
INFO: [ app_begin ] --END-- [ RunTime:0.001510s ]
SQL: SHOW COLUMNS FROM `ke_nav` [ RunTime:0.0053s ]
SQL: SELECT * FROM `ke_nav` WHERE ( status=1 AND type=2 ) ORDER BY sort desc, id asc  [ RunTime:0.0006s ]
SQL: SELECT * FROM `ke_nav` WHERE ( status=1 AND type=1 ) ORDER BY sort desc, id asc  [ RunTime:0.0004s ]
SQL: SHOW COLUMNS FROM `ke_product_category` [ RunTime:0.0053s ]
SQL: SELECT * FROM `ke_product_category` WHERE ( status=1 AND isindex=1 ) ORDER BY sort desc, id asc  [ RunTime:0.0006s ]
ERR: 非法操作:ProductInfo

[ 2016-12-17T17:03:33+08:00 ] 127.0.0.1 /Product/ProductInfo/?styleNo=22331
INFO: [ app_init ] --START--
INFO: Run Behavior\BuildLiteBehavior [ RunTime:0.000027s ]
INFO: [ app_init ] --END-- [ RunTime:0.000786s ]
INFO: [ app_begin ] --START--
INFO: Run Behavior\ReadHtmlCacheBehavior [ RunTime:0.001291s ]
INFO: [ app_begin ] --END-- [ RunTime:0.001398s ]
SQL: SHOW COLUMNS FROM `ke_nav` [ RunTime:0.0046s ]
SQL: SELECT * FROM `ke_nav` WHERE ( status=1 AND type=2 ) ORDER BY sort desc, id asc  [ RunTime:0.0004s ]
SQL: SELECT * FROM `ke_nav` WHERE ( status=1 AND type=1 ) ORDER BY sort desc, id asc  [ RunTime:0.0004s ]
SQL: SHOW COLUMNS FROM `ke_product_category` [ RunTime:0.0054s ]
SQL: SELECT * FROM `ke_product_category` WHERE ( status=1 AND isindex=1 ) ORDER BY sort desc, id asc  [ RunTime:0.0005s ]
ERR: 非法操作:ProductInfo

[ 2016-12-17T18:00:17+08:00 ] 127.0.0.1 /i/22331/22331031/2233103_220.jpg
INFO: [ app_init ] --START--
INFO: Run Behavior\BuildLiteBehavior [ RunTime:0.000024s ]
INFO: [ app_init ] --END-- [ RunTime:0.001748s ]

[ 2016-12-17T18:00:31+08:00 ] 127.0.0.1 /OnSale/2P85D/WOMEN
INFO: [ app_init ] --START--
INFO: Run Behavior\BuildLiteBehavior [ RunTime:0.000014s ]
INFO: [ app_init ] --END-- [ RunTime:0.000536s ]
INFO: [ app_begin ] --START--
INFO: Run Behavior\ReadHtmlCacheBehavior [ RunTime:0.000693s ]
INFO: [ app_begin ] --END-- [ RunTime:0.000740s ]
ERR: 无法加载控制器:OnSale

[ 2016-12-17T18:00:53+08:00 ] 127.0.0.1 /Shopping/RemoveItem
INFO: [ app_init ] --START--
INFO: Run Behavior\BuildLiteBehavior [ RunTime:0.000018s ]
INFO: [ app_init ] --END-- [ RunTime:0.000932s ]
INFO: [ app_begin ] --START--
INFO: Run Behavior\ReadHtmlCacheBehavior [ RunTime:0.000696s ]
INFO: [ app_begin ] --END-- [ RunTime:0.000741s ]
ERR: 无法加载控制器:Shopping

[ 2016-12-17T18:02:14+08:00 ] 127.0.0.1 /i/22331/22331031/2233103_220.jpg
INFO: [ app_init ] --START--
INFO: Run Behavior\BuildLiteBehavior [ RunTime:0.000014s ]
INFO: [ app_init ] --END-- [ RunTime:0.000469s ]

[ 2016-12-17T18:18:16+08:00 ] 127.0.0.1 /i/22331/22331031/2233103_220.jpg
INFO: [ app_init ] --START--
INFO: Run Behavior\BuildLiteBehavior [ RunTime:0.000021s ]
INFO: [ app_init ] --END-- [ RunTime:0.000709s ]

[ 2016-12-17T18:18:33+08:00 ] 127.0.0.1 /i/22331/22331031/2233103_220.jpg
INFO: [ app_init ] --START--
INFO: Run Behavior\BuildLiteBehavior [ RunTime:0.000024s ]
INFO: [ app_init ] --END-- [ RunTime:0.000936s ]

[ 2016-12-17T18:21:18+08:00 ] 127.0.0.1 /i/22331/22331031/2233103_220.jpg
INFO: [ app_init ] --START--
INFO: Run Behavior\BuildLiteBehavior [ RunTime:0.000026s ]
INFO: [ app_init ] --END-- [ RunTime:0.000782s ]

[ 2016-12-17T18:21:23+08:00 ] 127.0.0.1 /i/22331/22331031/2233103_220.jpg
INFO: [ app_init ] --START--
INFO: Run Behavior\BuildLiteBehavior [ RunTime:0.000020s ]
INFO: [ app_init ] --END-- [ RunTime:0.000683s ]

[ 2016-12-17T18:21:26+08:00 ] 127.0.0.1 /i/22331/22331031/2233103_220.jpg
INFO: [ app_init ] --START--
INFO: Run Behavior\BuildLiteBehavior [ RunTime:0.000022s ]
INFO: [ app_init ] --END-- [ RunTime:0.000731s ]

[ 2016-12-17T18:32:10+08:00 ] 127.0.0.1 /Shopping/RemoveItem
INFO: [ app_init ] --START--
INFO: Run Behavior\BuildLiteBehavior [ RunTime:0.000015s ]
INFO: [ app_init ] --END-- [ RunTime:0.000620s ]
INFO: [ app_begin ] --START--
INFO: Run Behavior\ReadHtmlCacheBehavior [ RunTime:0.001257s ]
INFO: [ app_begin ] --END-- [ RunTime:0.001349s ]
ERR: 无法加载控制器:Shopping

[ 2016-12-17T18:34:16+08:00 ] 127.0.0.1 /OnSale/2P85D/WOMEN
INFO: [ app_init ] --START--
INFO: Run Behavior\BuildLiteBehavior [ RunTime:0.000014s ]
INFO: [ app_init ] --END-- [ RunTime:0.000535s ]
INFO: [ app_begin ] --START--
INFO: Run Behavior\ReadHtmlCacheBehavior [ RunTime:0.000842s ]
INFO: [ app_begin ] --END-- [ RunTime:0.000922s ]
ERR: 无法加载控制器:OnSale

[ 2016-12-17T18:44:21+08:00 ] 127.0.0.1 /Shopping/RemoveItem
INFO: [ app_init ] --START--
INFO: Run Behavior\BuildLiteBehavior [ RunTime:0.000016s ]
INFO: [ app_init ] --END-- [ RunTime:0.000543s ]
INFO: [ app_begin ] --START--
INFO: Run Behavior\ReadHtmlCacheBehavior [ RunTime:0.000764s ]
INFO: [ app_begin ] --END-- [ RunTime:0.000817s ]
ERR: 无法加载控制器:Shopping

[ 2016-12-17T18:44:22+08:00 ] 127.0.0.1 /Shopping/RemoveItem
INFO: [ app_init ] --START--
INFO: Run Behavior\BuildLiteBehavior [ RunTime:0.000013s ]
INFO: [ app_init ] --END-- [ RunTime:0.000532s ]
INFO: [ app_begin ] --START--
INFO: Run Behavior\ReadHtmlCacheBehavior [ RunTime:0.000683s ]
INFO: [ app_begin ] --END-- [ RunTime:0.000729s ]
ERR: 无法加载控制器:Shopping

[ 2016-12-17T19:53:33+08:00 ] 127.0.0.1 /Shopping/UpdatePaymentMethod
INFO: [ app_init ] --START--
INFO: Run Behavior\BuildLiteBehavior [ RunTime:0.000023s ]
INFO: [ app_init ] --END-- [ RunTime:0.000704s ]
INFO: [ app_begin ] --START--
INFO: Run Behavior\ReadHtmlCacheBehavior [ RunTime:0.000936s ]
INFO: [ app_begin ] --END-- [ RunTime:0.001027s ]
ERR: 无法加载控制器:Shopping

[ 2016-12-17T19:53:34+08:00 ] 127.0.0.1 /Shopping/UpdatePaymentMethod
INFO: [ app_init ] --START--
INFO: Run Behavior\BuildLiteBehavior [ RunTime:0.000017s ]
INFO: [ app_init ] --END-- [ RunTime:0.000627s ]
INFO: [ app_begin ] --START--
INFO: Run Behavior\ReadHtmlCacheBehavior [ RunTime:0.000655s ]
INFO: [ app_begin ] --END-- [ RunTime:0.000706s ]
ERR: 无法加载控制器:Shopping

[ 2016-12-17T19:53:35+08:00 ] 127.0.0.1 /Shopping/UpdatePaymentMethod
INFO: [ app_init ] --START--
INFO: Run Behavior\BuildLiteBehavior [ RunTime:0.000020s ]
INFO: [ app_init ] --END-- [ RunTime:0.000626s ]
INFO: [ app_begin ] --START--
INFO: Run Behavior\ReadHtmlCacheBehavior [ RunTime:0.001169s ]
INFO: [ app_begin ] --END-- [ RunTime:0.001255s ]
ERR: 无法加载控制器:Shopping

[ 2016-12-17T19:53:35+08:00 ] 127.0.0.1 /Shopping/UpdatePaymentMethod
INFO: [ app_init ] --START--
INFO: Run Behavior\BuildLiteBehavior [ RunTime:0.000015s ]
INFO: [ app_init ] --END-- [ RunTime:0.000465s ]
INFO: [ app_begin ] --START--
INFO: Run Behavior\ReadHtmlCacheBehavior [ RunTime:0.001134s ]
INFO: [ app_begin ] --END-- [ RunTime:0.001238s ]
ERR: 无法加载控制器:Shopping

[ 2016-12-17T19:53:36+08:00 ] 127.0.0.1 /Shopping/UpdatePaymentMethod
INFO: [ app_init ] --START--
INFO: Run Behavior\BuildLiteBehavior [ RunTime:0.000015s ]
INFO: [ app_init ] --END-- [ RunTime:0.000481s ]
INFO: [ app_begin ] --START--
INFO: Run Behavior\ReadHtmlCacheBehavior [ RunTime:0.000643s ]
INFO: [ app_begin ] --END-- [ RunTime:0.000690s ]
ERR: 无法加载控制器:Shopping

[ 2016-12-17T19:53:36+08:00 ] 127.0.0.1 /Shopping/UpdatePaymentMethod
INFO: [ app_init ] --START--
INFO: Run Behavior\BuildLiteBehavior [ RunTime:0.000033s ]
INFO: [ app_init ] --END-- [ RunTime:0.001246s ]
INFO: [ app_begin ] --START--
INFO: Run Behavior\ReadHtmlCacheBehavior [ RunTime:0.000855s ]
INFO: [ app_begin ] --END-- [ RunTime:0.000916s ]
ERR: 无法加载控制器:Shopping

[ 2016-12-17T19:53:37+08:00 ] 127.0.0.1 /Shopping/UpdatePaymentMethod
INFO: [ app_init ] --START--
INFO: Run Behavior\BuildLiteBehavior [ RunTime:0.000014s ]
INFO: [ app_init ] --END-- [ RunTime:0.000490s ]
INFO: [ app_begin ] --START--
INFO: Run Behavior\ReadHtmlCacheBehavior [ RunTime:0.000640s ]
INFO: [ app_begin ] --END-- [ RunTime:0.000690s ]
ERR: 无法加载控制器:Shopping

[ 2016-12-17T19:53:38+08:00 ] 127.0.0.1 /Shopping/UpdatePaymentMethod
INFO: [ app_init ] --START--
INFO: Run Behavior\BuildLiteBehavior [ RunTime:0.000014s ]
INFO: [ app_init ] --END-- [ RunTime:0.000495s ]
INFO: [ app_begin ] --START--
INFO: Run Behavior\ReadHtmlCacheBehavior [ RunTime:0.000651s ]
INFO: [ app_begin ] --END-- [ RunTime:0.000711s ]
ERR: 无法加载控制器:Shopping

[ 2016-12-17T19:53:38+08:00 ] 127.0.0.1 /Shopping/UpdatePaymentMethod
INFO: [ app_init ] --START--
INFO: Run Behavior\BuildLiteBehavior [ RunTime:0.000015s ]
INFO: [ app_init ] --END-- [ RunTime:0.000468s ]
INFO: [ app_begin ] --START--
INFO: Run Behavior\ReadHtmlCacheBehavior [ RunTime:0.001187s ]
INFO: [ app_begin ] --END-- [ RunTime:0.001259s ]
ERR: 无法加载控制器:Shopping

[ 2016-12-17T19:53:38+08:00 ] 127.0.0.1 /Shopping/UpdatePaymentMethod
INFO: [ app_init ] --START--
INFO: Run Behavior\BuildLiteBehavior [ RunTime:0.000019s ]
INFO: [ app_init ] --END-- [ RunTime:0.000683s ]
INFO: [ app_begin ] --START--
INFO: Run Behavior\ReadHtmlCacheBehavior [ RunTime:0.000669s ]
INFO: [ app_begin ] --END-- [ RunTime:0.000727s ]
ERR: 无法加载控制器:Shopping

[ 2016-12-17T19:53:38+08:00 ] 127.0.0.1 /Shopping/UpdatePaymentMethod
INFO: [ app_init ] --START--
INFO: Run Behavior\BuildLiteBehavior [ RunTime:0.000013s ]
INFO: [ app_init ] --END-- [ RunTime:0.000440s ]
INFO: [ app_begin ] --START--
INFO: Run Behavior\ReadHtmlCacheBehavior [ RunTime:0.000804s ]
INFO: [ app_begin ] --END-- [ RunTime:0.000880s ]
ERR: 无法加载控制器:Shopping

[ 2016-12-17T19:53:38+08:00 ] 127.0.0.1 /Shopping/UpdatePaymentMethod
INFO: [ app_init ] --START--
INFO: Run Behavior\BuildLiteBehavior [ RunTime:0.000015s ]
INFO: [ app_init ] --END-- [ RunTime:0.000483s ]
INFO: [ app_begin ] --START--
INFO: Run Behavior\ReadHtmlCacheBehavior [ RunTime:0.000750s ]
INFO: [ app_begin ] --END-- [ RunTime:0.000823s ]
ERR: 无法加载控制器:Shopping

[ 2016-12-17T19:53:38+08:00 ] 127.0.0.1 /Shopping/UpdatePaymentMethod
INFO: [ app_init ] --START--
INFO: Run Behavior\BuildLiteBehavior [ RunTime:0.000024s ]
INFO: [ app_init ] --END-- [ RunTime:0.000665s ]
INFO: [ app_begin ] --START--
INFO: Run Behavior\ReadHtmlCacheBehavior [ RunTime:0.000702s ]
INFO: [ app_begin ] --END-- [ RunTime:0.000756s ]
ERR: 无法加载控制器:Shopping

[ 2016-12-17T19:53:39+08:00 ] 127.0.0.1 /Shopping/UpdatePaymentMethod
INFO: [ app_init ] --START--
INFO: Run Behavior\BuildLiteBehavior [ RunTime:0.000015s ]
INFO: [ app_init ] --END-- [ RunTime:0.000544s ]
INFO: [ app_begin ] --START--
INFO: Run Behavior\ReadHtmlCacheBehavior [ RunTime:0.000964s ]
INFO: [ app_begin ] --END-- [ RunTime:0.001110s ]
ERR: 无法加载控制器:Shopping

[ 2016-12-17T19:53:39+08:00 ] 127.0.0.1 /Shopping/UpdatePaymentMethod
INFO: [ app_init ] --START--
INFO: Run Behavior\BuildLiteBehavior [ RunTime:0.000015s ]
INFO: [ app_init ] --END-- [ RunTime:0.000475s ]
INFO: [ app_begin ] --START--
INFO: Run Behavior\ReadHtmlCacheBehavior [ RunTime:0.000675s ]
INFO: [ app_begin ] --END-- [ RunTime:0.000732s ]
ERR: 无法加载控制器:Shopping

[ 2016-12-17T19:53:39+08:00 ] 127.0.0.1 /Shopping/UpdatePaymentMethod
INFO: [ app_init ] --START--
INFO: Run Behavior\BuildLiteBehavior [ RunTime:0.000033s ]
INFO: [ app_init ] --END-- [ RunTime:0.000770s ]
INFO: [ app_begin ] --START--
INFO: Run Behavior\ReadHtmlCacheBehavior [ RunTime:0.000947s ]
INFO: [ app_begin ] --END-- [ RunTime:0.001027s ]
ERR: 无法加载控制器:Shopping

[ 2016-12-17T19:53:39+08:00 ] 127.0.0.1 /Shopping/UpdatePaymentMethod
INFO: [ app_init ] --START--
INFO: Run Behavior\BuildLiteBehavior [ RunTime:0.000018s ]
INFO: [ app_init ] --END-- [ RunTime:0.000825s ]
INFO: [ app_begin ] --START--
INFO: Run Behavior\ReadHtmlCacheBehavior [ RunTime:0.000727s ]
INFO: [ app_begin ] --END-- [ RunTime:0.000781s ]
ERR: 无法加载控制器:Shopping

[ 2016-12-17T19:53:39+08:00 ] 127.0.0.1 /Shopping/UpdatePaymentMethod
INFO: [ app_init ] --START--
INFO: Run Behavior\BuildLiteBehavior [ RunTime:0.000015s ]
INFO: [ app_init ] --END-- [ RunTime:0.000486s ]
INFO: [ app_begin ] --START--
INFO: Run Behavior\ReadHtmlCacheBehavior [ RunTime:0.000636s ]
INFO: [ app_begin ] --END-- [ RunTime:0.000691s ]
ERR: 无法加载控制器:Shopping

[ 2016-12-17T19:53:39+08:00 ] 127.0.0.1 /Shopping/UpdatePaymentMethod
INFO: [ app_init ] --START--
INFO: Run Behavior\BuildLiteBehavior [ RunTime:0.000023s ]
INFO: [ app_init ] --END-- [ RunTime:0.000779s ]
INFO: [ app_begin ] --START--
INFO: Run Behavior\ReadHtmlCacheBehavior [ RunTime:0.001347s ]
INFO: [ app_begin ] --END-- [ RunTime:0.001443s ]
ERR: 无法加载控制器:Shopping

[ 2016-12-17T19:53:40+08:00 ] 127.0.0.1 /Shopping/UpdatePaymentMethod
INFO: [ app_init ] --START--
INFO: Run Behavior\BuildLiteBehavior [ RunTime:0.000017s ]
INFO: [ app_init ] --END-- [ RunTime:0.000496s ]
INFO: [ app_begin ] --START--
INFO: Run Behavior\ReadHtmlCacheBehavior [ RunTime:0.000734s ]
INFO: [ app_begin ] --END-- [ RunTime:0.000795s ]
ERR: 无法加载控制器:Shopping

[ 2016-12-17T19:53:40+08:00 ] 127.0.0.1 /Shopping/UpdatePaymentMethod
INFO: [ app_init ] --START--
INFO: Run Behavior\BuildLiteBehavior [ RunTime:0.000019s ]
INFO: [ app_init ] --END-- [ RunTime:0.000513s ]
INFO: [ app_begin ] --START--
INFO: Run Behavior\ReadHtmlCacheBehavior [ RunTime:0.000855s ]
INFO: [ app_begin ] --END-- [ RunTime:0.000919s ]
ERR: 无法加载控制器:Shopping

[ 2016-12-17T19:53:40+08:00 ] 127.0.0.1 /Shopping/UpdatePaymentMethod
INFO: [ app_init ] --START--
INFO: Run Behavior\BuildLiteBehavior [ RunTime:0.000016s ]
INFO: [ app_init ] --END-- [ RunTime:0.000689s ]
INFO: [ app_begin ] --START--
INFO: Run Behavior\ReadHtmlCacheBehavior [ RunTime:0.000607s ]
INFO: [ app_begin ] --END-- [ RunTime:0.000648s ]
ERR: 无法加载控制器:Shopping

[ 2016-12-17T19:53:40+08:00 ] 127.0.0.1 /Shopping/UpdatePaymentMethod
INFO: [ app_init ] --START--
INFO: Run Behavior\BuildLiteBehavior [ RunTime:0.000015s ]
INFO: [ app_init ] --END-- [ RunTime:0.000472s ]
INFO: [ app_begin ] --START--
INFO: Run Behavior\ReadHtmlCacheBehavior [ RunTime:0.000632s ]
INFO: [ app_begin ] --END-- [ RunTime:0.000684s ]
ERR: 无法加载控制器:Shopping

[ 2016-12-17T19:53:40+08:00 ] 127.0.0.1 /Shopping/UpdatePaymentMethod
INFO: [ app_init ] --START--
INFO: Run Behavior\BuildLiteBehavior [ RunTime:0.000014s ]
INFO: [ app_init ] --END-- [ RunTime:0.000468s ]
INFO: [ app_begin ] --START--
INFO: Run Behavior\ReadHtmlCacheBehavior [ RunTime:0.000630s ]
INFO: [ app_begin ] --END-- [ RunTime:0.000674s ]
ERR: 无法加载控制器:Shopping

[ 2016-12-17T19:53:40+08:00 ] 127.0.0.1 /Shopping/UpdatePaymentMethod
INFO: [ app_init ] --START--
INFO: Run Behavior\BuildLiteBehavior [ RunTime:0.000016s ]
INFO: [ app_init ] --END-- [ RunTime:0.000503s ]
INFO: [ app_begin ] --START--
INFO: Run Behavior\ReadHtmlCacheBehavior [ RunTime:0.000660s ]
INFO: [ app_begin ] --END-- [ RunTime:0.000713s ]
ERR: 无法加载控制器:Shopping

[ 2016-12-17T19:53:41+08:00 ] 127.0.0.1 /Shopping/UpdatePaymentMethod
INFO: [ app_init ] --START--
INFO: Run Behavior\BuildLiteBehavior [ RunTime:0.000023s ]
INFO: [ app_init ] --END-- [ RunTime:0.000798s ]
INFO: [ app_begin ] --START--
INFO: Run Behavior\ReadHtmlCacheBehavior [ RunTime:0.001222s ]
INFO: [ app_begin ] --END-- [ RunTime:0.001310s ]
ERR: 无法加载控制器:Shopping

[ 2016-12-17T19:53:41+08:00 ] 127.0.0.1 /Shopping/UpdatePaymentMethod
INFO: [ app_init ] --START--
INFO: Run Behavior\BuildLiteBehavior [ RunTime:0.000039s ]
INFO: [ app_init ] --END-- [ RunTime:0.001564s ]
INFO: [ app_begin ] --START--
INFO: Run Behavior\ReadHtmlCacheBehavior [ RunTime:0.001859s ]
INFO: [ app_begin ] --END-- [ RunTime:0.002000s ]
ERR: 无法加载控制器:Shopping

[ 2016-12-17T19:53:41+08:00 ] 127.0.0.1 /Shopping/UpdatePaymentMethod
INFO: [ app_init ] --START--
INFO: Run Behavior\BuildLiteBehavior [ RunTime:0.000015s ]
INFO: [ app_init ] --END-- [ RunTime:0.000470s ]
INFO: [ app_begin ] --START--
INFO: Run Behavior\ReadHtmlCacheBehavior [ RunTime:0.000617s ]
INFO: [ app_begin ] --END-- [ RunTime:0.000663s ]
ERR: 无法加载控制器:Shopping

[ 2016-12-17T19:53:41+08:00 ] 127.0.0.1 /Shopping/UpdatePaymentMethod
INFO: [ app_init ] --START--
INFO: Run Behavior\BuildLiteBehavior [ RunTime:0.000063s ]
INFO: [ app_init ] --END-- [ RunTime:0.001392s ]
INFO: [ app_begin ] --START--
INFO: Run Behavior\ReadHtmlCacheBehavior [ RunTime:0.000956s ]
INFO: [ app_begin ] --END-- [ RunTime:0.001046s ]
ERR: 无法加载控制器:Shopping

[ 2016-12-17T19:53:41+08:00 ] 127.0.0.1 /Shopping/UpdatePaymentMethod
INFO: [ app_init ] --START--
INFO: Run Behavior\BuildLiteBehavior [ RunTime:0.000014s ]
INFO: [ app_init ] --END-- [ RunTime:0.000485s ]
INFO: [ app_begin ] --START--
INFO: Run Behavior\ReadHtmlCacheBehavior [ RunTime:0.000917s ]
INFO: [ app_begin ] --END-- [ RunTime:0.001006s ]
ERR: 无法加载控制器:Shopping

[ 2016-12-17T19:53:41+08:00 ] 127.0.0.1 /Shopping/UpdatePaymentMethod
INFO: [ app_init ] --START--
INFO: Run Behavior\BuildLiteBehavior [ RunTime:0.000023s ]
INFO: [ app_init ] --END-- [ RunTime:0.001601s ]
INFO: [ app_begin ] --START--
INFO: Run Behavior\ReadHtmlCacheBehavior [ RunTime:0.000650s ]
INFO: [ app_begin ] --END-- [ RunTime:0.000700s ]
ERR: 无法加载控制器:Shopping

[ 2016-12-17T19:58:25+08:00 ] 127.0.0.1 /Shopping/UpdatePaymentMethod
INFO: [ app_init ] --START--
INFO: Run Behavior\BuildLiteBehavior [ RunTime:0.000014s ]
INFO: [ app_init ] --END-- [ RunTime:0.000501s ]
INFO: [ app_begin ] --START--
INFO: Run Behavior\ReadHtmlCacheBehavior [ RunTime:0.000740s ]
INFO: [ app_begin ] --END-- [ RunTime:0.000804s ]
ERR: 无法加载控制器:Shopping

[ 2016-12-17T19:58:26+08:00 ] 127.0.0.1 /Shopping/UpdatePaymentMethod
INFO: [ app_init ] --START--
INFO: Run Behavior\BuildLiteBehavior [ RunTime:0.000020s ]
INFO: [ app_init ] --END-- [ RunTime:0.000696s ]
INFO: [ app_begin ] --START--
INFO: Run Behavior\ReadHtmlCacheBehavior [ RunTime:0.000653s ]
INFO: [ app_begin ] --END-- [ RunTime:0.000708s ]
ERR: 无法加载控制器:Shopping

[ 2016-12-17T19:58:27+08:00 ] 127.0.0.1 /Shopping/UpdatePaymentMethod
INFO: [ app_init ] --START--
INFO: Run Behavior\BuildLiteBehavior [ RunTime:0.000015s ]
INFO: [ app_init ] --END-- [ RunTime:0.000524s ]
INFO: [ app_begin ] --START--
INFO: Run Behavior\ReadHtmlCacheBehavior [ RunTime:0.001110s ]
INFO: [ app_begin ] --END-- [ RunTime:0.001191s ]
ERR: 无法加载控制器:Shopping

[ 2016-12-17T19:58:27+08:00 ] 127.0.0.1 /Shopping/UpdatePaymentMethod
INFO: [ app_init ] --START--
INFO: Run Behavior\BuildLiteBehavior [ RunTime:0.000015s ]
INFO: [ app_init ] --END-- [ RunTime:0.000488s ]
INFO: [ app_begin ] --START--
INFO: Run Behavior\ReadHtmlCacheBehavior [ RunTime:0.000670s ]
INFO: [ app_begin ] --END-- [ RunTime:0.000726s ]
ERR: 无法加载控制器:Shopping

[ 2016-12-17T19:58:27+08:00 ] 127.0.0.1 /Shopping/UpdatePaymentMethod
INFO: [ app_init ] --START--
INFO: Run Behavior\BuildLiteBehavior [ RunTime:0.000014s ]
INFO: [ app_init ] --END-- [ RunTime:0.000470s ]
INFO: [ app_begin ] --START--
INFO: Run Behavior\ReadHtmlCacheBehavior [ RunTime:0.000698s ]
INFO: [ app_begin ] --END-- [ RunTime:0.000754s ]
ERR: 无法加载控制器:Shopping

[ 2016-12-17T19:58:28+08:00 ] 127.0.0.1 /Shopping/UpdatePaymentMethod
INFO: [ app_init ] --START--
INFO: Run Behavior\BuildLiteBehavior [ RunTime:0.000021s ]
INFO: [ app_init ] --END-- [ RunTime:0.000662s ]
INFO: [ app_begin ] --START--
INFO: Run Behavior\ReadHtmlCacheBehavior [ RunTime:0.000983s ]
INFO: [ app_begin ] --END-- [ RunTime:0.001063s ]
ERR: 无法加载控制器:Shopping

[ 2016-12-17T19:58:28+08:00 ] 127.0.0.1 /Shopping/UpdatePaymentMethod
INFO: [ app_init ] --START--
INFO: Run Behavior\BuildLiteBehavior [ RunTime:0.000014s ]
INFO: [ app_init ] --END-- [ RunTime:0.000484s ]
INFO: [ app_begin ] --START--
INFO: Run Behavior\ReadHtmlCacheBehavior [ RunTime:0.000625s ]
INFO: [ app_begin ] --END-- [ RunTime:0.000673s ]
ERR: 无法加载控制器:Shopping

[ 2016-12-17T19:58:29+08:00 ] 127.0.0.1 /Shopping/UpdatePaymentMethod
INFO: [ app_init ] --START--
INFO: Run Behavior\BuildLiteBehavior [ RunTime:0.000015s ]
INFO: [ app_init ] --END-- [ RunTime:0.000610s ]
INFO: [ app_begin ] --START--
INFO: Run Behavior\ReadHtmlCacheBehavior [ RunTime:0.000895s ]
INFO: [ app_begin ] --END-- [ RunTime:0.000960s ]
ERR: 无法加载控制器:Shopping

[ 2016-12-17T19:58:29+08:00 ] 127.0.0.1 /Shopping/UpdatePaymentMethod
INFO: [ app_init ] --START--
INFO: Run Behavior\BuildLiteBehavior [ RunTime:0.000013s ]
INFO: [ app_init ] --END-- [ RunTime:0.000431s ]
INFO: [ app_begin ] --START--
INFO: Run Behavior\ReadHtmlCacheBehavior [ RunTime:0.000592s ]
INFO: [ app_begin ] --END-- [ RunTime:0.000635s ]
ERR: 无法加载控制器:Shopping

[ 2016-12-17T19:58:29+08:00 ] 127.0.0.1 /Shopping/UpdatePaymentMethod
INFO: [ app_init ] --START--
INFO: Run Behavior\BuildLiteBehavior [ RunTime:0.000014s ]
INFO: [ app_init ] --END-- [ RunTime:0.000471s ]
INFO: [ app_begin ] --START--
INFO: Run Behavior\ReadHtmlCacheBehavior [ RunTime:0.000634s ]
INFO: [ app_begin ] --END-- [ RunTime:0.000682s ]
ERR: 无法加载控制器:Shopping

[ 2016-12-17T19:58:30+08:00 ] 127.0.0.1 /Shopping/UpdatePaymentMethod
INFO: [ app_init ] --START--
INFO: Run Behavior\BuildLiteBehavior [ RunTime:0.000015s ]
INFO: [ app_init ] --END-- [ RunTime:0.000492s ]
INFO: [ app_begin ] --START--
INFO: Run Behavior\ReadHtmlCacheBehavior [ RunTime:0.000696s ]
INFO: [ app_begin ] --END-- [ RunTime:0.000755s ]
ERR: 无法加载控制器:Shopping

[ 2016-12-17T19:58:30+08:00 ] 127.0.0.1 /Shopping/UpdatePaymentMethod
INFO: [ app_init ] --START--
INFO: Run Behavior\BuildLiteBehavior [ RunTime:0.000015s ]
INFO: [ app_init ] --END-- [ RunTime:0.000478s ]
INFO: [ app_begin ] --START--
INFO: Run Behavior\ReadHtmlCacheBehavior [ RunTime:0.000692s ]
INFO: [ app_begin ] --END-- [ RunTime:0.000752s ]
ERR: 无法加载控制器:Shopping

[ 2016-12-17T19:58:31+08:00 ] 127.0.0.1 /Shopping/UpdatePaymentMethod
INFO: [ app_init ] --START--
INFO: Run Behavior\BuildLiteBehavior [ RunTime:0.000022s ]
INFO: [ app_init ] --END-- [ RunTime:0.000708s ]
INFO: [ app_begin ] --START--
INFO: Run Behavior\ReadHtmlCacheBehavior [ RunTime:0.000660s ]
INFO: [ app_begin ] --END-- [ RunTime:0.000716s ]
ERR: 无法加载控制器:Shopping

[ 2016-12-17T19:58:31+08:00 ] 127.0.0.1 /Shopping/UpdatePaymentMethod
INFO: [ app_init ] --START--
INFO: Run Behavior\BuildLiteBehavior [ RunTime:0.000014s ]
INFO: [ app_init ] --END-- [ RunTime:0.000474s ]
INFO: [ app_begin ] --START--
INFO: Run Behavior\ReadHtmlCacheBehavior [ RunTime:0.000811s ]
INFO: [ app_begin ] --END-- [ RunTime:0.000877s ]
ERR: 无法加载控制器:Shopping

[ 2016-12-17T19:58:32+08:00 ] 127.0.0.1 /Shopping/UpdatePaymentMethod
INFO: [ app_init ] --START--
INFO: Run Behavior\BuildLiteBehavior [ RunTime:0.000019s ]
INFO: [ app_init ] --END-- [ RunTime:0.000488s ]
INFO: [ app_begin ] --START--
INFO: Run Behavior\ReadHtmlCacheBehavior [ RunTime:0.000655s ]
INFO: [ app_begin ] --END-- [ RunTime:0.000708s ]
ERR: 无法加载控制器:Shopping

[ 2016-12-17T19:58:37+08:00 ] 127.0.0.1 /Shopping/UpdatePaymentMethod
INFO: [ app_init ] --START--
INFO: Run Behavior\BuildLiteBehavior [ RunTime:0.000013s ]
INFO: [ app_init ] --END-- [ RunTime:0.000472s ]
INFO: [ app_begin ] --START--
INFO: Run Behavior\ReadHtmlCacheBehavior [ RunTime:0.000616s ]
INFO: [ app_begin ] --END-- [ RunTime:0.000658s ]
ERR: 无法加载控制器:Shopping

[ 2016-12-17T20:09:07+08:00 ] 127.0.0.1 /Shopping/UpdatePaymentMethod
INFO: [ app_init ] --START--
INFO: Run Behavior\BuildLiteBehavior [ RunTime:0.000023s ]
INFO: [ app_init ] --END-- [ RunTime:0.000646s ]
INFO: [ app_begin ] --START--
INFO: Run Behavior\ReadHtmlCacheBehavior [ RunTime:0.000989s ]
INFO: [ app_begin ] --END-- [ RunTime:0.001064s ]
ERR: 无法加载控制器:Shopping

[ 2016-12-17T20:09:08+08:00 ] 127.0.0.1 /Shopping/UpdatePaymentMethod
INFO: [ app_init ] --START--
INFO: Run Behavior\BuildLiteBehavior [ RunTime:0.000027s ]
INFO: [ app_init ] --END-- [ RunTime:0.000818s ]
INFO: [ app_begin ] --START--
INFO: Run Behavior\ReadHtmlCacheBehavior [ RunTime:0.000991s ]
INFO: [ app_begin ] --END-- [ RunTime:0.001073s ]
ERR: 无法加载控制器:Shopping

[ 2016-12-17T20:09:09+08:00 ] 127.0.0.1 /Shopping/UpdatePaymentMethod
INFO: [ app_init ] --START--
INFO: Run Behavior\BuildLiteBehavior [ RunTime:0.000068s ]
INFO: [ app_init ] --END-- [ RunTime:0.001136s ]
INFO: [ app_begin ] --START--
INFO: Run Behavior\ReadHtmlCacheBehavior [ RunTime:0.000759s ]
INFO: [ app_begin ] --END-- [ RunTime:0.000831s ]
ERR: 无法加载控制器:Shopping

[ 2016-12-17T20:09:09+08:00 ] 127.0.0.1 /Shopping/UpdatePaymentMethod
INFO: [ app_init ] --START--
INFO: Run Behavior\BuildLiteBehavior [ RunTime:0.000015s ]
INFO: [ app_init ] --END-- [ RunTime:0.000475s ]
INFO: [ app_begin ] --START--
INFO: Run Behavior\ReadHtmlCacheBehavior [ RunTime:0.000787s ]
INFO: [ app_begin ] --END-- [ RunTime:0.000870s ]
ERR: 无法加载控制器:Shopping

[ 2016-12-17T20:09:09+08:00 ] 127.0.0.1 /Shopping/UpdatePaymentMethod
INFO: [ app_init ] --START--
INFO: Run Behavior\BuildLiteBehavior [ RunTime:0.000022s ]
INFO: [ app_init ] --END-- [ RunTime:0.000555s ]
INFO: [ app_begin ] --START--
INFO: Run Behavior\ReadHtmlCacheBehavior [ RunTime:0.001035s ]
INFO: [ app_begin ] --END-- [ RunTime:0.001114s ]
ERR: 无法加载控制器:Shopping

[ 2016-12-17T20:09:09+08:00 ] 127.0.0.1 /Shopping/UpdatePaymentMethod
INFO: [ app_init ] --START--
INFO: Run Behavior\BuildLiteBehavior [ RunTime:0.000063s ]
INFO: [ app_init ] --END-- [ RunTime:0.001235s ]
INFO: [ app_begin ] --START--
INFO: Run Behavior\ReadHtmlCacheBehavior [ RunTime:0.000633s ]
INFO: [ app_begin ] --END-- [ RunTime:0.000685s ]
ERR: 无法加载控制器:Shopping

[ 2016-12-17T20:09:09+08:00 ] 127.0.0.1 /Shopping/UpdatePaymentMethod
INFO: [ app_init ] --START--
INFO: Run Behavior\BuildLiteBehavior [ RunTime:0.000017s ]
INFO: [ app_init ] --END-- [ RunTime:0.000966s ]
INFO: [ app_begin ] --START--
INFO: Run Behavior\ReadHtmlCacheBehavior [ RunTime:0.000711s ]
INFO: [ app_begin ] --END-- [ RunTime:0.000768s ]
ERR: 无法加载控制器:Shopping

[ 2016-12-17T20:09:10+08:00 ] 127.0.0.1 /Shopping/UpdatePaymentMethod
INFO: [ app_init ] --START--
INFO: Run Behavior\BuildLiteBehavior [ RunTime:0.000014s ]
INFO: [ app_init ] --END-- [ RunTime:0.000470s ]
INFO: [ app_begin ] --START--
INFO: Run Behavior\ReadHtmlCacheBehavior [ RunTime:0.000996s ]
INFO: [ app_begin ] --END-- [ RunTime:0.001176s ]
ERR: 无法加载控制器:Shopping

[ 2016-12-17T20:15:05+08:00 ] 127.0.0.1 /Shopping/UpdatePaymentMethod
INFO: [ app_init ] --START--
INFO: Run Behavior\BuildLiteBehavior [ RunTime:0.000021s ]
INFO: [ app_init ] --END-- [ RunTime:0.000793s ]
INFO: [ app_begin ] --START--
INFO: Run Behavior\ReadHtmlCacheBehavior [ RunTime:0.000718s ]
INFO: [ app_begin ] --END-- [ RunTime:0.000779s ]
ERR: 无法加载控制器:Shopping

[ 2016-12-17T20:15:07+08:00 ] 127.0.0.1 /Shopping/UpdatePaymentMethod
INFO: [ app_init ] --START--
INFO: Run Behavior\BuildLiteBehavior [ RunTime:0.000024s ]
INFO: [ app_init ] --END-- [ RunTime:0.000716s ]
INFO: [ app_begin ] --START--
INFO: Run Behavior\ReadHtmlCacheBehavior [ RunTime:0.001161s ]
INFO: [ app_begin ] --END-- [ RunTime:0.001347s ]
ERR: 无法加载控制器:Shopping

