[ 2016-11-29T00:07:40+08:00 ] 127.0.0.1 /index.php/Product/lists/id/384.html
INFO: [ app_init ] --START--
INFO: Run Behavior\BuildLiteBehavior [ RunTime:0.000021s ]
INFO: [ app_init ] --END-- [ RunTime:0.000757s ]
INFO: [ app_begin ] --START--
INFO: Run Behavior\ReadHtmlCacheBehavior [ RunTime:0.000783s ]
INFO: [ app_begin ] --END-- [ RunTime:0.000834s ]
SQL: SHOW COLUMNS FROM `ke_nav` [ RunTime:0.0045s ]
SQL: SELECT * FROM `ke_nav` WHERE ( status=1 AND type=2 ) ORDER BY sort desc, id asc  [ RunTime:0.0007s ]
SQL: SELECT * FROM `ke_nav` WHERE ( status=1 AND type=1 ) ORDER BY sort desc, id asc  [ RunTime:0.0005s ]
SQL: SHOW COLUMNS FROM `ke_product_category` [ RunTime:0.0037s ]
SQL: SELECT * FROM `ke_product_category` WHERE ( status=1 AND isindex=1 ) ORDER BY sort desc, id asc  [ RunTime:0.0007s ]
SQL: SHOW COLUMNS FROM `ke_product_category` [ RunTime:0.0032s ]
SQL: SELECT * FROM `ke_product_category` WHERE `id` = 384 LIMIT 1   [ RunTime:0.0004s ]
SQL: SELECT * FROM `ke_product_category` WHERE ( status=1 AND pid = 384 ) ORDER BY sort desc, id asc  [ RunTime:0.0005s ]
SQL: SELECT * FROM `ke_product_category` WHERE ( status=1 ) ORDER BY sort desc  [ RunTime:0.0003s ]
NOTIC: [8] Undefined variable: arr E:\www\sc\Application\Home\Model\ProductCategoryModel.class.php 第 68 行.
NOTIC: [2] array_merge(): Argument #1 is not an array E:\www\sc\Application\Home\Model\ProductCategoryModel.class.php 第 65 行.
NOTIC: [8] Undefined variable: arr E:\www\sc\Application\Home\Model\ProductCategoryModel.class.php 第 68 行.
NOTIC: [2] array_merge(): Argument #1 is not an array E:\www\sc\Application\Home\Model\ProductCategoryModel.class.php 第 65 行.
SQL: SHOW COLUMNS FROM `ke_product` [ RunTime:0.0042s ]
SQL: SELECT COUNT(*) AS tp_count FROM `ke_product` WHERE (  status=1 AND checked=1 AND `delete`=0  AND (fpid=384 OR spid=384 OR tpid=384) ) LIMIT 1   [ RunTime:0.0004s ]
SQL: SELECT `id`,`name`,`pic`,`market_price`,`price` FROM `ke_product` WHERE (  status=1 AND checked=1 AND `delete`=0  AND (fpid=384 OR spid=384 OR tpid=384) ) ORDER BY sort desc, id desc LIMIT 0,100   [ RunTime:0.0006s ]
INFO: [ view_parse ] --START--
INFO: [ template_filter ] --START--
INFO: Run Behavior\ContentReplaceBehavior [ RunTime:0.000158s ]
INFO: [ template_filter ] --END-- [ RunTime:0.000208s ]
INFO: Run Behavior\ParseTemplateBehavior [ RunTime:0.033809s ]
INFO: [ view_parse ] --END-- [ RunTime:0.033879s ]
INFO: [ view_filter ] --START--
INFO: Run Behavior\WriteHtmlCacheBehavior [ RunTime:0.000458s ]
INFO: [ view_filter ] --END-- [ RunTime:0.000498s ]
INFO: [ app_end ] --START--
INFO: Run Behavior\ShowPageTraceBehavior [ RunTime:0.001101s ]
INFO: [ app_end ] --END-- [ RunTime:0.001177s ]

[ 2016-11-29T00:07:40+08:00 ] 127.0.0.1 /Public/Statics/static/images/sidenav_h2icon.gif
INFO: [ app_init ] --START--
INFO: Run Behavior\BuildLiteBehavior [ RunTime:0.000022s ]
INFO: [ app_init ] --END-- [ RunTime:0.000664s ]

[ 2016-11-29T00:07:40+08:00 ] 127.0.0.1 /Public/Statics/static/images/sidenav_list_icon.gif
INFO: [ app_init ] --START--
INFO: Run Behavior\BuildLiteBehavior [ RunTime:0.000015s ]
INFO: [ app_init ] --END-- [ RunTime:0.000548s ]

[ 2016-11-29T00:07:43+08:00 ] 127.0.0.1 /index.php/Product/info/id/201.html
INFO: [ app_init ] --START--
INFO: Run Behavior\BuildLiteBehavior [ RunTime:0.000019s ]
INFO: [ app_init ] --END-- [ RunTime:0.000634s ]
INFO: [ app_begin ] --START--
INFO: Run Behavior\ReadHtmlCacheBehavior [ RunTime:0.001712s ]
INFO: [ app_begin ] --END-- [ RunTime:0.001835s ]
SQL: SHOW COLUMNS FROM `ke_nav` [ RunTime:0.0225s ]
SQL: SELECT * FROM `ke_nav` WHERE ( status=1 AND type=2 ) ORDER BY sort desc, id asc  [ RunTime:0.0005s ]
SQL: SELECT * FROM `ke_nav` WHERE ( status=1 AND type=1 ) ORDER BY sort desc, id asc  [ RunTime:0.0003s ]
SQL: SHOW COLUMNS FROM `ke_product_category` [ RunTime:0.0385s ]
SQL: SELECT * FROM `ke_product_category` WHERE ( status=1 AND isindex=1 ) ORDER BY sort desc, id asc  [ RunTime:0.0005s ]
SQL: SHOW COLUMNS FROM `ke_product` [ RunTime:0.0051s ]
SQL: SHOW COLUMNS FROM `ke_product` [ RunTime:0.0045s ]
SQL: SELECT p.*,pc.content,pc.imgs FROM ke_product p  left join ke_product_content pc on pc.id = p.id  WHERE p.checked = 1 AND p.delete = 0 AND p.status = 1 AND p.id = '201' LIMIT 1   [ RunTime:0.0006s ]
SQL: SHOW COLUMNS FROM `ke_product_items` [ RunTime:0.0040s ]
SQL: SELECT * FROM `ke_product_items` WHERE `gid` = 201 AND `checked` = 1 AND `delete` = 0 AND `status` = 1  [ RunTime:0.0008s ]
SQL: SHOW COLUMNS FROM `ke_product_category` [ RunTime:0.0041s ]
SQL: SELECT * FROM `ke_product_category` WHERE `id` = 384 LIMIT 1   [ RunTime:0.0003s ]
SQL: SELECT * FROM `ke_product_category` WHERE ( status=1 AND pid = 384 ) ORDER BY sort desc, id asc  [ RunTime:0.0003s ]
SQL: SELECT * FROM `ke_product_category` WHERE ( status=1 ) ORDER BY sort desc  [ RunTime:0.0003s ]
NOTIC: [8] Undefined variable: arr E:\www\sc\Application\Home\Model\ProductCategoryModel.class.php 第 68 行.
NOTIC: [2] array_merge(): Argument #1 is not an array E:\www\sc\Application\Home\Model\ProductCategoryModel.class.php 第 65 行.
NOTIC: [8] Undefined variable: arr E:\www\sc\Application\Home\Model\ProductCategoryModel.class.php 第 68 行.
NOTIC: [2] array_merge(): Argument #1 is not an array E:\www\sc\Application\Home\Model\ProductCategoryModel.class.php 第 65 行.
SQL: SHOW COLUMNS FROM `ke_product_content` [ RunTime:0.0035s ]
SQL: SELECT * FROM `ke_product_content` WHERE `id` = 201 LIMIT 1   [ RunTime:0.0003s ]
SQL: SHOW COLUMNS FROM `ke_product_specs_imgs` [ RunTime:0.0034s ]
SQL: SELECT * FROM `ke_product_specs_imgs` WHERE ( goods_id=201 )  [ RunTime:0.0004s ]
NOTIC: [8] Undefined variable: shouchang E:\www\sc\Application\Home\Controller\ProductController.class.php 第 179 行.
INFO: [ view_parse ] --START--
INFO: [ template_filter ] --START--
INFO: Run Behavior\ContentReplaceBehavior [ RunTime:0.000326s ]
INFO: [ template_filter ] --END-- [ RunTime:0.000378s ]
INFO: Run Behavior\ParseTemplateBehavior [ RunTime:0.020336s ]
INFO: [ view_parse ] --END-- [ RunTime:0.020393s ]
INFO: [ view_filter ] --START--
INFO: Run Behavior\WriteHtmlCacheBehavior [ RunTime:0.000449s ]
INFO: [ view_filter ] --END-- [ RunTime:0.000488s ]
INFO: [ app_end ] --START--
INFO: Run Behavior\ShowPageTraceBehavior [ RunTime:0.001146s ]
INFO: [ app_end ] --END-- [ RunTime:0.001230s ]

[ 2016-11-29T00:07:43+08:00 ] 127.0.0.1 /Public/Statics/static/images/sidenav_list_icon.gif
INFO: [ app_init ] --START--
INFO: Run Behavior\BuildLiteBehavior [ RunTime:0.000021s ]
INFO: [ app_init ] --END-- [ RunTime:0.000687s ]

[ 2016-11-29T00:07:43+08:00 ] 127.0.0.1 /Public/Statics/static/images/sidenav_h2icon.gif
INFO: [ app_init ] --START--
INFO: Run Behavior\BuildLiteBehavior [ RunTime:0.000021s ]
INFO: [ app_init ] --END-- [ RunTime:0.000646s ]

[ 2016-11-29T00:07:43+08:00 ] 127.0.0.1 /favicon.ico
INFO: [ app_init ] --START--
INFO: Run Behavior\BuildLiteBehavior [ RunTime:0.000086s ]
INFO: [ app_init ] --END-- [ RunTime:0.002541s ]

[ 2016-11-29T00:08:26+08:00 ] 127.0.0.1 /index.php/Product/info/id/201.html
INFO: [ app_init ] --START--
INFO: Run Behavior\BuildLiteBehavior [ RunTime:0.000014s ]
INFO: [ app_init ] --END-- [ RunTime:0.000487s ]
INFO: [ app_begin ] --START--
INFO: Run Behavior\ReadHtmlCacheBehavior [ RunTime:0.000791s ]
INFO: [ app_begin ] --END-- [ RunTime:0.000840s ]
SQL: SHOW COLUMNS FROM `ke_nav` [ RunTime:0.0037s ]
SQL: SELECT * FROM `ke_nav` WHERE ( status=1 AND type=2 ) ORDER BY sort desc, id asc  [ RunTime:0.0004s ]
SQL: SELECT * FROM `ke_nav` WHERE ( status=1 AND type=1 ) ORDER BY sort desc, id asc  [ RunTime:0.0003s ]
SQL: SHOW COLUMNS FROM `ke_product_category` [ RunTime:0.0039s ]
SQL: SELECT * FROM `ke_product_category` WHERE ( status=1 AND isindex=1 ) ORDER BY sort desc, id asc  [ RunTime:0.0004s ]
SQL: SHOW COLUMNS FROM `ke_product` [ RunTime:0.0043s ]
SQL: SHOW COLUMNS FROM `ke_product` [ RunTime:0.0038s ]
SQL: SELECT p.*,pc.content,pc.imgs FROM ke_product p  left join ke_product_content pc on pc.id = p.id  WHERE p.checked = 1 AND p.delete = 0 AND p.status = 1 AND p.id = '201' LIMIT 1   [ RunTime:0.0005s ]
SQL: SHOW COLUMNS FROM `ke_product_items` [ RunTime:0.0042s ]
SQL: SELECT * FROM `ke_product_items` WHERE `gid` = 201 AND `checked` = 1 AND `delete` = 0 AND `status` = 1  [ RunTime:0.0005s ]
SQL: SHOW COLUMNS FROM `ke_product_category` [ RunTime:0.0036s ]
SQL: SELECT * FROM `ke_product_category` WHERE `id` = 384 LIMIT 1   [ RunTime:0.0004s ]
SQL: SELECT * FROM `ke_product_category` WHERE ( status=1 AND pid = 384 ) ORDER BY sort desc, id asc  [ RunTime:0.0004s ]
SQL: SELECT * FROM `ke_product_category` WHERE ( status=1 ) ORDER BY sort desc  [ RunTime:0.0003s ]
NOTIC: [8] Undefined variable: arr E:\www\sc\Application\Home\Model\ProductCategoryModel.class.php 第 68 行.
NOTIC: [2] array_merge(): Argument #1 is not an array E:\www\sc\Application\Home\Model\ProductCategoryModel.class.php 第 65 行.
NOTIC: [8] Undefined variable: arr E:\www\sc\Application\Home\Model\ProductCategoryModel.class.php 第 68 行.
NOTIC: [2] array_merge(): Argument #1 is not an array E:\www\sc\Application\Home\Model\ProductCategoryModel.class.php 第 65 行.
SQL: SHOW COLUMNS FROM `ke_product_content` [ RunTime:0.0035s ]
SQL: SELECT * FROM `ke_product_content` WHERE `id` = 201 LIMIT 1   [ RunTime:0.0003s ]
SQL: SHOW COLUMNS FROM `ke_product_specs_imgs` [ RunTime:0.0037s ]
SQL: SELECT * FROM `ke_product_specs_imgs` WHERE ( goods_id=201 )  [ RunTime:0.0003s ]
NOTIC: [8] Undefined variable: shouchang E:\www\sc\Application\Home\Controller\ProductController.class.php 第 179 行.
INFO: [ view_parse ] --START--
INFO: [ template_filter ] --START--
INFO: Run Behavior\ContentReplaceBehavior [ RunTime:0.000325s ]
INFO: [ template_filter ] --END-- [ RunTime:0.000375s ]
INFO: Run Behavior\ParseTemplateBehavior [ RunTime:0.019408s ]
INFO: [ view_parse ] --END-- [ RunTime:0.019479s ]
INFO: [ view_filter ] --START--
INFO: Run Behavior\WriteHtmlCacheBehavior [ RunTime:0.000610s ]
INFO: [ view_filter ] --END-- [ RunTime:0.000657s ]
INFO: [ app_end ] --START--
INFO: Run Behavior\ShowPageTraceBehavior [ RunTime:0.001303s ]
INFO: [ app_end ] --END-- [ RunTime:0.001400s ]

[ 2016-11-29T00:08:26+08:00 ] 127.0.0.1 /Public/Statics/static/images/sidenav_list_icon.gif
INFO: [ app_init ] --START--
INFO: Run Behavior\BuildLiteBehavior [ RunTime:0.000034s ]
INFO: [ app_init ] --END-- [ RunTime:0.000737s ]

[ 2016-11-29T00:08:26+08:00 ] 127.0.0.1 /Public/Statics/static/images/sidenav_h2icon.gif
INFO: [ app_init ] --START--
INFO: Run Behavior\BuildLiteBehavior [ RunTime:0.000051s ]
INFO: [ app_init ] --END-- [ RunTime:0.000968s ]

[ 2016-11-29T00:09:07+08:00 ] 127.0.0.1 /index.php/Product/info/id/201.html
INFO: [ app_init ] --START--
INFO: Run Behavior\BuildLiteBehavior [ RunTime:0.000019s ]
INFO: [ app_init ] --END-- [ RunTime:0.000580s ]
INFO: [ app_begin ] --START--
INFO: Run Behavior\ReadHtmlCacheBehavior [ RunTime:0.001036s ]
INFO: [ app_begin ] --END-- [ RunTime:0.001116s ]
SQL: SHOW COLUMNS FROM `ke_nav` [ RunTime:0.0041s ]
SQL: SELECT * FROM `ke_nav` WHERE ( status=1 AND type=2 ) ORDER BY sort desc, id asc  [ RunTime:0.0005s ]
SQL: SELECT * FROM `ke_nav` WHERE ( status=1 AND type=1 ) ORDER BY sort desc, id asc  [ RunTime:0.0003s ]
SQL: SHOW COLUMNS FROM `ke_product_category` [ RunTime:0.0034s ]
SQL: SELECT * FROM `ke_product_category` WHERE ( status=1 AND isindex=1 ) ORDER BY sort desc, id asc  [ RunTime:0.0004s ]
SQL: SHOW COLUMNS FROM `ke_product` [ RunTime:0.0049s ]
SQL: SHOW COLUMNS FROM `ke_product` [ RunTime:0.0044s ]
SQL: SELECT p.*,pc.content,pc.imgs FROM ke_product p  left join ke_product_content pc on pc.id = p.id  WHERE p.checked = 1 AND p.delete = 0 AND p.status = 1 AND p.id = '201' LIMIT 1   [ RunTime:0.0005s ]
SQL: SHOW COLUMNS FROM `ke_product_items` [ RunTime:0.0041s ]
SQL: SELECT * FROM `ke_product_items` WHERE `gid` = 201 AND `checked` = 1 AND `delete` = 0 AND `status` = 1  [ RunTime:0.0006s ]
SQL: SHOW COLUMNS FROM `ke_product_category` [ RunTime:0.0032s ]
SQL: SELECT * FROM `ke_product_category` WHERE `id` = 384 LIMIT 1   [ RunTime:0.0003s ]
SQL: SELECT * FROM `ke_product_category` WHERE ( status=1 AND pid = 384 ) ORDER BY sort desc, id asc  [ RunTime:0.0003s ]
SQL: SELECT * FROM `ke_product_category` WHERE ( status=1 ) ORDER BY sort desc  [ RunTime:0.0003s ]
NOTIC: [8] Undefined variable: arr E:\www\sc\Application\Home\Model\ProductCategoryModel.class.php 第 68 行.
NOTIC: [2] array_merge(): Argument #1 is not an array E:\www\sc\Application\Home\Model\ProductCategoryModel.class.php 第 65 行.
NOTIC: [8] Undefined variable: arr E:\www\sc\Application\Home\Model\ProductCategoryModel.class.php 第 68 行.
NOTIC: [2] array_merge(): Argument #1 is not an array E:\www\sc\Application\Home\Model\ProductCategoryModel.class.php 第 65 行.
SQL: SHOW COLUMNS FROM `ke_product_content` [ RunTime:0.0034s ]
SQL: SELECT * FROM `ke_product_content` WHERE `id` = 201 LIMIT 1   [ RunTime:0.0003s ]
SQL: SHOW COLUMNS FROM `ke_product_specs_imgs` [ RunTime:0.0035s ]
SQL: SELECT * FROM `ke_product_specs_imgs` WHERE ( goods_id=201 )  [ RunTime:0.0004s ]
NOTIC: [8] Undefined variable: shouchang E:\www\sc\Application\Home\Controller\ProductController.class.php 第 179 行.
INFO: [ view_parse ] --START--
INFO: [ template_filter ] --START--
INFO: Run Behavior\ContentReplaceBehavior [ RunTime:0.000336s ]
INFO: [ template_filter ] --END-- [ RunTime:0.000390s ]
INFO: Run Behavior\ParseTemplateBehavior [ RunTime:0.019556s ]
INFO: [ view_parse ] --END-- [ RunTime:0.019636s ]
INFO: [ view_filter ] --START--
INFO: Run Behavior\WriteHtmlCacheBehavior [ RunTime:0.000452s ]
INFO: [ view_filter ] --END-- [ RunTime:0.000500s ]
INFO: [ app_end ] --START--
INFO: Run Behavior\ShowPageTraceBehavior [ RunTime:0.001024s ]
INFO: [ app_end ] --END-- [ RunTime:0.001103s ]

[ 2016-11-29T00:09:55+08:00 ] 127.0.0.1 /index.php/Product/info/id/201.html
INFO: [ app_init ] --START--
INFO: Run Behavior\BuildLiteBehavior [ RunTime:0.000015s ]
INFO: [ app_init ] --END-- [ RunTime:0.000686s ]
INFO: [ app_begin ] --START--
INFO: Run Behavior\ReadHtmlCacheBehavior [ RunTime:0.002383s ]
INFO: [ app_begin ] --END-- [ RunTime:0.002467s ]
SQL: SHOW COLUMNS FROM `ke_nav` [ RunTime:0.0037s ]
SQL: SELECT * FROM `ke_nav` WHERE ( status=1 AND type=2 ) ORDER BY sort desc, id asc  [ RunTime:0.0004s ]
SQL: SELECT * FROM `ke_nav` WHERE ( status=1 AND type=1 ) ORDER BY sort desc, id asc  [ RunTime:0.0003s ]
SQL: SHOW COLUMNS FROM `ke_product_category` [ RunTime:0.0036s ]
SQL: SELECT * FROM `ke_product_category` WHERE ( status=1 AND isindex=1 ) ORDER BY sort desc, id asc  [ RunTime:0.0004s ]
SQL: SHOW COLUMNS FROM `ke_product` [ RunTime:0.0041s ]
SQL: SHOW COLUMNS FROM `ke_product` [ RunTime:0.0047s ]
SQL: SELECT p.*,pc.content,pc.imgs FROM ke_product p  left join ke_product_content pc on pc.id = p.id  WHERE p.checked = 1 AND p.delete = 0 AND p.status = 1 AND p.id = '201' LIMIT 1   [ RunTime:0.0006s ]
SQL: SHOW COLUMNS FROM `ke_product_items` [ RunTime:0.0044s ]
SQL: SELECT * FROM `ke_product_items` WHERE `gid` = 201 AND `checked` = 1 AND `delete` = 0 AND `status` = 1  [ RunTime:0.0005s ]
SQL: SHOW COLUMNS FROM `ke_product_category` [ RunTime:0.0034s ]
SQL: SELECT * FROM `ke_product_category` WHERE `id` = 384 LIMIT 1   [ RunTime:0.0003s ]
SQL: SELECT * FROM `ke_product_category` WHERE ( status=1 AND pid = 384 ) ORDER BY sort desc, id asc  [ RunTime:0.0004s ]
SQL: SELECT * FROM `ke_product_category` WHERE ( status=1 ) ORDER BY sort desc  [ RunTime:0.0004s ]
NOTIC: [8] Undefined variable: arr E:\www\sc\Application\Home\Model\ProductCategoryModel.class.php 第 68 行.
NOTIC: [2] array_merge(): Argument #1 is not an array E:\www\sc\Application\Home\Model\ProductCategoryModel.class.php 第 65 行.
NOTIC: [8] Undefined variable: arr E:\www\sc\Application\Home\Model\ProductCategoryModel.class.php 第 68 行.
NOTIC: [2] array_merge(): Argument #1 is not an array E:\www\sc\Application\Home\Model\ProductCategoryModel.class.php 第 65 行.
SQL: SHOW COLUMNS FROM `ke_product_content` [ RunTime:0.0034s ]
SQL: SELECT * FROM `ke_product_content` WHERE `id` = 201 LIMIT 1   [ RunTime:0.0003s ]
SQL: SHOW COLUMNS FROM `ke_product_specs_imgs` [ RunTime:0.0034s ]
SQL: SELECT * FROM `ke_product_specs_imgs` WHERE ( goods_id=201 )  [ RunTime:0.0004s ]
NOTIC: [8] Undefined variable: shouchang E:\www\sc\Application\Home\Controller\ProductController.class.php 第 179 行.
INFO: [ view_parse ] --START--
INFO: [ template_filter ] --START--
INFO: Run Behavior\ContentReplaceBehavior [ RunTime:0.000278s ]
INFO: [ template_filter ] --END-- [ RunTime:0.000328s ]
INFO: Run Behavior\ParseTemplateBehavior [ RunTime:0.020292s ]
INFO: [ view_parse ] --END-- [ RunTime:0.020355s ]
INFO: [ view_filter ] --START--
INFO: Run Behavior\WriteHtmlCacheBehavior [ RunTime:0.000439s ]
INFO: [ view_filter ] --END-- [ RunTime:0.000477s ]
INFO: [ app_end ] --START--
INFO: Run Behavior\ShowPageTraceBehavior [ RunTime:0.001350s ]
INFO: [ app_end ] --END-- [ RunTime:0.001441s ]

[ 2016-11-29T00:10:17+08:00 ] 127.0.0.1 /Public/Statics/static/images/btn_addshopcart_s.gif
INFO: [ app_init ] --START--
INFO: Run Behavior\BuildLiteBehavior [ RunTime:0.000073s ]
INFO: [ app_init ] --END-- [ RunTime:0.002224s ]

[ 2016-11-29T00:11:52+08:00 ] 127.0.0.1 /index.php/Product/info/id/201.html
INFO: [ app_init ] --START--
INFO: Run Behavior\BuildLiteBehavior [ RunTime:0.000013s ]
INFO: [ app_init ] --END-- [ RunTime:0.000450s ]
INFO: [ app_begin ] --START--
INFO: Run Behavior\ReadHtmlCacheBehavior [ RunTime:0.000725s ]
INFO: [ app_begin ] --END-- [ RunTime:0.000775s ]
SQL: SHOW COLUMNS FROM `ke_nav` [ RunTime:0.0041s ]
SQL: SELECT * FROM `ke_nav` WHERE ( status=1 AND type=2 ) ORDER BY sort desc, id asc  [ RunTime:0.0006s ]
SQL: SELECT * FROM `ke_nav` WHERE ( status=1 AND type=1 ) ORDER BY sort desc, id asc  [ RunTime:0.0005s ]
SQL: SHOW COLUMNS FROM `ke_product_category` [ RunTime:0.0039s ]
SQL: SELECT * FROM `ke_product_category` WHERE ( status=1 AND isindex=1 ) ORDER BY sort desc, id asc  [ RunTime:0.0004s ]
SQL: SHOW COLUMNS FROM `ke_product` [ RunTime:0.0046s ]
SQL: SHOW COLUMNS FROM `ke_product` [ RunTime:0.0040s ]
SQL: SELECT p.*,pc.content,pc.imgs FROM ke_product p  left join ke_product_content pc on pc.id = p.id  WHERE p.checked = 1 AND p.delete = 0 AND p.status = 1 AND p.id = '201' LIMIT 1   [ RunTime:0.0007s ]
SQL: SHOW COLUMNS FROM `ke_product_items` [ RunTime:0.0044s ]
SQL: SELECT * FROM `ke_product_items` WHERE `gid` = 201 AND `checked` = 1 AND `delete` = 0 AND `status` = 1  [ RunTime:0.0005s ]
SQL: SHOW COLUMNS FROM `ke_product_category` [ RunTime:0.0033s ]
SQL: SELECT * FROM `ke_product_category` WHERE `id` = 384 LIMIT 1   [ RunTime:0.0003s ]
SQL: SELECT * FROM `ke_product_category` WHERE ( status=1 AND pid = 384 ) ORDER BY sort desc, id asc  [ RunTime:0.0004s ]
SQL: SELECT * FROM `ke_product_category` WHERE ( status=1 ) ORDER BY sort desc  [ RunTime:0.0003s ]
NOTIC: [8] Undefined variable: arr E:\www\sc\Application\Home\Model\ProductCategoryModel.class.php 第 68 行.
NOTIC: [2] array_merge(): Argument #1 is not an array E:\www\sc\Application\Home\Model\ProductCategoryModel.class.php 第 65 行.
NOTIC: [8] Undefined variable: arr E:\www\sc\Application\Home\Model\ProductCategoryModel.class.php 第 68 行.
NOTIC: [2] array_merge(): Argument #1 is not an array E:\www\sc\Application\Home\Model\ProductCategoryModel.class.php 第 65 行.
SQL: SHOW COLUMNS FROM `ke_product_content` [ RunTime:0.0034s ]
SQL: SELECT * FROM `ke_product_content` WHERE `id` = 201 LIMIT 1   [ RunTime:0.0003s ]
SQL: SHOW COLUMNS FROM `ke_product_specs_imgs` [ RunTime:0.0038s ]
SQL: SELECT * FROM `ke_product_specs_imgs` WHERE ( goods_id=201 )  [ RunTime:0.0004s ]
NOTIC: [8] Undefined variable: shouchang E:\www\sc\Application\Home\Controller\ProductController.class.php 第 179 行.
INFO: [ view_parse ] --START--
INFO: [ template_filter ] --START--
INFO: Run Behavior\ContentReplaceBehavior [ RunTime:0.000279s ]
INFO: [ template_filter ] --END-- [ RunTime:0.000334s ]
INFO: Run Behavior\ParseTemplateBehavior [ RunTime:0.020452s ]
INFO: [ view_parse ] --END-- [ RunTime:0.020505s ]
INFO: [ view_filter ] --START--
INFO: Run Behavior\WriteHtmlCacheBehavior [ RunTime:0.000435s ]
INFO: [ view_filter ] --END-- [ RunTime:0.000470s ]
INFO: [ app_end ] --START--
INFO: Run Behavior\ShowPageTraceBehavior [ RunTime:0.001130s ]
INFO: [ app_end ] --END-- [ RunTime:0.001209s ]

[ 2016-11-29T00:12:49+08:00 ] 127.0.0.1 /index.php/Product/info/id/201.html
INFO: [ app_init ] --START--
INFO: Run Behavior\BuildLiteBehavior [ RunTime:0.000016s ]
INFO: [ app_init ] --END-- [ RunTime:0.000761s ]
INFO: [ app_begin ] --START--
INFO: Run Behavior\ReadHtmlCacheBehavior [ RunTime:0.000739s ]
INFO: [ app_begin ] --END-- [ RunTime:0.000797s ]
SQL: SHOW COLUMNS FROM `ke_nav` [ RunTime:0.0165s ]
SQL: SELECT * FROM `ke_nav` WHERE ( status=1 AND type=2 ) ORDER BY sort desc, id asc  [ RunTime:0.0017s ]
SQL: SELECT * FROM `ke_nav` WHERE ( status=1 AND type=1 ) ORDER BY sort desc, id asc  [ RunTime:0.0005s ]
SQL: SHOW COLUMNS FROM `ke_product_category` [ RunTime:0.0078s ]
SQL: SELECT * FROM `ke_product_category` WHERE ( status=1 AND isindex=1 ) ORDER BY sort desc, id asc  [ RunTime:0.0005s ]
SQL: SHOW COLUMNS FROM `ke_product` [ RunTime:0.0039s ]
SQL: SHOW COLUMNS FROM `ke_product` [ RunTime:0.0056s ]
SQL: SELECT p.*,pc.content,pc.imgs FROM ke_product p  left join ke_product_content pc on pc.id = p.id  WHERE p.checked = 1 AND p.delete = 0 AND p.status = 1 AND p.id = '201' LIMIT 1   [ RunTime:0.0005s ]
SQL: SHOW COLUMNS FROM `ke_product_items` [ RunTime:0.0048s ]
SQL: SELECT * FROM `ke_product_items` WHERE `gid` = 201 AND `checked` = 1 AND `delete` = 0 AND `status` = 1  [ RunTime:0.0005s ]
SQL: SHOW COLUMNS FROM `ke_product_category` [ RunTime:0.0043s ]
SQL: SELECT * FROM `ke_product_category` WHERE `id` = 384 LIMIT 1   [ RunTime:0.0003s ]
SQL: SELECT * FROM `ke_product_category` WHERE ( status=1 AND pid = 384 ) ORDER BY sort desc, id asc  [ RunTime:0.0003s ]
SQL: SELECT * FROM `ke_product_category` WHERE ( status=1 ) ORDER BY sort desc  [ RunTime:0.0004s ]
NOTIC: [8] Undefined variable: arr E:\www\sc\Application\Home\Model\ProductCategoryModel.class.php 第 68 行.
NOTIC: [2] array_merge(): Argument #1 is not an array E:\www\sc\Application\Home\Model\ProductCategoryModel.class.php 第 65 行.
NOTIC: [8] Undefined variable: arr E:\www\sc\Application\Home\Model\ProductCategoryModel.class.php 第 68 行.
NOTIC: [2] array_merge(): Argument #1 is not an array E:\www\sc\Application\Home\Model\ProductCategoryModel.class.php 第 65 行.
SQL: SHOW COLUMNS FROM `ke_product_content` [ RunTime:0.0037s ]
SQL: SELECT * FROM `ke_product_content` WHERE `id` = 201 LIMIT 1   [ RunTime:0.0003s ]
SQL: SHOW COLUMNS FROM `ke_product_specs_imgs` [ RunTime:0.0031s ]
SQL: SELECT * FROM `ke_product_specs_imgs` WHERE ( goods_id=201 )  [ RunTime:0.0003s ]
NOTIC: [8] Undefined variable: shouchang E:\www\sc\Application\Home\Controller\ProductController.class.php 第 179 行.
INFO: [ view_parse ] --START--
INFO: [ template_filter ] --START--
INFO: Run Behavior\ContentReplaceBehavior [ RunTime:0.000296s ]
INFO: [ template_filter ] --END-- [ RunTime:0.000346s ]
INFO: Run Behavior\ParseTemplateBehavior [ RunTime:0.023188s ]
INFO: [ view_parse ] --END-- [ RunTime:0.023254s ]
INFO: [ view_filter ] --START--
INFO: Run Behavior\WriteHtmlCacheBehavior [ RunTime:0.000517s ]
INFO: [ view_filter ] --END-- [ RunTime:0.000553s ]
INFO: [ app_end ] --START--
INFO: Run Behavior\ShowPageTraceBehavior [ RunTime:0.001098s ]
INFO: [ app_end ] --END-- [ RunTime:0.001172s ]

[ 2016-11-29T19:40:58+08:00 ] 127.0.0.1 /index.php/Product/info/id/201.html
INFO: [ app_init ] --START--
INFO: Run Behavior\BuildLiteBehavior [ RunTime:0.000016s ]
INFO: [ app_init ] --END-- [ RunTime:0.000718s ]
INFO: [ app_begin ] --START--
INFO: Run Behavior\ReadHtmlCacheBehavior [ RunTime:0.000984s ]
INFO: [ app_begin ] --END-- [ RunTime:0.001066s ]
SQL: SHOW COLUMNS FROM `ke_nav` [ RunTime:0.0263s ]
SQL: SELECT * FROM `ke_nav` WHERE ( status=1 AND type=2 ) ORDER BY sort desc, id asc  [ RunTime:0.0005s ]
SQL: SELECT * FROM `ke_nav` WHERE ( status=1 AND type=1 ) ORDER BY sort desc, id asc  [ RunTime:0.0005s ]
SQL: SHOW COLUMNS FROM `ke_product_category` [ RunTime:0.0040s ]
SQL: SELECT * FROM `ke_product_category` WHERE ( status=1 AND isindex=1 ) ORDER BY sort desc, id asc  [ RunTime:0.0004s ]
SQL: SHOW COLUMNS FROM `ke_product` [ RunTime:0.0051s ]
SQL: SHOW COLUMNS FROM `ke_product` [ RunTime:0.0039s ]
SQL: SELECT p.*,pc.content,pc.imgs FROM ke_product p  left join ke_product_content pc on pc.id = p.id  WHERE p.checked = 1 AND p.delete = 0 AND p.status = 1 AND p.id = '201' LIMIT 1   [ RunTime:0.0007s ]
SQL: SHOW COLUMNS FROM `ke_product_items` [ RunTime:0.0047s ]
SQL: SELECT * FROM `ke_product_items` WHERE `gid` = 201 AND `checked` = 1 AND `delete` = 0 AND `status` = 1  [ RunTime:0.0006s ]
SQL: SHOW COLUMNS FROM `ke_product_category` [ RunTime:0.0046s ]
SQL: SELECT * FROM `ke_product_category` WHERE `id` = 384 LIMIT 1   [ RunTime:0.0004s ]
SQL: SELECT * FROM `ke_product_category` WHERE ( status=1 AND pid = 384 ) ORDER BY sort desc, id asc  [ RunTime:0.0004s ]
SQL: SELECT * FROM `ke_product_category` WHERE ( status=1 ) ORDER BY sort desc  [ RunTime:0.0003s ]
NOTIC: [8] Undefined variable: arr E:\www\sc\Application\Home\Model\ProductCategoryModel.class.php 第 68 行.
NOTIC: [2] array_merge(): Argument #1 is not an array E:\www\sc\Application\Home\Model\ProductCategoryModel.class.php 第 65 行.
NOTIC: [8] Undefined variable: arr E:\www\sc\Application\Home\Model\ProductCategoryModel.class.php 第 68 行.
NOTIC: [2] array_merge(): Argument #1 is not an array E:\www\sc\Application\Home\Model\ProductCategoryModel.class.php 第 65 行.
SQL: SHOW COLUMNS FROM `ke_product_content` [ RunTime:0.0032s ]
SQL: SELECT * FROM `ke_product_content` WHERE `id` = 201 LIMIT 1   [ RunTime:0.0004s ]
SQL: SHOW COLUMNS FROM `ke_product_specs_imgs` [ RunTime:0.0037s ]
SQL: SELECT * FROM `ke_product_specs_imgs` WHERE ( goods_id=201 )  [ RunTime:0.0003s ]
NOTIC: [8] Undefined variable: shouchang E:\www\sc\Application\Home\Controller\ProductController.class.php 第 179 行.
INFO: [ view_parse ] --START--
INFO: [ template_filter ] --START--
INFO: Run Behavior\ContentReplaceBehavior [ RunTime:0.000353s ]
INFO: [ template_filter ] --END-- [ RunTime:0.000411s ]
INFO: Run Behavior\ParseTemplateBehavior [ RunTime:0.113486s ]
INFO: [ view_parse ] --END-- [ RunTime:0.113555s ]
INFO: [ view_filter ] --START--
INFO: Run Behavior\WriteHtmlCacheBehavior [ RunTime:0.014600s ]
INFO: [ view_filter ] --END-- [ RunTime:0.014652s ]
INFO: [ app_end ] --START--
INFO: Run Behavior\ShowPageTraceBehavior [ RunTime:0.043668s ]
INFO: [ app_end ] --END-- [ RunTime:0.043734s ]

[ 2016-11-29T22:31:08+08:00 ] 127.0.0.1 /
INFO: [ app_init ] --START--
INFO: Run Behavior\BuildLiteBehavior [ RunTime:0.000014s ]
INFO: [ app_init ] --END-- [ RunTime:0.000904s ]
INFO: [ app_begin ] --START--
INFO: Run Behavior\ReadHtmlCacheBehavior [ RunTime:0.001073s ]
INFO: [ app_begin ] --END-- [ RunTime:0.001138s ]
SQL: SHOW COLUMNS FROM `ke_nav` [ RunTime:0.0883s ]
SQL: SELECT * FROM `ke_nav` WHERE ( status=1 AND type=2 ) ORDER BY sort desc, id asc  [ RunTime:0.0262s ]
SQL: SELECT * FROM `ke_nav` WHERE ( status=1 AND type=1 ) ORDER BY sort desc, id asc  [ RunTime:0.0004s ]
SQL: SHOW COLUMNS FROM `ke_product_category` [ RunTime:0.0207s ]
SQL: SELECT * FROM `ke_product_category` WHERE ( status=1 AND isindex=1 ) ORDER BY sort desc, id asc  [ RunTime:0.0004s ]
SQL: SELECT * FROM `ke_nav` WHERE ( status=1 AND type=1 ) ORDER BY sort desc, id asc  [ RunTime:0.0006s ]
SQL: SHOW COLUMNS FROM `ke_article` [ RunTime:0.0444s ]
SQL: SELECT * FROM `ke_article` WHERE ( pid=14 )  [ RunTime:0.0003s ]
SQL: SELECT * FROM `ke_article` WHERE ( pid=12 )  [ RunTime:0.0003s ]
SQL: SELECT * FROM `ke_article` WHERE ( pid=13 )  [ RunTime:0.0003s ]
INFO: [ view_parse ] --START--
INFO: [ template_filter ] --START--
INFO: Run Behavior\ContentReplaceBehavior [ RunTime:0.000451s ]
INFO: [ template_filter ] --END-- [ RunTime:0.000549s ]
INFO: Run Behavior\ParseTemplateBehavior [ RunTime:0.124857s ]
INFO: [ view_parse ] --END-- [ RunTime:0.124915s ]
INFO: [ view_filter ] --START--
INFO: Run Behavior\WriteHtmlCacheBehavior [ RunTime:0.013566s ]
INFO: [ view_filter ] --END-- [ RunTime:0.013619s ]
INFO: [ app_end ] --START--
INFO: Run Behavior\ShowPageTraceBehavior [ RunTime:0.001582s ]
INFO: [ app_end ] --END-- [ RunTime:0.001640s ]

[ 2016-11-29T22:31:10+08:00 ] 127.0.0.1 /Public/Statics/static/images/mainpic_arrow.png
INFO: [ app_init ] --START--
INFO: Run Behavior\BuildLiteBehavior [ RunTime:0.000020s ]
INFO: [ app_init ] --END-- [ RunTime:0.000644s ]

[ 2016-11-29T22:31:10+08:00 ] 127.0.0.1 /Public/Statics/static/images/bxSlider/bx_loader.gif
INFO: [ app_init ] --START--
INFO: Run Behavior\BuildLiteBehavior [ RunTime:0.000022s ]
INFO: [ app_init ] --END-- [ RunTime:0.000729s ]

[ 2016-11-29T22:31:42+08:00 ] 127.0.0.1 /index.php/Product/lists/id/384.html
INFO: [ app_init ] --START--
INFO: Run Behavior\BuildLiteBehavior [ RunTime:0.000013s ]
INFO: [ app_init ] --END-- [ RunTime:0.000494s ]
INFO: [ app_begin ] --START--
INFO: Run Behavior\ReadHtmlCacheBehavior [ RunTime:0.000996s ]
INFO: [ app_begin ] --END-- [ RunTime:0.001061s ]
SQL: SHOW COLUMNS FROM `ke_nav` [ RunTime:0.0038s ]
SQL: SELECT * FROM `ke_nav` WHERE ( status=1 AND type=2 ) ORDER BY sort desc, id asc  [ RunTime:0.0005s ]
SQL: SELECT * FROM `ke_nav` WHERE ( status=1 AND type=1 ) ORDER BY sort desc, id asc  [ RunTime:0.0003s ]
SQL: SHOW COLUMNS FROM `ke_product_category` [ RunTime:0.0040s ]
SQL: SELECT * FROM `ke_product_category` WHERE ( status=1 AND isindex=1 ) ORDER BY sort desc, id asc  [ RunTime:0.0005s ]
SQL: SHOW COLUMNS FROM `ke_product_category` [ RunTime:0.0035s ]
SQL: SELECT * FROM `ke_product_category` WHERE `id` = 384 LIMIT 1   [ RunTime:0.0005s ]
SQL: SELECT * FROM `ke_product_category` WHERE ( status=1 AND pid = 384 ) ORDER BY sort desc, id asc  [ RunTime:0.0063s ]
SQL: SELECT * FROM `ke_product_category` WHERE ( status=1 ) ORDER BY sort desc  [ RunTime:0.0003s ]
NOTIC: [8] Undefined variable: arr E:\www\sc\Application\Home\Model\ProductCategoryModel.class.php 第 68 行.
NOTIC: [2] array_merge(): Argument #1 is not an array E:\www\sc\Application\Home\Model\ProductCategoryModel.class.php 第 65 行.
NOTIC: [8] Undefined variable: arr E:\www\sc\Application\Home\Model\ProductCategoryModel.class.php 第 68 行.
NOTIC: [2] array_merge(): Argument #1 is not an array E:\www\sc\Application\Home\Model\ProductCategoryModel.class.php 第 65 行.
SQL: SHOW COLUMNS FROM `ke_product` [ RunTime:0.0298s ]
SQL: SELECT COUNT(*) AS tp_count FROM `ke_product` WHERE (  status=1 AND checked=1 AND `delete`=0  AND (fpid=384 OR spid=384 OR tpid=384) ) LIMIT 1   [ RunTime:0.0115s ]
SQL: SELECT `id`,`name`,`pic`,`market_price`,`price` FROM `ke_product` WHERE (  status=1 AND checked=1 AND `delete`=0  AND (fpid=384 OR spid=384 OR tpid=384) ) ORDER BY sort desc, id desc LIMIT 0,100   [ RunTime:0.0005s ]
INFO: [ view_parse ] --START--
INFO: [ template_filter ] --START--
INFO: Run Behavior\ContentReplaceBehavior [ RunTime:0.000168s ]
INFO: [ template_filter ] --END-- [ RunTime:0.000228s ]
INFO: Run Behavior\ParseTemplateBehavior [ RunTime:0.051630s ]
INFO: [ view_parse ] --END-- [ RunTime:0.051692s ]
INFO: [ view_filter ] --START--
INFO: Run Behavior\WriteHtmlCacheBehavior [ RunTime:0.000669s ]
INFO: [ view_filter ] --END-- [ RunTime:0.000725s ]
INFO: [ app_end ] --START--
INFO: Run Behavior\ShowPageTraceBehavior [ RunTime:0.001090s ]
INFO: [ app_end ] --END-- [ RunTime:0.001169s ]

[ 2016-11-29T22:31:42+08:00 ] 127.0.0.1 /Public/Statics/static/images/sidenav_list_icon.gif
INFO: [ app_init ] --START--
INFO: Run Behavior\BuildLiteBehavior [ RunTime:0.000020s ]
INFO: [ app_init ] --END-- [ RunTime:0.000798s ]

[ 2016-11-29T22:31:42+08:00 ] 127.0.0.1 /Public/Statics/static/images/sidenav_h2icon.gif
INFO: [ app_init ] --START--
INFO: Run Behavior\BuildLiteBehavior [ RunTime:0.000022s ]
INFO: [ app_init ] --END-- [ RunTime:0.000680s ]

[ 2016-11-29T22:31:46+08:00 ] 127.0.0.1 /index.php/Product/info/id/201.html
INFO: [ app_init ] --START--
INFO: Run Behavior\BuildLiteBehavior [ RunTime:0.000021s ]
INFO: [ app_init ] --END-- [ RunTime:0.001577s ]
INFO: [ app_begin ] --START--
INFO: Run Behavior\ReadHtmlCacheBehavior [ RunTime:0.001248s ]
INFO: [ app_begin ] --END-- [ RunTime:0.001398s ]
SQL: SHOW COLUMNS FROM `ke_nav` [ RunTime:0.0036s ]
SQL: SELECT * FROM `ke_nav` WHERE ( status=1 AND type=2 ) ORDER BY sort desc, id asc  [ RunTime:0.0004s ]
SQL: SELECT * FROM `ke_nav` WHERE ( status=1 AND type=1 ) ORDER BY sort desc, id asc  [ RunTime:0.0003s ]
SQL: SHOW COLUMNS FROM `ke_product_category` [ RunTime:0.0039s ]
SQL: SELECT * FROM `ke_product_category` WHERE ( status=1 AND isindex=1 ) ORDER BY sort desc, id asc  [ RunTime:0.0004s ]
SQL: SHOW COLUMNS FROM `ke_product` [ RunTime:0.0041s ]
SQL: SHOW COLUMNS FROM `ke_product` [ RunTime:0.0047s ]
SQL: SELECT p.*,pc.content,pc.imgs FROM ke_product p  left join ke_product_content pc on pc.id = p.id  WHERE p.checked = 1 AND p.delete = 0 AND p.status = 1 AND p.id = '201' LIMIT 1   [ RunTime:0.0736s ]
SQL: SHOW COLUMNS FROM `ke_product_items` [ RunTime:0.0197s ]
SQL: SELECT * FROM `ke_product_items` WHERE `gid` = 201 AND `checked` = 1 AND `delete` = 0 AND `status` = 1  [ RunTime:0.0014s ]
SQL: SHOW COLUMNS FROM `ke_product_category` [ RunTime:0.0036s ]
SQL: SELECT * FROM `ke_product_category` WHERE `id` = 384 LIMIT 1   [ RunTime:0.0003s ]
SQL: SELECT * FROM `ke_product_category` WHERE ( status=1 AND pid = 384 ) ORDER BY sort desc, id asc  [ RunTime:0.0003s ]
SQL: SELECT * FROM `ke_product_category` WHERE ( status=1 ) ORDER BY sort desc  [ RunTime:0.0003s ]
NOTIC: [8] Undefined variable: arr E:\www\sc\Application\Home\Model\ProductCategoryModel.class.php 第 68 行.
NOTIC: [2] array_merge(): Argument #1 is not an array E:\www\sc\Application\Home\Model\ProductCategoryModel.class.php 第 65 行.
NOTIC: [8] Undefined variable: arr E:\www\sc\Application\Home\Model\ProductCategoryModel.class.php 第 68 行.
NOTIC: [2] array_merge(): Argument #1 is not an array E:\www\sc\Application\Home\Model\ProductCategoryModel.class.php 第 65 行.
SQL: SHOW COLUMNS FROM `ke_product_content` [ RunTime:0.0034s ]
SQL: SELECT * FROM `ke_product_content` WHERE `id` = 201 LIMIT 1   [ RunTime:0.0004s ]
SQL: SHOW COLUMNS FROM `ke_product_specs_imgs` [ RunTime:0.0302s ]
SQL: SELECT * FROM `ke_product_specs_imgs` WHERE ( goods_id=201 )  [ RunTime:0.0004s ]
NOTIC: [8] Undefined variable: shouchang E:\www\sc\Application\Home\Controller\ProductController.class.php 第 179 行.
INFO: [ view_parse ] --START--
INFO: [ template_filter ] --START--
INFO: Run Behavior\ContentReplaceBehavior [ RunTime:0.000279s ]
INFO: [ template_filter ] --END-- [ RunTime:0.000331s ]
INFO: Run Behavior\ParseTemplateBehavior [ RunTime:0.079817s ]
INFO: [ view_parse ] --END-- [ RunTime:0.079873s ]
INFO: [ view_filter ] --START--
INFO: Run Behavior\WriteHtmlCacheBehavior [ RunTime:0.000536s ]
INFO: [ view_filter ] --END-- [ RunTime:0.000585s ]
INFO: [ app_end ] --START--
INFO: Run Behavior\ShowPageTraceBehavior [ RunTime:0.000906s ]
INFO: [ app_end ] --END-- [ RunTime:0.000962s ]

[ 2016-11-29T22:31:46+08:00 ] 127.0.0.1 /Public/Statics/static/images/sidenav_h2icon.gif
INFO: [ app_init ] --START--
INFO: Run Behavior\BuildLiteBehavior [ RunTime:0.000026s ]
INFO: [ app_init ] --END-- [ RunTime:0.000777s ]

[ 2016-11-29T22:31:46+08:00 ] 127.0.0.1 /Public/Statics/static/images/sidenav_list_icon.gif
INFO: [ app_init ] --START--
INFO: Run Behavior\BuildLiteBehavior [ RunTime:0.000089s ]
INFO: [ app_init ] --END-- [ RunTime:0.000927s ]

[ 2016-11-29T22:42:56+08:00 ] 127.0.0.1 /index.php/Product/info/id/201.html
INFO: [ app_init ] --START--
INFO: Run Behavior\BuildLiteBehavior [ RunTime:0.000015s ]
INFO: [ app_init ] --END-- [ RunTime:0.000860s ]
INFO: [ app_begin ] --START--
INFO: Run Behavior\ReadHtmlCacheBehavior [ RunTime:0.000896s ]
INFO: [ app_begin ] --END-- [ RunTime:0.000960s ]
SQL: SHOW COLUMNS FROM `ke_nav` [ RunTime:0.0036s ]
SQL: SELECT * FROM `ke_nav` WHERE ( status=1 AND type=2 ) ORDER BY sort desc, id asc  [ RunTime:0.0005s ]
SQL: SELECT * FROM `ke_nav` WHERE ( status=1 AND type=1 ) ORDER BY sort desc, id asc  [ RunTime:0.0003s ]
SQL: SHOW COLUMNS FROM `ke_product_category` [ RunTime:0.0099s ]
SQL: SELECT * FROM `ke_product_category` WHERE ( status=1 AND isindex=1 ) ORDER BY sort desc, id asc  [ RunTime:0.0005s ]
SQL: SHOW COLUMNS FROM `ke_product` [ RunTime:0.0046s ]
SQL: SHOW COLUMNS FROM `ke_product` [ RunTime:0.0047s ]
SQL: SELECT p.*,pc.content,pc.imgs FROM ke_product p  left join ke_product_content pc on pc.id = p.id  WHERE p.checked = 1 AND p.delete = 0 AND p.status = 1 AND p.id = '201' LIMIT 1   [ RunTime:0.0007s ]
SQL: SHOW COLUMNS FROM `ke_product_items` [ RunTime:0.0048s ]
SQL: SELECT * FROM `ke_product_items` WHERE `gid` = 201 AND `checked` = 1 AND `delete` = 0 AND `status` = 1  [ RunTime:0.0005s ]
SQL: SHOW COLUMNS FROM `ke_product_category` [ RunTime:0.0034s ]
SQL: SELECT * FROM `ke_product_category` WHERE `id` = 384 LIMIT 1   [ RunTime:0.0003s ]
SQL: SELECT * FROM `ke_product_category` WHERE ( status=1 AND pid = 384 ) ORDER BY sort desc, id asc  [ RunTime:0.0004s ]
SQL: SELECT * FROM `ke_product_category` WHERE ( status=1 ) ORDER BY sort desc  [ RunTime:0.0003s ]
NOTIC: [8] Undefined variable: arr E:\www\sc\Application\Home\Model\ProductCategoryModel.class.php 第 68 行.
NOTIC: [2] array_merge(): Argument #1 is not an array E:\www\sc\Application\Home\Model\ProductCategoryModel.class.php 第 65 行.
NOTIC: [8] Undefined variable: arr E:\www\sc\Application\Home\Model\ProductCategoryModel.class.php 第 68 行.
NOTIC: [2] array_merge(): Argument #1 is not an array E:\www\sc\Application\Home\Model\ProductCategoryModel.class.php 第 65 行.
SQL: SHOW COLUMNS FROM `ke_product_content` [ RunTime:0.0035s ]
SQL: SELECT * FROM `ke_product_content` WHERE `id` = 201 LIMIT 1   [ RunTime:0.0003s ]
SQL: SHOW COLUMNS FROM `ke_product_specs_imgs` [ RunTime:0.0038s ]
SQL: SELECT * FROM `ke_product_specs_imgs` WHERE ( goods_id=201 )  [ RunTime:0.0004s ]
NOTIC: [8] Undefined variable: shouchang E:\www\sc\Application\Home\Controller\ProductController.class.php 第 179 行.
INFO: [ view_parse ] --START--
INFO: [ template_filter ] --START--
INFO: Run Behavior\ContentReplaceBehavior [ RunTime:0.000290s ]
INFO: [ template_filter ] --END-- [ RunTime:0.000351s ]
INFO: Run Behavior\ParseTemplateBehavior [ RunTime:0.138307s ]
INFO: [ view_parse ] --END-- [ RunTime:0.138376s ]
INFO: [ view_filter ] --START--
INFO: Run Behavior\WriteHtmlCacheBehavior [ RunTime:0.001264s ]
INFO: [ view_filter ] --END-- [ RunTime:0.001303s ]
INFO: [ app_end ] --START--
INFO: Run Behavior\ShowPageTraceBehavior [ RunTime:0.031414s ]
INFO: [ app_end ] --END-- [ RunTime:0.031494s ]

[ 2016-11-29T22:42:57+08:00 ] 127.0.0.1 /Public/Statics/static/images/sidenav_h2icon.gif
INFO: [ app_init ] --START--
INFO: Run Behavior\BuildLiteBehavior [ RunTime:0.000021s ]
INFO: [ app_init ] --END-- [ RunTime:0.000813s ]

[ 2016-11-29T22:42:57+08:00 ] 127.0.0.1 /Public/Statics/static/images/sidenav_list_icon.gif
INFO: [ app_init ] --START--
INFO: Run Behavior\BuildLiteBehavior [ RunTime:0.000028s ]
INFO: [ app_init ] --END-- [ RunTime:0.000997s ]

