[ 2016-12-04T12:43:00+08:00 ] 127.0.0.1 /
INFO: [ app_init ] --START--
INFO: Run Behavior\BuildLiteBehavior [ RunTime:0.000022s ]
INFO: [ app_init ] --END-- [ RunTime:0.001239s ]
INFO: [ app_begin ] --START--
INFO: Run Behavior\ReadHtmlCacheBehavior [ RunTime:0.001805s ]
INFO: [ app_begin ] --END-- [ RunTime:0.001913s ]
SQL: SHOW COLUMNS FROM `ke_nav` [ RunTime:0.0716s ]
SQL: SELECT * FROM `ke_nav` WHERE ( status=1 AND type=2 ) ORDER BY sort desc, id asc  [ RunTime:0.0010s ]
SQL: SELECT * FROM `ke_nav` WHERE ( status=1 AND type=1 ) ORDER BY sort desc, id asc  [ RunTime:0.0006s ]
SQL: SHOW COLUMNS FROM `ke_product_category` [ RunTime:0.0059s ]
SQL: SELECT * FROM `ke_product_category` WHERE ( status=1 AND isindex=1 ) ORDER BY sort desc, id asc  [ RunTime:0.0007s ]
SQL: SELECT * FROM `ke_nav` WHERE ( status=1 AND type=1 ) ORDER BY sort desc, id asc  [ RunTime:0.0004s ]
SQL: SHOW COLUMNS FROM `ke_article` [ RunTime:0.0054s ]
SQL: SELECT * FROM `ke_article` WHERE ( pid=14 )  [ RunTime:0.0006s ]
SQL: SELECT * FROM `ke_article` WHERE ( pid=12 )  [ RunTime:0.0003s ]
SQL: SELECT * FROM `ke_article` WHERE ( pid=13 )  [ RunTime:0.0003s ]
INFO: [ view_parse ] --START--
INFO: [ template_filter ] --START--
INFO: Run Behavior\ContentReplaceBehavior [ RunTime:0.000533s ]
INFO: [ template_filter ] --END-- [ RunTime:0.000640s ]
INFO: Run Behavior\ParseTemplateBehavior [ RunTime:0.603756s ]
INFO: [ view_parse ] --END-- [ RunTime:0.603859s ]
INFO: [ view_filter ] --START--
INFO: Run Behavior\WriteHtmlCacheBehavior [ RunTime:0.156171s ]
INFO: [ view_filter ] --END-- [ RunTime:0.156251s ]
INFO: [ app_end ] --START--
INFO: Run Behavior\ShowPageTraceBehavior [ RunTime:0.111563s ]
INFO: [ app_end ] --END-- [ RunTime:0.111660s ]

[ 2016-12-04T12:43:04+08:00 ] 127.0.0.1 /Public/Statics/static/images/bxSlider/bx_loader.gif
INFO: [ app_init ] --START--
INFO: Run Behavior\BuildLiteBehavior [ RunTime:0.000022s ]
INFO: [ app_init ] --END-- [ RunTime:0.000768s ]

[ 2016-12-04T12:43:04+08:00 ] 127.0.0.1 /Public/Statics/static/images/mainpic_arrow.png
INFO: [ app_init ] --START--
INFO: Run Behavior\BuildLiteBehavior [ RunTime:0.000021s ]
INFO: [ app_init ] --END-- [ RunTime:0.000768s ]

[ 2016-12-04T12:43:08+08:00 ] 127.0.0.1 /index.php/Product/lists/id/384.html
INFO: [ app_init ] --START--
INFO: Run Behavior\BuildLiteBehavior [ RunTime:0.000024s ]
INFO: [ app_init ] --END-- [ RunTime:0.000884s ]
INFO: [ app_begin ] --START--
INFO: Run Behavior\ReadHtmlCacheBehavior [ RunTime:0.001514s ]
INFO: [ app_begin ] --END-- [ RunTime:0.001605s ]
SQL: SHOW COLUMNS FROM `ke_nav` [ RunTime:0.0369s ]
SQL: SELECT * FROM `ke_nav` WHERE ( status=1 AND type=2 ) ORDER BY sort desc, id asc  [ RunTime:0.0007s ]
SQL: SELECT * FROM `ke_nav` WHERE ( status=1 AND type=1 ) ORDER BY sort desc, id asc  [ RunTime:0.0006s ]
SQL: SHOW COLUMNS FROM `ke_product_category` [ RunTime:0.0054s ]
SQL: SELECT * FROM `ke_product_category` WHERE ( status=1 AND isindex=1 ) ORDER BY sort desc, id asc  [ RunTime:0.0005s ]
SQL: SHOW COLUMNS FROM `ke_product_category` [ RunTime:0.0055s ]
SQL: SELECT * FROM `ke_product_category` WHERE `id` = 384 LIMIT 1   [ RunTime:0.0006s ]
SQL: SELECT * FROM `ke_product_category` WHERE ( status=1 AND pid = 384 ) ORDER BY sort desc, id asc  [ RunTime:0.0006s ]
SQL: SELECT * FROM `ke_product_category` WHERE ( status=1 ) ORDER BY sort desc  [ RunTime:0.0005s ]
NOTIC: [8] Undefined variable: arr E:\www\sc\Application\Home\Model\ProductCategoryModel.class.php 第 68 行.
NOTIC: [2] array_merge(): Argument #1 is not an array E:\www\sc\Application\Home\Model\ProductCategoryModel.class.php 第 65 行.
NOTIC: [8] Undefined variable: arr E:\www\sc\Application\Home\Model\ProductCategoryModel.class.php 第 68 行.
NOTIC: [2] array_merge(): Argument #1 is not an array E:\www\sc\Application\Home\Model\ProductCategoryModel.class.php 第 65 行.
SQL: SHOW COLUMNS FROM `ke_product` [ RunTime:0.0064s ]
SQL: SELECT COUNT(*) AS tp_count FROM `ke_product` WHERE (  status=1 AND checked=1 AND `delete`=0  AND (fpid=384 OR spid=384 OR tpid=384) ) LIMIT 1   [ RunTime:0.0006s ]
SQL: SELECT `id`,`name`,`pic`,`market_price`,`price` FROM `ke_product` WHERE (  status=1 AND checked=1 AND `delete`=0  AND (fpid=384 OR spid=384 OR tpid=384) ) ORDER BY sort desc, id desc LIMIT 0,100   [ RunTime:0.0007s ]
INFO: [ view_parse ] --START--
INFO: [ template_filter ] --START--
INFO: Run Behavior\ContentReplaceBehavior [ RunTime:0.000255s ]
INFO: [ template_filter ] --END-- [ RunTime:0.000339s ]
INFO: Run Behavior\ParseTemplateBehavior [ RunTime:0.108214s ]
INFO: [ view_parse ] --END-- [ RunTime:0.108320s ]
INFO: [ view_filter ] --START--
INFO: Run Behavior\WriteHtmlCacheBehavior [ RunTime:0.001355s ]
INFO: [ view_filter ] --END-- [ RunTime:0.001436s ]
INFO: [ app_end ] --START--
INFO: Run Behavior\ShowPageTraceBehavior [ RunTime:0.001626s ]
INFO: [ app_end ] --END-- [ RunTime:0.001734s ]

[ 2016-12-04T12:43:08+08:00 ] 127.0.0.1 /Public/Statics/static/images/sidenav_h2icon.gif
INFO: [ app_init ] --START--
INFO: Run Behavior\BuildLiteBehavior [ RunTime:0.000022s ]
INFO: [ app_init ] --END-- [ RunTime:0.000828s ]

[ 2016-12-04T12:43:08+08:00 ] 127.0.0.1 /Public/Statics/static/images/sidenav_list_icon.gif
INFO: [ app_init ] --START--
INFO: Run Behavior\BuildLiteBehavior [ RunTime:0.000015s ]
INFO: [ app_init ] --END-- [ RunTime:0.000543s ]

[ 2016-12-04T12:43:14+08:00 ] 127.0.0.1 /index.php/Product/info/id/201.html
INFO: [ app_init ] --START--
INFO: Run Behavior\BuildLiteBehavior [ RunTime:0.000016s ]
INFO: [ app_init ] --END-- [ RunTime:0.000640s ]
INFO: [ app_begin ] --START--
INFO: Run Behavior\ReadHtmlCacheBehavior [ RunTime:0.000792s ]
INFO: [ app_begin ] --END-- [ RunTime:0.000844s ]
SQL: SHOW COLUMNS FROM `ke_nav` [ RunTime:0.0044s ]
SQL: SELECT * FROM `ke_nav` WHERE ( status=1 AND type=2 ) ORDER BY sort desc, id asc  [ RunTime:0.0004s ]
SQL: SELECT * FROM `ke_nav` WHERE ( status=1 AND type=1 ) ORDER BY sort desc, id asc  [ RunTime:0.0004s ]
SQL: SHOW COLUMNS FROM `ke_product_category` [ RunTime:0.0048s ]
SQL: SELECT * FROM `ke_product_category` WHERE ( status=1 AND isindex=1 ) ORDER BY sort desc, id asc  [ RunTime:0.0004s ]
SQL: SHOW COLUMNS FROM `ke_product` [ RunTime:0.0048s ]
SQL: SHOW COLUMNS FROM `ke_product` [ RunTime:0.0050s ]
SQL: SELECT p.*,pc.content,pc.imgs FROM ke_product p  left join ke_product_content pc on pc.id = p.id  WHERE p.checked = 1 AND p.delete = 0 AND p.status = 1 AND p.id = '201' LIMIT 1   [ RunTime:0.0203s ]
SQL: SHOW COLUMNS FROM `ke_product_items` [ RunTime:0.0361s ]
SQL: SELECT * FROM `ke_product_items` WHERE `gid` = 201 AND `checked` = 1 AND `delete` = 0 AND `status` = 1  [ RunTime:0.2596s ]
SQL: SHOW COLUMNS FROM `ke_product_category` [ RunTime:0.0325s ]
SQL: SELECT * FROM `ke_product_category` WHERE `id` = 384 LIMIT 1   [ RunTime:0.0004s ]
SQL: SELECT * FROM `ke_product_category` WHERE ( status=1 AND pid = 384 ) ORDER BY sort desc, id asc  [ RunTime:0.0005s ]
SQL: SELECT * FROM `ke_product_category` WHERE ( status=1 ) ORDER BY sort desc  [ RunTime:0.0003s ]
NOTIC: [8] Undefined variable: arr E:\www\sc\Application\Home\Model\ProductCategoryModel.class.php 第 68 行.
NOTIC: [2] array_merge(): Argument #1 is not an array E:\www\sc\Application\Home\Model\ProductCategoryModel.class.php 第 65 行.
NOTIC: [8] Undefined variable: arr E:\www\sc\Application\Home\Model\ProductCategoryModel.class.php 第 68 行.
NOTIC: [2] array_merge(): Argument #1 is not an array E:\www\sc\Application\Home\Model\ProductCategoryModel.class.php 第 65 行.
SQL: SHOW COLUMNS FROM `ke_product_content` [ RunTime:0.0532s ]
SQL: SELECT * FROM `ke_product_content` WHERE `id` = 201 LIMIT 1   [ RunTime:0.0003s ]
SQL: SHOW COLUMNS FROM `ke_product_specs_imgs` [ RunTime:0.0048s ]
SQL: SELECT * FROM `ke_product_specs_imgs` WHERE ( goods_id=201 )  [ RunTime:0.0004s ]
NOTIC: [8] Undefined variable: shouchang E:\www\sc\Application\Home\Controller\ProductController.class.php 第 179 行.
INFO: [ view_parse ] --START--
INFO: [ template_filter ] --START--
INFO: Run Behavior\ContentReplaceBehavior [ RunTime:0.000542s ]
INFO: [ template_filter ] --END-- [ RunTime:0.000638s ]
INFO: Run Behavior\ParseTemplateBehavior [ RunTime:0.118298s ]
INFO: [ view_parse ] --END-- [ RunTime:0.118370s ]
INFO: [ view_filter ] --START--
INFO: Run Behavior\WriteHtmlCacheBehavior [ RunTime:0.000738s ]
INFO: [ view_filter ] --END-- [ RunTime:0.000788s ]
INFO: [ app_end ] --START--
INFO: Run Behavior\ShowPageTraceBehavior [ RunTime:0.000907s ]
INFO: [ app_end ] --END-- [ RunTime:0.000965s ]

[ 2016-12-04T12:43:14+08:00 ] 127.0.0.1 /Public/Statics/static/images/sidenav_h2icon.gif
INFO: [ app_init ] --START--
INFO: Run Behavior\BuildLiteBehavior [ RunTime:0.000022s ]
INFO: [ app_init ] --END-- [ RunTime:0.000778s ]

[ 2016-12-04T12:43:14+08:00 ] 127.0.0.1 /Public/Statics/static/images/sidenav_list_icon.gif
INFO: [ app_init ] --START--
INFO: Run Behavior\BuildLiteBehavior [ RunTime:0.000020s ]
INFO: [ app_init ] --END-- [ RunTime:0.000719s ]

[ 2016-12-04T12:50:31+08:00 ] 127.0.0.1 /index.php/Product/info/id/201.html
INFO: [ app_init ] --START--
INFO: Run Behavior\BuildLiteBehavior [ RunTime:0.000020s ]
INFO: [ app_init ] --END-- [ RunTime:0.000740s ]
INFO: [ app_begin ] --START--
INFO: Run Behavior\ReadHtmlCacheBehavior [ RunTime:0.001378s ]
INFO: [ app_begin ] --END-- [ RunTime:0.001456s ]
SQL: SHOW COLUMNS FROM `ke_nav` [ RunTime:0.0052s ]
SQL: SELECT * FROM `ke_nav` WHERE ( status=1 AND type=2 ) ORDER BY sort desc, id asc  [ RunTime:0.0004s ]
SQL: SELECT * FROM `ke_nav` WHERE ( status=1 AND type=1 ) ORDER BY sort desc, id asc  [ RunTime:0.0003s ]
SQL: SHOW COLUMNS FROM `ke_product_category` [ RunTime:0.0051s ]
SQL: SELECT * FROM `ke_product_category` WHERE ( status=1 AND isindex=1 ) ORDER BY sort desc, id asc  [ RunTime:0.0004s ]
SQL: SHOW COLUMNS FROM `ke_product` [ RunTime:0.0097s ]
SQL: SHOW COLUMNS FROM `ke_product` [ RunTime:0.0052s ]
SQL: SELECT p.*,pc.content,pc.imgs FROM ke_product p  left join ke_product_content pc on pc.id = p.id  WHERE p.checked = 1 AND p.delete = 0 AND p.status = 1 AND p.id = '201' LIMIT 1   [ RunTime:0.0005s ]
SQL: SHOW COLUMNS FROM `ke_product_items` [ RunTime:0.0049s ]
SQL: SELECT * FROM `ke_product_items` WHERE `gid` = 201 AND `checked` = 1 AND `delete` = 0 AND `status` = 1  [ RunTime:0.0006s ]
SQL: SHOW COLUMNS FROM `ke_product_category` [ RunTime:0.0044s ]
SQL: SELECT * FROM `ke_product_category` WHERE `id` = 384 LIMIT 1   [ RunTime:0.0003s ]
SQL: SELECT * FROM `ke_product_category` WHERE ( status=1 AND pid = 384 ) ORDER BY sort desc, id asc  [ RunTime:0.0003s ]
SQL: SELECT * FROM `ke_product_category` WHERE ( status=1 ) ORDER BY sort desc  [ RunTime:0.0003s ]
NOTIC: [8] Undefined variable: arr E:\www\sc\Application\Home\Model\ProductCategoryModel.class.php 第 68 行.
NOTIC: [2] array_merge(): Argument #1 is not an array E:\www\sc\Application\Home\Model\ProductCategoryModel.class.php 第 65 行.
NOTIC: [8] Undefined variable: arr E:\www\sc\Application\Home\Model\ProductCategoryModel.class.php 第 68 行.
NOTIC: [2] array_merge(): Argument #1 is not an array E:\www\sc\Application\Home\Model\ProductCategoryModel.class.php 第 65 行.
SQL: SHOW COLUMNS FROM `ke_product_content` [ RunTime:0.0054s ]
SQL: SELECT * FROM `ke_product_content` WHERE `id` = 201 LIMIT 1   [ RunTime:0.0005s ]
SQL: SHOW COLUMNS FROM `ke_product_specs_imgs` [ RunTime:0.0048s ]
SQL: SELECT * FROM `ke_product_specs_imgs` WHERE ( goods_id=201 )  [ RunTime:0.0004s ]
NOTIC: [8] Undefined variable: shouchang E:\www\sc\Application\Home\Controller\ProductController.class.php 第 179 行.
INFO: [ view_parse ] --START--
INFO: [ template_filter ] --START--
INFO: Run Behavior\ContentReplaceBehavior [ RunTime:0.000464s ]
INFO: [ template_filter ] --END-- [ RunTime:0.000539s ]
INFO: Run Behavior\ParseTemplateBehavior [ RunTime:0.081678s ]
INFO: [ view_parse ] --END-- [ RunTime:0.081734s ]
INFO: [ view_filter ] --START--
INFO: Run Behavior\WriteHtmlCacheBehavior [ RunTime:0.019181s ]
INFO: [ view_filter ] --END-- [ RunTime:0.019250s ]
INFO: [ app_end ] --START--
INFO: Run Behavior\ShowPageTraceBehavior [ RunTime:0.043800s ]
INFO: [ app_end ] --END-- [ RunTime:0.043886s ]

[ 2016-12-04T13:26:03+08:00 ] 127.0.0.1 /
INFO: [ app_init ] --START--
INFO: Run Behavior\BuildLiteBehavior [ RunTime:0.000021s ]
INFO: [ app_init ] --END-- [ RunTime:0.000780s ]
INFO: [ app_begin ] --START--
INFO: Run Behavior\ReadHtmlCacheBehavior [ RunTime:0.001067s ]
INFO: [ app_begin ] --END-- [ RunTime:0.001130s ]
SQL: SHOW COLUMNS FROM `ke_nav` [ RunTime:0.0401s ]
SQL: SELECT * FROM `ke_nav` WHERE ( status=1 AND type=2 ) ORDER BY sort desc, id asc  [ RunTime:0.0009s ]
SQL: SELECT * FROM `ke_nav` WHERE ( status=1 AND type=1 ) ORDER BY sort desc, id asc  [ RunTime:0.0362s ]
SQL: SHOW COLUMNS FROM `ke_product_category` [ RunTime:0.0052s ]
SQL: SELECT * FROM `ke_product_category` WHERE ( status=1 AND isindex=1 ) ORDER BY sort desc, id asc  [ RunTime:0.0004s ]
SQL: SELECT * FROM `ke_nav` WHERE ( status=1 AND type=1 ) ORDER BY sort desc, id asc  [ RunTime:0.0004s ]
SQL: SHOW COLUMNS FROM `ke_article` [ RunTime:0.0051s ]
SQL: SELECT * FROM `ke_article` WHERE ( pid=14 )  [ RunTime:0.0005s ]
SQL: SELECT * FROM `ke_article` WHERE ( pid=12 )  [ RunTime:0.0003s ]
SQL: SELECT * FROM `ke_article` WHERE ( pid=13 )  [ RunTime:0.0003s ]
INFO: [ view_parse ] --START--
INFO: [ template_filter ] --START--
INFO: Run Behavior\ContentReplaceBehavior [ RunTime:0.000547s ]
INFO: [ template_filter ] --END-- [ RunTime:0.000629s ]
INFO: Run Behavior\ParseTemplateBehavior [ RunTime:0.063101s ]
INFO: [ view_parse ] --END-- [ RunTime:0.063178s ]
INFO: [ view_filter ] --START--
INFO: Run Behavior\WriteHtmlCacheBehavior [ RunTime:0.042343s ]
INFO: [ view_filter ] --END-- [ RunTime:0.042397s ]
INFO: [ app_end ] --START--
INFO: Run Behavior\ShowPageTraceBehavior [ RunTime:0.044072s ]
INFO: [ app_end ] --END-- [ RunTime:0.044160s ]

[ 2016-12-04T13:26:05+08:00 ] 127.0.0.1 /Public/Statics/static/images/bxSlider/bx_loader.gif
INFO: [ app_init ] --START--
INFO: Run Behavior\BuildLiteBehavior [ RunTime:0.000027s ]
INFO: [ app_init ] --END-- [ RunTime:0.001149s ]

[ 2016-12-04T13:26:05+08:00 ] 127.0.0.1 /Public/Statics/static/images/mainpic_arrow.png
INFO: [ app_init ] --START--
INFO: Run Behavior\BuildLiteBehavior [ RunTime:0.000028s ]
INFO: [ app_init ] --END-- [ RunTime:0.000819s ]

[ 2016-12-04T13:26:08+08:00 ] 127.0.0.1 /index.php/Product/lists/id/384.html
INFO: [ app_init ] --START--
INFO: Run Behavior\BuildLiteBehavior [ RunTime:0.000022s ]
INFO: [ app_init ] --END-- [ RunTime:0.000721s ]
INFO: [ app_begin ] --START--
INFO: Run Behavior\ReadHtmlCacheBehavior [ RunTime:0.001280s ]
INFO: [ app_begin ] --END-- [ RunTime:0.001367s ]
SQL: SHOW COLUMNS FROM `ke_nav` [ RunTime:0.0046s ]
SQL: SELECT * FROM `ke_nav` WHERE ( status=1 AND type=2 ) ORDER BY sort desc, id asc  [ RunTime:0.0006s ]
SQL: SELECT * FROM `ke_nav` WHERE ( status=1 AND type=1 ) ORDER BY sort desc, id asc  [ RunTime:0.0003s ]
SQL: SHOW COLUMNS FROM `ke_product_category` [ RunTime:0.0050s ]
SQL: SELECT * FROM `ke_product_category` WHERE ( status=1 AND isindex=1 ) ORDER BY sort desc, id asc  [ RunTime:0.0004s ]
SQL: SHOW COLUMNS FROM `ke_product_category` [ RunTime:0.0060s ]
SQL: SELECT * FROM `ke_product_category` WHERE `id` = 384 LIMIT 1   [ RunTime:0.0004s ]
SQL: SELECT * FROM `ke_product_category` WHERE ( status=1 AND pid = 384 ) ORDER BY sort desc, id asc  [ RunTime:0.0006s ]
SQL: SELECT * FROM `ke_product_category` WHERE ( status=1 ) ORDER BY sort desc  [ RunTime:0.0004s ]
NOTIC: [8] Undefined variable: arr E:\www\sc\Application\Home\Model\ProductCategoryModel.class.php 第 68 行.
NOTIC: [2] array_merge(): Argument #1 is not an array E:\www\sc\Application\Home\Model\ProductCategoryModel.class.php 第 65 行.
NOTIC: [8] Undefined variable: arr E:\www\sc\Application\Home\Model\ProductCategoryModel.class.php 第 68 行.
NOTIC: [2] array_merge(): Argument #1 is not an array E:\www\sc\Application\Home\Model\ProductCategoryModel.class.php 第 65 行.
SQL: SHOW COLUMNS FROM `ke_product` [ RunTime:0.0055s ]
SQL: SELECT COUNT(*) AS tp_count FROM `ke_product` WHERE (  status=1 AND checked=1 AND `delete`=0  AND (fpid=384 OR spid=384 OR tpid=384) ) LIMIT 1   [ RunTime:0.0005s ]
SQL: SELECT `id`,`name`,`pic`,`market_price`,`price` FROM `ke_product` WHERE (  status=1 AND checked=1 AND `delete`=0  AND (fpid=384 OR spid=384 OR tpid=384) ) ORDER BY sort desc, id desc LIMIT 0,100   [ RunTime:0.0005s ]
INFO: [ view_parse ] --START--
INFO: [ template_filter ] --START--
INFO: Run Behavior\ContentReplaceBehavior [ RunTime:0.000257s ]
INFO: [ template_filter ] --END-- [ RunTime:0.000333s ]
INFO: Run Behavior\ParseTemplateBehavior [ RunTime:0.045323s ]
INFO: [ view_parse ] --END-- [ RunTime:0.045393s ]
INFO: [ view_filter ] --START--
INFO: Run Behavior\WriteHtmlCacheBehavior [ RunTime:0.000523s ]
INFO: [ view_filter ] --END-- [ RunTime:0.000562s ]
INFO: [ app_end ] --START--
INFO: Run Behavior\ShowPageTraceBehavior [ RunTime:0.000908s ]
INFO: [ app_end ] --END-- [ RunTime:0.000973s ]

[ 2016-12-04T13:26:08+08:00 ] 127.0.0.1 /Public/Statics/static/images/sidenav_h2icon.gif
INFO: [ app_init ] --START--
INFO: Run Behavior\BuildLiteBehavior [ RunTime:0.000021s ]
INFO: [ app_init ] --END-- [ RunTime:0.000682s ]

[ 2016-12-04T13:26:08+08:00 ] 127.0.0.1 /Public/Statics/static/images/sidenav_list_icon.gif
INFO: [ app_init ] --START--
INFO: Run Behavior\BuildLiteBehavior [ RunTime:0.000022s ]
INFO: [ app_init ] --END-- [ RunTime:0.000735s ]

[ 2016-12-04T13:26:11+08:00 ] 127.0.0.1 /index.php/Product/info/id/201.html
INFO: [ app_init ] --START--
INFO: Run Behavior\BuildLiteBehavior [ RunTime:0.000015s ]
INFO: [ app_init ] --END-- [ RunTime:0.000562s ]
INFO: [ app_begin ] --START--
INFO: Run Behavior\ReadHtmlCacheBehavior [ RunTime:0.000945s ]
INFO: [ app_begin ] --END-- [ RunTime:0.001017s ]
SQL: SHOW COLUMNS FROM `ke_nav` [ RunTime:0.0046s ]
SQL: SELECT * FROM `ke_nav` WHERE ( status=1 AND type=2 ) ORDER BY sort desc, id asc  [ RunTime:0.0005s ]
SQL: SELECT * FROM `ke_nav` WHERE ( status=1 AND type=1 ) ORDER BY sort desc, id asc  [ RunTime:0.0004s ]
SQL: SHOW COLUMNS FROM `ke_product_category` [ RunTime:0.0063s ]
SQL: SELECT * FROM `ke_product_category` WHERE ( status=1 AND isindex=1 ) ORDER BY sort desc, id asc  [ RunTime:0.0004s ]
SQL: SHOW COLUMNS FROM `ke_product` [ RunTime:0.0063s ]
SQL: SHOW COLUMNS FROM `ke_product` [ RunTime:0.0062s ]
SQL: SELECT p.*,pc.content,pc.imgs FROM ke_product p  left join ke_product_content pc on pc.id = p.id  WHERE p.checked = 1 AND p.delete = 0 AND p.status = 1 AND p.id = '201' LIMIT 1   [ RunTime:0.0010s ]
SQL: SHOW COLUMNS FROM `ke_product_items` [ RunTime:0.0249s ]
SQL: SELECT * FROM `ke_product_items` WHERE `gid` = 201 AND `checked` = 1 AND `delete` = 0 AND `status` = 1  [ RunTime:0.0009s ]
SQL: SHOW COLUMNS FROM `ke_product_category` [ RunTime:0.0060s ]
SQL: SELECT * FROM `ke_product_category` WHERE `id` = 384 LIMIT 1   [ RunTime:0.0004s ]
SQL: SELECT * FROM `ke_product_category` WHERE ( status=1 AND pid = 384 ) ORDER BY sort desc, id asc  [ RunTime:0.0004s ]
SQL: SELECT * FROM `ke_product_category` WHERE ( status=1 ) ORDER BY sort desc  [ RunTime:0.0003s ]
NOTIC: [8] Undefined variable: arr E:\www\sc\Application\Home\Model\ProductCategoryModel.class.php 第 68 行.
NOTIC: [2] array_merge(): Argument #1 is not an array E:\www\sc\Application\Home\Model\ProductCategoryModel.class.php 第 65 行.
NOTIC: [8] Undefined variable: arr E:\www\sc\Application\Home\Model\ProductCategoryModel.class.php 第 68 行.
NOTIC: [2] array_merge(): Argument #1 is not an array E:\www\sc\Application\Home\Model\ProductCategoryModel.class.php 第 65 行.
SQL: SHOW COLUMNS FROM `ke_product_content` [ RunTime:0.0050s ]
SQL: SELECT * FROM `ke_product_content` WHERE `id` = 201 LIMIT 1   [ RunTime:0.0005s ]
SQL: SHOW COLUMNS FROM `ke_product_specs_imgs` [ RunTime:0.0060s ]
SQL: SELECT * FROM `ke_product_specs_imgs` WHERE ( goods_id=201 )  [ RunTime:0.0005s ]
NOTIC: [8] Undefined variable: shouchang E:\www\sc\Application\Home\Controller\ProductController.class.php 第 179 行.
INFO: [ view_parse ] --START--
INFO: [ template_filter ] --START--
INFO: Run Behavior\ContentReplaceBehavior [ RunTime:0.000465s ]
INFO: [ template_filter ] --END-- [ RunTime:0.000545s ]
INFO: Run Behavior\ParseTemplateBehavior [ RunTime:0.041453s ]
INFO: [ view_parse ] --END-- [ RunTime:0.041536s ]
INFO: [ view_filter ] --START--
INFO: Run Behavior\WriteHtmlCacheBehavior [ RunTime:0.000807s ]
INFO: [ view_filter ] --END-- [ RunTime:0.000866s ]
INFO: [ app_end ] --START--
INFO: Run Behavior\ShowPageTraceBehavior [ RunTime:0.001334s ]
INFO: [ app_end ] --END-- [ RunTime:0.001414s ]

[ 2016-12-04T13:26:11+08:00 ] 127.0.0.1 /Public/Statics/static/images/sidenav_list_icon.gif
INFO: [ app_init ] --START--
INFO: Run Behavior\BuildLiteBehavior [ RunTime:0.000021s ]
INFO: [ app_init ] --END-- [ RunTime:0.000720s ]

[ 2016-12-04T13:26:11+08:00 ] 127.0.0.1 /Public/Statics/static/images/sidenav_h2icon.gif
INFO: [ app_init ] --START--
INFO: Run Behavior\BuildLiteBehavior [ RunTime:0.000021s ]
INFO: [ app_init ] --END-- [ RunTime:0.000807s ]

[ 2016-12-04T13:26:21+08:00 ] 127.0.0.1 /Public/Statics/static/images/btn_addshopcart_s.gif
INFO: [ app_init ] --START--
INFO: Run Behavior\BuildLiteBehavior [ RunTime:0.000017s ]
INFO: [ app_init ] --END-- [ RunTime:0.001426s ]

[ 2016-12-04T16:11:37+08:00 ] 127.0.0.1 /index.php/Login/login.html
INFO: [ app_init ] --START--
INFO: Run Behavior\BuildLiteBehavior [ RunTime:0.000014s ]
INFO: [ app_init ] --END-- [ RunTime:0.000700s ]
INFO: [ app_begin ] --START--
INFO: Run Behavior\ReadHtmlCacheBehavior [ RunTime:0.001350s ]
INFO: [ app_begin ] --END-- [ RunTime:0.001415s ]
INFO: [ view_parse ] --START--
INFO: [ template_filter ] --START--
INFO: Run Behavior\ContentReplaceBehavior [ RunTime:0.000109s ]
INFO: [ template_filter ] --END-- [ RunTime:0.000174s ]
INFO: Run Behavior\ParseTemplateBehavior [ RunTime:0.051687s ]
INFO: [ view_parse ] --END-- [ RunTime:0.051762s ]
INFO: [ view_filter ] --START--
INFO: Run Behavior\WriteHtmlCacheBehavior [ RunTime:0.001535s ]
INFO: [ view_filter ] --END-- [ RunTime:0.001609s ]
INFO: [ app_end ] --START--
INFO: Run Behavior\ShowPageTraceBehavior [ RunTime:0.001473s ]
INFO: [ app_end ] --END-- [ RunTime:0.001536s ]

[ 2016-12-04T16:11:46+08:00 ] 127.0.0.1 /index.php/Product/info/id/201.html
INFO: [ app_init ] --START--
INFO: Run Behavior\BuildLiteBehavior [ RunTime:0.000023s ]
INFO: [ app_init ] --END-- [ RunTime:0.000804s ]
INFO: [ app_begin ] --START--
INFO: Run Behavior\ReadHtmlCacheBehavior [ RunTime:0.001516s ]
INFO: [ app_begin ] --END-- [ RunTime:0.001621s ]
SQL: SHOW COLUMNS FROM `ke_nav` [ RunTime:0.0490s ]
SQL: SELECT * FROM `ke_nav` WHERE ( status=1 AND type=2 ) ORDER BY sort desc, id asc  [ RunTime:0.0009s ]
SQL: SELECT * FROM `ke_nav` WHERE ( status=1 AND type=1 ) ORDER BY sort desc, id asc  [ RunTime:0.0004s ]
SQL: SHOW COLUMNS FROM `ke_product_category` [ RunTime:0.0060s ]
SQL: SELECT * FROM `ke_product_category` WHERE ( status=1 AND isindex=1 ) ORDER BY sort desc, id asc  [ RunTime:0.0008s ]
SQL: SHOW COLUMNS FROM `ke_product` [ RunTime:0.0076s ]
SQL: SHOW COLUMNS FROM `ke_product` [ RunTime:0.0056s ]
SQL: SELECT p.*,pc.content,pc.imgs FROM ke_product p  left join ke_product_content pc on pc.id = p.id  WHERE p.checked = 1 AND p.delete = 0 AND p.status = 1 AND p.id = '201' LIMIT 1   [ RunTime:0.0010s ]
SQL: SHOW COLUMNS FROM `ke_product_items` [ RunTime:0.0069s ]
SQL: SELECT * FROM `ke_product_items` WHERE `gid` = 201 AND `checked` = 1 AND `delete` = 0 AND `status` = 1  [ RunTime:0.0007s ]
SQL: SHOW COLUMNS FROM `ke_product_category` [ RunTime:0.0050s ]
SQL: SELECT * FROM `ke_product_category` WHERE `id` = 384 LIMIT 1   [ RunTime:0.0004s ]
SQL: SELECT * FROM `ke_product_category` WHERE ( status=1 AND pid = 384 ) ORDER BY sort desc, id asc  [ RunTime:0.0006s ]
SQL: SELECT * FROM `ke_product_category` WHERE ( status=1 ) ORDER BY sort desc  [ RunTime:0.0005s ]
NOTIC: [8] Undefined variable: arr E:\www\sc\Application\Home\Model\ProductCategoryModel.class.php 第 68 行.
NOTIC: [2] array_merge(): Argument #1 is not an array E:\www\sc\Application\Home\Model\ProductCategoryModel.class.php 第 65 行.
NOTIC: [8] Undefined variable: arr E:\www\sc\Application\Home\Model\ProductCategoryModel.class.php 第 68 行.
NOTIC: [2] array_merge(): Argument #1 is not an array E:\www\sc\Application\Home\Model\ProductCategoryModel.class.php 第 65 行.
SQL: SHOW COLUMNS FROM `ke_product_content` [ RunTime:0.0053s ]
SQL: SELECT * FROM `ke_product_content` WHERE `id` = 201 LIMIT 1   [ RunTime:0.0004s ]
SQL: SHOW COLUMNS FROM `ke_product_specs_imgs` [ RunTime:0.0053s ]
SQL: SELECT * FROM `ke_product_specs_imgs` WHERE ( goods_id=201 )  [ RunTime:0.0004s ]
NOTIC: [8] Undefined variable: shouchang E:\www\sc\Application\Home\Controller\ProductController.class.php 第 179 行.
INFO: [ view_parse ] --START--
INFO: [ template_filter ] --START--
INFO: Run Behavior\ContentReplaceBehavior [ RunTime:0.000327s ]
INFO: [ template_filter ] --END-- [ RunTime:0.000386s ]
INFO: Run Behavior\ParseTemplateBehavior [ RunTime:0.078144s ]
INFO: [ view_parse ] --END-- [ RunTime:0.078200s ]
INFO: [ view_filter ] --START--
INFO: Run Behavior\WriteHtmlCacheBehavior [ RunTime:0.000660s ]
INFO: [ view_filter ] --END-- [ RunTime:0.000700s ]
INFO: [ app_end ] --START--
INFO: Run Behavior\ShowPageTraceBehavior [ RunTime:0.001264s ]
INFO: [ app_end ] --END-- [ RunTime:0.001343s ]

[ 2016-12-04T16:11:46+08:00 ] 127.0.0.1 /Public/Statics/static/images/sidenav_list_icon.gif
INFO: [ app_init ] --START--
INFO: Run Behavior\BuildLiteBehavior [ RunTime:0.000024s ]
INFO: [ app_init ] --END-- [ RunTime:0.000762s ]

[ 2016-12-04T16:11:46+08:00 ] 127.0.0.1 /Public/Statics/static/images/sidenav_h2icon.gif
INFO: [ app_init ] --START--
INFO: Run Behavior\BuildLiteBehavior [ RunTime:0.000017s ]
INFO: [ app_init ] --END-- [ RunTime:0.000622s ]

[ 2016-12-04T16:11:54+08:00 ] 127.0.0.1 /index.php/Cart/addcart.html
INFO: [ app_init ] --START--
INFO: Run Behavior\BuildLiteBehavior [ RunTime:0.000021s ]
INFO: [ app_init ] --END-- [ RunTime:0.000854s ]
INFO: [ app_begin ] --START--
INFO: Run Behavior\ReadHtmlCacheBehavior [ RunTime:0.000906s ]
INFO: [ app_begin ] --END-- [ RunTime:0.000962s ]
SQL: SHOW COLUMNS FROM `ke_nav` [ RunTime:0.0052s ]
SQL: SELECT * FROM `ke_nav` WHERE ( status=1 AND type=2 ) ORDER BY sort desc, id asc  [ RunTime:0.0005s ]
SQL: SELECT * FROM `ke_nav` WHERE ( status=1 AND type=1 ) ORDER BY sort desc, id asc  [ RunTime:0.0003s ]
SQL: SHOW COLUMNS FROM `ke_product_category` [ RunTime:0.0043s ]
SQL: SELECT * FROM `ke_product_category` WHERE ( status=1 AND isindex=1 ) ORDER BY sort desc, id asc  [ RunTime:0.0004s ]

[ 2016-12-04T16:12:19+08:00 ] 127.0.0.1 /Public/Statics/static/images/btn_addshopcart_s.gif
INFO: [ app_init ] --START--
INFO: Run Behavior\BuildLiteBehavior [ RunTime:0.000025s ]
INFO: [ app_init ] --END-- [ RunTime:0.001164s ]

[ 2016-12-04T16:16:44+08:00 ] 127.0.0.1 /index.php/Index/index.html
INFO: [ app_init ] --START--
INFO: Run Behavior\BuildLiteBehavior [ RunTime:0.000022s ]
INFO: [ app_init ] --END-- [ RunTime:0.000840s ]
INFO: [ app_begin ] --START--
INFO: Run Behavior\ReadHtmlCacheBehavior [ RunTime:0.001411s ]
INFO: [ app_begin ] --END-- [ RunTime:0.001502s ]
SQL: SHOW COLUMNS FROM `ke_nav` [ RunTime:0.0049s ]
SQL: SELECT * FROM `ke_nav` WHERE ( status=1 AND type=2 ) ORDER BY sort desc, id asc  [ RunTime:0.0005s ]
SQL: SELECT * FROM `ke_nav` WHERE ( status=1 AND type=1 ) ORDER BY sort desc, id asc  [ RunTime:0.0003s ]
SQL: SHOW COLUMNS FROM `ke_product_category` [ RunTime:0.0050s ]
SQL: SELECT * FROM `ke_product_category` WHERE ( status=1 AND isindex=1 ) ORDER BY sort desc, id asc  [ RunTime:0.0005s ]
SQL: SELECT * FROM `ke_nav` WHERE ( status=1 AND type=1 ) ORDER BY sort desc, id asc  [ RunTime:0.0005s ]
SQL: SHOW COLUMNS FROM `ke_article` [ RunTime:0.0047s ]
SQL: SELECT * FROM `ke_article` WHERE ( pid=14 )  [ RunTime:0.0004s ]
SQL: SELECT * FROM `ke_article` WHERE ( pid=12 )  [ RunTime:0.0003s ]
SQL: SELECT * FROM `ke_article` WHERE ( pid=13 )  [ RunTime:0.0003s ]
INFO: [ view_parse ] --START--
INFO: [ template_filter ] --START--
INFO: Run Behavior\ContentReplaceBehavior [ RunTime:0.000352s ]
INFO: [ template_filter ] --END-- [ RunTime:0.000410s ]
INFO: Run Behavior\ParseTemplateBehavior [ RunTime:0.118832s ]
INFO: [ view_parse ] --END-- [ RunTime:0.118906s ]
INFO: [ view_filter ] --START--
INFO: Run Behavior\WriteHtmlCacheBehavior [ RunTime:0.000900s ]
INFO: [ view_filter ] --END-- [ RunTime:0.000959s ]
INFO: [ app_end ] --START--
INFO: Run Behavior\ShowPageTraceBehavior [ RunTime:0.003676s ]
INFO: [ app_end ] --END-- [ RunTime:0.003759s ]

[ 2016-12-04T16:16:44+08:00 ] 127.0.0.1 /Public/Statics/static/images/mainpic_arrow.png
INFO: [ app_init ] --START--
INFO: Run Behavior\BuildLiteBehavior [ RunTime:0.000022s ]
INFO: [ app_init ] --END-- [ RunTime:0.000694s ]

[ 2016-12-04T16:16:44+08:00 ] 127.0.0.1 /Public/Statics/static/images/bxSlider/bx_loader.gif
INFO: [ app_init ] --START--
INFO: Run Behavior\BuildLiteBehavior [ RunTime:0.000021s ]
INFO: [ app_init ] --END-- [ RunTime:0.000734s ]

[ 2016-12-04T16:16:50+08:00 ] 127.0.0.1 /index.php/Login/login.html
INFO: [ app_init ] --START--
INFO: Run Behavior\BuildLiteBehavior [ RunTime:0.000021s ]
INFO: [ app_init ] --END-- [ RunTime:0.000745s ]
INFO: [ app_begin ] --START--
INFO: Run Behavior\ReadHtmlCacheBehavior [ RunTime:0.002123s ]
INFO: [ app_begin ] --END-- [ RunTime:0.002484s ]
INFO: [ view_parse ] --START--
INFO: [ template_filter ] --START--
INFO: Run Behavior\ContentReplaceBehavior [ RunTime:0.000172s ]
INFO: [ template_filter ] --END-- [ RunTime:0.000270s ]
INFO: Run Behavior\ParseTemplateBehavior [ RunTime:0.016960s ]
INFO: [ view_parse ] --END-- [ RunTime:0.017050s ]
INFO: [ view_filter ] --START--
INFO: Run Behavior\WriteHtmlCacheBehavior [ RunTime:0.000862s ]
INFO: [ view_filter ] --END-- [ RunTime:0.000924s ]
INFO: [ app_end ] --START--
INFO: Run Behavior\ShowPageTraceBehavior [ RunTime:0.001557s ]
INFO: [ app_end ] --END-- [ RunTime:0.001634s ]

[ 2016-12-04T16:16:52+08:00 ] 127.0.0.1 /index.php/Login/register.html
INFO: [ app_init ] --START--
INFO: Run Behavior\BuildLiteBehavior [ RunTime:0.000015s ]
INFO: [ app_init ] --END-- [ RunTime:0.000647s ]
INFO: [ app_begin ] --START--
INFO: Run Behavior\ReadHtmlCacheBehavior [ RunTime:0.001150s ]
INFO: [ app_begin ] --END-- [ RunTime:0.001240s ]
INFO: [ view_parse ] --START--
INFO: [ template_filter ] --START--
INFO: Run Behavior\ContentReplaceBehavior [ RunTime:0.000122s ]
INFO: [ template_filter ] --END-- [ RunTime:0.000290s ]
INFO: Run Behavior\ParseTemplateBehavior [ RunTime:0.057921s ]
INFO: [ view_parse ] --END-- [ RunTime:0.057986s ]
INFO: [ view_filter ] --START--
INFO: Run Behavior\WriteHtmlCacheBehavior [ RunTime:0.000576s ]
INFO: [ view_filter ] --END-- [ RunTime:0.000618s ]
INFO: [ app_end ] --START--
INFO: Run Behavior\ShowPageTraceBehavior [ RunTime:0.000846s ]
INFO: [ app_end ] --END-- [ RunTime:0.000900s ]

[ 2016-12-04T16:16:52+08:00 ] 127.0.0.1 /favicon.ico
INFO: [ app_init ] --START--
INFO: Run Behavior\BuildLiteBehavior [ RunTime:0.000020s ]
INFO: [ app_init ] --END-- [ RunTime:0.000795s ]

[ 2016-12-04T16:18:24+08:00 ] 127.0.0.1 /index.php/Index/index.html
INFO: [ app_init ] --START--
INFO: Run Behavior\BuildLiteBehavior [ RunTime:0.000022s ]
INFO: [ app_init ] --END-- [ RunTime:0.000895s ]
INFO: [ app_begin ] --START--
INFO: Run Behavior\ReadHtmlCacheBehavior [ RunTime:0.001472s ]
INFO: [ app_begin ] --END-- [ RunTime:0.001571s ]
SQL: SHOW COLUMNS FROM `ke_nav` [ RunTime:0.0061s ]
SQL: SELECT * FROM `ke_nav` WHERE ( status=1 AND type=2 ) ORDER BY sort desc, id asc  [ RunTime:0.0006s ]
SQL: SELECT * FROM `ke_nav` WHERE ( status=1 AND type=1 ) ORDER BY sort desc, id asc  [ RunTime:0.0004s ]
SQL: SHOW COLUMNS FROM `ke_product_category` [ RunTime:0.0048s ]
SQL: SELECT * FROM `ke_product_category` WHERE ( status=1 AND isindex=1 ) ORDER BY sort desc, id asc  [ RunTime:0.0004s ]
SQL: SELECT * FROM `ke_nav` WHERE ( status=1 AND type=1 ) ORDER BY sort desc, id asc  [ RunTime:0.0007s ]
SQL: SHOW COLUMNS FROM `ke_article` [ RunTime:0.0060s ]
SQL: SELECT * FROM `ke_article` WHERE ( pid=14 )  [ RunTime:0.0005s ]
SQL: SELECT * FROM `ke_article` WHERE ( pid=12 )  [ RunTime:0.0005s ]
SQL: SELECT * FROM `ke_article` WHERE ( pid=13 )  [ RunTime:0.0004s ]
INFO: [ view_parse ] --START--
INFO: [ template_filter ] --START--
INFO: Run Behavior\ContentReplaceBehavior [ RunTime:0.000351s ]
INFO: [ template_filter ] --END-- [ RunTime:0.000411s ]
INFO: Run Behavior\ParseTemplateBehavior [ RunTime:0.069135s ]
INFO: [ view_parse ] --END-- [ RunTime:0.069210s ]
INFO: [ view_filter ] --START--
INFO: Run Behavior\WriteHtmlCacheBehavior [ RunTime:0.006751s ]
INFO: [ view_filter ] --END-- [ RunTime:0.006804s ]
INFO: [ app_end ] --START--
INFO: Run Behavior\ShowPageTraceBehavior [ RunTime:0.066031s ]
INFO: [ app_end ] --END-- [ RunTime:0.066095s ]

