[ 2017-10-11T10:50:40+08:00 ] 127.0.0.1 /
INFO: [ app_init ] --START--
INFO: Run Behavior\BuildLiteBehavior [ RunTime:0.000015s ]
INFO: [ app_init ] --END-- [ RunTime:0.000635s ]
INFO: [ app_begin ] --START--
INFO: Run Behavior\ReadHtmlCacheBehavior [ RunTime:0.000890s ]
INFO: [ app_begin ] --END-- [ RunTime:0.000950s ]
INFO: [ app_end ] --START--
INFO: Run Behavior\ShowPageTraceBehavior [ RunTime:0.001059s ]
INFO: [ app_end ] --END-- [ RunTime:0.001139s ]

[ 2017-10-11T10:50:41+08:00 ] 127.0.0.1 /favicon.ico
INFO: [ app_init ] --START--
INFO: Run Behavior\BuildLiteBehavior [ RunTime:0.000026s ]
INFO: [ app_init ] --END-- [ RunTime:0.001443s ]

[ 2017-10-11T10:51:36+08:00 ] 127.0.0.1 /Index/addMessage
INFO: [ app_init ] --START--
INFO: Run Behavior\BuildLiteBehavior [ RunTime:0.000016s ]
INFO: [ app_init ] --END-- [ RunTime:0.000566s ]
INFO: [ app_begin ] --START--
INFO: Run Behavior\ReadHtmlCacheBehavior [ RunTime:0.000857s ]
INFO: [ app_begin ] --END-- [ RunTime:0.000914s ]
SQL: SHOW COLUMNS FROM `ke_message` [ RunTime:0.0047s ]
SQL: INSERT INTO `ke_message` (`name`,`phone`,`brief`,`region`,`add_time`) VALUES ('asdf','15859018794','asdf','asdf','2017-10-11 10:51:35') [ RunTime:0.0924s ]

[ 2017-10-11T10:53:48+08:00 ] 127.0.0.1 /Index/addBook
INFO: [ app_init ] --START--
INFO: Run Behavior\BuildLiteBehavior [ RunTime:0.000020s ]
INFO: [ app_init ] --END-- [ RunTime:0.001388s ]
INFO: [ app_begin ] --START--
INFO: Run Behavior\ReadHtmlCacheBehavior [ RunTime:0.000992s ]
INFO: [ app_begin ] --END-- [ RunTime:0.001041s ]

[ 2017-10-11T10:56:49+08:00 ] 127.0.0.1 /Index/addBook
INFO: [ app_init ] --START--
INFO: Run Behavior\BuildLiteBehavior [ RunTime:0.000021s ]
INFO: [ app_init ] --END-- [ RunTime:0.001325s ]
INFO: [ app_begin ] --START--
INFO: Run Behavior\ReadHtmlCacheBehavior [ RunTime:0.000896s ]
INFO: [ app_begin ] --END-- [ RunTime:0.000957s ]

[ 2017-10-11T10:59:22+08:00 ] 127.0.0.1 /Index/addBook
INFO: [ app_init ] --START--
INFO: Run Behavior\BuildLiteBehavior [ RunTime:0.000015s ]
INFO: [ app_init ] --END-- [ RunTime:0.000589s ]
INFO: [ app_begin ] --START--
INFO: Run Behavior\ReadHtmlCacheBehavior [ RunTime:0.000801s ]
INFO: [ app_begin ] --END-- [ RunTime:0.000846s ]
SQL: SHOW COLUMNS FROM `ke_book` [ RunTime:0.0043s ]
SQL: INSERT INTO `ke_book` (`name`,`sex`,`phone`,`email`,`position`,`quota`,`region`,`add_time`) VALUES ('asdf','1','15859421542','asdf@qq.com','asdf','0','山东省 德州市 陵城区','2017-10-11 10:59:21') [ RunTime:0.0649s ]

[ 2017-10-11T11:08:28+08:00 ] 127.0.0.1 /index.php?module=admin
INFO: [ app_init ] --START--
INFO: Run Behavior\BuildLiteBehavior [ RunTime:0.000015s ]
INFO: [ app_init ] --END-- [ RunTime:0.000607s ]
INFO: [ app_begin ] --START--
INFO: Run Behavior\ReadHtmlCacheBehavior [ RunTime:0.001055s ]
INFO: [ app_begin ] --END-- [ RunTime:0.001133s ]
INFO: [ app_end ] --START--
INFO: Run Behavior\ShowPageTraceBehavior [ RunTime:0.000899s ]
INFO: [ app_end ] --END-- [ RunTime:0.000951s ]

[ 2017-10-11T23:39:35+08:00 ] 127.0.0.1 /
INFO: [ app_init ] --START--
INFO: Run Behavior\BuildLiteBehavior [ RunTime:0.000027s ]
INFO: [ app_init ] --END-- [ RunTime:0.001079s ]
INFO: [ app_begin ] --START--
INFO: Run Behavior\ReadHtmlCacheBehavior [ RunTime:0.001213s ]
INFO: [ app_begin ] --END-- [ RunTime:0.001358s ]
INFO: [ app_end ] --START--
INFO: Run Behavior\ShowPageTraceBehavior [ RunTime:0.001131s ]
INFO: [ app_end ] --END-- [ RunTime:0.001267s ]

[ 2017-10-11T23:39:54+08:00 ] 127.0.0.1 /Index/addBook
INFO: [ app_init ] --START--
INFO: Run Behavior\BuildLiteBehavior [ RunTime:0.000019s ]
INFO: [ app_init ] --END-- [ RunTime:0.000748s ]
INFO: [ app_begin ] --START--
INFO: Run Behavior\ReadHtmlCacheBehavior [ RunTime:0.000789s ]
INFO: [ app_begin ] --END-- [ RunTime:0.000850s ]
SQL: SHOW COLUMNS FROM `ke_book` [ RunTime:0.0062s ]
SQL: INSERT INTO `ke_book` (`name`,`sex`,`phone`,`email`,`position`,`quota`,`region`,`add_time`) VALUES ('asdf','0','15885965321','as@qq.com','asdf','0','山东省 临沂市 费县','2017-10-11 23:39:54') [ RunTime:0.0733s ]

[ 2017-10-11T23:40:03+08:00 ] 127.0.0.1 /Index/addMessage
INFO: [ app_init ] --START--
INFO: Run Behavior\BuildLiteBehavior [ RunTime:0.000024s ]
INFO: [ app_init ] --END-- [ RunTime:0.000922s ]
INFO: [ app_begin ] --START--
INFO: Run Behavior\ReadHtmlCacheBehavior [ RunTime:0.002323s ]
INFO: [ app_begin ] --END-- [ RunTime:0.002675s ]
SQL: SHOW COLUMNS FROM `ke_message` [ RunTime:0.0067s ]
SQL: INSERT INTO `ke_message` (`name`,`phone`,`brief`,`region`,`add_time`) VALUES ('asdf','18897993891','asdfasdf','asdfasdf','2017-10-11 23:40:03') [ RunTime:0.0619s ]

[ 2017-10-11T23:40:25+08:00 ] 127.0.0.1 /Index/addBook
INFO: [ app_init ] --START--
INFO: Run Behavior\BuildLiteBehavior [ RunTime:0.000018s ]
INFO: [ app_init ] --END-- [ RunTime:0.000733s ]
INFO: [ app_begin ] --START--
INFO: Run Behavior\ReadHtmlCacheBehavior [ RunTime:0.000811s ]
INFO: [ app_begin ] --END-- [ RunTime:0.000904s ]

[ 2017-10-11T23:41:11+08:00 ] 127.0.0.1 /Data/uploads/20171009/150755952359963.jpg
INFO: [ app_init ] --START--
INFO: Run Behavior\BuildLiteBehavior [ RunTime:0.000031s ]
INFO: [ app_init ] --END-- [ RunTime:0.000990s ]

[ 2017-10-11T23:41:11+08:00 ] 127.0.0.1 /Data/uploads/20171009/150755939919691.jpg
INFO: [ app_init ] --START--
INFO: Run Behavior\BuildLiteBehavior [ RunTime:0.000026s ]
INFO: [ app_init ] --END-- [ RunTime:0.000934s ]

