[ 2017-10-19T10:53:15+08:00 ] 127.0.0.1 /
INFO: [ app_init ] --START--
INFO: Run Behavior\BuildLiteBehavior [ RunTime:0.000028s ]
INFO: [ app_init ] --END-- [ RunTime:0.000732s ]
INFO: [ app_begin ] --START--
INFO: Run Behavior\ReadHtmlCacheBehavior [ RunTime:0.001160s ]
INFO: [ app_begin ] --END-- [ RunTime:0.001227s ]
INFO: [ app_end ] --START--
INFO: Run Behavior\ShowPageTraceBehavior [ RunTime:0.002138s ]
INFO: [ app_end ] --END-- [ RunTime:0.002232s ]

[ 2017-10-19T10:53:16+08:00 ] 127.0.0.1 /images/next.png
INFO: [ app_init ] --START--
INFO: Run Behavior\BuildLiteBehavior [ RunTime:0.000022s ]
INFO: [ app_init ] --END-- [ RunTime:0.000858s ]

[ 2017-10-19T10:53:16+08:00 ] 127.0.0.1 /images/prev.png
INFO: [ app_init ] --START--
INFO: Run Behavior\BuildLiteBehavior [ RunTime:0.000021s ]
INFO: [ app_init ] --END-- [ RunTime:0.000814s ]

[ 2017-10-19T10:53:21+08:00 ] 127.0.0.1 /News/getCategory
INFO: [ app_init ] --START--
INFO: Run Behavior\BuildLiteBehavior [ RunTime:0.000023s ]
INFO: [ app_init ] --END-- [ RunTime:0.000937s ]
INFO: [ app_begin ] --START--
INFO: Run Behavior\ReadHtmlCacheBehavior [ RunTime:0.001657s ]
INFO: [ app_begin ] --END-- [ RunTime:0.001758s ]
SQL: SHOW COLUMNS FROM `ke_article_category` [ RunTime:0.0069s ]
SQL: SELECT * FROM `ke_article_category` WHERE ( pid=0 ) ORDER BY id asc  [ RunTime:0.0021s ]

[ 2017-10-19T10:53:22+08:00 ] 127.0.0.1 /News/getNewsList
INFO: [ app_init ] --START--
INFO: Run Behavior\BuildLiteBehavior [ RunTime:0.000023s ]
INFO: [ app_init ] --END-- [ RunTime:0.000898s ]
INFO: [ app_begin ] --START--
INFO: Run Behavior\ReadHtmlCacheBehavior [ RunTime:0.000926s ]
INFO: [ app_begin ] --END-- [ RunTime:0.000986s ]
SQL: SHOW COLUMNS FROM `ke_article` [ RunTime:0.0045s ]
SQL: SELECT COUNT(*) AS tp_count FROM `ke_article` WHERE ( pid=12 ) ORDER BY id desc LIMIT 1   [ RunTime:0.0006s ]
SQL: SHOW COLUMNS FROM `ke_article` [ RunTime:0.0041s ]
SQL: SELECT a.*,ac.name as cname FROM ke_article a left join ke_article_category ac on ac.id = a.pid   WHERE ( a.pid=12 ) ORDER BY a.id desc LIMIT 0,6   [ RunTime:0.0009s ]

[ 2017-10-19T10:53:43+08:00 ] 127.0.0.1 /News/getCategory
INFO: [ app_init ] --START--
INFO: Run Behavior\BuildLiteBehavior [ RunTime:0.000023s ]
INFO: [ app_init ] --END-- [ RunTime:0.000983s ]
INFO: [ app_begin ] --START--
INFO: Run Behavior\ReadHtmlCacheBehavior [ RunTime:0.001612s ]
INFO: [ app_begin ] --END-- [ RunTime:0.001720s ]
SQL: SHOW COLUMNS FROM `ke_article_category` [ RunTime:0.0042s ]
SQL: SELECT * FROM `ke_article_category` WHERE ( pid=0 ) ORDER BY id asc  [ RunTime:0.0004s ]

[ 2017-10-19T10:53:44+08:00 ] 127.0.0.1 /News/getNewsList
INFO: [ app_init ] --START--
INFO: Run Behavior\BuildLiteBehavior [ RunTime:0.000015s ]
INFO: [ app_init ] --END-- [ RunTime:0.000690s ]
INFO: [ app_begin ] --START--
INFO: Run Behavior\ReadHtmlCacheBehavior [ RunTime:0.000867s ]
INFO: [ app_begin ] --END-- [ RunTime:0.000918s ]
SQL: SHOW COLUMNS FROM `ke_article` [ RunTime:0.0483s ]
SQL: SELECT COUNT(*) AS tp_count FROM `ke_article` WHERE ( pid=12 ) ORDER BY id desc LIMIT 1   [ RunTime:0.0004s ]
SQL: SHOW COLUMNS FROM `ke_article` [ RunTime:0.0047s ]
SQL: SELECT a.*,ac.name as cname FROM ke_article a left join ke_article_category ac on ac.id = a.pid   WHERE ( a.pid=12 ) ORDER BY a.id desc LIMIT 0,1   [ RunTime:0.0005s ]

[ 2017-10-19T10:53:50+08:00 ] 127.0.0.1 /News/getNewsList
INFO: [ app_init ] --START--
INFO: Run Behavior\BuildLiteBehavior [ RunTime:0.000021s ]
INFO: [ app_init ] --END-- [ RunTime:0.000670s ]
INFO: [ app_begin ] --START--
INFO: Run Behavior\ReadHtmlCacheBehavior [ RunTime:0.000874s ]
INFO: [ app_begin ] --END-- [ RunTime:0.000933s ]
SQL: SHOW COLUMNS FROM `ke_article` [ RunTime:0.0067s ]
SQL: SELECT COUNT(*) AS tp_count FROM `ke_article` WHERE ( pid=13 ) ORDER BY id desc LIMIT 1   [ RunTime:0.0004s ]
SQL: SHOW COLUMNS FROM `ke_article` [ RunTime:0.0065s ]
SQL: SELECT a.*,ac.name as cname FROM ke_article a left join ke_article_category ac on ac.id = a.pid   WHERE ( a.pid=13 ) ORDER BY a.id desc LIMIT 0,1   [ RunTime:0.0009s ]

[ 2017-10-19T10:53:59+08:00 ] 127.0.0.1 /News/getNewsList
INFO: [ app_init ] --START--
INFO: Run Behavior\BuildLiteBehavior [ RunTime:0.000015s ]
INFO: [ app_init ] --END-- [ RunTime:0.000645s ]
INFO: [ app_begin ] --START--
INFO: Run Behavior\ReadHtmlCacheBehavior [ RunTime:0.000894s ]
INFO: [ app_begin ] --END-- [ RunTime:0.000943s ]
SQL: SHOW COLUMNS FROM `ke_article` [ RunTime:0.0041s ]
SQL: SELECT COUNT(*) AS tp_count FROM `ke_article` WHERE ( pid=16 ) ORDER BY id desc LIMIT 1   [ RunTime:0.0004s ]
SQL: SHOW COLUMNS FROM `ke_article` [ RunTime:0.0039s ]
SQL: SELECT a.*,ac.name as cname FROM ke_article a left join ke_article_category ac on ac.id = a.pid   WHERE ( a.pid=16 ) ORDER BY a.id desc LIMIT 0,1   [ RunTime:0.0004s ]

[ 2017-10-19T10:54:03+08:00 ] 127.0.0.1 /News/getNewsList
INFO: [ app_init ] --START--
INFO: Run Behavior\BuildLiteBehavior [ RunTime:0.000014s ]
INFO: [ app_init ] --END-- [ RunTime:0.000581s ]
INFO: [ app_begin ] --START--
INFO: Run Behavior\ReadHtmlCacheBehavior [ RunTime:0.000761s ]
INFO: [ app_begin ] --END-- [ RunTime:0.000809s ]
SQL: SHOW COLUMNS FROM `ke_article` [ RunTime:0.0038s ]
SQL: SELECT COUNT(*) AS tp_count FROM `ke_article` WHERE ( pid=15 ) ORDER BY id desc LIMIT 1   [ RunTime:0.0004s ]
SQL: SHOW COLUMNS FROM `ke_article` [ RunTime:0.0039s ]
SQL: SELECT a.*,ac.name as cname FROM ke_article a left join ke_article_category ac on ac.id = a.pid   WHERE ( a.pid=15 ) ORDER BY a.id desc LIMIT 0,1   [ RunTime:0.0005s ]

[ 2017-10-19T10:55:07+08:00 ] 127.0.0.1 /News/getNewsList
INFO: [ app_init ] --START--
INFO: Run Behavior\BuildLiteBehavior [ RunTime:0.000015s ]
INFO: [ app_init ] --END-- [ RunTime:0.000545s ]
INFO: [ app_begin ] --START--
INFO: Run Behavior\ReadHtmlCacheBehavior [ RunTime:0.000958s ]
INFO: [ app_begin ] --END-- [ RunTime:0.001046s ]
SQL: SHOW COLUMNS FROM `ke_article` [ RunTime:0.0043s ]
SQL: SELECT COUNT(*) AS tp_count FROM `ke_article` WHERE ( pid=16 ) ORDER BY id desc LIMIT 1   [ RunTime:0.0004s ]
SQL: SHOW COLUMNS FROM `ke_article` [ RunTime:0.0037s ]
SQL: SELECT a.*,ac.name as cname FROM ke_article a left join ke_article_category ac on ac.id = a.pid   WHERE ( a.pid=16 ) ORDER BY a.id desc LIMIT 0,6   [ RunTime:0.0005s ]

[ 2017-10-19T10:55:10+08:00 ] 127.0.0.1 /News/getNewsList
INFO: [ app_init ] --START--
INFO: Run Behavior\BuildLiteBehavior [ RunTime:0.000014s ]
INFO: [ app_init ] --END-- [ RunTime:0.000591s ]
INFO: [ app_begin ] --START--
INFO: Run Behavior\ReadHtmlCacheBehavior [ RunTime:0.000886s ]
INFO: [ app_begin ] --END-- [ RunTime:0.000952s ]
SQL: SHOW COLUMNS FROM `ke_article` [ RunTime:0.0038s ]
SQL: SELECT COUNT(*) AS tp_count FROM `ke_article` WHERE ( pid=14 ) ORDER BY id desc LIMIT 1   [ RunTime:0.0003s ]
SQL: SHOW COLUMNS FROM `ke_article` [ RunTime:0.0044s ]
SQL: SELECT a.*,ac.name as cname FROM ke_article a left join ke_article_category ac on ac.id = a.pid   WHERE ( a.pid=14 ) ORDER BY a.id desc LIMIT 0,6   [ RunTime:0.0005s ]

[ 2017-10-19T10:55:12+08:00 ] 127.0.0.1 /News/getNewsList
INFO: [ app_init ] --START--
INFO: Run Behavior\BuildLiteBehavior [ RunTime:0.000015s ]
INFO: [ app_init ] --END-- [ RunTime:0.000603s ]
INFO: [ app_begin ] --START--
INFO: Run Behavior\ReadHtmlCacheBehavior [ RunTime:0.000745s ]
INFO: [ app_begin ] --END-- [ RunTime:0.000795s ]
SQL: SHOW COLUMNS FROM `ke_article` [ RunTime:0.0040s ]
SQL: SELECT COUNT(*) AS tp_count FROM `ke_article` WHERE ( pid=13 ) ORDER BY id desc LIMIT 1   [ RunTime:0.0003s ]
SQL: SHOW COLUMNS FROM `ke_article` [ RunTime:0.0040s ]
SQL: SELECT a.*,ac.name as cname FROM ke_article a left join ke_article_category ac on ac.id = a.pid   WHERE ( a.pid=13 ) ORDER BY a.id desc LIMIT 0,6   [ RunTime:0.0005s ]

[ 2017-10-19T10:55:14+08:00 ] 127.0.0.1 /News/getNewsList
INFO: [ app_init ] --START--
INFO: Run Behavior\BuildLiteBehavior [ RunTime:0.000019s ]
INFO: [ app_init ] --END-- [ RunTime:0.000704s ]
INFO: [ app_begin ] --START--
INFO: Run Behavior\ReadHtmlCacheBehavior [ RunTime:0.000773s ]
INFO: [ app_begin ] --END-- [ RunTime:0.000829s ]
SQL: SHOW COLUMNS FROM `ke_article` [ RunTime:0.0040s ]
SQL: SELECT COUNT(*) AS tp_count FROM `ke_article` WHERE ( pid=12 ) ORDER BY id desc LIMIT 1   [ RunTime:0.0003s ]
SQL: SHOW COLUMNS FROM `ke_article` [ RunTime:0.0042s ]
SQL: SELECT a.*,ac.name as cname FROM ke_article a left join ke_article_category ac on ac.id = a.pid   WHERE ( a.pid=12 ) ORDER BY a.id desc LIMIT 0,6   [ RunTime:0.0005s ]

[ 2017-10-19T10:55:16+08:00 ] 127.0.0.1 /News/getNewsList
INFO: [ app_init ] --START--
INFO: Run Behavior\BuildLiteBehavior [ RunTime:0.000014s ]
INFO: [ app_init ] --END-- [ RunTime:0.000614s ]
INFO: [ app_begin ] --START--
INFO: Run Behavior\ReadHtmlCacheBehavior [ RunTime:0.000743s ]
INFO: [ app_begin ] --END-- [ RunTime:0.000791s ]
SQL: SHOW COLUMNS FROM `ke_article` [ RunTime:0.0039s ]
SQL: SELECT COUNT(*) AS tp_count FROM `ke_article` WHERE ( pid=16 ) ORDER BY id desc LIMIT 1   [ RunTime:0.0004s ]
SQL: SHOW COLUMNS FROM `ke_article` [ RunTime:0.0038s ]
SQL: SELECT a.*,ac.name as cname FROM ke_article a left join ke_article_category ac on ac.id = a.pid   WHERE ( a.pid=16 ) ORDER BY a.id desc LIMIT 0,6   [ RunTime:0.0005s ]

[ 2017-10-19T10:55:20+08:00 ] 127.0.0.1 /News/getInfo
INFO: [ app_init ] --START--
INFO: Run Behavior\BuildLiteBehavior [ RunTime:0.000016s ]
INFO: [ app_init ] --END-- [ RunTime:0.000512s ]
INFO: [ app_begin ] --START--
INFO: Run Behavior\ReadHtmlCacheBehavior [ RunTime:0.001014s ]
INFO: [ app_begin ] --END-- [ RunTime:0.001101s ]
SQL: SHOW COLUMNS FROM `ke_article` [ RunTime:0.0052s ]
SQL: SELECT a.*,ac.name as cname FROM ke_article a left join ke_article_category ac on ac.id = a.pid  WHERE ( a.id=11 ) LIMIT 1   [ RunTime:0.0005s ]

[ 2017-10-19T11:13:25+08:00 ] 127.0.0.1 /
INFO: [ app_init ] --START--
INFO: Run Behavior\BuildLiteBehavior [ RunTime:0.000017s ]
INFO: [ app_init ] --END-- [ RunTime:0.000659s ]
INFO: [ app_begin ] --START--
INFO: Run Behavior\ReadHtmlCacheBehavior [ RunTime:0.001168s ]
INFO: [ app_begin ] --END-- [ RunTime:0.001240s ]
INFO: [ app_end ] --START--
INFO: Run Behavior\ShowPageTraceBehavior [ RunTime:0.001091s ]
INFO: [ app_end ] --END-- [ RunTime:0.001158s ]

[ 2017-10-19T11:13:26+08:00 ] 127.0.0.1 /images/next.png
INFO: [ app_init ] --START--
INFO: Run Behavior\BuildLiteBehavior [ RunTime:0.000022s ]
INFO: [ app_init ] --END-- [ RunTime:0.001006s ]

[ 2017-10-19T11:13:26+08:00 ] 127.0.0.1 /images/prev.png
INFO: [ app_init ] --START--
INFO: Run Behavior\BuildLiteBehavior [ RunTime:0.000021s ]
INFO: [ app_init ] --END-- [ RunTime:0.000858s ]

[ 2017-10-19T11:13:30+08:00 ] 127.0.0.1 /News/getCategory
INFO: [ app_init ] --START--
INFO: Run Behavior\BuildLiteBehavior [ RunTime:0.000016s ]
INFO: [ app_init ] --END-- [ RunTime:0.000587s ]
INFO: [ app_begin ] --START--
INFO: Run Behavior\ReadHtmlCacheBehavior [ RunTime:0.001830s ]
INFO: [ app_begin ] --END-- [ RunTime:0.001925s ]
SQL: SHOW COLUMNS FROM `ke_article_category` [ RunTime:0.0056s ]
SQL: SELECT * FROM `ke_article_category` WHERE ( pid=0 ) ORDER BY id asc  [ RunTime:0.0004s ]

[ 2017-10-19T11:13:31+08:00 ] 127.0.0.1 /News/getNewsList
INFO: [ app_init ] --START--
INFO: Run Behavior\BuildLiteBehavior [ RunTime:0.000031s ]
INFO: [ app_init ] --END-- [ RunTime:0.001197s ]
INFO: [ app_begin ] --START--
INFO: Run Behavior\ReadHtmlCacheBehavior [ RunTime:0.001932s ]
INFO: [ app_begin ] --END-- [ RunTime:0.002040s ]
SQL: SHOW COLUMNS FROM `ke_article` [ RunTime:0.0040s ]
SQL: SELECT COUNT(*) AS tp_count FROM `ke_article` WHERE ( pid=12 ) ORDER BY id desc LIMIT 1   [ RunTime:0.0004s ]
SQL: SHOW COLUMNS FROM `ke_article` [ RunTime:0.0041s ]
SQL: SELECT a.*,ac.name as cname FROM ke_article a left join ke_article_category ac on ac.id = a.pid   WHERE ( a.pid=12 ) ORDER BY a.id desc LIMIT 0,6   [ RunTime:0.0005s ]

[ 2017-10-19T11:13:47+08:00 ] 127.0.0.1 /pages/dest/images/service-phone.png
INFO: [ app_init ] --START--
INFO: Run Behavior\BuildLiteBehavior [ RunTime:0.000022s ]
INFO: [ app_init ] --END-- [ RunTime:0.000888s ]

[ 2017-10-19T11:13:48+08:00 ] 127.0.0.1 /News/getCategory
INFO: [ app_init ] --START--
INFO: Run Behavior\BuildLiteBehavior [ RunTime:0.000039s ]
INFO: [ app_init ] --END-- [ RunTime:0.001187s ]
INFO: [ app_begin ] --START--
INFO: Run Behavior\ReadHtmlCacheBehavior [ RunTime:0.001706s ]
INFO: [ app_begin ] --END-- [ RunTime:0.001803s ]
SQL: SHOW COLUMNS FROM `ke_article_category` [ RunTime:0.0038s ]
SQL: SELECT * FROM `ke_article_category` WHERE ( pid=0 ) ORDER BY id asc  [ RunTime:0.0004s ]

[ 2017-10-19T11:13:49+08:00 ] 127.0.0.1 /News/getNewsList
INFO: [ app_init ] --START--
INFO: Run Behavior\BuildLiteBehavior [ RunTime:0.000015s ]
INFO: [ app_init ] --END-- [ RunTime:0.000592s ]
INFO: [ app_begin ] --START--
INFO: Run Behavior\ReadHtmlCacheBehavior [ RunTime:0.000756s ]
INFO: [ app_begin ] --END-- [ RunTime:0.000805s ]
SQL: SHOW COLUMNS FROM `ke_article` [ RunTime:0.0188s ]
SQL: SELECT COUNT(*) AS tp_count FROM `ke_article` WHERE ( pid=12 ) ORDER BY id desc LIMIT 1   [ RunTime:0.0004s ]
SQL: SHOW COLUMNS FROM `ke_article` [ RunTime:0.0051s ]
SQL: SELECT a.*,ac.name as cname FROM ke_article a left join ke_article_category ac on ac.id = a.pid   WHERE ( a.pid=12 ) ORDER BY a.id desc LIMIT 0,1   [ RunTime:0.0005s ]

[ 2017-10-19T11:14:00+08:00 ] 127.0.0.1 /pages/dest/images/service-phone.png
INFO: [ app_init ] --START--
INFO: Run Behavior\BuildLiteBehavior [ RunTime:0.000025s ]
INFO: [ app_init ] --END-- [ RunTime:0.001032s ]

[ 2017-10-19T11:14:02+08:00 ] 127.0.0.1 /News/getCategory
INFO: [ app_init ] --START--
INFO: Run Behavior\BuildLiteBehavior [ RunTime:0.000024s ]
INFO: [ app_init ] --END-- [ RunTime:0.001031s ]
INFO: [ app_begin ] --START--
INFO: Run Behavior\ReadHtmlCacheBehavior [ RunTime:0.002177s ]
INFO: [ app_begin ] --END-- [ RunTime:0.002277s ]
SQL: SHOW COLUMNS FROM `ke_article_category` [ RunTime:0.0038s ]
SQL: SELECT * FROM `ke_article_category` WHERE ( pid=0 ) ORDER BY id asc  [ RunTime:0.0004s ]

[ 2017-10-19T11:14:02+08:00 ] 127.0.0.1 /lib/maps/swiper.min.js.map
INFO: [ app_init ] --START--
INFO: Run Behavior\BuildLiteBehavior [ RunTime:0.000016s ]
INFO: [ app_init ] --END-- [ RunTime:0.000599s ]
INFO: [ app_begin ] --START--
INFO: Run Behavior\ReadHtmlCacheBehavior [ RunTime:0.001475s ]
INFO: [ app_begin ] --END-- [ RunTime:0.001557s ]
ERR: 无法加载控制器:Lib

[ 2017-10-19T11:14:03+08:00 ] 127.0.0.1 /News/getNewsList
INFO: [ app_init ] --START--
INFO: Run Behavior\BuildLiteBehavior [ RunTime:0.000052s ]
INFO: [ app_init ] --END-- [ RunTime:0.001279s ]
INFO: [ app_begin ] --START--
INFO: Run Behavior\ReadHtmlCacheBehavior [ RunTime:0.001062s ]
INFO: [ app_begin ] --END-- [ RunTime:0.001120s ]
SQL: SHOW COLUMNS FROM `ke_article` [ RunTime:0.0055s ]
SQL: SELECT COUNT(*) AS tp_count FROM `ke_article` WHERE ( pid=12 ) ORDER BY id desc LIMIT 1   [ RunTime:0.0005s ]
SQL: SHOW COLUMNS FROM `ke_article` [ RunTime:0.0042s ]
SQL: SELECT a.*,ac.name as cname FROM ke_article a left join ke_article_category ac on ac.id = a.pid   WHERE ( a.pid=12 ) ORDER BY a.id desc LIMIT 0,1   [ RunTime:0.0005s ]

[ 2017-10-19T11:14:25+08:00 ] 127.0.0.1 /News/getNewsList
INFO: [ app_init ] --START--
INFO: Run Behavior\BuildLiteBehavior [ RunTime:0.000018s ]
INFO: [ app_init ] --END-- [ RunTime:0.000795s ]
INFO: [ app_begin ] --START--
INFO: Run Behavior\ReadHtmlCacheBehavior [ RunTime:0.001093s ]
INFO: [ app_begin ] --END-- [ RunTime:0.001149s ]
SQL: SHOW COLUMNS FROM `ke_article` [ RunTime:0.0044s ]
SQL: SELECT COUNT(*) AS tp_count FROM `ke_article` WHERE ( pid=13 ) ORDER BY id desc LIMIT 1   [ RunTime:0.0004s ]
SQL: SHOW COLUMNS FROM `ke_article` [ RunTime:0.0039s ]
SQL: SELECT a.*,ac.name as cname FROM ke_article a left join ke_article_category ac on ac.id = a.pid   WHERE ( a.pid=13 ) ORDER BY a.id desc LIMIT 0,1   [ RunTime:0.0004s ]

[ 2017-10-19T11:14:27+08:00 ] 127.0.0.1 /News/getNewsList
INFO: [ app_init ] --START--
INFO: Run Behavior\BuildLiteBehavior [ RunTime:0.000015s ]
INFO: [ app_init ] --END-- [ RunTime:0.000747s ]
INFO: [ app_begin ] --START--
INFO: Run Behavior\ReadHtmlCacheBehavior [ RunTime:0.001098s ]
INFO: [ app_begin ] --END-- [ RunTime:0.001149s ]
SQL: SHOW COLUMNS FROM `ke_article` [ RunTime:0.0040s ]
SQL: SELECT COUNT(*) AS tp_count FROM `ke_article` WHERE ( pid=12 ) ORDER BY id desc LIMIT 1   [ RunTime:0.0004s ]
SQL: SHOW COLUMNS FROM `ke_article` [ RunTime:0.0039s ]
SQL: SELECT a.*,ac.name as cname FROM ke_article a left join ke_article_category ac on ac.id = a.pid   WHERE ( a.pid=12 ) ORDER BY a.id desc LIMIT 0,1   [ RunTime:0.0005s ]

[ 2017-10-19T11:15:10+08:00 ] 127.0.0.1 /pages/dest/images/service-phone.png
INFO: [ app_init ] --START--
INFO: Run Behavior\BuildLiteBehavior [ RunTime:0.000022s ]
INFO: [ app_init ] --END-- [ RunTime:0.000874s ]

[ 2017-10-19T11:15:11+08:00 ] 127.0.0.1 /News/getCategory
INFO: [ app_init ] --START--
INFO: Run Behavior\BuildLiteBehavior [ RunTime:0.000023s ]
INFO: [ app_init ] --END-- [ RunTime:0.000857s ]
INFO: [ app_begin ] --START--
INFO: Run Behavior\ReadHtmlCacheBehavior [ RunTime:0.001675s ]
INFO: [ app_begin ] --END-- [ RunTime:0.001769s ]
SQL: SHOW COLUMNS FROM `ke_article_category` [ RunTime:0.0048s ]
SQL: SELECT * FROM `ke_article_category` WHERE ( pid=0 ) ORDER BY id asc  [ RunTime:0.0005s ]

[ 2017-10-19T11:15:11+08:00 ] 127.0.0.1 /lib/maps/swiper.min.js.map
INFO: [ app_init ] --START--
INFO: Run Behavior\BuildLiteBehavior [ RunTime:0.000017s ]
INFO: [ app_init ] --END-- [ RunTime:0.000629s ]
INFO: [ app_begin ] --START--
INFO: Run Behavior\ReadHtmlCacheBehavior [ RunTime:0.001819s ]
INFO: [ app_begin ] --END-- [ RunTime:0.001894s ]
ERR: 无法加载控制器:Lib

[ 2017-10-19T11:15:12+08:00 ] 127.0.0.1 /News/getNewsList
INFO: [ app_init ] --START--
INFO: Run Behavior\BuildLiteBehavior [ RunTime:0.000015s ]
INFO: [ app_init ] --END-- [ RunTime:0.000579s ]
INFO: [ app_begin ] --START--
INFO: Run Behavior\ReadHtmlCacheBehavior [ RunTime:0.000976s ]
INFO: [ app_begin ] --END-- [ RunTime:0.001042s ]
SQL: SHOW COLUMNS FROM `ke_article` [ RunTime:0.0049s ]
SQL: SELECT COUNT(*) AS tp_count FROM `ke_article` WHERE ( pid=12 ) ORDER BY id desc LIMIT 1   [ RunTime:0.0003s ]
SQL: SHOW COLUMNS FROM `ke_article` [ RunTime:0.0049s ]
SQL: SELECT a.*,ac.name as cname FROM ke_article a left join ke_article_category ac on ac.id = a.pid   WHERE ( a.pid=12 ) ORDER BY a.id desc LIMIT 0,1   [ RunTime:0.0004s ]

[ 2017-10-19T11:16:05+08:00 ] 127.0.0.1 /pages/dest/images/service-phone.png
INFO: [ app_init ] --START--
INFO: Run Behavior\BuildLiteBehavior [ RunTime:0.000022s ]
INFO: [ app_init ] --END-- [ RunTime:0.000789s ]

[ 2017-10-19T11:16:06+08:00 ] 127.0.0.1 /lib/maps/swiper.min.js.map
INFO: [ app_init ] --START--
INFO: Run Behavior\BuildLiteBehavior [ RunTime:0.000024s ]
INFO: [ app_init ] --END-- [ RunTime:0.001110s ]
INFO: [ app_begin ] --START--
INFO: Run Behavior\ReadHtmlCacheBehavior [ RunTime:0.001846s ]
INFO: [ app_begin ] --END-- [ RunTime:0.001955s ]
ERR: 无法加载控制器:Lib

[ 2017-10-19T11:16:07+08:00 ] 127.0.0.1 /News/getCategory
INFO: [ app_init ] --START--
INFO: Run Behavior\BuildLiteBehavior [ RunTime:0.000022s ]
INFO: [ app_init ] --END-- [ RunTime:0.000888s ]
INFO: [ app_begin ] --START--
INFO: Run Behavior\ReadHtmlCacheBehavior [ RunTime:0.002396s ]
INFO: [ app_begin ] --END-- [ RunTime:0.002492s ]
SQL: SHOW COLUMNS FROM `ke_article_category` [ RunTime:0.0046s ]
SQL: SELECT * FROM `ke_article_category` WHERE ( pid=0 ) ORDER BY id asc  [ RunTime:0.0004s ]

[ 2017-10-19T11:16:08+08:00 ] 127.0.0.1 /News/getNewsList
INFO: [ app_init ] --START--
INFO: Run Behavior\BuildLiteBehavior [ RunTime:0.000027s ]
INFO: [ app_init ] --END-- [ RunTime:0.001600s ]
INFO: [ app_begin ] --START--
INFO: Run Behavior\ReadHtmlCacheBehavior [ RunTime:0.001387s ]
INFO: [ app_begin ] --END-- [ RunTime:0.001481s ]
SQL: SHOW COLUMNS FROM `ke_article` [ RunTime:0.0040s ]
SQL: SELECT COUNT(*) AS tp_count FROM `ke_article` WHERE ( pid=12 ) ORDER BY id desc LIMIT 1   [ RunTime:0.0004s ]
SQL: SHOW COLUMNS FROM `ke_article` [ RunTime:0.0041s ]
SQL: SELECT a.*,ac.name as cname FROM ke_article a left join ke_article_category ac on ac.id = a.pid   WHERE ( a.pid=12 ) ORDER BY a.id desc LIMIT 0,1   [ RunTime:0.0005s ]

[ 2017-10-19T11:16:51+08:00 ] 127.0.0.1 /pages/dest/images/service-phone.png
INFO: [ app_init ] --START--
INFO: Run Behavior\BuildLiteBehavior [ RunTime:0.000017s ]
INFO: [ app_init ] --END-- [ RunTime:0.000680s ]

[ 2017-10-19T11:16:51+08:00 ] 127.0.0.1 /lib/maps/swiper.min.js.map
INFO: [ app_init ] --START--
INFO: Run Behavior\BuildLiteBehavior [ RunTime:0.000016s ]
INFO: [ app_init ] --END-- [ RunTime:0.000593s ]
INFO: [ app_begin ] --START--
INFO: Run Behavior\ReadHtmlCacheBehavior [ RunTime:0.001018s ]
INFO: [ app_begin ] --END-- [ RunTime:0.001094s ]
ERR: 无法加载控制器:Lib

[ 2017-10-19T11:16:52+08:00 ] 127.0.0.1 /News/getCategory
INFO: [ app_init ] --START--
INFO: Run Behavior\BuildLiteBehavior [ RunTime:0.000023s ]
INFO: [ app_init ] --END-- [ RunTime:0.000969s ]
INFO: [ app_begin ] --START--
INFO: Run Behavior\ReadHtmlCacheBehavior [ RunTime:0.001799s ]
INFO: [ app_begin ] --END-- [ RunTime:0.001898s ]
SQL: SHOW COLUMNS FROM `ke_article_category` [ RunTime:0.0044s ]
SQL: SELECT * FROM `ke_article_category` WHERE ( pid=0 ) ORDER BY id asc  [ RunTime:0.0004s ]

[ 2017-10-19T11:16:53+08:00 ] 127.0.0.1 /News/getNewsList
INFO: [ app_init ] --START--
INFO: Run Behavior\BuildLiteBehavior [ RunTime:0.000014s ]
INFO: [ app_init ] --END-- [ RunTime:0.000563s ]
INFO: [ app_begin ] --START--
INFO: Run Behavior\ReadHtmlCacheBehavior [ RunTime:0.001318s ]
INFO: [ app_begin ] --END-- [ RunTime:0.001376s ]
SQL: SHOW COLUMNS FROM `ke_article` [ RunTime:0.0043s ]
SQL: SELECT COUNT(*) AS tp_count FROM `ke_article` WHERE ( pid=12 ) ORDER BY id desc LIMIT 1   [ RunTime:0.0004s ]
SQL: SHOW COLUMNS FROM `ke_article` [ RunTime:0.0039s ]
SQL: SELECT a.*,ac.name as cname FROM ke_article a left join ke_article_category ac on ac.id = a.pid   WHERE ( a.pid=12 ) ORDER BY a.id desc LIMIT 0,1   [ RunTime:0.0005s ]

[ 2017-10-19T11:17:09+08:00 ] 127.0.0.1 /pages/dest/images/service-phone.png
INFO: [ app_init ] --START--
INFO: Run Behavior\BuildLiteBehavior [ RunTime:0.000023s ]
INFO: [ app_init ] --END-- [ RunTime:0.000926s ]

[ 2017-10-19T11:17:10+08:00 ] 127.0.0.1 /News/getCategory
INFO: [ app_init ] --START--
INFO: Run Behavior\BuildLiteBehavior [ RunTime:0.000024s ]
INFO: [ app_init ] --END-- [ RunTime:0.000936s ]
INFO: [ app_begin ] --START--
INFO: Run Behavior\ReadHtmlCacheBehavior [ RunTime:0.001785s ]
INFO: [ app_begin ] --END-- [ RunTime:0.001881s ]
SQL: SHOW COLUMNS FROM `ke_article_category` [ RunTime:0.0039s ]
SQL: SELECT * FROM `ke_article_category` WHERE ( pid=0 ) ORDER BY id asc  [ RunTime:0.0004s ]

[ 2017-10-19T11:17:10+08:00 ] 127.0.0.1 /lib/maps/swiper.min.js.map
INFO: [ app_init ] --START--
INFO: Run Behavior\BuildLiteBehavior [ RunTime:0.000027s ]
INFO: [ app_init ] --END-- [ RunTime:0.002275s ]
INFO: [ app_begin ] --START--
INFO: Run Behavior\ReadHtmlCacheBehavior [ RunTime:0.001493s ]
INFO: [ app_begin ] --END-- [ RunTime:0.001598s ]
ERR: 无法加载控制器:Lib

[ 2017-10-19T11:17:11+08:00 ] 127.0.0.1 /News/getNewsList
INFO: [ app_init ] --START--
INFO: Run Behavior\BuildLiteBehavior [ RunTime:0.000022s ]
INFO: [ app_init ] --END-- [ RunTime:0.000772s ]
INFO: [ app_begin ] --START--
INFO: Run Behavior\ReadHtmlCacheBehavior [ RunTime:0.001611s ]
INFO: [ app_begin ] --END-- [ RunTime:0.001699s ]
SQL: SHOW COLUMNS FROM `ke_article` [ RunTime:0.0038s ]
SQL: SELECT COUNT(*) AS tp_count FROM `ke_article` WHERE ( pid=12 ) ORDER BY id desc LIMIT 1   [ RunTime:0.0004s ]
SQL: SHOW COLUMNS FROM `ke_article` [ RunTime:0.0038s ]
SQL: SELECT a.*,ac.name as cname FROM ke_article a left join ke_article_category ac on ac.id = a.pid   WHERE ( a.pid=12 ) ORDER BY a.id desc LIMIT 0,1   [ RunTime:0.0006s ]

[ 2017-10-19T11:17:33+08:00 ] 127.0.0.1 /pages/dest/images/service-phone.png
INFO: [ app_init ] --START--
INFO: Run Behavior\BuildLiteBehavior [ RunTime:0.000016s ]
INFO: [ app_init ] --END-- [ RunTime:0.000733s ]

[ 2017-10-19T11:17:33+08:00 ] 127.0.0.1 /lib/maps/swiper.min.js.map
INFO: [ app_init ] --START--
INFO: Run Behavior\BuildLiteBehavior [ RunTime:0.000026s ]
INFO: [ app_init ] --END-- [ RunTime:0.001020s ]
INFO: [ app_begin ] --START--
INFO: Run Behavior\ReadHtmlCacheBehavior [ RunTime:0.001693s ]
INFO: [ app_begin ] --END-- [ RunTime:0.001833s ]
ERR: 无法加载控制器:Lib

[ 2017-10-19T11:17:34+08:00 ] 127.0.0.1 /News/getCategory
INFO: [ app_init ] --START--
INFO: Run Behavior\BuildLiteBehavior [ RunTime:0.000024s ]
INFO: [ app_init ] --END-- [ RunTime:0.000943s ]
INFO: [ app_begin ] --START--
INFO: Run Behavior\ReadHtmlCacheBehavior [ RunTime:0.001492s ]
INFO: [ app_begin ] --END-- [ RunTime:0.001608s ]
SQL: SHOW COLUMNS FROM `ke_article_category` [ RunTime:0.0040s ]
SQL: SELECT * FROM `ke_article_category` WHERE ( pid=0 ) ORDER BY id asc  [ RunTime:0.0004s ]

[ 2017-10-19T11:17:35+08:00 ] 127.0.0.1 /News/getNewsList
INFO: [ app_init ] --START--
INFO: Run Behavior\BuildLiteBehavior [ RunTime:0.000015s ]
INFO: [ app_init ] --END-- [ RunTime:0.000677s ]
INFO: [ app_begin ] --START--
INFO: Run Behavior\ReadHtmlCacheBehavior [ RunTime:0.000896s ]
INFO: [ app_begin ] --END-- [ RunTime:0.000947s ]
SQL: SHOW COLUMNS FROM `ke_article` [ RunTime:0.0050s ]
SQL: SELECT COUNT(*) AS tp_count FROM `ke_article` WHERE ( pid=12 ) ORDER BY id desc LIMIT 1   [ RunTime:0.0004s ]
SQL: SHOW COLUMNS FROM `ke_article` [ RunTime:0.0048s ]
SQL: SELECT a.*,ac.name as cname FROM ke_article a left join ke_article_category ac on ac.id = a.pid   WHERE ( a.pid=12 ) ORDER BY a.id desc LIMIT 0,1   [ RunTime:0.0006s ]

[ 2017-10-19T11:17:55+08:00 ] 127.0.0.1 /pages/dest/images/service-phone.png
INFO: [ app_init ] --START--
INFO: Run Behavior\BuildLiteBehavior [ RunTime:0.000022s ]
INFO: [ app_init ] --END-- [ RunTime:0.000937s ]

[ 2017-10-19T11:17:57+08:00 ] 127.0.0.1 /News/getCategory
INFO: [ app_init ] --START--
INFO: Run Behavior\BuildLiteBehavior [ RunTime:0.000024s ]
INFO: [ app_init ] --END-- [ RunTime:0.000936s ]
INFO: [ app_begin ] --START--
INFO: Run Behavior\ReadHtmlCacheBehavior [ RunTime:0.001402s ]
INFO: [ app_begin ] --END-- [ RunTime:0.001498s ]
SQL: SHOW COLUMNS FROM `ke_article_category` [ RunTime:0.0048s ]
SQL: SELECT * FROM `ke_article_category` WHERE ( pid=0 ) ORDER BY id asc  [ RunTime:0.0004s ]

[ 2017-10-19T11:17:57+08:00 ] 127.0.0.1 /lib/maps/swiper.min.js.map
INFO: [ app_init ] --START--
INFO: Run Behavior\BuildLiteBehavior [ RunTime:0.000016s ]
INFO: [ app_init ] --END-- [ RunTime:0.000605s ]
INFO: [ app_begin ] --START--
INFO: Run Behavior\ReadHtmlCacheBehavior [ RunTime:0.001549s ]
INFO: [ app_begin ] --END-- [ RunTime:0.001638s ]
ERR: 无法加载控制器:Lib

[ 2017-10-19T11:17:58+08:00 ] 127.0.0.1 /News/getNewsList
INFO: [ app_init ] --START--
INFO: Run Behavior\BuildLiteBehavior [ RunTime:0.000020s ]
INFO: [ app_init ] --END-- [ RunTime:0.000628s ]
INFO: [ app_begin ] --START--
INFO: Run Behavior\ReadHtmlCacheBehavior [ RunTime:0.001408s ]
INFO: [ app_begin ] --END-- [ RunTime:0.001485s ]
SQL: SHOW COLUMNS FROM `ke_article` [ RunTime:0.0040s ]
SQL: SELECT COUNT(*) AS tp_count FROM `ke_article` WHERE ( pid=12 ) ORDER BY id desc LIMIT 1   [ RunTime:0.0004s ]
SQL: SHOW COLUMNS FROM `ke_article` [ RunTime:0.0039s ]
SQL: SELECT a.*,ac.name as cname FROM ke_article a left join ke_article_category ac on ac.id = a.pid   WHERE ( a.pid=12 ) ORDER BY a.id desc LIMIT 0,1   [ RunTime:0.0004s ]

[ 2017-10-19T11:20:32+08:00 ] 127.0.0.1 /pages/dest/images/service-phone.png
INFO: [ app_init ] --START--
INFO: Run Behavior\BuildLiteBehavior [ RunTime:0.000015s ]
INFO: [ app_init ] --END-- [ RunTime:0.000598s ]

[ 2017-10-19T11:20:34+08:00 ] 127.0.0.1 /News/getCategory
INFO: [ app_init ] --START--
INFO: Run Behavior\BuildLiteBehavior [ RunTime:0.000024s ]
INFO: [ app_init ] --END-- [ RunTime:0.000984s ]
INFO: [ app_begin ] --START--
INFO: Run Behavior\ReadHtmlCacheBehavior [ RunTime:0.001694s ]
INFO: [ app_begin ] --END-- [ RunTime:0.001781s ]
SQL: SHOW COLUMNS FROM `ke_article_category` [ RunTime:0.0042s ]
SQL: SELECT * FROM `ke_article_category` WHERE ( pid=0 ) ORDER BY id asc  [ RunTime:0.0004s ]

[ 2017-10-19T11:20:34+08:00 ] 127.0.0.1 /lib/maps/swiper.min.js.map
INFO: [ app_init ] --START--
INFO: Run Behavior\BuildLiteBehavior [ RunTime:0.000026s ]
INFO: [ app_init ] --END-- [ RunTime:0.001010s ]
INFO: [ app_begin ] --START--
INFO: Run Behavior\ReadHtmlCacheBehavior [ RunTime:0.001619s ]
INFO: [ app_begin ] --END-- [ RunTime:0.001723s ]
ERR: 无法加载控制器:Lib

[ 2017-10-19T11:20:35+08:00 ] 127.0.0.1 /News/getNewsList
INFO: [ app_init ] --START--
INFO: Run Behavior\BuildLiteBehavior [ RunTime:0.000020s ]
INFO: [ app_init ] --END-- [ RunTime:0.000700s ]
INFO: [ app_begin ] --START--
INFO: Run Behavior\ReadHtmlCacheBehavior [ RunTime:0.000933s ]
INFO: [ app_begin ] --END-- [ RunTime:0.000993s ]
SQL: SHOW COLUMNS FROM `ke_article` [ RunTime:0.0041s ]
SQL: SELECT COUNT(*) AS tp_count FROM `ke_article` WHERE ( pid=12 ) ORDER BY id desc LIMIT 1   [ RunTime:0.0004s ]
SQL: SHOW COLUMNS FROM `ke_article` [ RunTime:0.0043s ]
SQL: SELECT a.*,ac.name as cname FROM ke_article a left join ke_article_category ac on ac.id = a.pid   WHERE ( a.pid=12 ) ORDER BY a.id desc LIMIT 0,1   [ RunTime:0.0005s ]

[ 2017-10-19T11:21:48+08:00 ] 127.0.0.1 /pages/dest/images/service-phone.png
INFO: [ app_init ] --START--
INFO: Run Behavior\BuildLiteBehavior [ RunTime:0.000016s ]
INFO: [ app_init ] --END-- [ RunTime:0.000635s ]

[ 2017-10-19T11:21:48+08:00 ] 127.0.0.1 /lib/maps/swiper.min.js.map
INFO: [ app_init ] --START--
INFO: Run Behavior\BuildLiteBehavior [ RunTime:0.000026s ]
INFO: [ app_init ] --END-- [ RunTime:0.001009s ]
INFO: [ app_begin ] --START--
INFO: Run Behavior\ReadHtmlCacheBehavior [ RunTime:0.001422s ]
INFO: [ app_begin ] --END-- [ RunTime:0.001521s ]
ERR: 无法加载控制器:Lib

[ 2017-10-19T11:21:50+08:00 ] 127.0.0.1 /News/getCategory
INFO: [ app_init ] --START--
INFO: Run Behavior\BuildLiteBehavior [ RunTime:0.000022s ]
INFO: [ app_init ] --END-- [ RunTime:0.000911s ]
INFO: [ app_begin ] --START--
INFO: Run Behavior\ReadHtmlCacheBehavior [ RunTime:0.001283s ]
INFO: [ app_begin ] --END-- [ RunTime:0.001371s ]
SQL: SHOW COLUMNS FROM `ke_article_category` [ RunTime:0.0040s ]
SQL: SELECT * FROM `ke_article_category` WHERE ( pid=0 ) ORDER BY id asc  [ RunTime:0.0004s ]

[ 2017-10-19T11:21:51+08:00 ] 127.0.0.1 /News/getNewsList
INFO: [ app_init ] --START--
INFO: Run Behavior\BuildLiteBehavior [ RunTime:0.000016s ]
INFO: [ app_init ] --END-- [ RunTime:0.000604s ]
INFO: [ app_begin ] --START--
INFO: Run Behavior\ReadHtmlCacheBehavior [ RunTime:0.000914s ]
INFO: [ app_begin ] --END-- [ RunTime:0.000973s ]
SQL: SHOW COLUMNS FROM `ke_article` [ RunTime:0.0038s ]
SQL: SELECT COUNT(*) AS tp_count FROM `ke_article` WHERE ( pid=12 ) ORDER BY id desc LIMIT 1   [ RunTime:0.0004s ]
SQL: SHOW COLUMNS FROM `ke_article` [ RunTime:0.0048s ]
SQL: SELECT a.*,ac.name as cname FROM ke_article a left join ke_article_category ac on ac.id = a.pid   WHERE ( a.pid=12 ) ORDER BY a.id desc LIMIT 0,1   [ RunTime:0.0004s ]

[ 2017-10-19T11:21:57+08:00 ] 127.0.0.1 /News/getNewsList
INFO: [ app_init ] --START--
INFO: Run Behavior\BuildLiteBehavior [ RunTime:0.000027s ]
INFO: [ app_init ] --END-- [ RunTime:0.001179s ]
INFO: [ app_begin ] --START--
INFO: Run Behavior\ReadHtmlCacheBehavior [ RunTime:0.001363s ]
INFO: [ app_begin ] --END-- [ RunTime:0.001445s ]
SQL: SHOW COLUMNS FROM `ke_article` [ RunTime:0.0045s ]
SQL: SELECT COUNT(*) AS tp_count FROM `ke_article` WHERE ( pid=12 ) ORDER BY id desc LIMIT 1   [ RunTime:0.0003s ]
SQL: SHOW COLUMNS FROM `ke_article` [ RunTime:0.0040s ]
SQL: SELECT a.*,ac.name as cname FROM ke_article a left join ke_article_category ac on ac.id = a.pid   WHERE ( a.pid=12 ) ORDER BY a.id desc LIMIT 1,1   [ RunTime:0.0004s ]

[ 2017-10-19T11:22:01+08:00 ] 127.0.0.1 /News/getNewsList
INFO: [ app_init ] --START--
INFO: Run Behavior\BuildLiteBehavior [ RunTime:0.000024s ]
INFO: [ app_init ] --END-- [ RunTime:0.000965s ]
INFO: [ app_begin ] --START--
INFO: Run Behavior\ReadHtmlCacheBehavior [ RunTime:0.001719s ]
INFO: [ app_begin ] --END-- [ RunTime:0.001925s ]
SQL: SHOW COLUMNS FROM `ke_article` [ RunTime:0.0039s ]
SQL: SELECT COUNT(*) AS tp_count FROM `ke_article` WHERE ( pid=12 ) ORDER BY id desc LIMIT 1   [ RunTime:0.0004s ]
SQL: SHOW COLUMNS FROM `ke_article` [ RunTime:0.0041s ]
SQL: SELECT a.*,ac.name as cname FROM ke_article a left join ke_article_category ac on ac.id = a.pid   WHERE ( a.pid=12 ) ORDER BY a.id desc LIMIT 2,1   [ RunTime:0.0005s ]

[ 2017-10-19T11:22:04+08:00 ] 127.0.0.1 /News/getNewsList
INFO: [ app_init ] --START--
INFO: Run Behavior\BuildLiteBehavior [ RunTime:0.000021s ]
INFO: [ app_init ] --END-- [ RunTime:0.000854s ]
INFO: [ app_begin ] --START--
INFO: Run Behavior\ReadHtmlCacheBehavior [ RunTime:0.001702s ]
INFO: [ app_begin ] --END-- [ RunTime:0.001811s ]
SQL: SHOW COLUMNS FROM `ke_article` [ RunTime:0.0040s ]
SQL: SELECT COUNT(*) AS tp_count FROM `ke_article` WHERE ( pid=12 ) ORDER BY id desc LIMIT 1   [ RunTime:0.0004s ]
SQL: SHOW COLUMNS FROM `ke_article` [ RunTime:0.0038s ]
SQL: SELECT a.*,ac.name as cname FROM ke_article a left join ke_article_category ac on ac.id = a.pid   WHERE ( a.pid=12 ) ORDER BY a.id desc LIMIT 0,1   [ RunTime:0.0004s ]

[ 2017-10-19T11:22:06+08:00 ] 127.0.0.1 /News/getNewsList
INFO: [ app_init ] --START--
INFO: Run Behavior\BuildLiteBehavior [ RunTime:0.000015s ]
INFO: [ app_init ] --END-- [ RunTime:0.000611s ]
INFO: [ app_begin ] --START--
INFO: Run Behavior\ReadHtmlCacheBehavior [ RunTime:0.001233s ]
INFO: [ app_begin ] --END-- [ RunTime:0.001313s ]
SQL: SHOW COLUMNS FROM `ke_article` [ RunTime:0.0042s ]
SQL: SELECT COUNT(*) AS tp_count FROM `ke_article` WHERE ( pid=12 ) ORDER BY id desc LIMIT 1   [ RunTime:0.0003s ]
SQL: SHOW COLUMNS FROM `ke_article` [ RunTime:0.0042s ]
SQL: SELECT a.*,ac.name as cname FROM ke_article a left join ke_article_category ac on ac.id = a.pid   WHERE ( a.pid=12 ) ORDER BY a.id desc LIMIT 1,1   [ RunTime:0.0005s ]

[ 2017-10-19T11:22:08+08:00 ] 127.0.0.1 /News/getNewsList
INFO: [ app_init ] --START--
INFO: Run Behavior\BuildLiteBehavior [ RunTime:0.000031s ]
INFO: [ app_init ] --END-- [ RunTime:0.001111s ]
INFO: [ app_begin ] --START--
INFO: Run Behavior\ReadHtmlCacheBehavior [ RunTime:0.001415s ]
INFO: [ app_begin ] --END-- [ RunTime:0.001546s ]
SQL: SHOW COLUMNS FROM `ke_article` [ RunTime:0.0039s ]
SQL: SELECT COUNT(*) AS tp_count FROM `ke_article` WHERE ( pid=12 ) ORDER BY id desc LIMIT 1   [ RunTime:0.0004s ]
SQL: SHOW COLUMNS FROM `ke_article` [ RunTime:0.0041s ]
SQL: SELECT a.*,ac.name as cname FROM ke_article a left join ke_article_category ac on ac.id = a.pid   WHERE ( a.pid=12 ) ORDER BY a.id desc LIMIT 2,1   [ RunTime:0.0004s ]

[ 2017-10-19T11:22:13+08:00 ] 127.0.0.1 /News/getNewsList
INFO: [ app_init ] --START--
INFO: Run Behavior\BuildLiteBehavior [ RunTime:0.000032s ]
INFO: [ app_init ] --END-- [ RunTime:0.000968s ]
INFO: [ app_begin ] --START--
INFO: Run Behavior\ReadHtmlCacheBehavior [ RunTime:0.001414s ]
INFO: [ app_begin ] --END-- [ RunTime:0.001510s ]
SQL: SHOW COLUMNS FROM `ke_article` [ RunTime:0.0041s ]
SQL: SELECT COUNT(*) AS tp_count FROM `ke_article` WHERE ( pid=16 ) ORDER BY id desc LIMIT 1   [ RunTime:0.0004s ]
SQL: SHOW COLUMNS FROM `ke_article` [ RunTime:0.0038s ]
SQL: SELECT a.*,ac.name as cname FROM ke_article a left join ke_article_category ac on ac.id = a.pid   WHERE ( a.pid=16 ) ORDER BY a.id desc LIMIT 0,1   [ RunTime:0.0004s ]

[ 2017-10-19T11:22:17+08:00 ] 127.0.0.1 /News/getNewsList
INFO: [ app_init ] --START--
INFO: Run Behavior\BuildLiteBehavior [ RunTime:0.000022s ]
INFO: [ app_init ] --END-- [ RunTime:0.000877s ]
INFO: [ app_begin ] --START--
INFO: Run Behavior\ReadHtmlCacheBehavior [ RunTime:0.001212s ]
INFO: [ app_begin ] --END-- [ RunTime:0.001310s ]
SQL: SHOW COLUMNS FROM `ke_article` [ RunTime:0.0045s ]
SQL: SELECT COUNT(*) AS tp_count FROM `ke_article` WHERE ( pid=16 ) ORDER BY id desc LIMIT 1   [ RunTime:0.0003s ]
SQL: SHOW COLUMNS FROM `ke_article` [ RunTime:0.0040s ]
SQL: SELECT a.*,ac.name as cname FROM ke_article a left join ke_article_category ac on ac.id = a.pid   WHERE ( a.pid=16 ) ORDER BY a.id desc LIMIT 1,1   [ RunTime:0.0005s ]

[ 2017-10-19T11:22:20+08:00 ] 127.0.0.1 /News/getNewsList
INFO: [ app_init ] --START--
INFO: Run Behavior\BuildLiteBehavior [ RunTime:0.000018s ]
INFO: [ app_init ] --END-- [ RunTime:0.000875s ]
INFO: [ app_begin ] --START--
INFO: Run Behavior\ReadHtmlCacheBehavior [ RunTime:0.000917s ]
INFO: [ app_begin ] --END-- [ RunTime:0.000976s ]
SQL: SHOW COLUMNS FROM `ke_article` [ RunTime:0.0088s ]
SQL: SELECT COUNT(*) AS tp_count FROM `ke_article` WHERE ( pid=16 ) ORDER BY id desc LIMIT 1   [ RunTime:0.0004s ]
SQL: SHOW COLUMNS FROM `ke_article` [ RunTime:0.0043s ]
SQL: SELECT a.*,ac.name as cname FROM ke_article a left join ke_article_category ac on ac.id = a.pid   WHERE ( a.pid=16 ) ORDER BY a.id desc LIMIT 0,1   [ RunTime:0.0004s ]

[ 2017-10-19T11:22:21+08:00 ] 127.0.0.1 /pages/dest/images/service-phone.png
INFO: [ app_init ] --START--
INFO: Run Behavior\BuildLiteBehavior [ RunTime:0.000026s ]
INFO: [ app_init ] --END-- [ RunTime:0.002274s ]

[ 2017-10-19T11:22:22+08:00 ] 127.0.0.1 /News/getCategory
INFO: [ app_init ] --START--
INFO: Run Behavior\BuildLiteBehavior [ RunTime:0.000026s ]
INFO: [ app_init ] --END-- [ RunTime:0.000970s ]
INFO: [ app_begin ] --START--
INFO: Run Behavior\ReadHtmlCacheBehavior [ RunTime:0.005021s ]
INFO: [ app_begin ] --END-- [ RunTime:0.005121s ]
SQL: SHOW COLUMNS FROM `ke_article_category` [ RunTime:0.0042s ]
SQL: SELECT * FROM `ke_article_category` WHERE ( pid=0 ) ORDER BY id asc  [ RunTime:0.0004s ]

[ 2017-10-19T11:22:22+08:00 ] 127.0.0.1 /lib/maps/swiper.min.js.map
INFO: [ app_init ] --START--
INFO: Run Behavior\BuildLiteBehavior [ RunTime:0.000024s ]
INFO: [ app_init ] --END-- [ RunTime:0.001678s ]
INFO: [ app_begin ] --START--
INFO: Run Behavior\ReadHtmlCacheBehavior [ RunTime:0.002457s ]
INFO: [ app_begin ] --END-- [ RunTime:0.002569s ]
ERR: 无法加载控制器:Lib

[ 2017-10-19T11:22:23+08:00 ] 127.0.0.1 /News/getNewsList
INFO: [ app_init ] --START--
INFO: Run Behavior\BuildLiteBehavior [ RunTime:0.000023s ]
INFO: [ app_init ] --END-- [ RunTime:0.000911s ]
INFO: [ app_begin ] --START--
INFO: Run Behavior\ReadHtmlCacheBehavior [ RunTime:0.001618s ]
INFO: [ app_begin ] --END-- [ RunTime:0.001709s ]
SQL: SHOW COLUMNS FROM `ke_article` [ RunTime:0.0040s ]
SQL: SELECT COUNT(*) AS tp_count FROM `ke_article` WHERE ( pid=12 ) ORDER BY id desc LIMIT 1   [ RunTime:0.0003s ]
SQL: SHOW COLUMNS FROM `ke_article` [ RunTime:0.0038s ]
SQL: SELECT a.*,ac.name as cname FROM ke_article a left join ke_article_category ac on ac.id = a.pid   WHERE ( a.pid=12 ) ORDER BY a.id desc LIMIT 0,1   [ RunTime:0.0005s ]

[ 2017-10-19T11:22:26+08:00 ] 127.0.0.1 /News/getNewsList
INFO: [ app_init ] --START--
INFO: Run Behavior\BuildLiteBehavior [ RunTime:0.000022s ]
INFO: [ app_init ] --END-- [ RunTime:0.000959s ]
INFO: [ app_begin ] --START--
INFO: Run Behavior\ReadHtmlCacheBehavior [ RunTime:0.001534s ]
INFO: [ app_begin ] --END-- [ RunTime:0.001614s ]
SQL: SHOW COLUMNS FROM `ke_article` [ RunTime:0.0047s ]
SQL: SELECT COUNT(*) AS tp_count FROM `ke_article` WHERE ( pid=16 ) ORDER BY id desc LIMIT 1   [ RunTime:0.0004s ]
SQL: SHOW COLUMNS FROM `ke_article` [ RunTime:0.0055s ]
SQL: SELECT a.*,ac.name as cname FROM ke_article a left join ke_article_category ac on ac.id = a.pid   WHERE ( a.pid=16 ) ORDER BY a.id desc LIMIT 0,1   [ RunTime:0.0007s ]

[ 2017-10-19T11:22:30+08:00 ] 127.0.0.1 /News/getNewsList
INFO: [ app_init ] --START--
INFO: Run Behavior\BuildLiteBehavior [ RunTime:0.000015s ]
INFO: [ app_init ] --END-- [ RunTime:0.000649s ]
INFO: [ app_begin ] --START--
INFO: Run Behavior\ReadHtmlCacheBehavior [ RunTime:0.001058s ]
INFO: [ app_begin ] --END-- [ RunTime:0.001109s ]
SQL: SHOW COLUMNS FROM `ke_article` [ RunTime:0.0042s ]
SQL: SELECT COUNT(*) AS tp_count FROM `ke_article` WHERE ( pid=16 ) ORDER BY id desc LIMIT 1   [ RunTime:0.0004s ]
SQL: SHOW COLUMNS FROM `ke_article` [ RunTime:0.0040s ]
ERR: 1064:You have an error in your SQL syntax; check the manual that corresponds to your MySQL server version for the right syntax to use near '-1,1' at line 1
 [ SQL语句 ] : SELECT a.*,ac.name as cname FROM ke_article a left join ke_article_category ac on ac.id = a.pid   WHERE ( a.pid=16 ) ORDER BY a.id desc LIMIT -1,1  
ERR: 1064:You have an error in your SQL syntax; check the manual that corresponds to your MySQL server version for the right syntax to use near '-1,1' at line 1
 [ SQL语句 ] : SELECT a.*,ac.name as cname FROM ke_article a left join ke_article_category ac on ac.id = a.pid   WHERE ( a.pid=16 ) ORDER BY a.id desc LIMIT -1,1  

[ 2017-10-19T11:23:13+08:00 ] 127.0.0.1 /pages/dest/images/service-phone.png
INFO: [ app_init ] --START--
INFO: Run Behavior\BuildLiteBehavior [ RunTime:0.000022s ]
INFO: [ app_init ] --END-- [ RunTime:0.000861s ]

[ 2017-10-19T11:23:14+08:00 ] 127.0.0.1 /News/getCategory
INFO: [ app_init ] --START--
INFO: Run Behavior\BuildLiteBehavior [ RunTime:0.000020s ]
INFO: [ app_init ] --END-- [ RunTime:0.000911s ]
INFO: [ app_begin ] --START--
INFO: Run Behavior\ReadHtmlCacheBehavior [ RunTime:0.001752s ]
INFO: [ app_begin ] --END-- [ RunTime:0.001857s ]
SQL: SHOW COLUMNS FROM `ke_article_category` [ RunTime:0.1116s ]
SQL: SELECT * FROM `ke_article_category` WHERE ( pid=0 ) ORDER BY id asc  [ RunTime:0.0005s ]

[ 2017-10-19T11:23:14+08:00 ] 127.0.0.1 /lib/maps/swiper.min.js.map
INFO: [ app_init ] --START--
INFO: Run Behavior\BuildLiteBehavior [ RunTime:0.000023s ]
INFO: [ app_init ] --END-- [ RunTime:0.001760s ]
INFO: [ app_begin ] --START--
INFO: Run Behavior\ReadHtmlCacheBehavior [ RunTime:0.002317s ]
INFO: [ app_begin ] --END-- [ RunTime:0.002592s ]
ERR: 无法加载控制器:Lib

[ 2017-10-19T11:23:15+08:00 ] 127.0.0.1 /News/getNewsList
INFO: [ app_init ] --START--
INFO: Run Behavior\BuildLiteBehavior [ RunTime:0.000022s ]
INFO: [ app_init ] --END-- [ RunTime:0.000902s ]
INFO: [ app_begin ] --START--
INFO: Run Behavior\ReadHtmlCacheBehavior [ RunTime:0.001423s ]
INFO: [ app_begin ] --END-- [ RunTime:0.001516s ]
SQL: SHOW COLUMNS FROM `ke_article` [ RunTime:0.0048s ]
SQL: SELECT COUNT(*) AS tp_count FROM `ke_article` WHERE ( pid=12 ) ORDER BY id desc LIMIT 1   [ RunTime:0.0004s ]
SQL: SHOW COLUMNS FROM `ke_article` [ RunTime:0.0041s ]
SQL: SELECT a.*,ac.name as cname FROM ke_article a left join ke_article_category ac on ac.id = a.pid   WHERE ( a.pid=12 ) ORDER BY a.id desc LIMIT 0,1   [ RunTime:0.0005s ]

[ 2017-10-19T11:23:57+08:00 ] 127.0.0.1 /News/getNewsList
INFO: [ app_init ] --START--
INFO: Run Behavior\BuildLiteBehavior [ RunTime:0.000015s ]
INFO: [ app_init ] --END-- [ RunTime:0.000578s ]
INFO: [ app_begin ] --START--
INFO: Run Behavior\ReadHtmlCacheBehavior [ RunTime:0.001019s ]
INFO: [ app_begin ] --END-- [ RunTime:0.001092s ]
SQL: SHOW COLUMNS FROM `ke_article` [ RunTime:0.0045s ]
SQL: SELECT COUNT(*) AS tp_count FROM `ke_article` WHERE ( pid=12 ) ORDER BY id desc LIMIT 1   [ RunTime:0.0004s ]
SQL: SHOW COLUMNS FROM `ke_article` [ RunTime:0.0040s ]
ERR: 1064:You have an error in your SQL syntax; check the manual that corresponds to your MySQL server version for the right syntax to use near '-1,1' at line 1
 [ SQL语句 ] : SELECT a.*,ac.name as cname FROM ke_article a left join ke_article_category ac on ac.id = a.pid   WHERE ( a.pid=12 ) ORDER BY a.id desc LIMIT -1,1  
ERR: 1064:You have an error in your SQL syntax; check the manual that corresponds to your MySQL server version for the right syntax to use near '-1,1' at line 1
 [ SQL语句 ] : SELECT a.*,ac.name as cname FROM ke_article a left join ke_article_category ac on ac.id = a.pid   WHERE ( a.pid=12 ) ORDER BY a.id desc LIMIT -1,1  

[ 2017-10-19T11:24:00+08:00 ] 127.0.0.1 /pages/dest/images/service-phone.png
INFO: [ app_init ] --START--
INFO: Run Behavior\BuildLiteBehavior [ RunTime:0.000023s ]
INFO: [ app_init ] --END-- [ RunTime:0.001296s ]

[ 2017-10-19T11:24:01+08:00 ] 127.0.0.1 /News/getCategory
INFO: [ app_init ] --START--
INFO: Run Behavior\BuildLiteBehavior [ RunTime:0.000063s ]
INFO: [ app_init ] --END-- [ RunTime:0.001711s ]
INFO: [ app_begin ] --START--
INFO: Run Behavior\ReadHtmlCacheBehavior [ RunTime:0.001882s ]
INFO: [ app_begin ] --END-- [ RunTime:0.001982s ]
SQL: SHOW COLUMNS FROM `ke_article_category` [ RunTime:0.0046s ]
SQL: SELECT * FROM `ke_article_category` WHERE ( pid=0 ) ORDER BY id asc  [ RunTime:0.0005s ]

[ 2017-10-19T11:24:01+08:00 ] 127.0.0.1 /lib/maps/swiper.min.js.map
INFO: [ app_init ] --START--
INFO: Run Behavior\BuildLiteBehavior [ RunTime:0.000025s ]
INFO: [ app_init ] --END-- [ RunTime:0.003348s ]
INFO: [ app_begin ] --START--
INFO: Run Behavior\ReadHtmlCacheBehavior [ RunTime:0.001835s ]
INFO: [ app_begin ] --END-- [ RunTime:0.001937s ]
ERR: 无法加载控制器:Lib

[ 2017-10-19T11:24:02+08:00 ] 127.0.0.1 /News/getNewsList
INFO: [ app_init ] --START--
INFO: Run Behavior\BuildLiteBehavior [ RunTime:0.000021s ]
INFO: [ app_init ] --END-- [ RunTime:0.000878s ]
INFO: [ app_begin ] --START--
INFO: Run Behavior\ReadHtmlCacheBehavior [ RunTime:0.001729s ]
INFO: [ app_begin ] --END-- [ RunTime:0.001829s ]
SQL: SHOW COLUMNS FROM `ke_article` [ RunTime:0.0042s ]
SQL: SELECT COUNT(*) AS tp_count FROM `ke_article` WHERE ( pid=12 ) ORDER BY id desc LIMIT 1   [ RunTime:0.0004s ]
SQL: SHOW COLUMNS FROM `ke_article` [ RunTime:0.0039s ]
SQL: SELECT a.*,ac.name as cname FROM ke_article a left join ke_article_category ac on ac.id = a.pid   WHERE ( a.pid=12 ) ORDER BY a.id desc LIMIT 0,1   [ RunTime:0.0005s ]

[ 2017-10-19T11:24:28+08:00 ] 127.0.0.1 /pages/dest/images/service-phone.png
INFO: [ app_init ] --START--
INFO: Run Behavior\BuildLiteBehavior [ RunTime:0.000024s ]
INFO: [ app_init ] --END-- [ RunTime:0.001179s ]

[ 2017-10-19T11:24:29+08:00 ] 127.0.0.1 /News/getCategory
INFO: [ app_init ] --START--
INFO: Run Behavior\BuildLiteBehavior [ RunTime:0.000025s ]
INFO: [ app_init ] --END-- [ RunTime:0.001035s ]
INFO: [ app_begin ] --START--
INFO: Run Behavior\ReadHtmlCacheBehavior [ RunTime:0.002125s ]
INFO: [ app_begin ] --END-- [ RunTime:0.002228s ]
SQL: SHOW COLUMNS FROM `ke_article_category` [ RunTime:0.0051s ]
SQL: SELECT * FROM `ke_article_category` WHERE ( pid=0 ) ORDER BY id asc  [ RunTime:0.0004s ]

[ 2017-10-19T11:24:29+08:00 ] 127.0.0.1 /lib/maps/swiper.min.js.map
INFO: [ app_init ] --START--
INFO: Run Behavior\BuildLiteBehavior [ RunTime:0.000025s ]
INFO: [ app_init ] --END-- [ RunTime:0.001745s ]
INFO: [ app_begin ] --START--
INFO: Run Behavior\ReadHtmlCacheBehavior [ RunTime:0.001505s ]
INFO: [ app_begin ] --END-- [ RunTime:0.001608s ]
ERR: 无法加载控制器:Lib

[ 2017-10-19T11:24:30+08:00 ] 127.0.0.1 /News/getNewsList
INFO: [ app_init ] --START--
INFO: Run Behavior\BuildLiteBehavior [ RunTime:0.000018s ]
INFO: [ app_init ] --END-- [ RunTime:0.000945s ]
INFO: [ app_begin ] --START--
INFO: Run Behavior\ReadHtmlCacheBehavior [ RunTime:0.001412s ]
INFO: [ app_begin ] --END-- [ RunTime:0.001499s ]
SQL: SHOW COLUMNS FROM `ke_article` [ RunTime:0.0046s ]
SQL: SELECT COUNT(*) AS tp_count FROM `ke_article` WHERE ( pid=12 ) ORDER BY id desc LIMIT 1   [ RunTime:0.0004s ]
SQL: SHOW COLUMNS FROM `ke_article` [ RunTime:0.0042s ]
SQL: SELECT a.*,ac.name as cname FROM ke_article a left join ke_article_category ac on ac.id = a.pid   WHERE ( a.pid=12 ) ORDER BY a.id desc LIMIT 0,1   [ RunTime:0.0007s ]

[ 2017-10-19T11:24:34+08:00 ] 127.0.0.1 /News/getNewsList
INFO: [ app_init ] --START--
INFO: Run Behavior\BuildLiteBehavior [ RunTime:0.000025s ]
INFO: [ app_init ] --END-- [ RunTime:0.000804s ]
INFO: [ app_begin ] --START--
INFO: Run Behavior\ReadHtmlCacheBehavior [ RunTime:0.000970s ]
INFO: [ app_begin ] --END-- [ RunTime:0.001027s ]
SQL: SHOW COLUMNS FROM `ke_article` [ RunTime:0.0040s ]
SQL: SELECT COUNT(*) AS tp_count FROM `ke_article` WHERE ( pid=12 ) ORDER BY id desc LIMIT 1   [ RunTime:0.0003s ]
SQL: SHOW COLUMNS FROM `ke_article` [ RunTime:0.0039s ]
ERR: 1064:You have an error in your SQL syntax; check the manual that corresponds to your MySQL server version for the right syntax to use near '-1,1' at line 1
 [ SQL语句 ] : SELECT a.*,ac.name as cname FROM ke_article a left join ke_article_category ac on ac.id = a.pid   WHERE ( a.pid=12 ) ORDER BY a.id desc LIMIT -1,1  
ERR: 1064:You have an error in your SQL syntax; check the manual that corresponds to your MySQL server version for the right syntax to use near '-1,1' at line 1
 [ SQL语句 ] : SELECT a.*,ac.name as cname FROM ke_article a left join ke_article_category ac on ac.id = a.pid   WHERE ( a.pid=12 ) ORDER BY a.id desc LIMIT -1,1  

[ 2017-10-19T11:25:19+08:00 ] 127.0.0.1 /pages/dest/images/service-phone.png
INFO: [ app_init ] --START--
INFO: Run Behavior\BuildLiteBehavior [ RunTime:0.000022s ]
INFO: [ app_init ] --END-- [ RunTime:0.000929s ]

[ 2017-10-19T11:25:20+08:00 ] 127.0.0.1 /News/getCategory
INFO: [ app_init ] --START--
INFO: Run Behavior\BuildLiteBehavior [ RunTime:0.000023s ]
INFO: [ app_init ] --END-- [ RunTime:0.000956s ]
INFO: [ app_begin ] --START--
INFO: Run Behavior\ReadHtmlCacheBehavior [ RunTime:0.001450s ]
INFO: [ app_begin ] --END-- [ RunTime:0.001545s ]
SQL: SHOW COLUMNS FROM `ke_article_category` [ RunTime:0.0050s ]
SQL: SELECT * FROM `ke_article_category` WHERE ( pid=0 ) ORDER BY id asc  [ RunTime:0.0005s ]

[ 2017-10-19T11:25:20+08:00 ] 127.0.0.1 /lib/maps/swiper.min.js.map
INFO: [ app_init ] --START--
INFO: Run Behavior\BuildLiteBehavior [ RunTime:0.000021s ]
INFO: [ app_init ] --END-- [ RunTime:0.000748s ]
INFO: [ app_begin ] --START--
INFO: Run Behavior\ReadHtmlCacheBehavior [ RunTime:0.002059s ]
INFO: [ app_begin ] --END-- [ RunTime:0.002178s ]
ERR: 无法加载控制器:Lib

[ 2017-10-19T11:25:21+08:00 ] 127.0.0.1 /News/getNewsList
INFO: [ app_init ] --START--
INFO: Run Behavior\BuildLiteBehavior [ RunTime:0.000024s ]
INFO: [ app_init ] --END-- [ RunTime:0.000732s ]
INFO: [ app_begin ] --START--
INFO: Run Behavior\ReadHtmlCacheBehavior [ RunTime:0.001126s ]
INFO: [ app_begin ] --END-- [ RunTime:0.001203s ]
SQL: SHOW COLUMNS FROM `ke_article` [ RunTime:0.0038s ]
SQL: SELECT COUNT(*) AS tp_count FROM `ke_article` WHERE ( pid=12 ) ORDER BY id desc LIMIT 1   [ RunTime:0.0004s ]
SQL: SHOW COLUMNS FROM `ke_article` [ RunTime:0.0041s ]
SQL: SELECT a.*,ac.name as cname FROM ke_article a left join ke_article_category ac on ac.id = a.pid   WHERE ( a.pid=12 ) ORDER BY a.id desc LIMIT 0,1   [ RunTime:0.0005s ]

[ 2017-10-19T11:25:26+08:00 ] 127.0.0.1 /News/getNewsList
INFO: [ app_init ] --START--
INFO: Run Behavior\BuildLiteBehavior [ RunTime:0.000020s ]
INFO: [ app_init ] --END-- [ RunTime:0.000765s ]
INFO: [ app_begin ] --START--
INFO: Run Behavior\ReadHtmlCacheBehavior [ RunTime:0.002177s ]
INFO: [ app_begin ] --END-- [ RunTime:0.002354s ]
SQL: SHOW COLUMNS FROM `ke_article` [ RunTime:0.0038s ]
SQL: SELECT COUNT(*) AS tp_count FROM `ke_article` WHERE ( pid=12 ) ORDER BY id desc LIMIT 1   [ RunTime:0.0004s ]
SQL: SHOW COLUMNS FROM `ke_article` [ RunTime:0.0040s ]
SQL: SELECT a.*,ac.name as cname FROM ke_article a left join ke_article_category ac on ac.id = a.pid   WHERE ( a.pid=12 ) ORDER BY a.id desc LIMIT 0,1   [ RunTime:0.0004s ]

[ 2017-10-19T11:25:29+08:00 ] 127.0.0.1 /News/getNewsList
INFO: [ app_init ] --START--
INFO: Run Behavior\BuildLiteBehavior [ RunTime:0.000024s ]
INFO: [ app_init ] --END-- [ RunTime:0.001042s ]
INFO: [ app_begin ] --START--
INFO: Run Behavior\ReadHtmlCacheBehavior [ RunTime:0.001176s ]
INFO: [ app_begin ] --END-- [ RunTime:0.001253s ]
SQL: SHOW COLUMNS FROM `ke_article` [ RunTime:0.0041s ]
SQL: SELECT COUNT(*) AS tp_count FROM `ke_article` WHERE ( pid=12 ) ORDER BY id desc LIMIT 1   [ RunTime:0.0003s ]
SQL: SHOW COLUMNS FROM `ke_article` [ RunTime:0.0041s ]
SQL: SELECT a.*,ac.name as cname FROM ke_article a left join ke_article_category ac on ac.id = a.pid   WHERE ( a.pid=12 ) ORDER BY a.id desc LIMIT 0,1   [ RunTime:0.0005s ]

[ 2017-10-19T11:25:31+08:00 ] 127.0.0.1 /News/getNewsList
INFO: [ app_init ] --START--
INFO: Run Behavior\BuildLiteBehavior [ RunTime:0.000023s ]
INFO: [ app_init ] --END-- [ RunTime:0.000956s ]
INFO: [ app_begin ] --START--
INFO: Run Behavior\ReadHtmlCacheBehavior [ RunTime:0.002942s ]
INFO: [ app_begin ] --END-- [ RunTime:0.003042s ]
SQL: SHOW COLUMNS FROM `ke_article` [ RunTime:0.0041s ]
SQL: SELECT COUNT(*) AS tp_count FROM `ke_article` WHERE ( pid=12 ) ORDER BY id desc LIMIT 1   [ RunTime:0.0004s ]
SQL: SHOW COLUMNS FROM `ke_article` [ RunTime:0.0043s ]
SQL: SELECT a.*,ac.name as cname FROM ke_article a left join ke_article_category ac on ac.id = a.pid   WHERE ( a.pid=12 ) ORDER BY a.id desc LIMIT 1,1   [ RunTime:0.0005s ]

[ 2017-10-19T11:25:33+08:00 ] 127.0.0.1 /News/getNewsList
INFO: [ app_init ] --START--
INFO: Run Behavior\BuildLiteBehavior [ RunTime:0.000026s ]
INFO: [ app_init ] --END-- [ RunTime:0.002172s ]
INFO: [ app_begin ] --START--
INFO: Run Behavior\ReadHtmlCacheBehavior [ RunTime:0.001815s ]
INFO: [ app_begin ] --END-- [ RunTime:0.001947s ]
SQL: SHOW COLUMNS FROM `ke_article` [ RunTime:0.0041s ]
SQL: SELECT COUNT(*) AS tp_count FROM `ke_article` WHERE ( pid=12 ) ORDER BY id desc LIMIT 1   [ RunTime:0.0004s ]
SQL: SHOW COLUMNS FROM `ke_article` [ RunTime:0.0054s ]
SQL: SELECT a.*,ac.name as cname FROM ke_article a left join ke_article_category ac on ac.id = a.pid   WHERE ( a.pid=12 ) ORDER BY a.id desc LIMIT 2,1   [ RunTime:0.0006s ]

[ 2017-10-19T11:25:35+08:00 ] 127.0.0.1 /News/getNewsList
INFO: [ app_init ] --START--
INFO: Run Behavior\BuildLiteBehavior [ RunTime:0.000022s ]
INFO: [ app_init ] --END-- [ RunTime:0.000882s ]
INFO: [ app_begin ] --START--
INFO: Run Behavior\ReadHtmlCacheBehavior [ RunTime:0.002344s ]
INFO: [ app_begin ] --END-- [ RunTime:0.002492s ]
SQL: SHOW COLUMNS FROM `ke_article` [ RunTime:0.0049s ]
SQL: SELECT COUNT(*) AS tp_count FROM `ke_article` WHERE ( pid=12 ) ORDER BY id desc LIMIT 1   [ RunTime:0.0003s ]
SQL: SHOW COLUMNS FROM `ke_article` [ RunTime:0.0039s ]
SQL: SELECT a.*,ac.name as cname FROM ke_article a left join ke_article_category ac on ac.id = a.pid   WHERE ( a.pid=12 ) ORDER BY a.id desc LIMIT 0,1   [ RunTime:0.0004s ]

[ 2017-10-19T11:26:12+08:00 ] 127.0.0.1 /pages/dest/images/service-phone.png
INFO: [ app_init ] --START--
INFO: Run Behavior\BuildLiteBehavior [ RunTime:0.000025s ]
INFO: [ app_init ] --END-- [ RunTime:0.001504s ]

[ 2017-10-19T11:26:13+08:00 ] 127.0.0.1 /News/getCategory
INFO: [ app_init ] --START--
INFO: Run Behavior\BuildLiteBehavior [ RunTime:0.000024s ]
INFO: [ app_init ] --END-- [ RunTime:0.000991s ]
INFO: [ app_begin ] --START--
INFO: Run Behavior\ReadHtmlCacheBehavior [ RunTime:0.001668s ]
INFO: [ app_begin ] --END-- [ RunTime:0.001789s ]
SQL: SHOW COLUMNS FROM `ke_article_category` [ RunTime:0.0041s ]
SQL: SELECT * FROM `ke_article_category` WHERE ( pid=0 ) ORDER BY id asc  [ RunTime:0.0004s ]

[ 2017-10-19T11:26:13+08:00 ] 127.0.0.1 /lib/maps/swiper.min.js.map
INFO: [ app_init ] --START--
INFO: Run Behavior\BuildLiteBehavior [ RunTime:0.000023s ]
INFO: [ app_init ] --END-- [ RunTime:0.000873s ]
INFO: [ app_begin ] --START--
INFO: Run Behavior\ReadHtmlCacheBehavior [ RunTime:0.001489s ]
INFO: [ app_begin ] --END-- [ RunTime:0.001596s ]
ERR: 无法加载控制器:Lib

[ 2017-10-19T11:26:15+08:00 ] 127.0.0.1 /News/getNewsList
INFO: [ app_init ] --START--
INFO: Run Behavior\BuildLiteBehavior [ RunTime:0.000014s ]
INFO: [ app_init ] --END-- [ RunTime:0.000555s ]
INFO: [ app_begin ] --START--
INFO: Run Behavior\ReadHtmlCacheBehavior [ RunTime:0.000912s ]
INFO: [ app_begin ] --END-- [ RunTime:0.000973s ]
SQL: SHOW COLUMNS FROM `ke_article` [ RunTime:0.0043s ]
SQL: SELECT COUNT(*) AS tp_count FROM `ke_article` WHERE ( pid=12 ) ORDER BY id desc LIMIT 1   [ RunTime:0.0004s ]
SQL: SHOW COLUMNS FROM `ke_article` [ RunTime:0.0039s ]
SQL: SELECT a.*,ac.name as cname FROM ke_article a left join ke_article_category ac on ac.id = a.pid   WHERE ( a.pid=12 ) ORDER BY a.id desc  [ RunTime:0.0005s ]
NOTIC: [2] Division by zero E:\www\op\Application\Home\Controller\NewsController.class.php 第 39 行.

[ 2017-10-19T11:26:26+08:00 ] 127.0.0.1 /pages/dest/images/service-phone.png
INFO: [ app_init ] --START--
INFO: Run Behavior\BuildLiteBehavior [ RunTime:0.000024s ]
INFO: [ app_init ] --END-- [ RunTime:0.001063s ]

[ 2017-10-19T11:26:27+08:00 ] 127.0.0.1 /News/getCategory
INFO: [ app_init ] --START--
INFO: Run Behavior\BuildLiteBehavior [ RunTime:0.000022s ]
INFO: [ app_init ] --END-- [ RunTime:0.000939s ]
INFO: [ app_begin ] --START--
INFO: Run Behavior\ReadHtmlCacheBehavior [ RunTime:0.002419s ]
INFO: [ app_begin ] --END-- [ RunTime:0.002530s ]
SQL: SHOW COLUMNS FROM `ke_article_category` [ RunTime:0.0053s ]
SQL: SELECT * FROM `ke_article_category` WHERE ( pid=0 ) ORDER BY id asc  [ RunTime:0.0004s ]

[ 2017-10-19T11:26:27+08:00 ] 127.0.0.1 /lib/maps/swiper.min.js.map
INFO: [ app_init ] --START--
INFO: Run Behavior\BuildLiteBehavior [ RunTime:0.000024s ]
INFO: [ app_init ] --END-- [ RunTime:0.000928s ]
INFO: [ app_begin ] --START--
INFO: Run Behavior\ReadHtmlCacheBehavior [ RunTime:0.002497s ]
INFO: [ app_begin ] --END-- [ RunTime:0.002605s ]
ERR: 无法加载控制器:Lib

[ 2017-10-19T11:26:28+08:00 ] 127.0.0.1 /News/getNewsList
INFO: [ app_init ] --START--
INFO: Run Behavior\BuildLiteBehavior [ RunTime:0.000024s ]
INFO: [ app_init ] --END-- [ RunTime:0.000935s ]
INFO: [ app_begin ] --START--
INFO: Run Behavior\ReadHtmlCacheBehavior [ RunTime:0.001635s ]
INFO: [ app_begin ] --END-- [ RunTime:0.001731s ]
SQL: SHOW COLUMNS FROM `ke_article` [ RunTime:0.0046s ]
SQL: SELECT COUNT(*) AS tp_count FROM `ke_article` WHERE ( pid=12 ) ORDER BY id desc LIMIT 1   [ RunTime:0.0004s ]
SQL: SHOW COLUMNS FROM `ke_article` [ RunTime:0.0142s ]
SQL: SELECT a.*,ac.name as cname FROM ke_article a left join ke_article_category ac on ac.id = a.pid   WHERE ( a.pid=12 ) ORDER BY a.id desc LIMIT 0,1   [ RunTime:0.0004s ]

