[ 2016-11-13T16:12:11+08:00 ] 127.0.0.1 /admin
INFO: [ app_init ] --START--
INFO: Run Behavior\BuildLiteBehavior [ RunTime:0.000013s ]
INFO: [ app_init ] --END-- [ RunTime:0.000551s ]
INFO: [ app_begin ] --START--
INFO: Run Behavior\ReadHtmlCacheBehavior [ RunTime:0.000846s ]
INFO: [ app_begin ] --END-- [ RunTime:0.000900s ]

[ 2016-11-13T16:12:11+08:00 ] 127.0.0.1 /index.php/Admin/Login/index.html
INFO: [ app_init ] --START--
INFO: Run Behavior\BuildLiteBehavior [ RunTime:0.000013s ]
INFO: [ app_init ] --END-- [ RunTime:0.000573s ]
INFO: [ app_begin ] --START--
INFO: Run Behavior\ReadHtmlCacheBehavior [ RunTime:0.000909s ]
INFO: [ app_begin ] --END-- [ RunTime:0.000963s ]
INFO: [ view_parse ] --START--
INFO: [ template_filter ] --START--
INFO: Run Behavior\ContentReplaceBehavior [ RunTime:0.000083s ]
INFO: [ template_filter ] --END-- [ RunTime:0.000136s ]
INFO: Run Behavior\ParseTemplateBehavior [ RunTime:0.082937s ]
INFO: [ view_parse ] --END-- [ RunTime:0.083003s ]
INFO: [ view_filter ] --START--
INFO: Run Behavior\WriteHtmlCacheBehavior [ RunTime:0.000686s ]
INFO: [ view_filter ] --END-- [ RunTime:0.000725s ]
INFO: [ app_end ] --START--
INFO: Run Behavior\ShowPageTraceBehavior [ RunTime:0.000922s ]
INFO: [ app_end ] --END-- [ RunTime:0.000962s ]

[ 2016-11-13T16:12:15+08:00 ] 127.0.0.1 /index.php/Admin/Login/login.html
INFO: [ app_init ] --START--
INFO: Run Behavior\BuildLiteBehavior [ RunTime:0.000013s ]
INFO: [ app_init ] --END-- [ RunTime:0.000576s ]
INFO: [ app_begin ] --START--
INFO: Run Behavior\ReadHtmlCacheBehavior [ RunTime:0.000876s ]
INFO: [ app_begin ] --END-- [ RunTime:0.000920s ]
SQL: SHOW COLUMNS FROM `ke_user` [ RunTime:0.0544s ]
SQL: SELECT * FROM `ke_user` WHERE ( username="admin" ) LIMIT 1   [ RunTime:0.0005s ]
SQL: UPDATE `ke_user` SET `last_login_time`='2016-11-09 22:15:03',`last_login_ip`='127.0.0.1',`now_login_time`='2016-11-13 16:12:15',`now_login_ip`='127.0.0.1',`login_times`='246' WHERE `id` = 1 [ RunTime:0.0666s ]

[ 2016-11-13T16:12:16+08:00 ] 127.0.0.1 /index.php/Admin/Index/index.html
INFO: [ app_init ] --START--
INFO: Run Behavior\BuildLiteBehavior [ RunTime:0.000013s ]
INFO: [ app_init ] --END-- [ RunTime:0.000498s ]
INFO: [ app_begin ] --START--
INFO: Run Behavior\ReadHtmlCacheBehavior [ RunTime:0.000902s ]
INFO: [ app_begin ] --END-- [ RunTime:0.000951s ]
SQL: SHOW COLUMNS FROM `ke_user` [ RunTime:0.0039s ]
SQL: SELECT * FROM `ke_user` WHERE `id` = 1 LIMIT 1   [ RunTime:0.0004s ]
SQL: SHOW COLUMNS FROM `ke_user` [ RunTime:0.0040s ]
SQL: SHOW COLUMNS FROM `ke_menu` [ RunTime:0.0440s ]
SQL: SHOW COLUMNS FROM `ke_role` [ RunTime:0.0238s ]
SQL: SELECT * FROM `ke_user` WHERE `id` = 1 LIMIT 1   [ RunTime:0.0003s ]
SQL: SELECT * FROM `ke_role` WHERE `id` = 1 LIMIT 1   [ RunTime:0.0002s ]
SQL: SELECT * FROM `ke_menu` WHERE `id` IN ('126','127','161','180','181','349','401','440','162','163','165','166','179','187','188','189','190','164','167','168','169','170','171','172','173','174','175','176','177','178','339','134','135','147','156','340','341','342','373','343','344','345','346','347','364','365','366','367','368','369','370','371','372','392','393','394','395','396','397','398','399','400','450','451','452','453','454','470','460','461','462','463','464','465','466','467','468','469','471','472','473','474','475') AND `type` = 1 ORDER BY sort desc  [ RunTime:0.0212s ]
NOTIC: [2] array_multisort(): Argument #2 is expected to be an array or a sort flag E:\www\sc\Application\Common\Common\function.php 第 177 行.
NOTIC: [2] array_multisort(): Argument #2 is expected to be an array or a sort flag E:\www\sc\Application\Common\Common\function.php 第 177 行.
INFO: [ view_parse ] --START--
INFO: [ template_filter ] --START--
INFO: Run Behavior\ContentReplaceBehavior [ RunTime:0.000130s ]
INFO: [ template_filter ] --END-- [ RunTime:0.000179s ]
NOTIC: [8] Undefined index: cur E:\www\sc\Runtime\Cache\Admin\b595b808c2ebeeeb0478ffc30bb4e87a.php 第 86 行.
NOTIC: [8] Undefined index: cur E:\www\sc\Runtime\Cache\Admin\b595b808c2ebeeeb0478ffc30bb4e87a.php 第 78 行.
NOTIC: [8] Undefined index: cur E:\www\sc\Runtime\Cache\Admin\b595b808c2ebeeeb0478ffc30bb4e87a.php 第 86 行.
NOTIC: [8] Undefined index: cur E:\www\sc\Runtime\Cache\Admin\b595b808c2ebeeeb0478ffc30bb4e87a.php 第 86 行.
NOTIC: [8] Undefined index: cur E:\www\sc\Runtime\Cache\Admin\b595b808c2ebeeeb0478ffc30bb4e87a.php 第 86 行.
NOTIC: [8] Undefined index: cur E:\www\sc\Runtime\Cache\Admin\b595b808c2ebeeeb0478ffc30bb4e87a.php 第 78 行.
NOTIC: [8] Undefined index: cur E:\www\sc\Runtime\Cache\Admin\b595b808c2ebeeeb0478ffc30bb4e87a.php 第 86 行.
NOTIC: [8] Undefined index: cur E:\www\sc\Runtime\Cache\Admin\b595b808c2ebeeeb0478ffc30bb4e87a.php 第 86 行.
NOTIC: [8] Undefined index: cur E:\www\sc\Runtime\Cache\Admin\b595b808c2ebeeeb0478ffc30bb4e87a.php 第 78 行.
NOTIC: [8] Undefined index: cur E:\www\sc\Runtime\Cache\Admin\b595b808c2ebeeeb0478ffc30bb4e87a.php 第 86 行.
NOTIC: [8] Undefined index: cur E:\www\sc\Runtime\Cache\Admin\b595b808c2ebeeeb0478ffc30bb4e87a.php 第 78 行.
NOTIC: [8] Undefined index: cur E:\www\sc\Runtime\Cache\Admin\b595b808c2ebeeeb0478ffc30bb4e87a.php 第 86 行.
NOTIC: [8] Undefined index: cur E:\www\sc\Runtime\Cache\Admin\b595b808c2ebeeeb0478ffc30bb4e87a.php 第 78 行.
NOTIC: [8] Undefined index: cur E:\www\sc\Runtime\Cache\Admin\b595b808c2ebeeeb0478ffc30bb4e87a.php 第 86 行.
NOTIC: [8] Undefined index: cur E:\www\sc\Runtime\Cache\Admin\b595b808c2ebeeeb0478ffc30bb4e87a.php 第 78 行.
NOTIC: [8] Undefined index: cur E:\www\sc\Runtime\Cache\Admin\b595b808c2ebeeeb0478ffc30bb4e87a.php 第 86 行.
NOTIC: [8] Undefined index: cur E:\www\sc\Runtime\Cache\Admin\b595b808c2ebeeeb0478ffc30bb4e87a.php 第 86 行.
NOTIC: [8] Undefined index: cur E:\www\sc\Runtime\Cache\Admin\b595b808c2ebeeeb0478ffc30bb4e87a.php 第 78 行.
NOTIC: [8] Undefined index: cur E:\www\sc\Runtime\Cache\Admin\b595b808c2ebeeeb0478ffc30bb4e87a.php 第 86 行.
NOTIC: [8] Undefined index: cur E:\www\sc\Runtime\Cache\Admin\b595b808c2ebeeeb0478ffc30bb4e87a.php 第 78 行.
NOTIC: [8] Undefined index: cur E:\www\sc\Runtime\Cache\Admin\b595b808c2ebeeeb0478ffc30bb4e87a.php 第 86 行.
NOTIC: [8] Undefined index: cur E:\www\sc\Runtime\Cache\Admin\b595b808c2ebeeeb0478ffc30bb4e87a.php 第 86 行.
NOTIC: [8] Undefined index: cur E:\www\sc\Runtime\Cache\Admin\b595b808c2ebeeeb0478ffc30bb4e87a.php 第 86 行.
NOTIC: [8] Undefined variable: dp_count E:\www\sc\Runtime\Cache\Admin\b595b808c2ebeeeb0478ffc30bb4e87a.php 第 153 行.
NOTIC: [8] Undefined variable: dp_count E:\www\sc\Runtime\Cache\Admin\b595b808c2ebeeeb0478ffc30bb4e87a.php 第 167 行.
NOTIC: [8] Undefined variable: xq_count E:\www\sc\Runtime\Cache\Admin\b595b808c2ebeeeb0478ffc30bb4e87a.php 第 184 行.
NOTIC: [8] Undefined variable: xq_count E:\www\sc\Runtime\Cache\Admin\b595b808c2ebeeeb0478ffc30bb4e87a.php 第 196 行.
NOTIC: [8] Undefined variable: zp_count E:\www\sc\Runtime\Cache\Admin\b595b808c2ebeeeb0478ffc30bb4e87a.php 第 208 行.
NOTIC: [8] Undefined variable: zp_count E:\www\sc\Runtime\Cache\Admin\b595b808c2ebeeeb0478ffc30bb4e87a.php 第 220 行.
INFO: Run Behavior\ParseTemplateBehavior [ RunTime:0.048835s ]
INFO: [ view_parse ] --END-- [ RunTime:0.048895s ]
INFO: [ view_filter ] --START--
INFO: Run Behavior\WriteHtmlCacheBehavior [ RunTime:0.000644s ]
INFO: [ view_filter ] --END-- [ RunTime:0.000684s ]
INFO: [ app_end ] --START--
INFO: Run Behavior\ShowPageTraceBehavior [ RunTime:0.001033s ]
INFO: [ app_end ] --END-- [ RunTime:0.001084s ]

[ 2016-11-13T16:25:58+08:00 ] 127.0.0.1 /index.php/Admin/Product/add.html
INFO: [ app_init ] --START--
INFO: Run Behavior\BuildLiteBehavior [ RunTime:0.000013s ]
INFO: [ app_init ] --END-- [ RunTime:0.000580s ]
INFO: [ app_begin ] --START--
INFO: Run Behavior\ReadHtmlCacheBehavior [ RunTime:0.000898s ]
INFO: [ app_begin ] --END-- [ RunTime:0.000950s ]
SQL: SHOW COLUMNS FROM `ke_user` [ RunTime:0.0055s ]
SQL: SELECT * FROM `ke_user` WHERE `id` = 1 LIMIT 1   [ RunTime:0.0004s ]
SQL: SHOW COLUMNS FROM `ke_user` [ RunTime:0.0040s ]
SQL: SHOW COLUMNS FROM `ke_menu` [ RunTime:0.0045s ]
SQL: SHOW COLUMNS FROM `ke_role` [ RunTime:0.0036s ]
SQL: SELECT * FROM `ke_user` WHERE `id` = 1 LIMIT 1   [ RunTime:0.0003s ]
SQL: SELECT * FROM `ke_role` WHERE `id` = 1 LIMIT 1   [ RunTime:0.0002s ]
SQL: SELECT * FROM `ke_menu` WHERE `id` IN ('126','127','161','180','181','349','401','440','162','163','165','166','179','187','188','189','190','164','167','168','169','170','171','172','173','174','175','176','177','178','339','134','135','147','156','340','341','342','373','343','344','345','346','347','364','365','366','367','368','369','370','371','372','392','393','394','395','396','397','398','399','400','450','451','452','453','454','470','460','461','462','463','464','465','466','467','468','469','471','472','473','474','475') AND `type` = 1 ORDER BY sort desc  [ RunTime:0.0010s ]
NOTIC: [2] array_multisort(): Argument #2 is expected to be an array or a sort flag E:\www\sc\Application\Common\Common\function.php 第 177 行.
NOTIC: [2] array_multisort(): Argument #2 is expected to be an array or a sort flag E:\www\sc\Application\Common\Common\function.php 第 177 行.
SQL: SHOW COLUMNS FROM `ke_product_category` [ RunTime:0.0038s ]
SQL: SELECT * FROM `ke_product_category` WHERE ( pid=0 AND status=1 ) ORDER BY sort desc, id asc  [ RunTime:0.0004s ]
INFO: [ view_parse ] --START--
INFO: [ template_filter ] --START--
INFO: Run Behavior\ContentReplaceBehavior [ RunTime:0.000252s ]
INFO: [ template_filter ] --END-- [ RunTime:0.000300s ]
NOTIC: [8] Undefined index: cur E:\www\sc\Runtime\Cache\Admin\8b641081e7ea680aaaea87475742484f.php 第 83 行.
NOTIC: [8] Undefined index: cur E:\www\sc\Runtime\Cache\Admin\8b641081e7ea680aaaea87475742484f.php 第 91 行.
NOTIC: [8] Undefined index: cur E:\www\sc\Runtime\Cache\Admin\8b641081e7ea680aaaea87475742484f.php 第 91 行.
NOTIC: [8] Undefined index: cur E:\www\sc\Runtime\Cache\Admin\8b641081e7ea680aaaea87475742484f.php 第 91 行.
NOTIC: [8] Undefined index: cur E:\www\sc\Runtime\Cache\Admin\8b641081e7ea680aaaea87475742484f.php 第 83 行.
NOTIC: [8] Undefined index: cur E:\www\sc\Runtime\Cache\Admin\8b641081e7ea680aaaea87475742484f.php 第 91 行.
NOTIC: [8] Undefined index: cur E:\www\sc\Runtime\Cache\Admin\8b641081e7ea680aaaea87475742484f.php 第 91 行.
NOTIC: [8] Undefined index: cur E:\www\sc\Runtime\Cache\Admin\8b641081e7ea680aaaea87475742484f.php 第 83 行.
NOTIC: [8] Undefined index: cur E:\www\sc\Runtime\Cache\Admin\8b641081e7ea680aaaea87475742484f.php 第 91 行.
NOTIC: [8] Undefined index: cur E:\www\sc\Runtime\Cache\Admin\8b641081e7ea680aaaea87475742484f.php 第 83 行.
NOTIC: [8] Undefined index: cur E:\www\sc\Runtime\Cache\Admin\8b641081e7ea680aaaea87475742484f.php 第 91 行.
NOTIC: [8] Undefined index: cur E:\www\sc\Runtime\Cache\Admin\8b641081e7ea680aaaea87475742484f.php 第 83 行.
NOTIC: [8] Undefined index: cur E:\www\sc\Runtime\Cache\Admin\8b641081e7ea680aaaea87475742484f.php 第 91 行.
NOTIC: [8] Undefined index: cur E:\www\sc\Runtime\Cache\Admin\8b641081e7ea680aaaea87475742484f.php 第 83 行.
NOTIC: [8] Undefined index: cur E:\www\sc\Runtime\Cache\Admin\8b641081e7ea680aaaea87475742484f.php 第 91 行.
NOTIC: [8] Undefined index: cur E:\www\sc\Runtime\Cache\Admin\8b641081e7ea680aaaea87475742484f.php 第 91 行.
NOTIC: [8] Undefined index: cur E:\www\sc\Runtime\Cache\Admin\8b641081e7ea680aaaea87475742484f.php 第 83 行.
NOTIC: [8] Undefined index: cur E:\www\sc\Runtime\Cache\Admin\8b641081e7ea680aaaea87475742484f.php 第 91 行.
NOTIC: [8] Undefined index: cur E:\www\sc\Runtime\Cache\Admin\8b641081e7ea680aaaea87475742484f.php 第 83 行.
NOTIC: [8] Undefined index: cur E:\www\sc\Runtime\Cache\Admin\8b641081e7ea680aaaea87475742484f.php 第 91 行.
NOTIC: [8] Undefined index: cur E:\www\sc\Runtime\Cache\Admin\8b641081e7ea680aaaea87475742484f.php 第 91 行.
NOTIC: [8] Undefined index: cur E:\www\sc\Runtime\Cache\Admin\8b641081e7ea680aaaea87475742484f.php 第 91 行.
INFO: Run Behavior\ParseTemplateBehavior [ RunTime:0.059206s ]
INFO: [ view_parse ] --END-- [ RunTime:0.059275s ]
INFO: [ view_filter ] --START--
INFO: Run Behavior\WriteHtmlCacheBehavior [ RunTime:0.000582s ]
INFO: [ view_filter ] --END-- [ RunTime:0.000620s ]
INFO: [ app_end ] --START--
INFO: Run Behavior\ShowPageTraceBehavior [ RunTime:0.001010s ]
INFO: [ app_end ] --END-- [ RunTime:0.001078s ]

[ 2016-11-13T16:26:00+08:00 ] 127.0.0.1 /index.php/Admin/Images/product.html
INFO: [ app_init ] --START--
INFO: Run Behavior\BuildLiteBehavior [ RunTime:0.000015s ]
INFO: [ app_init ] --END-- [ RunTime:0.000536s ]
INFO: [ app_begin ] --START--
INFO: Run Behavior\ReadHtmlCacheBehavior [ RunTime:0.000841s ]
INFO: [ app_begin ] --END-- [ RunTime:0.000901s ]
SQL: SHOW COLUMNS FROM `ke_user` [ RunTime:0.0057s ]
SQL: SELECT * FROM `ke_user` WHERE `id` = 1 LIMIT 1   [ RunTime:0.0005s ]
SQL: SHOW COLUMNS FROM `ke_user` [ RunTime:0.0052s ]
SQL: SHOW COLUMNS FROM `ke_menu` [ RunTime:0.0062s ]
SQL: SHOW COLUMNS FROM `ke_role` [ RunTime:0.0054s ]
SQL: SELECT * FROM `ke_user` WHERE `id` = 1 LIMIT 1   [ RunTime:0.0004s ]
SQL: SELECT * FROM `ke_role` WHERE `id` = 1 LIMIT 1   [ RunTime:0.0002s ]
SQL: SELECT * FROM `ke_menu` WHERE `id` IN ('126','127','161','180','181','349','401','440','162','163','165','166','179','187','188','189','190','164','167','168','169','170','171','172','173','174','175','176','177','178','339','134','135','147','156','340','341','342','373','343','344','345','346','347','364','365','366','367','368','369','370','371','372','392','393','394','395','396','397','398','399','400','450','451','452','453','454','470','460','461','462','463','464','465','466','467','468','469','471','472','473','474','475') AND `type` = 1 ORDER BY sort desc  [ RunTime:0.0011s ]
NOTIC: [2] array_multisort(): Argument #2 is expected to be an array or a sort flag E:\www\sc\Application\Common\Common\function.php 第 177 行.
NOTIC: [2] array_multisort(): Argument #2 is expected to be an array or a sort flag E:\www\sc\Application\Common\Common\function.php 第 177 行.
INFO: [ view_parse ] --START--
INFO: [ template_filter ] --START--
INFO: Run Behavior\ContentReplaceBehavior [ RunTime:0.000080s ]
INFO: [ template_filter ] --END-- [ RunTime:0.000161s ]
NOTIC: [8] Undefined variable: type E:\www\sc\Runtime\Cache\Admin\abf7b5e75524aec5989995e98bf782ae.php 第 10 行.
INFO: Run Behavior\ParseTemplateBehavior [ RunTime:0.014827s ]
INFO: [ view_parse ] --END-- [ RunTime:0.014895s ]
INFO: [ view_filter ] --START--
INFO: Run Behavior\WriteHtmlCacheBehavior [ RunTime:0.000498s ]
INFO: [ view_filter ] --END-- [ RunTime:0.000538s ]
INFO: [ app_end ] --START--
INFO: Run Behavior\ShowPageTraceBehavior [ RunTime:0.000777s ]
INFO: [ app_end ] --END-- [ RunTime:0.000815s ]

[ 2016-11-13T16:26:10+08:00 ] 127.0.0.1 /index.php/Admin/Product/getSubCategory.html
INFO: [ app_init ] --START--
INFO: Run Behavior\BuildLiteBehavior [ RunTime:0.000015s ]
INFO: [ app_init ] --END-- [ RunTime:0.000553s ]
INFO: [ app_begin ] --START--
INFO: Run Behavior\ReadHtmlCacheBehavior [ RunTime:0.000879s ]
INFO: [ app_begin ] --END-- [ RunTime:0.000927s ]
SQL: SHOW COLUMNS FROM `ke_user` [ RunTime:0.0044s ]
SQL: SELECT * FROM `ke_user` WHERE `id` = 1 LIMIT 1   [ RunTime:0.0004s ]
SQL: SHOW COLUMNS FROM `ke_user` [ RunTime:0.0108s ]
SQL: SHOW COLUMNS FROM `ke_menu` [ RunTime:0.0037s ]
SQL: SHOW COLUMNS FROM `ke_role` [ RunTime:0.0034s ]
SQL: SELECT * FROM `ke_user` WHERE `id` = 1 LIMIT 1   [ RunTime:0.0004s ]
SQL: SELECT * FROM `ke_role` WHERE `id` = 1 LIMIT 1   [ RunTime:0.0003s ]
SQL: SELECT * FROM `ke_menu` WHERE `id` IN ('126','127','161','180','181','349','401','440','162','163','165','166','179','187','188','189','190','164','167','168','169','170','171','172','173','174','175','176','177','178','339','134','135','147','156','340','341','342','373','343','344','345','346','347','364','365','366','367','368','369','370','371','372','392','393','394','395','396','397','398','399','400','450','451','452','453','454','470','460','461','462','463','464','465','466','467','468','469','471','472','473','474','475') AND `type` = 1 ORDER BY sort desc  [ RunTime:0.0010s ]
NOTIC: [2] array_multisort(): Argument #2 is expected to be an array or a sort flag E:\www\sc\Application\Common\Common\function.php 第 177 行.
NOTIC: [2] array_multisort(): Argument #2 is expected to be an array or a sort flag E:\www\sc\Application\Common\Common\function.php 第 177 行.
SQL: SHOW COLUMNS FROM `ke_product_category` [ RunTime:0.0047s ]
NOTIC: [8] Use of undefined constant C_ID - assumed 'C_ID' E:\www\sc\Application\Admin\Controller\ProductController.class.php 第 784 行.
SQL: SELECT * FROM `ke_product_category` WHERE `status` = 1 AND `pid` = 384 ORDER BY sort desc, id desc  [ RunTime:0.0004s ]

[ 2016-11-13T16:26:11+08:00 ] 127.0.0.1 /index.php/Admin/Product/getAttribute.html
INFO: [ app_init ] --START--
INFO: Run Behavior\BuildLiteBehavior [ RunTime:0.000014s ]
INFO: [ app_init ] --END-- [ RunTime:0.000596s ]
INFO: [ app_begin ] --START--
INFO: Run Behavior\ReadHtmlCacheBehavior [ RunTime:0.000731s ]
INFO: [ app_begin ] --END-- [ RunTime:0.000778s ]
SQL: SHOW COLUMNS FROM `ke_user` [ RunTime:0.0048s ]
SQL: SELECT * FROM `ke_user` WHERE `id` = 1 LIMIT 1   [ RunTime:0.0004s ]
SQL: SHOW COLUMNS FROM `ke_user` [ RunTime:0.0038s ]
SQL: SHOW COLUMNS FROM `ke_menu` [ RunTime:0.0039s ]
SQL: SHOW COLUMNS FROM `ke_role` [ RunTime:0.0038s ]
SQL: SELECT * FROM `ke_user` WHERE `id` = 1 LIMIT 1   [ RunTime:0.0004s ]
SQL: SELECT * FROM `ke_role` WHERE `id` = 1 LIMIT 1   [ RunTime:0.0003s ]
SQL: SELECT * FROM `ke_menu` WHERE `id` IN ('126','127','161','180','181','349','401','440','162','163','165','166','179','187','188','189','190','164','167','168','169','170','171','172','173','174','175','176','177','178','339','134','135','147','156','340','341','342','373','343','344','345','346','347','364','365','366','367','368','369','370','371','372','392','393','394','395','396','397','398','399','400','450','451','452','453','454','470','460','461','462','463','464','465','466','467','468','469','471','472','473','474','475') AND `type` = 1 ORDER BY sort desc  [ RunTime:0.0015s ]
NOTIC: [2] array_multisort(): Argument #2 is expected to be an array or a sort flag E:\www\sc\Application\Common\Common\function.php 第 177 行.
NOTIC: [2] array_multisort(): Argument #2 is expected to be an array or a sort flag E:\www\sc\Application\Common\Common\function.php 第 177 行.
SQL: SHOW COLUMNS FROM `ke_product_attribute` [ RunTime:0.0781s ]
SQL: SELECT * FROM `ke_product_attribute` WHERE `status` = 1 AND `pid` = 384 ORDER BY sort desc, id desc  [ RunTime:0.0005s ]

[ 2016-11-13T16:26:13+08:00 ] 127.0.0.1 /index.php/Admin/Product/getSubCategory.html
INFO: [ app_init ] --START--
INFO: Run Behavior\BuildLiteBehavior [ RunTime:0.000056s ]
INFO: [ app_init ] --END-- [ RunTime:0.001043s ]
INFO: [ app_begin ] --START--
INFO: Run Behavior\ReadHtmlCacheBehavior [ RunTime:0.001232s ]
INFO: [ app_begin ] --END-- [ RunTime:0.001369s ]
SQL: SHOW COLUMNS FROM `ke_user` [ RunTime:0.0055s ]
SQL: SELECT * FROM `ke_user` WHERE `id` = 1 LIMIT 1   [ RunTime:0.0004s ]
SQL: SHOW COLUMNS FROM `ke_user` [ RunTime:0.0038s ]
SQL: SHOW COLUMNS FROM `ke_menu` [ RunTime:0.0039s ]
SQL: SHOW COLUMNS FROM `ke_role` [ RunTime:0.0039s ]
SQL: SELECT * FROM `ke_user` WHERE `id` = 1 LIMIT 1   [ RunTime:0.0004s ]
SQL: SELECT * FROM `ke_role` WHERE `id` = 1 LIMIT 1   [ RunTime:0.0003s ]
SQL: SELECT * FROM `ke_menu` WHERE `id` IN ('126','127','161','180','181','349','401','440','162','163','165','166','179','187','188','189','190','164','167','168','169','170','171','172','173','174','175','176','177','178','339','134','135','147','156','340','341','342','373','343','344','345','346','347','364','365','366','367','368','369','370','371','372','392','393','394','395','396','397','398','399','400','450','451','452','453','454','470','460','461','462','463','464','465','466','467','468','469','471','472','473','474','475') AND `type` = 1 ORDER BY sort desc  [ RunTime:0.0010s ]
NOTIC: [2] array_multisort(): Argument #2 is expected to be an array or a sort flag E:\www\sc\Application\Common\Common\function.php 第 177 行.
NOTIC: [2] array_multisort(): Argument #2 is expected to be an array or a sort flag E:\www\sc\Application\Common\Common\function.php 第 177 行.
SQL: SHOW COLUMNS FROM `ke_product_category` [ RunTime:0.0038s ]
NOTIC: [8] Use of undefined constant C_ID - assumed 'C_ID' E:\www\sc\Application\Admin\Controller\ProductController.class.php 第 784 行.
SQL: SELECT * FROM `ke_product_category` WHERE `status` = 1 AND `pid` = 387 ORDER BY sort desc, id desc  [ RunTime:0.0004s ]

[ 2016-11-13T16:26:14+08:00 ] 127.0.0.1 /index.php/Admin/Product/getAttribute.html
INFO: [ app_init ] --START--
INFO: Run Behavior\BuildLiteBehavior [ RunTime:0.000025s ]
INFO: [ app_init ] --END-- [ RunTime:0.000880s ]
INFO: [ app_begin ] --START--
INFO: Run Behavior\ReadHtmlCacheBehavior [ RunTime:0.001438s ]
INFO: [ app_begin ] --END-- [ RunTime:0.001592s ]
SQL: SHOW COLUMNS FROM `ke_user` [ RunTime:0.0041s ]
SQL: SELECT * FROM `ke_user` WHERE `id` = 1 LIMIT 1   [ RunTime:0.0004s ]
SQL: SHOW COLUMNS FROM `ke_user` [ RunTime:0.0037s ]
SQL: SHOW COLUMNS FROM `ke_menu` [ RunTime:0.0039s ]
SQL: SHOW COLUMNS FROM `ke_role` [ RunTime:0.0047s ]
SQL: SELECT * FROM `ke_user` WHERE `id` = 1 LIMIT 1   [ RunTime:0.0003s ]
SQL: SELECT * FROM `ke_role` WHERE `id` = 1 LIMIT 1   [ RunTime:0.0002s ]
SQL: SELECT * FROM `ke_menu` WHERE `id` IN ('126','127','161','180','181','349','401','440','162','163','165','166','179','187','188','189','190','164','167','168','169','170','171','172','173','174','175','176','177','178','339','134','135','147','156','340','341','342','373','343','344','345','346','347','364','365','366','367','368','369','370','371','372','392','393','394','395','396','397','398','399','400','450','451','452','453','454','470','460','461','462','463','464','465','466','467','468','469','471','472','473','474','475') AND `type` = 1 ORDER BY sort desc  [ RunTime:0.0009s ]
NOTIC: [2] array_multisort(): Argument #2 is expected to be an array or a sort flag E:\www\sc\Application\Common\Common\function.php 第 177 行.
NOTIC: [2] array_multisort(): Argument #2 is expected to be an array or a sort flag E:\www\sc\Application\Common\Common\function.php 第 177 行.
SQL: SHOW COLUMNS FROM `ke_product_attribute` [ RunTime:0.0037s ]
SQL: SELECT * FROM `ke_product_attribute` WHERE `status` = 1 AND `pid` = 387 ORDER BY sort desc, id desc  [ RunTime:0.0004s ]

[ 2016-11-13T16:26:16+08:00 ] 127.0.0.1 /index.php/Admin/Product/getSubCategory.html
INFO: [ app_init ] --START--
INFO: Run Behavior\BuildLiteBehavior [ RunTime:0.000028s ]
INFO: [ app_init ] --END-- [ RunTime:0.000971s ]
INFO: [ app_begin ] --START--
INFO: Run Behavior\ReadHtmlCacheBehavior [ RunTime:0.002769s ]
INFO: [ app_begin ] --END-- [ RunTime:0.003104s ]
SQL: SHOW COLUMNS FROM `ke_user` [ RunTime:0.0208s ]
SQL: SELECT * FROM `ke_user` WHERE `id` = 1 LIMIT 1   [ RunTime:0.0004s ]
SQL: SHOW COLUMNS FROM `ke_user` [ RunTime:0.0043s ]
SQL: SHOW COLUMNS FROM `ke_menu` [ RunTime:0.0042s ]
SQL: SHOW COLUMNS FROM `ke_role` [ RunTime:0.0037s ]
SQL: SELECT * FROM `ke_user` WHERE `id` = 1 LIMIT 1   [ RunTime:0.0004s ]
SQL: SELECT * FROM `ke_role` WHERE `id` = 1 LIMIT 1   [ RunTime:0.0003s ]
SQL: SELECT * FROM `ke_menu` WHERE `id` IN ('126','127','161','180','181','349','401','440','162','163','165','166','179','187','188','189','190','164','167','168','169','170','171','172','173','174','175','176','177','178','339','134','135','147','156','340','341','342','373','343','344','345','346','347','364','365','366','367','368','369','370','371','372','392','393','394','395','396','397','398','399','400','450','451','452','453','454','470','460','461','462','463','464','465','466','467','468','469','471','472','473','474','475') AND `type` = 1 ORDER BY sort desc  [ RunTime:0.0010s ]
NOTIC: [2] array_multisort(): Argument #2 is expected to be an array or a sort flag E:\www\sc\Application\Common\Common\function.php 第 177 行.
NOTIC: [2] array_multisort(): Argument #2 is expected to be an array or a sort flag E:\www\sc\Application\Common\Common\function.php 第 177 行.
SQL: SHOW COLUMNS FROM `ke_product_category` [ RunTime:0.0041s ]
NOTIC: [8] Use of undefined constant C_ID - assumed 'C_ID' E:\www\sc\Application\Admin\Controller\ProductController.class.php 第 784 行.
SQL: SELECT * FROM `ke_product_category` WHERE `status` = 1 AND `pid` = 385 ORDER BY sort desc, id desc  [ RunTime:0.0004s ]

[ 2016-11-13T16:26:17+08:00 ] 127.0.0.1 /index.php/Admin/Product/getAttribute.html
INFO: [ app_init ] --START--
INFO: Run Behavior\BuildLiteBehavior [ RunTime:0.000020s ]
INFO: [ app_init ] --END-- [ RunTime:0.000851s ]
INFO: [ app_begin ] --START--
INFO: Run Behavior\ReadHtmlCacheBehavior [ RunTime:0.001503s ]
INFO: [ app_begin ] --END-- [ RunTime:0.001598s ]
SQL: SHOW COLUMNS FROM `ke_user` [ RunTime:0.0040s ]
SQL: SELECT * FROM `ke_user` WHERE `id` = 1 LIMIT 1   [ RunTime:0.0004s ]
SQL: SHOW COLUMNS FROM `ke_user` [ RunTime:0.0038s ]
SQL: SHOW COLUMNS FROM `ke_menu` [ RunTime:0.0037s ]
SQL: SHOW COLUMNS FROM `ke_role` [ RunTime:0.0036s ]
SQL: SELECT * FROM `ke_user` WHERE `id` = 1 LIMIT 1   [ RunTime:0.0003s ]
SQL: SELECT * FROM `ke_role` WHERE `id` = 1 LIMIT 1   [ RunTime:0.0002s ]
SQL: SELECT * FROM `ke_menu` WHERE `id` IN ('126','127','161','180','181','349','401','440','162','163','165','166','179','187','188','189','190','164','167','168','169','170','171','172','173','174','175','176','177','178','339','134','135','147','156','340','341','342','373','343','344','345','346','347','364','365','366','367','368','369','370','371','372','392','393','394','395','396','397','398','399','400','450','451','452','453','454','470','460','461','462','463','464','465','466','467','468','469','471','472','473','474','475') AND `type` = 1 ORDER BY sort desc  [ RunTime:0.0009s ]
NOTIC: [2] array_multisort(): Argument #2 is expected to be an array or a sort flag E:\www\sc\Application\Common\Common\function.php 第 177 行.
NOTIC: [2] array_multisort(): Argument #2 is expected to be an array or a sort flag E:\www\sc\Application\Common\Common\function.php 第 177 行.
SQL: SHOW COLUMNS FROM `ke_product_attribute` [ RunTime:0.0037s ]
SQL: SELECT * FROM `ke_product_attribute` WHERE `status` = 1 AND `pid` = 385 ORDER BY sort desc, id desc  [ RunTime:0.0003s ]

[ 2016-11-13T16:26:18+08:00 ] 127.0.0.1 /index.php/Admin/Product/getAttribute.html
INFO: [ app_init ] --START--
INFO: Run Behavior\BuildLiteBehavior [ RunTime:0.000014s ]
INFO: [ app_init ] --END-- [ RunTime:0.000566s ]
INFO: [ app_begin ] --START--
INFO: Run Behavior\ReadHtmlCacheBehavior [ RunTime:0.000795s ]
INFO: [ app_begin ] --END-- [ RunTime:0.000841s ]
SQL: SHOW COLUMNS FROM `ke_user` [ RunTime:0.0047s ]
SQL: SELECT * FROM `ke_user` WHERE `id` = 1 LIMIT 1   [ RunTime:0.0004s ]
SQL: SHOW COLUMNS FROM `ke_user` [ RunTime:0.0045s ]
SQL: SHOW COLUMNS FROM `ke_menu` [ RunTime:0.0053s ]
SQL: SHOW COLUMNS FROM `ke_role` [ RunTime:0.0050s ]
SQL: SELECT * FROM `ke_user` WHERE `id` = 1 LIMIT 1   [ RunTime:0.0004s ]
SQL: SELECT * FROM `ke_role` WHERE `id` = 1 LIMIT 1   [ RunTime:0.0002s ]
SQL: SELECT * FROM `ke_menu` WHERE `id` IN ('126','127','161','180','181','349','401','440','162','163','165','166','179','187','188','189','190','164','167','168','169','170','171','172','173','174','175','176','177','178','339','134','135','147','156','340','341','342','373','343','344','345','346','347','364','365','366','367','368','369','370','371','372','392','393','394','395','396','397','398','399','400','450','451','452','453','454','470','460','461','462','463','464','465','466','467','468','469','471','472','473','474','475') AND `type` = 1 ORDER BY sort desc  [ RunTime:0.0010s ]
NOTIC: [2] array_multisort(): Argument #2 is expected to be an array or a sort flag E:\www\sc\Application\Common\Common\function.php 第 177 行.
NOTIC: [2] array_multisort(): Argument #2 is expected to be an array or a sort flag E:\www\sc\Application\Common\Common\function.php 第 177 行.
SQL: SHOW COLUMNS FROM `ke_product_attribute` [ RunTime:0.0048s ]
SQL: SELECT * FROM `ke_product_attribute` WHERE `status` = 1 AND `pid` = 386 ORDER BY sort desc, id desc  [ RunTime:0.0004s ]

[ 2016-11-13T16:26:21+08:00 ] 127.0.0.1 /index.php/Admin/Product/getSpecs.html
INFO: [ app_init ] --START--
INFO: Run Behavior\BuildLiteBehavior [ RunTime:0.000014s ]
INFO: [ app_init ] --END-- [ RunTime:0.000576s ]
INFO: [ app_begin ] --START--
INFO: Run Behavior\ReadHtmlCacheBehavior [ RunTime:0.000807s ]
INFO: [ app_begin ] --END-- [ RunTime:0.000863s ]
SQL: SHOW COLUMNS FROM `ke_user` [ RunTime:0.0090s ]
SQL: SELECT * FROM `ke_user` WHERE `id` = 1 LIMIT 1   [ RunTime:0.0004s ]
SQL: SHOW COLUMNS FROM `ke_user` [ RunTime:0.0062s ]
SQL: SHOW COLUMNS FROM `ke_menu` [ RunTime:0.0677s ]
SQL: SHOW COLUMNS FROM `ke_role` [ RunTime:0.0599s ]
SQL: SELECT * FROM `ke_user` WHERE `id` = 1 LIMIT 1   [ RunTime:0.0003s ]
SQL: SELECT * FROM `ke_role` WHERE `id` = 1 LIMIT 1   [ RunTime:0.0002s ]
SQL: SELECT * FROM `ke_menu` WHERE `id` IN ('126','127','161','180','181','349','401','440','162','163','165','166','179','187','188','189','190','164','167','168','169','170','171','172','173','174','175','176','177','178','339','134','135','147','156','340','341','342','373','343','344','345','346','347','364','365','366','367','368','369','370','371','372','392','393','394','395','396','397','398','399','400','450','451','452','453','454','470','460','461','462','463','464','465','466','467','468','469','471','472','473','474','475') AND `type` = 1 ORDER BY sort desc  [ RunTime:0.0009s ]
NOTIC: [2] array_multisort(): Argument #2 is expected to be an array or a sort flag E:\www\sc\Application\Common\Common\function.php 第 177 行.
NOTIC: [2] array_multisort(): Argument #2 is expected to be an array or a sort flag E:\www\sc\Application\Common\Common\function.php 第 177 行.
SQL: SHOW COLUMNS FROM `ke_product_specs` [ RunTime:0.1084s ]
SQL: SELECT * FROM `ke_product_specs` WHERE `pid` = 386 AND `status` = 1 ORDER BY id asc  [ RunTime:0.0003s ]

[ 2016-11-13T16:55:03+08:00 ] 127.0.0.1 /index.php/Admin/Category/index.html
INFO: [ app_init ] --START--
INFO: Run Behavior\BuildLiteBehavior [ RunTime:0.000014s ]
INFO: [ app_init ] --END-- [ RunTime:0.000974s ]
INFO: [ app_begin ] --START--
INFO: Run Behavior\ReadHtmlCacheBehavior [ RunTime:0.001047s ]
INFO: [ app_begin ] --END-- [ RunTime:0.001098s ]
SQL: SHOW COLUMNS FROM `ke_user` [ RunTime:0.0105s ]
SQL: SELECT * FROM `ke_user` WHERE `id` = 1 LIMIT 1   [ RunTime:0.0012s ]
SQL: SHOW COLUMNS FROM `ke_user` [ RunTime:0.0076s ]
SQL: SHOW COLUMNS FROM `ke_menu` [ RunTime:0.0069s ]
SQL: SHOW COLUMNS FROM `ke_role` [ RunTime:0.0049s ]
SQL: SELECT * FROM `ke_user` WHERE `id` = 1 LIMIT 1   [ RunTime:0.0004s ]
SQL: SELECT * FROM `ke_role` WHERE `id` = 1 LIMIT 1   [ RunTime:0.0004s ]
SQL: SELECT * FROM `ke_menu` WHERE `id` IN ('126','127','161','180','181','349','401','440','162','163','165','166','179','187','188','189','190','164','167','168','169','170','171','172','173','174','175','176','177','178','339','134','135','147','156','340','341','342','373','343','344','345','346','347','364','365','366','367','368','369','370','371','372','392','393','394','395','396','397','398','399','400','450','451','452','453','454','470','460','461','462','463','464','465','466','467','468','469','471','472','473','474','475') AND `type` = 1 ORDER BY sort desc  [ RunTime:0.0014s ]
NOTIC: [2] array_multisort(): Argument #2 is expected to be an array or a sort flag E:\www\sc\Application\Common\Common\function.php 第 177 行.
NOTIC: [2] array_multisort(): Argument #2 is expected to be an array or a sort flag E:\www\sc\Application\Common\Common\function.php 第 177 行.
SQL: SHOW COLUMNS FROM `ke_product_category` [ RunTime:0.0048s ]
SQL: SELECT * FROM `ke_product_category` WHERE `pid` = 0 ORDER BY sort desc, id desc  [ RunTime:0.0005s ]
SQL: SELECT * FROM `ke_product_category`  [ RunTime:0.0003s ]
INFO: [ view_parse ] --START--
INFO: [ template_filter ] --START--
INFO: Run Behavior\ContentReplaceBehavior [ RunTime:0.000125s ]
INFO: [ template_filter ] --END-- [ RunTime:0.000175s ]
NOTIC: [8] Undefined index: cur E:\www\sc\Runtime\Cache\Admin\9bfef0f9f473c596f668b6c9a32bfd5c.php 第 80 行.
NOTIC: [8] Undefined index: cur E:\www\sc\Runtime\Cache\Admin\9bfef0f9f473c596f668b6c9a32bfd5c.php 第 88 行.
NOTIC: [8] Undefined index: cur E:\www\sc\Runtime\Cache\Admin\9bfef0f9f473c596f668b6c9a32bfd5c.php 第 88 行.
NOTIC: [8] Undefined index: cur E:\www\sc\Runtime\Cache\Admin\9bfef0f9f473c596f668b6c9a32bfd5c.php 第 88 行.
NOTIC: [8] Undefined index: cur E:\www\sc\Runtime\Cache\Admin\9bfef0f9f473c596f668b6c9a32bfd5c.php 第 80 行.
NOTIC: [8] Undefined index: cur E:\www\sc\Runtime\Cache\Admin\9bfef0f9f473c596f668b6c9a32bfd5c.php 第 88 行.
NOTIC: [8] Undefined index: cur E:\www\sc\Runtime\Cache\Admin\9bfef0f9f473c596f668b6c9a32bfd5c.php 第 88 行.
NOTIC: [8] Undefined index: cur E:\www\sc\Runtime\Cache\Admin\9bfef0f9f473c596f668b6c9a32bfd5c.php 第 80 行.
NOTIC: [8] Undefined index: cur E:\www\sc\Runtime\Cache\Admin\9bfef0f9f473c596f668b6c9a32bfd5c.php 第 88 行.
NOTIC: [8] Undefined index: cur E:\www\sc\Runtime\Cache\Admin\9bfef0f9f473c596f668b6c9a32bfd5c.php 第 80 行.
NOTIC: [8] Undefined index: cur E:\www\sc\Runtime\Cache\Admin\9bfef0f9f473c596f668b6c9a32bfd5c.php 第 88 行.
NOTIC: [8] Undefined index: cur E:\www\sc\Runtime\Cache\Admin\9bfef0f9f473c596f668b6c9a32bfd5c.php 第 80 行.
NOTIC: [8] Undefined index: cur E:\www\sc\Runtime\Cache\Admin\9bfef0f9f473c596f668b6c9a32bfd5c.php 第 88 行.
NOTIC: [8] Undefined index: cur E:\www\sc\Runtime\Cache\Admin\9bfef0f9f473c596f668b6c9a32bfd5c.php 第 80 行.
NOTIC: [8] Undefined index: cur E:\www\sc\Runtime\Cache\Admin\9bfef0f9f473c596f668b6c9a32bfd5c.php 第 88 行.
NOTIC: [8] Undefined index: cur E:\www\sc\Runtime\Cache\Admin\9bfef0f9f473c596f668b6c9a32bfd5c.php 第 88 行.
NOTIC: [8] Undefined index: cur E:\www\sc\Runtime\Cache\Admin\9bfef0f9f473c596f668b6c9a32bfd5c.php 第 80 行.
NOTIC: [8] Undefined index: cur E:\www\sc\Runtime\Cache\Admin\9bfef0f9f473c596f668b6c9a32bfd5c.php 第 88 行.
NOTIC: [8] Undefined index: cur E:\www\sc\Runtime\Cache\Admin\9bfef0f9f473c596f668b6c9a32bfd5c.php 第 80 行.
NOTIC: [8] Undefined index: cur E:\www\sc\Runtime\Cache\Admin\9bfef0f9f473c596f668b6c9a32bfd5c.php 第 88 行.
NOTIC: [8] Undefined index: cur E:\www\sc\Runtime\Cache\Admin\9bfef0f9f473c596f668b6c9a32bfd5c.php 第 88 行.
NOTIC: [8] Undefined index: cur E:\www\sc\Runtime\Cache\Admin\9bfef0f9f473c596f668b6c9a32bfd5c.php 第 88 行.
NOTIC: [8] Undefined index: addtime E:\www\sc\Runtime\Cache\Admin\9bfef0f9f473c596f668b6c9a32bfd5c.php 第 185 行.
NOTIC: [8] Undefined variable: token E:\www\sc\Runtime\Cache\Admin\9bfef0f9f473c596f668b6c9a32bfd5c.php 第 187 行.
NOTIC: [8] Undefined variable: token E:\www\sc\Runtime\Cache\Admin\9bfef0f9f473c596f668b6c9a32bfd5c.php 第 189 行.
NOTIC: [8] Undefined variable: page E:\www\sc\Runtime\Cache\Admin\9bfef0f9f473c596f668b6c9a32bfd5c.php 第 202 行.
INFO: Run Behavior\ParseTemplateBehavior [ RunTime:0.031341s ]
INFO: [ view_parse ] --END-- [ RunTime:0.031413s ]
INFO: [ view_filter ] --START--
INFO: Run Behavior\WriteHtmlCacheBehavior [ RunTime:0.001785s ]
INFO: [ view_filter ] --END-- [ RunTime:0.001837s ]
INFO: [ app_end ] --START--
INFO: Run Behavior\ShowPageTraceBehavior [ RunTime:0.001512s ]
INFO: [ app_end ] --END-- [ RunTime:0.001586s ]

[ 2016-11-13T17:13:23+08:00 ] 127.0.0.1 /index.php/Admin/Order/index.html
INFO: [ app_init ] --START--
INFO: Run Behavior\BuildLiteBehavior [ RunTime:0.000015s ]
INFO: [ app_init ] --END-- [ RunTime:0.000653s ]
INFO: [ app_begin ] --START--
INFO: Run Behavior\ReadHtmlCacheBehavior [ RunTime:0.000861s ]
INFO: [ app_begin ] --END-- [ RunTime:0.000910s ]
SQL: SHOW COLUMNS FROM `ke_user` [ RunTime:0.0051s ]
SQL: SELECT * FROM `ke_user` WHERE `id` = 1 LIMIT 1   [ RunTime:0.0006s ]
SQL: SHOW COLUMNS FROM `ke_user` [ RunTime:0.0038s ]
SQL: SHOW COLUMNS FROM `ke_menu` [ RunTime:0.0048s ]
SQL: SHOW COLUMNS FROM `ke_role` [ RunTime:0.0038s ]
SQL: SELECT * FROM `ke_user` WHERE `id` = 1 LIMIT 1   [ RunTime:0.0003s ]
SQL: SELECT * FROM `ke_role` WHERE `id` = 1 LIMIT 1   [ RunTime:0.0003s ]
SQL: SELECT * FROM `ke_menu` WHERE `id` IN ('126','127','161','180','181','349','401','440','162','163','165','166','179','187','188','189','190','164','167','168','169','170','171','172','173','174','175','176','177','178','339','134','135','147','156','340','341','342','373','343','344','345','346','347','364','365','366','367','368','369','370','371','372','392','393','394','395','396','397','398','399','400','450','451','452','453','454','470','460','461','462','463','464','465','466','467','468','469','471','472','473','474','475') AND `type` = 1 ORDER BY sort desc  [ RunTime:0.0012s ]
NOTIC: [2] array_multisort(): Argument #2 is expected to be an array or a sort flag E:\www\sc\Application\Common\Common\function.php 第 177 行.
NOTIC: [2] array_multisort(): Argument #2 is expected to be an array or a sort flag E:\www\sc\Application\Common\Common\function.php 第 177 行.
NOTIC: [8] Undefined variable: status E:\www\sc\Application\Admin\Controller\OrderController.class.php 第 23 行.
NOTIC: [8] Undefined index: phone E:\www\sc\Application\Admin\Controller\OrderController.class.php 第 83 行.
NOTIC: [8] Undefined index: user_name E:\www\sc\Application\Admin\Controller\OrderController.class.php 第 88 行.
NOTIC: [8] Undefined index: trade_sn E:\www\sc\Application\Admin\Controller\OrderController.class.php 第 93 行.
NOTIC: [8] Undefined index: start_time E:\www\sc\Application\Admin\Controller\OrderController.class.php 第 98 行.
NOTIC: [8] Undefined index: end_time E:\www\sc\Application\Admin\Controller\OrderController.class.php 第 103 行.
SQL: SELECT pt.id
						FROM ke_product_trade pt
						LEFT JOIN ke_member m on m.id = pt.member_id WHERE 1=1  [ RunTime:0.0961s ]
NOTIC: [8] Undefined index: phone E:\www\sc\Application\Admin\Controller\OrderController.class.php 第 118 行.
NOTIC: [8] Undefined index: user_name E:\www\sc\Application\Admin\Controller\OrderController.class.php 第 123 行.
NOTIC: [8] Undefined index: trade_sn E:\www\sc\Application\Admin\Controller\OrderController.class.php 第 128 行.
NOTIC: [8] Undefined index: start_time E:\www\sc\Application\Admin\Controller\OrderController.class.php 第 133 行.
NOTIC: [8] Undefined index: end_time E:\www\sc\Application\Admin\Controller\OrderController.class.php 第 138 行.
SQL: 
				SELECT pdt.* 
					FROM (
							SELECT pt.id
							FROM ke_product_trade pt
							LEFT JOIN ke_member m on m.id = pt.member_id WHERE 1=1 
							ORDER BY pt.id desc limit 0,15
						) pid 

					LEFT JOIN 
						(
							SELECT rt1.*
							FROM ke_product_trade pt2 
							LEFT JOIN (SELECT pt.id, pt.buyer_name, pt.trade_sn, pt.payment_amount, pt.total_price, pt.add_time, pt.pay_time, pt.pay_mode, m.phone, po.goods_num, po.goods_name, po.goods_spec_name, po.goods_price, po.payment_price,po.refund_status,po.goods_img
								FROM ke_product_trade pt
								LEFT JOIN ke_product_order po on po.goods_trade_id = pt.id
								LEFT JOIN ke_member m on m.id = pt.member_id
						) rt1 on pt2.id = rt1.id) pdt on pid.id=pdt.id [ RunTime:0.0295s ]
INFO: [ view_parse ] --START--
INFO: [ template_filter ] --START--
INFO: Run Behavior\ContentReplaceBehavior [ RunTime:0.000135s ]
INFO: [ template_filter ] --END-- [ RunTime:0.000184s ]
NOTIC: [8] Undefined index: cur E:\www\sc\Runtime\Cache\Admin\18bc66a7b6334412ab8e61a2539ecfbd.php 第 87 行.
NOTIC: [8] Undefined index: cur E:\www\sc\Runtime\Cache\Admin\18bc66a7b6334412ab8e61a2539ecfbd.php 第 95 行.
NOTIC: [8] Undefined index: cur E:\www\sc\Runtime\Cache\Admin\18bc66a7b6334412ab8e61a2539ecfbd.php 第 87 行.
NOTIC: [8] Undefined index: cur E:\www\sc\Runtime\Cache\Admin\18bc66a7b6334412ab8e61a2539ecfbd.php 第 95 行.
NOTIC: [8] Undefined index: cur E:\www\sc\Runtime\Cache\Admin\18bc66a7b6334412ab8e61a2539ecfbd.php 第 95 行.
NOTIC: [8] Undefined index: cur E:\www\sc\Runtime\Cache\Admin\18bc66a7b6334412ab8e61a2539ecfbd.php 第 95 行.
NOTIC: [8] Undefined index: cur E:\www\sc\Runtime\Cache\Admin\18bc66a7b6334412ab8e61a2539ecfbd.php 第 95 行.
NOTIC: [8] Undefined index: cur E:\www\sc\Runtime\Cache\Admin\18bc66a7b6334412ab8e61a2539ecfbd.php 第 87 行.
NOTIC: [8] Undefined index: cur E:\www\sc\Runtime\Cache\Admin\18bc66a7b6334412ab8e61a2539ecfbd.php 第 95 行.
NOTIC: [8] Undefined index: cur E:\www\sc\Runtime\Cache\Admin\18bc66a7b6334412ab8e61a2539ecfbd.php 第 87 行.
NOTIC: [8] Undefined index: cur E:\www\sc\Runtime\Cache\Admin\18bc66a7b6334412ab8e61a2539ecfbd.php 第 95 行.
NOTIC: [8] Undefined index: cur E:\www\sc\Runtime\Cache\Admin\18bc66a7b6334412ab8e61a2539ecfbd.php 第 87 行.
NOTIC: [8] Undefined index: cur E:\www\sc\Runtime\Cache\Admin\18bc66a7b6334412ab8e61a2539ecfbd.php 第 95 行.
NOTIC: [8] Undefined index: cur E:\www\sc\Runtime\Cache\Admin\18bc66a7b6334412ab8e61a2539ecfbd.php 第 87 行.
NOTIC: [8] Undefined index: cur E:\www\sc\Runtime\Cache\Admin\18bc66a7b6334412ab8e61a2539ecfbd.php 第 95 行.
NOTIC: [8] Undefined index: cur E:\www\sc\Runtime\Cache\Admin\18bc66a7b6334412ab8e61a2539ecfbd.php 第 95 行.
NOTIC: [8] Undefined index: cur E:\www\sc\Runtime\Cache\Admin\18bc66a7b6334412ab8e61a2539ecfbd.php 第 87 行.
NOTIC: [8] Undefined index: cur E:\www\sc\Runtime\Cache\Admin\18bc66a7b6334412ab8e61a2539ecfbd.php 第 95 行.
NOTIC: [8] Undefined index: cur E:\www\sc\Runtime\Cache\Admin\18bc66a7b6334412ab8e61a2539ecfbd.php 第 87 行.
NOTIC: [8] Undefined index: cur E:\www\sc\Runtime\Cache\Admin\18bc66a7b6334412ab8e61a2539ecfbd.php 第 95 行.
NOTIC: [8] Undefined index: cur E:\www\sc\Runtime\Cache\Admin\18bc66a7b6334412ab8e61a2539ecfbd.php 第 95 行.
NOTIC: [8] Undefined index: cur E:\www\sc\Runtime\Cache\Admin\18bc66a7b6334412ab8e61a2539ecfbd.php 第 95 行.
INFO: Run Behavior\ParseTemplateBehavior [ RunTime:0.027013s ]
INFO: [ view_parse ] --END-- [ RunTime:0.027065s ]
INFO: [ view_filter ] --START--
INFO: Run Behavior\WriteHtmlCacheBehavior [ RunTime:0.000585s ]
INFO: [ view_filter ] --END-- [ RunTime:0.000623s ]
INFO: [ app_end ] --START--
INFO: Run Behavior\ShowPageTraceBehavior [ RunTime:0.001478s ]
INFO: [ app_end ] --END-- [ RunTime:0.001586s ]

[ 2016-11-13T17:13:28+08:00 ] 127.0.0.1 /index.php/Admin/Order/refund.html
INFO: [ app_init ] --START--
INFO: Run Behavior\BuildLiteBehavior [ RunTime:0.000014s ]
INFO: [ app_init ] --END-- [ RunTime:0.000509s ]
INFO: [ app_begin ] --START--
INFO: Run Behavior\ReadHtmlCacheBehavior [ RunTime:0.000763s ]
INFO: [ app_begin ] --END-- [ RunTime:0.000820s ]
SQL: SHOW COLUMNS FROM `ke_user` [ RunTime:0.0265s ]
SQL: SELECT * FROM `ke_user` WHERE `id` = 1 LIMIT 1   [ RunTime:0.0004s ]
SQL: SHOW COLUMNS FROM `ke_user` [ RunTime:0.0043s ]
SQL: SHOW COLUMNS FROM `ke_menu` [ RunTime:0.0043s ]
SQL: SHOW COLUMNS FROM `ke_role` [ RunTime:0.0042s ]
SQL: SELECT * FROM `ke_user` WHERE `id` = 1 LIMIT 1   [ RunTime:0.0003s ]
SQL: SELECT * FROM `ke_role` WHERE `id` = 1 LIMIT 1   [ RunTime:0.0002s ]
SQL: SELECT * FROM `ke_menu` WHERE `id` IN ('126','127','161','180','181','349','401','440','162','163','165','166','179','187','188','189','190','164','167','168','169','170','171','172','173','174','175','176','177','178','339','134','135','147','156','340','341','342','373','343','344','345','346','347','364','365','366','367','368','369','370','371','372','392','393','394','395','396','397','398','399','400','450','451','452','453','454','470','460','461','462','463','464','465','466','467','468','469','471','472','473','474','475') AND `type` = 1 ORDER BY sort desc  [ RunTime:0.0011s ]
NOTIC: [2] array_multisort(): Argument #2 is expected to be an array or a sort flag E:\www\sc\Application\Common\Common\function.php 第 177 行.
NOTIC: [2] array_multisort(): Argument #2 is expected to be an array or a sort flag E:\www\sc\Application\Common\Common\function.php 第 177 行.
ERR: 非法操作:refund

