[ 2016-11-22T00:23:05+08:00 ] 127.0.0.1 /index.php/Admin/Region/index.html
INFO: [ app_init ] --START--
INFO: Run Behavior\BuildLiteBehavior [ RunTime:0.000013s ]
INFO: [ app_init ] --END-- [ RunTime:0.000506s ]
INFO: [ app_begin ] --START--
INFO: Run Behavior\ReadHtmlCacheBehavior [ RunTime:0.000827s ]
INFO: [ app_begin ] --END-- [ RunTime:0.000883s ]
SQL: SHOW COLUMNS FROM `ke_user` [ RunTime:0.0043s ]
SQL: SELECT * FROM `ke_user` WHERE `id` = 1 LIMIT 1   [ RunTime:0.0005s ]
SQL: SHOW COLUMNS FROM `ke_user` [ RunTime:0.0044s ]
SQL: SHOW COLUMNS FROM `ke_menu` [ RunTime:0.0038s ]
SQL: SHOW COLUMNS FROM `ke_role` [ RunTime:0.0044s ]
SQL: SELECT * FROM `ke_user` WHERE `id` = 1 LIMIT 1   [ RunTime:0.0003s ]
SQL: SELECT * FROM `ke_role` WHERE `id` = 1 LIMIT 1   [ RunTime:0.0003s ]
SQL: SELECT * FROM `ke_menu` WHERE `id` IN ('126','127','161','180','181','349','401','440','162','163','165','166','179','187','188','189','190','164','167','168','169','170','171','172','173','174','175','176','177','178','339','134','135','147','156','340','341','342','373','343','344','345','346','347','364','365','366','367','368','369','370','371','372','392','393','394','395','396','397','398','399','400','450','451','452','453','454','470','460','461','462','463','464','465','466','467','468','469','471','472','473','474','475') AND `type` = 1 ORDER BY sort desc  [ RunTime:0.0011s ]
NOTIC: [2] array_multisort(): Argument #2 is expected to be an array or a sort flag E:\www\sc\Application\Common\Common\function.php 第 177 行.
NOTIC: [2] array_multisort(): Argument #2 is expected to be an array or a sort flag E:\www\sc\Application\Common\Common\function.php 第 177 行.
SQL: SHOW COLUMNS FROM `ke_region` [ RunTime:0.0037s ]
SQL: SELECT * FROM `ke_region` WHERE `pid` = 0 ORDER BY id asc  [ RunTime:0.0004s ]
INFO: [ view_parse ] --START--
INFO: [ template_filter ] --START--
INFO: Run Behavior\ContentReplaceBehavior [ RunTime:0.000117s ]
INFO: [ template_filter ] --END-- [ RunTime:0.000169s ]
NOTIC: [8] Undefined index: cur E:\www\sc\Runtime\Cache\Admin\9f8ee44ecc797c2c3560363c09537890.php 第 80 行.
NOTIC: [8] Undefined index: cur E:\www\sc\Runtime\Cache\Admin\9f8ee44ecc797c2c3560363c09537890.php 第 88 行.
NOTIC: [8] Undefined index: cur E:\www\sc\Runtime\Cache\Admin\9f8ee44ecc797c2c3560363c09537890.php 第 80 行.
NOTIC: [8] Undefined index: cur E:\www\sc\Runtime\Cache\Admin\9f8ee44ecc797c2c3560363c09537890.php 第 88 行.
NOTIC: [8] Undefined index: cur E:\www\sc\Runtime\Cache\Admin\9f8ee44ecc797c2c3560363c09537890.php 第 88 行.
NOTIC: [8] Undefined index: cur E:\www\sc\Runtime\Cache\Admin\9f8ee44ecc797c2c3560363c09537890.php 第 88 行.
NOTIC: [8] Undefined index: cur E:\www\sc\Runtime\Cache\Admin\9f8ee44ecc797c2c3560363c09537890.php 第 80 行.
NOTIC: [8] Undefined index: cur E:\www\sc\Runtime\Cache\Admin\9f8ee44ecc797c2c3560363c09537890.php 第 88 行.
NOTIC: [8] Undefined index: cur E:\www\sc\Runtime\Cache\Admin\9f8ee44ecc797c2c3560363c09537890.php 第 88 行.
NOTIC: [8] Undefined index: cur E:\www\sc\Runtime\Cache\Admin\9f8ee44ecc797c2c3560363c09537890.php 第 80 行.
NOTIC: [8] Undefined index: cur E:\www\sc\Runtime\Cache\Admin\9f8ee44ecc797c2c3560363c09537890.php 第 88 行.
NOTIC: [8] Undefined index: cur E:\www\sc\Runtime\Cache\Admin\9f8ee44ecc797c2c3560363c09537890.php 第 80 行.
NOTIC: [8] Undefined index: cur E:\www\sc\Runtime\Cache\Admin\9f8ee44ecc797c2c3560363c09537890.php 第 88 行.
NOTIC: [8] Undefined index: cur E:\www\sc\Runtime\Cache\Admin\9f8ee44ecc797c2c3560363c09537890.php 第 80 行.
NOTIC: [8] Undefined index: cur E:\www\sc\Runtime\Cache\Admin\9f8ee44ecc797c2c3560363c09537890.php 第 88 行.
NOTIC: [8] Undefined index: cur E:\www\sc\Runtime\Cache\Admin\9f8ee44ecc797c2c3560363c09537890.php 第 80 行.
NOTIC: [8] Undefined index: cur E:\www\sc\Runtime\Cache\Admin\9f8ee44ecc797c2c3560363c09537890.php 第 88 行.
NOTIC: [8] Undefined index: cur E:\www\sc\Runtime\Cache\Admin\9f8ee44ecc797c2c3560363c09537890.php 第 88 行.
NOTIC: [8] Undefined index: cur E:\www\sc\Runtime\Cache\Admin\9f8ee44ecc797c2c3560363c09537890.php 第 80 行.
NOTIC: [8] Undefined index: cur E:\www\sc\Runtime\Cache\Admin\9f8ee44ecc797c2c3560363c09537890.php 第 88 行.
NOTIC: [8] Undefined index: cur E:\www\sc\Runtime\Cache\Admin\9f8ee44ecc797c2c3560363c09537890.php 第 88 行.
NOTIC: [8] Undefined index: cur E:\www\sc\Runtime\Cache\Admin\9f8ee44ecc797c2c3560363c09537890.php 第 88 行.
NOTIC: [8] Undefined variable: type E:\www\sc\Runtime\Cache\Admin\9f8ee44ecc797c2c3560363c09537890.php 第 150 行.
INFO: Run Behavior\ParseTemplateBehavior [ RunTime:0.022660s ]
INFO: [ view_parse ] --END-- [ RunTime:0.022727s ]
INFO: [ view_filter ] --START--
INFO: Run Behavior\WriteHtmlCacheBehavior [ RunTime:0.000487s ]
INFO: [ view_filter ] --END-- [ RunTime:0.000544s ]
INFO: [ app_end ] --START--
INFO: Run Behavior\ShowPageTraceBehavior [ RunTime:0.000898s ]
INFO: [ app_end ] --END-- [ RunTime:0.000970s ]

[ 2016-11-22T00:23:08+08:00 ] 127.0.0.1 /index.php/Admin/Region/index/pid/21.html
INFO: [ app_init ] --START--
INFO: Run Behavior\BuildLiteBehavior [ RunTime:0.000012s ]
INFO: [ app_init ] --END-- [ RunTime:0.000452s ]
INFO: [ app_begin ] --START--
INFO: Run Behavior\ReadHtmlCacheBehavior [ RunTime:0.000680s ]
INFO: [ app_begin ] --END-- [ RunTime:0.000727s ]
SQL: SHOW COLUMNS FROM `ke_user` [ RunTime:0.0040s ]
SQL: SELECT * FROM `ke_user` WHERE `id` = 1 LIMIT 1   [ RunTime:0.0004s ]
SQL: SHOW COLUMNS FROM `ke_user` [ RunTime:0.0040s ]
SQL: SHOW COLUMNS FROM `ke_menu` [ RunTime:0.0038s ]
SQL: SHOW COLUMNS FROM `ke_role` [ RunTime:0.0041s ]
SQL: SELECT * FROM `ke_user` WHERE `id` = 1 LIMIT 1   [ RunTime:0.0004s ]
SQL: SELECT * FROM `ke_role` WHERE `id` = 1 LIMIT 1   [ RunTime:0.0003s ]
SQL: SELECT * FROM `ke_menu` WHERE `id` IN ('126','127','161','180','181','349','401','440','162','163','165','166','179','187','188','189','190','164','167','168','169','170','171','172','173','174','175','176','177','178','339','134','135','147','156','340','341','342','373','343','344','345','346','347','364','365','366','367','368','369','370','371','372','392','393','394','395','396','397','398','399','400','450','451','452','453','454','470','460','461','462','463','464','465','466','467','468','469','471','472','473','474','475') AND `type` = 1 ORDER BY sort desc  [ RunTime:0.0010s ]
NOTIC: [2] array_multisort(): Argument #2 is expected to be an array or a sort flag E:\www\sc\Application\Common\Common\function.php 第 177 行.
NOTIC: [2] array_multisort(): Argument #2 is expected to be an array or a sort flag E:\www\sc\Application\Common\Common\function.php 第 177 行.
SQL: SHOW COLUMNS FROM `ke_region` [ RunTime:0.0040s ]
SQL: SELECT * FROM `ke_region` WHERE `pid` = 21 ORDER BY id asc  [ RunTime:0.0004s ]
SQL: SELECT * FROM `ke_region` WHERE `id` = 21 LIMIT 1   [ RunTime:0.0003s ]
INFO: [ view_parse ] --START--
INFO: [ template_filter ] --START--
INFO: Run Behavior\ContentReplaceBehavior [ RunTime:0.000114s ]
INFO: [ template_filter ] --END-- [ RunTime:0.000164s ]
NOTIC: [8] Undefined index: cur E:\www\sc\Runtime\Cache\Admin\9f8ee44ecc797c2c3560363c09537890.php 第 80 行.
NOTIC: [8] Undefined index: cur E:\www\sc\Runtime\Cache\Admin\9f8ee44ecc797c2c3560363c09537890.php 第 88 行.
NOTIC: [8] Undefined index: cur E:\www\sc\Runtime\Cache\Admin\9f8ee44ecc797c2c3560363c09537890.php 第 80 行.
NOTIC: [8] Undefined index: cur E:\www\sc\Runtime\Cache\Admin\9f8ee44ecc797c2c3560363c09537890.php 第 88 行.
NOTIC: [8] Undefined index: cur E:\www\sc\Runtime\Cache\Admin\9f8ee44ecc797c2c3560363c09537890.php 第 88 行.
NOTIC: [8] Undefined index: cur E:\www\sc\Runtime\Cache\Admin\9f8ee44ecc797c2c3560363c09537890.php 第 88 行.
NOTIC: [8] Undefined index: cur E:\www\sc\Runtime\Cache\Admin\9f8ee44ecc797c2c3560363c09537890.php 第 80 行.
NOTIC: [8] Undefined index: cur E:\www\sc\Runtime\Cache\Admin\9f8ee44ecc797c2c3560363c09537890.php 第 88 行.
NOTIC: [8] Undefined index: cur E:\www\sc\Runtime\Cache\Admin\9f8ee44ecc797c2c3560363c09537890.php 第 88 行.
NOTIC: [8] Undefined index: cur E:\www\sc\Runtime\Cache\Admin\9f8ee44ecc797c2c3560363c09537890.php 第 80 行.
NOTIC: [8] Undefined index: cur E:\www\sc\Runtime\Cache\Admin\9f8ee44ecc797c2c3560363c09537890.php 第 88 行.
NOTIC: [8] Undefined index: cur E:\www\sc\Runtime\Cache\Admin\9f8ee44ecc797c2c3560363c09537890.php 第 80 行.
NOTIC: [8] Undefined index: cur E:\www\sc\Runtime\Cache\Admin\9f8ee44ecc797c2c3560363c09537890.php 第 88 行.
NOTIC: [8] Undefined index: cur E:\www\sc\Runtime\Cache\Admin\9f8ee44ecc797c2c3560363c09537890.php 第 80 行.
NOTIC: [8] Undefined index: cur E:\www\sc\Runtime\Cache\Admin\9f8ee44ecc797c2c3560363c09537890.php 第 88 行.
NOTIC: [8] Undefined index: cur E:\www\sc\Runtime\Cache\Admin\9f8ee44ecc797c2c3560363c09537890.php 第 80 行.
NOTIC: [8] Undefined index: cur E:\www\sc\Runtime\Cache\Admin\9f8ee44ecc797c2c3560363c09537890.php 第 88 行.
NOTIC: [8] Undefined index: cur E:\www\sc\Runtime\Cache\Admin\9f8ee44ecc797c2c3560363c09537890.php 第 88 行.
NOTIC: [8] Undefined index: cur E:\www\sc\Runtime\Cache\Admin\9f8ee44ecc797c2c3560363c09537890.php 第 80 行.
NOTIC: [8] Undefined index: cur E:\www\sc\Runtime\Cache\Admin\9f8ee44ecc797c2c3560363c09537890.php 第 88 行.
NOTIC: [8] Undefined index: cur E:\www\sc\Runtime\Cache\Admin\9f8ee44ecc797c2c3560363c09537890.php 第 88 行.
NOTIC: [8] Undefined index: cur E:\www\sc\Runtime\Cache\Admin\9f8ee44ecc797c2c3560363c09537890.php 第 88 行.
NOTIC: [8] Undefined variable: type E:\www\sc\Runtime\Cache\Admin\9f8ee44ecc797c2c3560363c09537890.php 第 150 行.
INFO: Run Behavior\ParseTemplateBehavior [ RunTime:0.016009s ]
INFO: [ view_parse ] --END-- [ RunTime:0.016060s ]
INFO: [ view_filter ] --START--
INFO: Run Behavior\WriteHtmlCacheBehavior [ RunTime:0.000424s ]
INFO: [ view_filter ] --END-- [ RunTime:0.000464s ]
INFO: [ app_end ] --START--
INFO: Run Behavior\ShowPageTraceBehavior [ RunTime:0.000795s ]
INFO: [ app_end ] --END-- [ RunTime:0.000858s ]

[ 2016-11-22T00:23:11+08:00 ] 127.0.0.1 /index.php/Admin/Region/index/pid/22.html
INFO: [ app_init ] --START--
INFO: Run Behavior\BuildLiteBehavior [ RunTime:0.000014s ]
INFO: [ app_init ] --END-- [ RunTime:0.000448s ]
INFO: [ app_begin ] --START--
INFO: Run Behavior\ReadHtmlCacheBehavior [ RunTime:0.000632s ]
INFO: [ app_begin ] --END-- [ RunTime:0.000682s ]
SQL: SHOW COLUMNS FROM `ke_user` [ RunTime:0.0039s ]
SQL: SELECT * FROM `ke_user` WHERE `id` = 1 LIMIT 1   [ RunTime:0.0004s ]
SQL: SHOW COLUMNS FROM `ke_user` [ RunTime:0.0041s ]
SQL: SHOW COLUMNS FROM `ke_menu` [ RunTime:0.0037s ]
SQL: SHOW COLUMNS FROM `ke_role` [ RunTime:0.0037s ]
SQL: SELECT * FROM `ke_user` WHERE `id` = 1 LIMIT 1   [ RunTime:0.0005s ]
SQL: SELECT * FROM `ke_role` WHERE `id` = 1 LIMIT 1   [ RunTime:0.0004s ]
SQL: SELECT * FROM `ke_menu` WHERE `id` IN ('126','127','161','180','181','349','401','440','162','163','165','166','179','187','188','189','190','164','167','168','169','170','171','172','173','174','175','176','177','178','339','134','135','147','156','340','341','342','373','343','344','345','346','347','364','365','366','367','368','369','370','371','372','392','393','394','395','396','397','398','399','400','450','451','452','453','454','470','460','461','462','463','464','465','466','467','468','469','471','472','473','474','475') AND `type` = 1 ORDER BY sort desc  [ RunTime:0.0010s ]
NOTIC: [2] array_multisort(): Argument #2 is expected to be an array or a sort flag E:\www\sc\Application\Common\Common\function.php 第 177 行.
NOTIC: [2] array_multisort(): Argument #2 is expected to be an array or a sort flag E:\www\sc\Application\Common\Common\function.php 第 177 行.
SQL: SHOW COLUMNS FROM `ke_region` [ RunTime:0.0037s ]
SQL: SELECT * FROM `ke_region` WHERE `pid` = 22 ORDER BY id asc  [ RunTime:0.0003s ]
SQL: SELECT * FROM `ke_region` WHERE `id` = 22 LIMIT 1   [ RunTime:0.0002s ]
INFO: [ view_parse ] --START--
INFO: [ template_filter ] --START--
INFO: Run Behavior\ContentReplaceBehavior [ RunTime:0.000116s ]
INFO: [ template_filter ] --END-- [ RunTime:0.000168s ]
NOTIC: [8] Undefined index: cur E:\www\sc\Runtime\Cache\Admin\9f8ee44ecc797c2c3560363c09537890.php 第 80 行.
NOTIC: [8] Undefined index: cur E:\www\sc\Runtime\Cache\Admin\9f8ee44ecc797c2c3560363c09537890.php 第 88 行.
NOTIC: [8] Undefined index: cur E:\www\sc\Runtime\Cache\Admin\9f8ee44ecc797c2c3560363c09537890.php 第 80 行.
NOTIC: [8] Undefined index: cur E:\www\sc\Runtime\Cache\Admin\9f8ee44ecc797c2c3560363c09537890.php 第 88 行.
NOTIC: [8] Undefined index: cur E:\www\sc\Runtime\Cache\Admin\9f8ee44ecc797c2c3560363c09537890.php 第 88 行.
NOTIC: [8] Undefined index: cur E:\www\sc\Runtime\Cache\Admin\9f8ee44ecc797c2c3560363c09537890.php 第 88 行.
NOTIC: [8] Undefined index: cur E:\www\sc\Runtime\Cache\Admin\9f8ee44ecc797c2c3560363c09537890.php 第 80 行.
NOTIC: [8] Undefined index: cur E:\www\sc\Runtime\Cache\Admin\9f8ee44ecc797c2c3560363c09537890.php 第 88 行.
NOTIC: [8] Undefined index: cur E:\www\sc\Runtime\Cache\Admin\9f8ee44ecc797c2c3560363c09537890.php 第 88 行.
NOTIC: [8] Undefined index: cur E:\www\sc\Runtime\Cache\Admin\9f8ee44ecc797c2c3560363c09537890.php 第 80 行.
NOTIC: [8] Undefined index: cur E:\www\sc\Runtime\Cache\Admin\9f8ee44ecc797c2c3560363c09537890.php 第 88 行.
NOTIC: [8] Undefined index: cur E:\www\sc\Runtime\Cache\Admin\9f8ee44ecc797c2c3560363c09537890.php 第 80 行.
NOTIC: [8] Undefined index: cur E:\www\sc\Runtime\Cache\Admin\9f8ee44ecc797c2c3560363c09537890.php 第 88 行.
NOTIC: [8] Undefined index: cur E:\www\sc\Runtime\Cache\Admin\9f8ee44ecc797c2c3560363c09537890.php 第 80 行.
NOTIC: [8] Undefined index: cur E:\www\sc\Runtime\Cache\Admin\9f8ee44ecc797c2c3560363c09537890.php 第 88 行.
NOTIC: [8] Undefined index: cur E:\www\sc\Runtime\Cache\Admin\9f8ee44ecc797c2c3560363c09537890.php 第 80 行.
NOTIC: [8] Undefined index: cur E:\www\sc\Runtime\Cache\Admin\9f8ee44ecc797c2c3560363c09537890.php 第 88 行.
NOTIC: [8] Undefined index: cur E:\www\sc\Runtime\Cache\Admin\9f8ee44ecc797c2c3560363c09537890.php 第 88 行.
NOTIC: [8] Undefined index: cur E:\www\sc\Runtime\Cache\Admin\9f8ee44ecc797c2c3560363c09537890.php 第 80 行.
NOTIC: [8] Undefined index: cur E:\www\sc\Runtime\Cache\Admin\9f8ee44ecc797c2c3560363c09537890.php 第 88 行.
NOTIC: [8] Undefined index: cur E:\www\sc\Runtime\Cache\Admin\9f8ee44ecc797c2c3560363c09537890.php 第 88 行.
NOTIC: [8] Undefined index: cur E:\www\sc\Runtime\Cache\Admin\9f8ee44ecc797c2c3560363c09537890.php 第 88 行.
NOTIC: [8] Undefined variable: type E:\www\sc\Runtime\Cache\Admin\9f8ee44ecc797c2c3560363c09537890.php 第 150 行.
INFO: Run Behavior\ParseTemplateBehavior [ RunTime:0.015517s ]
INFO: [ view_parse ] --END-- [ RunTime:0.015567s ]
INFO: [ view_filter ] --START--
INFO: Run Behavior\WriteHtmlCacheBehavior [ RunTime:0.000427s ]
INFO: [ view_filter ] --END-- [ RunTime:0.000473s ]
INFO: [ app_end ] --START--
INFO: Run Behavior\ShowPageTraceBehavior [ RunTime:0.000818s ]
INFO: [ app_end ] --END-- [ RunTime:0.000871s ]

[ 2016-11-22T03:12:16+08:00 ] 127.0.0.1 /index.php/Admin/Order/index.html
INFO: [ app_init ] --START--
INFO: Run Behavior\BuildLiteBehavior [ RunTime:0.000014s ]
INFO: [ app_init ] --END-- [ RunTime:0.000561s ]
INFO: [ app_begin ] --START--
INFO: Run Behavior\ReadHtmlCacheBehavior [ RunTime:0.000792s ]
INFO: [ app_begin ] --END-- [ RunTime:0.000840s ]
SQL: SHOW COLUMNS FROM `ke_user` [ RunTime:0.0041s ]
SQL: SELECT * FROM `ke_user` WHERE `id` = 1 LIMIT 1   [ RunTime:0.0004s ]
SQL: SHOW COLUMNS FROM `ke_user` [ RunTime:0.0049s ]
SQL: SHOW COLUMNS FROM `ke_menu` [ RunTime:0.0039s ]
SQL: SHOW COLUMNS FROM `ke_role` [ RunTime:0.0041s ]
SQL: SELECT * FROM `ke_user` WHERE `id` = 1 LIMIT 1   [ RunTime:0.0003s ]
SQL: SELECT * FROM `ke_role` WHERE `id` = 1 LIMIT 1   [ RunTime:0.0003s ]
SQL: SELECT * FROM `ke_menu` WHERE `id` IN ('126','127','161','180','181','349','401','440','162','163','165','166','179','187','188','189','190','164','167','168','169','170','171','172','173','174','175','176','177','178','339','134','135','147','156','340','341','342','373','343','344','345','346','347','364','365','366','367','368','369','370','371','372','392','393','394','395','396','397','398','399','400','450','451','452','453','454','470','460','461','462','463','464','465','466','467','468','469','471','472','473','474','475') AND `type` = 1 ORDER BY sort desc  [ RunTime:0.0013s ]
NOTIC: [2] array_multisort(): Argument #2 is expected to be an array or a sort flag E:\www\sc\Application\Common\Common\function.php 第 177 行.
NOTIC: [2] array_multisort(): Argument #2 is expected to be an array or a sort flag E:\www\sc\Application\Common\Common\function.php 第 177 行.
NOTIC: [8] Undefined variable: status E:\www\sc\Application\Admin\Controller\OrderController.class.php 第 23 行.
NOTIC: [8] Undefined index: phone E:\www\sc\Application\Admin\Controller\OrderController.class.php 第 83 行.
NOTIC: [8] Undefined index: user_name E:\www\sc\Application\Admin\Controller\OrderController.class.php 第 88 行.
NOTIC: [8] Undefined index: trade_sn E:\www\sc\Application\Admin\Controller\OrderController.class.php 第 93 行.
NOTIC: [8] Undefined index: start_time E:\www\sc\Application\Admin\Controller\OrderController.class.php 第 98 行.
NOTIC: [8] Undefined index: end_time E:\www\sc\Application\Admin\Controller\OrderController.class.php 第 103 行.
SQL: SELECT pt.id
						FROM ke_product_trade pt
						LEFT JOIN ke_member m on m.id = pt.member_id WHERE 1=1  [ RunTime:0.0004s ]
NOTIC: [8] Undefined index: phone E:\www\sc\Application\Admin\Controller\OrderController.class.php 第 118 行.
NOTIC: [8] Undefined index: user_name E:\www\sc\Application\Admin\Controller\OrderController.class.php 第 123 行.
NOTIC: [8] Undefined index: trade_sn E:\www\sc\Application\Admin\Controller\OrderController.class.php 第 128 行.
NOTIC: [8] Undefined index: start_time E:\www\sc\Application\Admin\Controller\OrderController.class.php 第 133 行.
NOTIC: [8] Undefined index: end_time E:\www\sc\Application\Admin\Controller\OrderController.class.php 第 138 行.
SQL: 
				SELECT pdt.* 
					FROM (
							SELECT pt.id
							FROM ke_product_trade pt
							LEFT JOIN ke_member m on m.id = pt.member_id WHERE 1=1 
							ORDER BY pt.id desc limit 0,15
						) pid 

					LEFT JOIN 
						(
							SELECT rt1.*
							FROM ke_product_trade pt2 
							LEFT JOIN (SELECT pt.id, pt.buyer_name, pt.trade_sn, pt.payment_amount, pt.total_price, pt.add_time, pt.pay_time, pt.pay_mode, m.phone, po.goods_num, po.goods_name, po.goods_spec_name, po.goods_price, po.payment_price,po.refund_status,po.goods_img
								FROM ke_product_trade pt
								LEFT JOIN ke_product_order po on po.goods_trade_id = pt.id
								LEFT JOIN ke_member m on m.id = pt.member_id
						) rt1 on pt2.id = rt1.id) pdt on pid.id=pdt.id [ RunTime:0.0010s ]
INFO: [ view_parse ] --START--
INFO: [ template_filter ] --START--
INFO: Run Behavior\ContentReplaceBehavior [ RunTime:0.000134s ]
INFO: [ template_filter ] --END-- [ RunTime:0.000183s ]
NOTIC: [8] Undefined index: cur E:\www\sc\Runtime\Cache\Admin\18bc66a7b6334412ab8e61a2539ecfbd.php 第 87 行.
NOTIC: [8] Undefined index: cur E:\www\sc\Runtime\Cache\Admin\18bc66a7b6334412ab8e61a2539ecfbd.php 第 95 行.
NOTIC: [8] Undefined index: cur E:\www\sc\Runtime\Cache\Admin\18bc66a7b6334412ab8e61a2539ecfbd.php 第 87 行.
NOTIC: [8] Undefined index: cur E:\www\sc\Runtime\Cache\Admin\18bc66a7b6334412ab8e61a2539ecfbd.php 第 95 行.
NOTIC: [8] Undefined index: cur E:\www\sc\Runtime\Cache\Admin\18bc66a7b6334412ab8e61a2539ecfbd.php 第 95 行.
NOTIC: [8] Undefined index: cur E:\www\sc\Runtime\Cache\Admin\18bc66a7b6334412ab8e61a2539ecfbd.php 第 95 行.
NOTIC: [8] Undefined index: cur E:\www\sc\Runtime\Cache\Admin\18bc66a7b6334412ab8e61a2539ecfbd.php 第 95 行.
NOTIC: [8] Undefined index: cur E:\www\sc\Runtime\Cache\Admin\18bc66a7b6334412ab8e61a2539ecfbd.php 第 87 行.
NOTIC: [8] Undefined index: cur E:\www\sc\Runtime\Cache\Admin\18bc66a7b6334412ab8e61a2539ecfbd.php 第 95 行.
NOTIC: [8] Undefined index: cur E:\www\sc\Runtime\Cache\Admin\18bc66a7b6334412ab8e61a2539ecfbd.php 第 87 行.
NOTIC: [8] Undefined index: cur E:\www\sc\Runtime\Cache\Admin\18bc66a7b6334412ab8e61a2539ecfbd.php 第 95 行.
NOTIC: [8] Undefined index: cur E:\www\sc\Runtime\Cache\Admin\18bc66a7b6334412ab8e61a2539ecfbd.php 第 87 行.
NOTIC: [8] Undefined index: cur E:\www\sc\Runtime\Cache\Admin\18bc66a7b6334412ab8e61a2539ecfbd.php 第 95 行.
NOTIC: [8] Undefined index: cur E:\www\sc\Runtime\Cache\Admin\18bc66a7b6334412ab8e61a2539ecfbd.php 第 87 行.
NOTIC: [8] Undefined index: cur E:\www\sc\Runtime\Cache\Admin\18bc66a7b6334412ab8e61a2539ecfbd.php 第 95 行.
NOTIC: [8] Undefined index: cur E:\www\sc\Runtime\Cache\Admin\18bc66a7b6334412ab8e61a2539ecfbd.php 第 95 行.
NOTIC: [8] Undefined index: cur E:\www\sc\Runtime\Cache\Admin\18bc66a7b6334412ab8e61a2539ecfbd.php 第 87 行.
NOTIC: [8] Undefined index: cur E:\www\sc\Runtime\Cache\Admin\18bc66a7b6334412ab8e61a2539ecfbd.php 第 95 行.
NOTIC: [8] Undefined index: cur E:\www\sc\Runtime\Cache\Admin\18bc66a7b6334412ab8e61a2539ecfbd.php 第 87 行.
NOTIC: [8] Undefined index: cur E:\www\sc\Runtime\Cache\Admin\18bc66a7b6334412ab8e61a2539ecfbd.php 第 95 行.
NOTIC: [8] Undefined index: cur E:\www\sc\Runtime\Cache\Admin\18bc66a7b6334412ab8e61a2539ecfbd.php 第 95 行.
NOTIC: [8] Undefined index: cur E:\www\sc\Runtime\Cache\Admin\18bc66a7b6334412ab8e61a2539ecfbd.php 第 95 行.
INFO: Run Behavior\ParseTemplateBehavior [ RunTime:0.034746s ]
INFO: [ view_parse ] --END-- [ RunTime:0.034802s ]
INFO: [ view_filter ] --START--
INFO: Run Behavior\WriteHtmlCacheBehavior [ RunTime:0.000580s ]
INFO: [ view_filter ] --END-- [ RunTime:0.000619s ]
INFO: [ app_end ] --START--
INFO: Run Behavior\ShowPageTraceBehavior [ RunTime:0.000883s ]
INFO: [ app_end ] --END-- [ RunTime:0.000938s ]

[ 2016-11-22T03:12:51+08:00 ] 127.0.0.1 /index.php/Admin/Order/index.html
INFO: [ app_init ] --START--
INFO: Run Behavior\BuildLiteBehavior [ RunTime:0.000013s ]
INFO: [ app_init ] --END-- [ RunTime:0.000483s ]
INFO: [ app_begin ] --START--
INFO: Run Behavior\ReadHtmlCacheBehavior [ RunTime:0.000706s ]
INFO: [ app_begin ] --END-- [ RunTime:0.000753s ]
SQL: SHOW COLUMNS FROM `ke_user` [ RunTime:0.0047s ]
SQL: SELECT * FROM `ke_user` WHERE `id` = 1 LIMIT 1   [ RunTime:0.0004s ]
SQL: SHOW COLUMNS FROM `ke_user` [ RunTime:0.0038s ]
SQL: SHOW COLUMNS FROM `ke_menu` [ RunTime:0.0053s ]
SQL: SHOW COLUMNS FROM `ke_role` [ RunTime:0.0039s ]
SQL: SELECT * FROM `ke_user` WHERE `id` = 1 LIMIT 1   [ RunTime:0.0004s ]
SQL: SELECT * FROM `ke_role` WHERE `id` = 1 LIMIT 1   [ RunTime:0.0003s ]
SQL: SELECT * FROM `ke_menu` WHERE `id` IN ('126','127','161','180','181','349','401','440','162','163','165','166','179','187','188','189','190','164','167','168','169','170','171','172','173','174','175','176','177','178','339','134','135','147','156','340','341','342','373','343','344','345','346','347','364','365','366','367','368','369','370','371','372','392','393','394','395','396','397','398','399','400','450','451','452','453','454','470','460','461','462','463','464','465','466','467','468','469','471','472','473','474','475') AND `type` = 1 ORDER BY sort desc  [ RunTime:0.0010s ]
NOTIC: [2] array_multisort(): Argument #2 is expected to be an array or a sort flag E:\www\sc\Application\Common\Common\function.php 第 177 行.
NOTIC: [2] array_multisort(): Argument #2 is expected to be an array or a sort flag E:\www\sc\Application\Common\Common\function.php 第 177 行.
NOTIC: [8] Undefined variable: status E:\www\sc\Application\Admin\Controller\OrderController.class.php 第 23 行.
NOTIC: [8] Undefined index: phone E:\www\sc\Application\Admin\Controller\OrderController.class.php 第 83 行.
NOTIC: [8] Undefined index: user_name E:\www\sc\Application\Admin\Controller\OrderController.class.php 第 88 行.
NOTIC: [8] Undefined index: trade_sn E:\www\sc\Application\Admin\Controller\OrderController.class.php 第 93 行.
NOTIC: [8] Undefined index: start_time E:\www\sc\Application\Admin\Controller\OrderController.class.php 第 98 行.
NOTIC: [8] Undefined index: end_time E:\www\sc\Application\Admin\Controller\OrderController.class.php 第 103 行.
SQL: SELECT pt.id
						FROM ke_product_trade pt
						LEFT JOIN ke_member m on m.id = pt.member_id WHERE 1=1  [ RunTime:0.0003s ]
NOTIC: [8] Undefined index: phone E:\www\sc\Application\Admin\Controller\OrderController.class.php 第 118 行.
NOTIC: [8] Undefined index: user_name E:\www\sc\Application\Admin\Controller\OrderController.class.php 第 123 行.
NOTIC: [8] Undefined index: trade_sn E:\www\sc\Application\Admin\Controller\OrderController.class.php 第 128 行.
NOTIC: [8] Undefined index: start_time E:\www\sc\Application\Admin\Controller\OrderController.class.php 第 133 行.
NOTIC: [8] Undefined index: end_time E:\www\sc\Application\Admin\Controller\OrderController.class.php 第 138 行.
SQL: 
				SELECT pdt.* 
					FROM (
							SELECT pt.id
							FROM ke_product_trade pt
							LEFT JOIN ke_member m on m.id = pt.member_id WHERE 1=1 
							ORDER BY pt.id desc limit 0,15
						) pid 

					LEFT JOIN 
						(
							SELECT rt1.*
							FROM ke_product_trade pt2 
							LEFT JOIN (SELECT pt.id, pt.buyer_name, pt.trade_sn, pt.payment_amount, pt.total_price, pt.add_time, pt.pay_time, pt.pay_mode, m.phone, po.goods_num, po.goods_name, po.goods_spec_name, po.goods_price, po.payment_price,po.refund_status,po.goods_img
								FROM ke_product_trade pt
								LEFT JOIN ke_product_order po on po.goods_trade_id = pt.id
								LEFT JOIN ke_member m on m.id = pt.member_id
						) rt1 on pt2.id = rt1.id) pdt on pid.id=pdt.id [ RunTime:0.0009s ]
INFO: [ view_parse ] --START--
INFO: [ template_filter ] --START--
INFO: Run Behavior\ContentReplaceBehavior [ RunTime:0.000137s ]
INFO: [ template_filter ] --END-- [ RunTime:0.000188s ]
NOTIC: [8] Undefined index: cur E:\www\sc\Runtime\Cache\Admin\18bc66a7b6334412ab8e61a2539ecfbd.php 第 87 行.
NOTIC: [8] Undefined index: cur E:\www\sc\Runtime\Cache\Admin\18bc66a7b6334412ab8e61a2539ecfbd.php 第 95 行.
NOTIC: [8] Undefined index: cur E:\www\sc\Runtime\Cache\Admin\18bc66a7b6334412ab8e61a2539ecfbd.php 第 87 行.
NOTIC: [8] Undefined index: cur E:\www\sc\Runtime\Cache\Admin\18bc66a7b6334412ab8e61a2539ecfbd.php 第 95 行.
NOTIC: [8] Undefined index: cur E:\www\sc\Runtime\Cache\Admin\18bc66a7b6334412ab8e61a2539ecfbd.php 第 95 行.
NOTIC: [8] Undefined index: cur E:\www\sc\Runtime\Cache\Admin\18bc66a7b6334412ab8e61a2539ecfbd.php 第 95 行.
NOTIC: [8] Undefined index: cur E:\www\sc\Runtime\Cache\Admin\18bc66a7b6334412ab8e61a2539ecfbd.php 第 95 行.
NOTIC: [8] Undefined index: cur E:\www\sc\Runtime\Cache\Admin\18bc66a7b6334412ab8e61a2539ecfbd.php 第 87 行.
NOTIC: [8] Undefined index: cur E:\www\sc\Runtime\Cache\Admin\18bc66a7b6334412ab8e61a2539ecfbd.php 第 95 行.
NOTIC: [8] Undefined index: cur E:\www\sc\Runtime\Cache\Admin\18bc66a7b6334412ab8e61a2539ecfbd.php 第 87 行.
NOTIC: [8] Undefined index: cur E:\www\sc\Runtime\Cache\Admin\18bc66a7b6334412ab8e61a2539ecfbd.php 第 95 行.
NOTIC: [8] Undefined index: cur E:\www\sc\Runtime\Cache\Admin\18bc66a7b6334412ab8e61a2539ecfbd.php 第 87 行.
NOTIC: [8] Undefined index: cur E:\www\sc\Runtime\Cache\Admin\18bc66a7b6334412ab8e61a2539ecfbd.php 第 95 行.
NOTIC: [8] Undefined index: cur E:\www\sc\Runtime\Cache\Admin\18bc66a7b6334412ab8e61a2539ecfbd.php 第 87 行.
NOTIC: [8] Undefined index: cur E:\www\sc\Runtime\Cache\Admin\18bc66a7b6334412ab8e61a2539ecfbd.php 第 95 行.
NOTIC: [8] Undefined index: cur E:\www\sc\Runtime\Cache\Admin\18bc66a7b6334412ab8e61a2539ecfbd.php 第 95 行.
NOTIC: [8] Undefined index: cur E:\www\sc\Runtime\Cache\Admin\18bc66a7b6334412ab8e61a2539ecfbd.php 第 87 行.
NOTIC: [8] Undefined index: cur E:\www\sc\Runtime\Cache\Admin\18bc66a7b6334412ab8e61a2539ecfbd.php 第 95 行.
NOTIC: [8] Undefined index: cur E:\www\sc\Runtime\Cache\Admin\18bc66a7b6334412ab8e61a2539ecfbd.php 第 87 行.
NOTIC: [8] Undefined index: cur E:\www\sc\Runtime\Cache\Admin\18bc66a7b6334412ab8e61a2539ecfbd.php 第 95 行.
NOTIC: [8] Undefined index: cur E:\www\sc\Runtime\Cache\Admin\18bc66a7b6334412ab8e61a2539ecfbd.php 第 95 行.
NOTIC: [8] Undefined index: cur E:\www\sc\Runtime\Cache\Admin\18bc66a7b6334412ab8e61a2539ecfbd.php 第 95 行.
INFO: Run Behavior\ParseTemplateBehavior [ RunTime:0.017847s ]
INFO: [ view_parse ] --END-- [ RunTime:0.017896s ]
INFO: [ view_filter ] --START--
INFO: Run Behavior\WriteHtmlCacheBehavior [ RunTime:0.000444s ]
INFO: [ view_filter ] --END-- [ RunTime:0.000482s ]
INFO: [ app_end ] --START--
INFO: Run Behavior\ShowPageTraceBehavior [ RunTime:0.000716s ]
INFO: [ app_end ] --END-- [ RunTime:0.000769s ]

[ 2016-11-22T03:13:28+08:00 ] 127.0.0.1 /index.php/Admin/Order/index.html?user_name=&phone=15859018792&trade_sn=&start_time=&end_time=
INFO: [ app_init ] --START--
INFO: Run Behavior\BuildLiteBehavior [ RunTime:0.000013s ]
INFO: [ app_init ] --END-- [ RunTime:0.000568s ]
INFO: [ app_begin ] --START--
INFO: Run Behavior\ReadHtmlCacheBehavior [ RunTime:0.000831s ]
INFO: [ app_begin ] --END-- [ RunTime:0.000885s ]
SQL: SHOW COLUMNS FROM `ke_user` [ RunTime:0.0038s ]
SQL: SELECT * FROM `ke_user` WHERE `id` = 1 LIMIT 1   [ RunTime:0.0004s ]
SQL: SHOW COLUMNS FROM `ke_user` [ RunTime:0.0036s ]
SQL: SHOW COLUMNS FROM `ke_menu` [ RunTime:0.0044s ]
SQL: SHOW COLUMNS FROM `ke_role` [ RunTime:0.0035s ]
SQL: SELECT * FROM `ke_user` WHERE `id` = 1 LIMIT 1   [ RunTime:0.0003s ]
SQL: SELECT * FROM `ke_role` WHERE `id` = 1 LIMIT 1   [ RunTime:0.0002s ]
SQL: SELECT * FROM `ke_menu` WHERE `id` IN ('126','127','161','180','181','349','401','440','162','163','165','166','179','187','188','189','190','164','167','168','169','170','171','172','173','174','175','176','177','178','339','134','135','147','156','340','341','342','373','343','344','345','346','347','364','365','366','367','368','369','370','371','372','392','393','394','395','396','397','398','399','400','450','451','452','453','454','470','460','461','462','463','464','465','466','467','468','469','471','472','473','474','475') AND `type` = 1 ORDER BY sort desc  [ RunTime:0.0010s ]
NOTIC: [2] array_multisort(): Argument #2 is expected to be an array or a sort flag E:\www\sc\Application\Common\Common\function.php 第 177 行.
NOTIC: [2] array_multisort(): Argument #2 is expected to be an array or a sort flag E:\www\sc\Application\Common\Common\function.php 第 177 行.
NOTIC: [8] Undefined variable: status E:\www\sc\Application\Admin\Controller\OrderController.class.php 第 23 行.
NOTIC: [8] Undefined index: user_name E:\www\sc\Application\Admin\Controller\OrderController.class.php 第 88 行.
NOTIC: [8] Undefined index: trade_sn E:\www\sc\Application\Admin\Controller\OrderController.class.php 第 93 行.
NOTIC: [8] Undefined index: start_time E:\www\sc\Application\Admin\Controller\OrderController.class.php 第 98 行.
NOTIC: [8] Undefined index: end_time E:\www\sc\Application\Admin\Controller\OrderController.class.php 第 103 行.
SQL: SELECT pt.id
						FROM ke_product_trade pt
						LEFT JOIN ke_member m on m.id = pt.member_id WHERE 1=1  AND m.phone=15859018792 [ RunTime:0.0004s ]
NOTIC: [8] Undefined index: user_name E:\www\sc\Application\Admin\Controller\OrderController.class.php 第 123 行.
NOTIC: [8] Undefined index: trade_sn E:\www\sc\Application\Admin\Controller\OrderController.class.php 第 128 行.
NOTIC: [8] Undefined index: start_time E:\www\sc\Application\Admin\Controller\OrderController.class.php 第 133 行.
NOTIC: [8] Undefined index: end_time E:\www\sc\Application\Admin\Controller\OrderController.class.php 第 138 行.
SQL: 
				SELECT pdt.* 
					FROM (
							SELECT pt.id
							FROM ke_product_trade pt
							LEFT JOIN ke_member m on m.id = pt.member_id WHERE 1=1  AND m.phone=15859018792
							ORDER BY pt.id desc limit 0,15
						) pid 

					LEFT JOIN 
						(
							SELECT rt1.*
							FROM ke_product_trade pt2 
							LEFT JOIN (SELECT pt.id, pt.buyer_name, pt.trade_sn, pt.payment_amount, pt.total_price, pt.add_time, pt.pay_time, pt.pay_mode, m.phone, po.goods_num, po.goods_name, po.goods_spec_name, po.goods_price, po.payment_price,po.refund_status,po.goods_img
								FROM ke_product_trade pt
								LEFT JOIN ke_product_order po on po.goods_trade_id = pt.id
								LEFT JOIN ke_member m on m.id = pt.member_id
						) rt1 on pt2.id = rt1.id) pdt on pid.id=pdt.id [ RunTime:0.0011s ]
INFO: [ view_parse ] --START--
INFO: [ template_filter ] --START--
INFO: Run Behavior\ContentReplaceBehavior [ RunTime:0.000137s ]
INFO: [ template_filter ] --END-- [ RunTime:0.000184s ]
NOTIC: [8] Undefined index: cur E:\www\sc\Runtime\Cache\Admin\18bc66a7b6334412ab8e61a2539ecfbd.php 第 87 行.
NOTIC: [8] Undefined index: cur E:\www\sc\Runtime\Cache\Admin\18bc66a7b6334412ab8e61a2539ecfbd.php 第 95 行.
NOTIC: [8] Undefined index: cur E:\www\sc\Runtime\Cache\Admin\18bc66a7b6334412ab8e61a2539ecfbd.php 第 87 行.
NOTIC: [8] Undefined index: cur E:\www\sc\Runtime\Cache\Admin\18bc66a7b6334412ab8e61a2539ecfbd.php 第 95 行.
NOTIC: [8] Undefined index: cur E:\www\sc\Runtime\Cache\Admin\18bc66a7b6334412ab8e61a2539ecfbd.php 第 95 行.
NOTIC: [8] Undefined index: cur E:\www\sc\Runtime\Cache\Admin\18bc66a7b6334412ab8e61a2539ecfbd.php 第 95 行.
NOTIC: [8] Undefined index: cur E:\www\sc\Runtime\Cache\Admin\18bc66a7b6334412ab8e61a2539ecfbd.php 第 95 行.
NOTIC: [8] Undefined index: cur E:\www\sc\Runtime\Cache\Admin\18bc66a7b6334412ab8e61a2539ecfbd.php 第 87 行.
NOTIC: [8] Undefined index: cur E:\www\sc\Runtime\Cache\Admin\18bc66a7b6334412ab8e61a2539ecfbd.php 第 95 行.
NOTIC: [8] Undefined index: cur E:\www\sc\Runtime\Cache\Admin\18bc66a7b6334412ab8e61a2539ecfbd.php 第 87 行.
NOTIC: [8] Undefined index: cur E:\www\sc\Runtime\Cache\Admin\18bc66a7b6334412ab8e61a2539ecfbd.php 第 95 行.
NOTIC: [8] Undefined index: cur E:\www\sc\Runtime\Cache\Admin\18bc66a7b6334412ab8e61a2539ecfbd.php 第 87 行.
NOTIC: [8] Undefined index: cur E:\www\sc\Runtime\Cache\Admin\18bc66a7b6334412ab8e61a2539ecfbd.php 第 95 行.
NOTIC: [8] Undefined index: cur E:\www\sc\Runtime\Cache\Admin\18bc66a7b6334412ab8e61a2539ecfbd.php 第 87 行.
NOTIC: [8] Undefined index: cur E:\www\sc\Runtime\Cache\Admin\18bc66a7b6334412ab8e61a2539ecfbd.php 第 95 行.
NOTIC: [8] Undefined index: cur E:\www\sc\Runtime\Cache\Admin\18bc66a7b6334412ab8e61a2539ecfbd.php 第 95 行.
NOTIC: [8] Undefined index: cur E:\www\sc\Runtime\Cache\Admin\18bc66a7b6334412ab8e61a2539ecfbd.php 第 87 行.
NOTIC: [8] Undefined index: cur E:\www\sc\Runtime\Cache\Admin\18bc66a7b6334412ab8e61a2539ecfbd.php 第 95 行.
NOTIC: [8] Undefined index: cur E:\www\sc\Runtime\Cache\Admin\18bc66a7b6334412ab8e61a2539ecfbd.php 第 87 行.
NOTIC: [8] Undefined index: cur E:\www\sc\Runtime\Cache\Admin\18bc66a7b6334412ab8e61a2539ecfbd.php 第 95 行.
NOTIC: [8] Undefined index: cur E:\www\sc\Runtime\Cache\Admin\18bc66a7b6334412ab8e61a2539ecfbd.php 第 95 行.
NOTIC: [8] Undefined index: cur E:\www\sc\Runtime\Cache\Admin\18bc66a7b6334412ab8e61a2539ecfbd.php 第 95 行.
INFO: Run Behavior\ParseTemplateBehavior [ RunTime:0.018781s ]
INFO: [ view_parse ] --END-- [ RunTime:0.018835s ]
INFO: [ view_filter ] --START--
INFO: Run Behavior\WriteHtmlCacheBehavior [ RunTime:0.000530s ]
INFO: [ view_filter ] --END-- [ RunTime:0.000570s ]
INFO: [ app_end ] --START--
INFO: Run Behavior\ShowPageTraceBehavior [ RunTime:0.001037s ]
INFO: [ app_end ] --END-- [ RunTime:0.001105s ]

[ 2016-11-22T03:13:34+08:00 ] 127.0.0.1 /index.php/Admin/Order/index.html?user_name=&phone=15859018792&trade_sn=4545&start_time=&end_time=
INFO: [ app_init ] --START--
INFO: Run Behavior\BuildLiteBehavior [ RunTime:0.000012s ]
INFO: [ app_init ] --END-- [ RunTime:0.000521s ]
INFO: [ app_begin ] --START--
INFO: Run Behavior\ReadHtmlCacheBehavior [ RunTime:0.000754s ]
INFO: [ app_begin ] --END-- [ RunTime:0.000828s ]
SQL: SHOW COLUMNS FROM `ke_user` [ RunTime:0.0039s ]
SQL: SELECT * FROM `ke_user` WHERE `id` = 1 LIMIT 1   [ RunTime:0.0004s ]
SQL: SHOW COLUMNS FROM `ke_user` [ RunTime:0.0043s ]
SQL: SHOW COLUMNS FROM `ke_menu` [ RunTime:0.0041s ]
SQL: SHOW COLUMNS FROM `ke_role` [ RunTime:0.0040s ]
SQL: SELECT * FROM `ke_user` WHERE `id` = 1 LIMIT 1   [ RunTime:0.0004s ]
SQL: SELECT * FROM `ke_role` WHERE `id` = 1 LIMIT 1   [ RunTime:0.0003s ]
SQL: SELECT * FROM `ke_menu` WHERE `id` IN ('126','127','161','180','181','349','401','440','162','163','165','166','179','187','188','189','190','164','167','168','169','170','171','172','173','174','175','176','177','178','339','134','135','147','156','340','341','342','373','343','344','345','346','347','364','365','366','367','368','369','370','371','372','392','393','394','395','396','397','398','399','400','450','451','452','453','454','470','460','461','462','463','464','465','466','467','468','469','471','472','473','474','475') AND `type` = 1 ORDER BY sort desc  [ RunTime:0.0010s ]
NOTIC: [2] array_multisort(): Argument #2 is expected to be an array or a sort flag E:\www\sc\Application\Common\Common\function.php 第 177 行.
NOTIC: [2] array_multisort(): Argument #2 is expected to be an array or a sort flag E:\www\sc\Application\Common\Common\function.php 第 177 行.
NOTIC: [8] Undefined variable: status E:\www\sc\Application\Admin\Controller\OrderController.class.php 第 23 行.
NOTIC: [8] Undefined index: user_name E:\www\sc\Application\Admin\Controller\OrderController.class.php 第 88 行.
NOTIC: [8] Undefined index: start_time E:\www\sc\Application\Admin\Controller\OrderController.class.php 第 98 行.
NOTIC: [8] Undefined index: end_time E:\www\sc\Application\Admin\Controller\OrderController.class.php 第 103 行.
SQL: SELECT pt.id
						FROM ke_product_trade pt
						LEFT JOIN ke_member m on m.id = pt.member_id WHERE 1=1  AND m.phone=15859018792 AND pt.trade_sn like "%4545%" [ RunTime:0.0003s ]
NOTIC: [8] Undefined index: user_name E:\www\sc\Application\Admin\Controller\OrderController.class.php 第 123 行.
NOTIC: [8] Undefined index: start_time E:\www\sc\Application\Admin\Controller\OrderController.class.php 第 133 行.
NOTIC: [8] Undefined index: end_time E:\www\sc\Application\Admin\Controller\OrderController.class.php 第 138 行.
SQL: 
				SELECT pdt.* 
					FROM (
							SELECT pt.id
							FROM ke_product_trade pt
							LEFT JOIN ke_member m on m.id = pt.member_id WHERE 1=1  AND m.phone=15859018792 AND pt.trade_sn like "%4545%"
							ORDER BY pt.id desc limit 0,15
						) pid 

					LEFT JOIN 
						(
							SELECT rt1.*
							FROM ke_product_trade pt2 
							LEFT JOIN (SELECT pt.id, pt.buyer_name, pt.trade_sn, pt.payment_amount, pt.total_price, pt.add_time, pt.pay_time, pt.pay_mode, m.phone, po.goods_num, po.goods_name, po.goods_spec_name, po.goods_price, po.payment_price,po.refund_status,po.goods_img
								FROM ke_product_trade pt
								LEFT JOIN ke_product_order po on po.goods_trade_id = pt.id
								LEFT JOIN ke_member m on m.id = pt.member_id
						) rt1 on pt2.id = rt1.id) pdt on pid.id=pdt.id [ RunTime:0.0007s ]
NOTIC: [8] Undefined variable: r_list E:\www\sc\Application\Admin\Controller\OrderController.class.php 第 42 行.
INFO: [ view_parse ] --START--
INFO: [ template_filter ] --START--
INFO: Run Behavior\ContentReplaceBehavior [ RunTime:0.000138s ]
INFO: [ template_filter ] --END-- [ RunTime:0.000187s ]
NOTIC: [8] Undefined index: cur E:\www\sc\Runtime\Cache\Admin\18bc66a7b6334412ab8e61a2539ecfbd.php 第 87 行.
NOTIC: [8] Undefined index: cur E:\www\sc\Runtime\Cache\Admin\18bc66a7b6334412ab8e61a2539ecfbd.php 第 95 行.
NOTIC: [8] Undefined index: cur E:\www\sc\Runtime\Cache\Admin\18bc66a7b6334412ab8e61a2539ecfbd.php 第 87 行.
NOTIC: [8] Undefined index: cur E:\www\sc\Runtime\Cache\Admin\18bc66a7b6334412ab8e61a2539ecfbd.php 第 95 行.
NOTIC: [8] Undefined index: cur E:\www\sc\Runtime\Cache\Admin\18bc66a7b6334412ab8e61a2539ecfbd.php 第 95 行.
NOTIC: [8] Undefined index: cur E:\www\sc\Runtime\Cache\Admin\18bc66a7b6334412ab8e61a2539ecfbd.php 第 95 行.
NOTIC: [8] Undefined index: cur E:\www\sc\Runtime\Cache\Admin\18bc66a7b6334412ab8e61a2539ecfbd.php 第 95 行.
NOTIC: [8] Undefined index: cur E:\www\sc\Runtime\Cache\Admin\18bc66a7b6334412ab8e61a2539ecfbd.php 第 87 行.
NOTIC: [8] Undefined index: cur E:\www\sc\Runtime\Cache\Admin\18bc66a7b6334412ab8e61a2539ecfbd.php 第 95 行.
NOTIC: [8] Undefined index: cur E:\www\sc\Runtime\Cache\Admin\18bc66a7b6334412ab8e61a2539ecfbd.php 第 87 行.
NOTIC: [8] Undefined index: cur E:\www\sc\Runtime\Cache\Admin\18bc66a7b6334412ab8e61a2539ecfbd.php 第 95 行.
NOTIC: [8] Undefined index: cur E:\www\sc\Runtime\Cache\Admin\18bc66a7b6334412ab8e61a2539ecfbd.php 第 87 行.
NOTIC: [8] Undefined index: cur E:\www\sc\Runtime\Cache\Admin\18bc66a7b6334412ab8e61a2539ecfbd.php 第 95 行.
NOTIC: [8] Undefined index: cur E:\www\sc\Runtime\Cache\Admin\18bc66a7b6334412ab8e61a2539ecfbd.php 第 87 行.
NOTIC: [8] Undefined index: cur E:\www\sc\Runtime\Cache\Admin\18bc66a7b6334412ab8e61a2539ecfbd.php 第 95 行.
NOTIC: [8] Undefined index: cur E:\www\sc\Runtime\Cache\Admin\18bc66a7b6334412ab8e61a2539ecfbd.php 第 95 行.
NOTIC: [8] Undefined index: cur E:\www\sc\Runtime\Cache\Admin\18bc66a7b6334412ab8e61a2539ecfbd.php 第 87 行.
NOTIC: [8] Undefined index: cur E:\www\sc\Runtime\Cache\Admin\18bc66a7b6334412ab8e61a2539ecfbd.php 第 95 行.
NOTIC: [8] Undefined index: cur E:\www\sc\Runtime\Cache\Admin\18bc66a7b6334412ab8e61a2539ecfbd.php 第 87 行.
NOTIC: [8] Undefined index: cur E:\www\sc\Runtime\Cache\Admin\18bc66a7b6334412ab8e61a2539ecfbd.php 第 95 行.
NOTIC: [8] Undefined index: cur E:\www\sc\Runtime\Cache\Admin\18bc66a7b6334412ab8e61a2539ecfbd.php 第 95 行.
NOTIC: [8] Undefined index: cur E:\www\sc\Runtime\Cache\Admin\18bc66a7b6334412ab8e61a2539ecfbd.php 第 95 行.
INFO: Run Behavior\ParseTemplateBehavior [ RunTime:0.017317s ]
INFO: [ view_parse ] --END-- [ RunTime:0.017365s ]
INFO: [ view_filter ] --START--
INFO: Run Behavior\WriteHtmlCacheBehavior [ RunTime:0.000432s ]
INFO: [ view_filter ] --END-- [ RunTime:0.000471s ]
INFO: [ app_end ] --START--
INFO: Run Behavior\ShowPageTraceBehavior [ RunTime:0.000813s ]
INFO: [ app_end ] --END-- [ RunTime:0.000878s ]

[ 2016-11-22T03:13:39+08:00 ] 127.0.0.1 /index.php/Admin/Order/index.html?user_name=&phone=15859018792&trade_sn=&start_time=&end_time=
INFO: [ app_init ] --START--
INFO: Run Behavior\BuildLiteBehavior [ RunTime:0.000013s ]
INFO: [ app_init ] --END-- [ RunTime:0.000520s ]
INFO: [ app_begin ] --START--
INFO: Run Behavior\ReadHtmlCacheBehavior [ RunTime:0.000938s ]
INFO: [ app_begin ] --END-- [ RunTime:0.001020s ]
SQL: SHOW COLUMNS FROM `ke_user` [ RunTime:0.0038s ]
SQL: SELECT * FROM `ke_user` WHERE `id` = 1 LIMIT 1   [ RunTime:0.0004s ]
SQL: SHOW COLUMNS FROM `ke_user` [ RunTime:0.0038s ]
SQL: SHOW COLUMNS FROM `ke_menu` [ RunTime:0.0036s ]
SQL: SHOW COLUMNS FROM `ke_role` [ RunTime:0.0050s ]
SQL: SELECT * FROM `ke_user` WHERE `id` = 1 LIMIT 1   [ RunTime:0.0004s ]
SQL: SELECT * FROM `ke_role` WHERE `id` = 1 LIMIT 1   [ RunTime:0.0002s ]
SQL: SELECT * FROM `ke_menu` WHERE `id` IN ('126','127','161','180','181','349','401','440','162','163','165','166','179','187','188','189','190','164','167','168','169','170','171','172','173','174','175','176','177','178','339','134','135','147','156','340','341','342','373','343','344','345','346','347','364','365','366','367','368','369','370','371','372','392','393','394','395','396','397','398','399','400','450','451','452','453','454','470','460','461','462','463','464','465','466','467','468','469','471','472','473','474','475') AND `type` = 1 ORDER BY sort desc  [ RunTime:0.0010s ]
NOTIC: [2] array_multisort(): Argument #2 is expected to be an array or a sort flag E:\www\sc\Application\Common\Common\function.php 第 177 行.
NOTIC: [2] array_multisort(): Argument #2 is expected to be an array or a sort flag E:\www\sc\Application\Common\Common\function.php 第 177 行.
NOTIC: [8] Undefined variable: status E:\www\sc\Application\Admin\Controller\OrderController.class.php 第 23 行.
NOTIC: [8] Undefined index: user_name E:\www\sc\Application\Admin\Controller\OrderController.class.php 第 88 行.
NOTIC: [8] Undefined index: trade_sn E:\www\sc\Application\Admin\Controller\OrderController.class.php 第 93 行.
NOTIC: [8] Undefined index: start_time E:\www\sc\Application\Admin\Controller\OrderController.class.php 第 98 行.
NOTIC: [8] Undefined index: end_time E:\www\sc\Application\Admin\Controller\OrderController.class.php 第 103 行.
SQL: SELECT pt.id
						FROM ke_product_trade pt
						LEFT JOIN ke_member m on m.id = pt.member_id WHERE 1=1  AND m.phone=15859018792 [ RunTime:0.0004s ]
NOTIC: [8] Undefined index: user_name E:\www\sc\Application\Admin\Controller\OrderController.class.php 第 123 行.
NOTIC: [8] Undefined index: trade_sn E:\www\sc\Application\Admin\Controller\OrderController.class.php 第 128 行.
NOTIC: [8] Undefined index: start_time E:\www\sc\Application\Admin\Controller\OrderController.class.php 第 133 行.
NOTIC: [8] Undefined index: end_time E:\www\sc\Application\Admin\Controller\OrderController.class.php 第 138 行.
SQL: 
				SELECT pdt.* 
					FROM (
							SELECT pt.id
							FROM ke_product_trade pt
							LEFT JOIN ke_member m on m.id = pt.member_id WHERE 1=1  AND m.phone=15859018792
							ORDER BY pt.id desc limit 0,15
						) pid 

					LEFT JOIN 
						(
							SELECT rt1.*
							FROM ke_product_trade pt2 
							LEFT JOIN (SELECT pt.id, pt.buyer_name, pt.trade_sn, pt.payment_amount, pt.total_price, pt.add_time, pt.pay_time, pt.pay_mode, m.phone, po.goods_num, po.goods_name, po.goods_spec_name, po.goods_price, po.payment_price,po.refund_status,po.goods_img
								FROM ke_product_trade pt
								LEFT JOIN ke_product_order po on po.goods_trade_id = pt.id
								LEFT JOIN ke_member m on m.id = pt.member_id
						) rt1 on pt2.id = rt1.id) pdt on pid.id=pdt.id [ RunTime:0.0009s ]
INFO: [ view_parse ] --START--
INFO: [ template_filter ] --START--
INFO: Run Behavior\ContentReplaceBehavior [ RunTime:0.000188s ]
INFO: [ template_filter ] --END-- [ RunTime:0.000259s ]
NOTIC: [8] Undefined index: cur E:\www\sc\Runtime\Cache\Admin\18bc66a7b6334412ab8e61a2539ecfbd.php 第 87 行.
NOTIC: [8] Undefined index: cur E:\www\sc\Runtime\Cache\Admin\18bc66a7b6334412ab8e61a2539ecfbd.php 第 95 行.
NOTIC: [8] Undefined index: cur E:\www\sc\Runtime\Cache\Admin\18bc66a7b6334412ab8e61a2539ecfbd.php 第 87 行.
NOTIC: [8] Undefined index: cur E:\www\sc\Runtime\Cache\Admin\18bc66a7b6334412ab8e61a2539ecfbd.php 第 95 行.
NOTIC: [8] Undefined index: cur E:\www\sc\Runtime\Cache\Admin\18bc66a7b6334412ab8e61a2539ecfbd.php 第 95 行.
NOTIC: [8] Undefined index: cur E:\www\sc\Runtime\Cache\Admin\18bc66a7b6334412ab8e61a2539ecfbd.php 第 95 行.
NOTIC: [8] Undefined index: cur E:\www\sc\Runtime\Cache\Admin\18bc66a7b6334412ab8e61a2539ecfbd.php 第 95 行.
NOTIC: [8] Undefined index: cur E:\www\sc\Runtime\Cache\Admin\18bc66a7b6334412ab8e61a2539ecfbd.php 第 87 行.
NOTIC: [8] Undefined index: cur E:\www\sc\Runtime\Cache\Admin\18bc66a7b6334412ab8e61a2539ecfbd.php 第 95 行.
NOTIC: [8] Undefined index: cur E:\www\sc\Runtime\Cache\Admin\18bc66a7b6334412ab8e61a2539ecfbd.php 第 87 行.
NOTIC: [8] Undefined index: cur E:\www\sc\Runtime\Cache\Admin\18bc66a7b6334412ab8e61a2539ecfbd.php 第 95 行.
NOTIC: [8] Undefined index: cur E:\www\sc\Runtime\Cache\Admin\18bc66a7b6334412ab8e61a2539ecfbd.php 第 87 行.
NOTIC: [8] Undefined index: cur E:\www\sc\Runtime\Cache\Admin\18bc66a7b6334412ab8e61a2539ecfbd.php 第 95 行.
NOTIC: [8] Undefined index: cur E:\www\sc\Runtime\Cache\Admin\18bc66a7b6334412ab8e61a2539ecfbd.php 第 87 行.
NOTIC: [8] Undefined index: cur E:\www\sc\Runtime\Cache\Admin\18bc66a7b6334412ab8e61a2539ecfbd.php 第 95 行.
NOTIC: [8] Undefined index: cur E:\www\sc\Runtime\Cache\Admin\18bc66a7b6334412ab8e61a2539ecfbd.php 第 95 行.
NOTIC: [8] Undefined index: cur E:\www\sc\Runtime\Cache\Admin\18bc66a7b6334412ab8e61a2539ecfbd.php 第 87 行.
NOTIC: [8] Undefined index: cur E:\www\sc\Runtime\Cache\Admin\18bc66a7b6334412ab8e61a2539ecfbd.php 第 95 行.
NOTIC: [8] Undefined index: cur E:\www\sc\Runtime\Cache\Admin\18bc66a7b6334412ab8e61a2539ecfbd.php 第 87 行.
NOTIC: [8] Undefined index: cur E:\www\sc\Runtime\Cache\Admin\18bc66a7b6334412ab8e61a2539ecfbd.php 第 95 行.
NOTIC: [8] Undefined index: cur E:\www\sc\Runtime\Cache\Admin\18bc66a7b6334412ab8e61a2539ecfbd.php 第 95 行.
NOTIC: [8] Undefined index: cur E:\www\sc\Runtime\Cache\Admin\18bc66a7b6334412ab8e61a2539ecfbd.php 第 95 行.
INFO: Run Behavior\ParseTemplateBehavior [ RunTime:0.020604s ]
INFO: [ view_parse ] --END-- [ RunTime:0.020659s ]
INFO: [ view_filter ] --START--
INFO: Run Behavior\WriteHtmlCacheBehavior [ RunTime:0.000538s ]
INFO: [ view_filter ] --END-- [ RunTime:0.000581s ]
INFO: [ app_end ] --START--
INFO: Run Behavior\ShowPageTraceBehavior [ RunTime:0.000715s ]
INFO: [ app_end ] --END-- [ RunTime:0.000765s ]

[ 2016-11-22T03:13:45+08:00 ] 127.0.0.1 /index.php/Admin/Member/index.html
INFO: [ app_init ] --START--
INFO: Run Behavior\BuildLiteBehavior [ RunTime:0.000013s ]
INFO: [ app_init ] --END-- [ RunTime:0.000528s ]
INFO: [ app_begin ] --START--
INFO: Run Behavior\ReadHtmlCacheBehavior [ RunTime:0.000726s ]
INFO: [ app_begin ] --END-- [ RunTime:0.000780s ]
SQL: SHOW COLUMNS FROM `ke_user` [ RunTime:0.0043s ]
SQL: SELECT * FROM `ke_user` WHERE `id` = 1 LIMIT 1   [ RunTime:0.0004s ]
SQL: SHOW COLUMNS FROM `ke_user` [ RunTime:0.0039s ]
SQL: SHOW COLUMNS FROM `ke_menu` [ RunTime:0.0043s ]
SQL: SHOW COLUMNS FROM `ke_role` [ RunTime:0.0039s ]
SQL: SELECT * FROM `ke_user` WHERE `id` = 1 LIMIT 1   [ RunTime:0.0004s ]
SQL: SELECT * FROM `ke_role` WHERE `id` = 1 LIMIT 1   [ RunTime:0.0003s ]
SQL: SELECT * FROM `ke_menu` WHERE `id` IN ('126','127','161','180','181','349','401','440','162','163','165','166','179','187','188','189','190','164','167','168','169','170','171','172','173','174','175','176','177','178','339','134','135','147','156','340','341','342','373','343','344','345','346','347','364','365','366','367','368','369','370','371','372','392','393','394','395','396','397','398','399','400','450','451','452','453','454','470','460','461','462','463','464','465','466','467','468','469','471','472','473','474','475') AND `type` = 1 ORDER BY sort desc  [ RunTime:0.0011s ]
NOTIC: [2] array_multisort(): Argument #2 is expected to be an array or a sort flag E:\www\sc\Application\Common\Common\function.php 第 177 行.
NOTIC: [2] array_multisort(): Argument #2 is expected to be an array or a sort flag E:\www\sc\Application\Common\Common\function.php 第 177 行.
SQL: SHOW COLUMNS FROM `ke_member` [ RunTime:0.0045s ]
SQL: SELECT COUNT(*) AS tp_count FROM `ke_member` LIMIT 1   [ RunTime:0.0003s ]
SQL: SELECT * FROM `ke_member` ORDER BY id desc LIMIT 0,15   [ RunTime:0.0003s ]
INFO: [ view_parse ] --START--
INFO: [ template_filter ] --START--
INFO: Run Behavior\ContentReplaceBehavior [ RunTime:0.000134s ]
INFO: [ template_filter ] --END-- [ RunTime:0.000183s ]
NOTIC: [8] Undefined index: cur E:\www\sc\Runtime\Cache\Admin\cd4483014f2e11fff8848d4b0b1995b7.php 第 80 行.
NOTIC: [8] Undefined index: cur E:\www\sc\Runtime\Cache\Admin\cd4483014f2e11fff8848d4b0b1995b7.php 第 88 行.
NOTIC: [8] Undefined index: cur E:\www\sc\Runtime\Cache\Admin\cd4483014f2e11fff8848d4b0b1995b7.php 第 80 行.
NOTIC: [8] Undefined index: cur E:\www\sc\Runtime\Cache\Admin\cd4483014f2e11fff8848d4b0b1995b7.php 第 88 行.
NOTIC: [8] Undefined index: cur E:\www\sc\Runtime\Cache\Admin\cd4483014f2e11fff8848d4b0b1995b7.php 第 88 行.
NOTIC: [8] Undefined index: cur E:\www\sc\Runtime\Cache\Admin\cd4483014f2e11fff8848d4b0b1995b7.php 第 88 行.
NOTIC: [8] Undefined index: cur E:\www\sc\Runtime\Cache\Admin\cd4483014f2e11fff8848d4b0b1995b7.php 第 80 行.
NOTIC: [8] Undefined index: cur E:\www\sc\Runtime\Cache\Admin\cd4483014f2e11fff8848d4b0b1995b7.php 第 88 行.
NOTIC: [8] Undefined index: cur E:\www\sc\Runtime\Cache\Admin\cd4483014f2e11fff8848d4b0b1995b7.php 第 88 行.
NOTIC: [8] Undefined index: cur E:\www\sc\Runtime\Cache\Admin\cd4483014f2e11fff8848d4b0b1995b7.php 第 80 行.
NOTIC: [8] Undefined index: cur E:\www\sc\Runtime\Cache\Admin\cd4483014f2e11fff8848d4b0b1995b7.php 第 88 行.
NOTIC: [8] Undefined index: cur E:\www\sc\Runtime\Cache\Admin\cd4483014f2e11fff8848d4b0b1995b7.php 第 80 行.
NOTIC: [8] Undefined index: cur E:\www\sc\Runtime\Cache\Admin\cd4483014f2e11fff8848d4b0b1995b7.php 第 88 行.
NOTIC: [8] Undefined index: cur E:\www\sc\Runtime\Cache\Admin\cd4483014f2e11fff8848d4b0b1995b7.php 第 80 行.
NOTIC: [8] Undefined index: cur E:\www\sc\Runtime\Cache\Admin\cd4483014f2e11fff8848d4b0b1995b7.php 第 88 行.
NOTIC: [8] Undefined index: cur E:\www\sc\Runtime\Cache\Admin\cd4483014f2e11fff8848d4b0b1995b7.php 第 88 行.
NOTIC: [8] Undefined index: cur E:\www\sc\Runtime\Cache\Admin\cd4483014f2e11fff8848d4b0b1995b7.php 第 80 行.
NOTIC: [8] Undefined index: cur E:\www\sc\Runtime\Cache\Admin\cd4483014f2e11fff8848d4b0b1995b7.php 第 88 行.
NOTIC: [8] Undefined index: cur E:\www\sc\Runtime\Cache\Admin\cd4483014f2e11fff8848d4b0b1995b7.php 第 80 行.
NOTIC: [8] Undefined index: cur E:\www\sc\Runtime\Cache\Admin\cd4483014f2e11fff8848d4b0b1995b7.php 第 88 行.
NOTIC: [8] Undefined index: cur E:\www\sc\Runtime\Cache\Admin\cd4483014f2e11fff8848d4b0b1995b7.php 第 88 行.
NOTIC: [8] Undefined index: cur E:\www\sc\Runtime\Cache\Admin\cd4483014f2e11fff8848d4b0b1995b7.php 第 88 行.
NOTIC: [8] Undefined variable: type E:\www\sc\Runtime\Cache\Admin\cd4483014f2e11fff8848d4b0b1995b7.php 第 150 行.
INFO: Run Behavior\ParseTemplateBehavior [ RunTime:0.032151s ]
INFO: [ view_parse ] --END-- [ RunTime:0.032210s ]
INFO: [ view_filter ] --START--
INFO: Run Behavior\WriteHtmlCacheBehavior [ RunTime:0.000417s ]
INFO: [ view_filter ] --END-- [ RunTime:0.000459s ]
INFO: [ app_end ] --START--
INFO: Run Behavior\ShowPageTraceBehavior [ RunTime:0.000831s ]
INFO: [ app_end ] --END-- [ RunTime:0.000893s ]

