[ 2016-10-24T18:30:28+08:00 ] 120.40.97.18 /Admin
INFO: [ app_init ] --START--
INFO: Run Behavior\BuildLiteBehavior [ RunTime:0.000016s ]
INFO: [ app_init ] --END-- [ RunTime:0.000416s ]
INFO: [ app_begin ] --START--
INFO: Run Behavior\ReadHtmlCacheBehavior [ RunTime:0.000598s ]
INFO: [ app_begin ] --END-- [ RunTime:0.000687s ]

[ 2016-10-24T18:30:28+08:00 ] 120.40.97.18 /index.php/Admin/Login/index.html
INFO: [ app_init ] --START--
INFO: Run Behavior\BuildLiteBehavior [ RunTime:0.000019s ]
INFO: [ app_init ] --END-- [ RunTime:0.000432s ]
INFO: [ app_begin ] --START--
INFO: Run Behavior\ReadHtmlCacheBehavior [ RunTime:0.000548s ]
INFO: [ app_begin ] --END-- [ RunTime:0.000602s ]
INFO: [ view_parse ] --START--
INFO: [ template_filter ] --START--
INFO: Run Behavior\ContentReplaceBehavior [ RunTime:0.000130s ]
INFO: [ template_filter ] --END-- [ RunTime:0.000210s ]
INFO: Run Behavior\ParseTemplateBehavior [ RunTime:0.052216s ]
INFO: [ view_parse ] --END-- [ RunTime:0.052322s ]
INFO: [ view_filter ] --START--
INFO: Run Behavior\WriteHtmlCacheBehavior [ RunTime:0.000454s ]
INFO: [ view_filter ] --END-- [ RunTime:0.000525s ]
INFO: [ app_end ] --START--
INFO: Run Behavior\ShowPageTraceBehavior [ RunTime:0.001069s ]
INFO: [ app_end ] --END-- [ RunTime:0.001151s ]

[ 2016-10-24T18:30:30+08:00 ] 120.40.97.18 /index.php/Admin/Login/login.html
INFO: [ app_init ] --START--
INFO: Run Behavior\BuildLiteBehavior [ RunTime:0.000017s ]
INFO: [ app_init ] --END-- [ RunTime:0.000399s ]
INFO: [ app_begin ] --START--
INFO: Run Behavior\ReadHtmlCacheBehavior [ RunTime:0.000517s ]
INFO: [ app_begin ] --END-- [ RunTime:0.000583s ]
SQL: SHOW COLUMNS FROM `ke_user` [ RunTime:0.0011s ]
SQL: SELECT * FROM `ke_user` WHERE ( username="admin" ) LIMIT 1   [ RunTime:0.0006s ]
SQL: UPDATE `ke_user` SET `last_login_time`='2016-10-17 15:25:07',`last_login_ip`='59.56.44.223',`now_login_time`='2016-10-24 18:30:30',`now_login_ip`='120.40.97.18',`login_times`='237' WHERE `id` = 1 [ RunTime:0.0041s ]

[ 2016-10-24T18:30:30+08:00 ] 120.40.97.18 /index.php/Admin/Index/index.html
INFO: [ app_init ] --START--
INFO: Run Behavior\BuildLiteBehavior [ RunTime:0.000023s ]
INFO: [ app_init ] --END-- [ RunTime:0.000556s ]
INFO: [ app_begin ] --START--
INFO: Run Behavior\ReadHtmlCacheBehavior [ RunTime:0.000674s ]
INFO: [ app_begin ] --END-- [ RunTime:0.000731s ]
SQL: SHOW COLUMNS FROM `ke_user` [ RunTime:0.0008s ]
SQL: SELECT * FROM `ke_user` WHERE `id` = 1 LIMIT 1   [ RunTime:0.0005s ]
SQL: SHOW COLUMNS FROM `ke_user` [ RunTime:0.0008s ]
SQL: SHOW COLUMNS FROM `ke_menu` [ RunTime:0.0009s ]
SQL: SHOW COLUMNS FROM `ke_role` [ RunTime:0.0007s ]
SQL: SELECT * FROM `ke_user` WHERE `id` = 1 LIMIT 1   [ RunTime:0.0004s ]
SQL: SELECT * FROM `ke_role` WHERE `id` = 1 LIMIT 1   [ RunTime:0.0005s ]
SQL: SELECT * FROM `ke_menu` WHERE `id` IN ('126','127','161','180','181','349','401','440','162','163','165','166','179','187','188','189','190','164','167','168','169','170','171','172','173','174','175','176','177','178','339','134','135','147','156','340','341','342','373','343','344','345','346','347','450','451','452','453','454') AND `type` = 1  [ RunTime:0.0012s ]
NOTIC: [2] array_multisort(): Argument #2 is expected to be an array or a sort flag /data/home/qxu1589900170/htdocs/Application/Common/Common/function.php 第 177 行.
NOTIC: [2] array_multisort(): Argument #2 is expected to be an array or a sort flag /data/home/qxu1589900170/htdocs/Application/Common/Common/function.php 第 177 行.
INFO: [ view_parse ] --START--
INFO: [ template_filter ] --START--
INFO: Run Behavior\ContentReplaceBehavior [ RunTime:0.000173s ]
INFO: [ template_filter ] --END-- [ RunTime:0.000241s ]
NOTIC: [8] Undefined index: cur /data/home/qxu1589900170/htdocs/Runtime/Cache/Admin/b595b808c2ebeeeb0478ffc30bb4e87a.php 第 86 行.
NOTIC: [8] Undefined index: cur /data/home/qxu1589900170/htdocs/Runtime/Cache/Admin/b595b808c2ebeeeb0478ffc30bb4e87a.php 第 78 行.
NOTIC: [8] Undefined index: cur /data/home/qxu1589900170/htdocs/Runtime/Cache/Admin/b595b808c2ebeeeb0478ffc30bb4e87a.php 第 86 行.
NOTIC: [8] Undefined index: cur /data/home/qxu1589900170/htdocs/Runtime/Cache/Admin/b595b808c2ebeeeb0478ffc30bb4e87a.php 第 86 行.
NOTIC: [8] Undefined index: cur /data/home/qxu1589900170/htdocs/Runtime/Cache/Admin/b595b808c2ebeeeb0478ffc30bb4e87a.php 第 86 行.
NOTIC: [8] Undefined index: cur /data/home/qxu1589900170/htdocs/Runtime/Cache/Admin/b595b808c2ebeeeb0478ffc30bb4e87a.php 第 78 行.
NOTIC: [8] Undefined index: cur /data/home/qxu1589900170/htdocs/Runtime/Cache/Admin/b595b808c2ebeeeb0478ffc30bb4e87a.php 第 86 行.
NOTIC: [8] Undefined index: cur /data/home/qxu1589900170/htdocs/Runtime/Cache/Admin/b595b808c2ebeeeb0478ffc30bb4e87a.php 第 86 行.
NOTIC: [8] Undefined index: cur /data/home/qxu1589900170/htdocs/Runtime/Cache/Admin/b595b808c2ebeeeb0478ffc30bb4e87a.php 第 86 行.
NOTIC: [8] Undefined index: cur /data/home/qxu1589900170/htdocs/Runtime/Cache/Admin/b595b808c2ebeeeb0478ffc30bb4e87a.php 第 78 行.
NOTIC: [8] Undefined index: cur /data/home/qxu1589900170/htdocs/Runtime/Cache/Admin/b595b808c2ebeeeb0478ffc30bb4e87a.php 第 86 行.
NOTIC: [8] Undefined variable: dp_count /data/home/qxu1589900170/htdocs/Runtime/Cache/Admin/b595b808c2ebeeeb0478ffc30bb4e87a.php 第 153 行.
NOTIC: [8] Undefined variable: dp_count /data/home/qxu1589900170/htdocs/Runtime/Cache/Admin/b595b808c2ebeeeb0478ffc30bb4e87a.php 第 167 行.
NOTIC: [8] Undefined variable: xq_count /data/home/qxu1589900170/htdocs/Runtime/Cache/Admin/b595b808c2ebeeeb0478ffc30bb4e87a.php 第 184 行.
NOTIC: [8] Undefined variable: xq_count /data/home/qxu1589900170/htdocs/Runtime/Cache/Admin/b595b808c2ebeeeb0478ffc30bb4e87a.php 第 196 行.
NOTIC: [8] Undefined variable: zp_count /data/home/qxu1589900170/htdocs/Runtime/Cache/Admin/b595b808c2ebeeeb0478ffc30bb4e87a.php 第 208 行.
NOTIC: [8] Undefined variable: zp_count /data/home/qxu1589900170/htdocs/Runtime/Cache/Admin/b595b808c2ebeeeb0478ffc30bb4e87a.php 第 220 行.
INFO: Run Behavior\ParseTemplateBehavior [ RunTime:0.107170s ]
INFO: [ view_parse ] --END-- [ RunTime:0.107220s ]
INFO: [ view_filter ] --START--
INFO: Run Behavior\WriteHtmlCacheBehavior [ RunTime:0.000284s ]
INFO: [ view_filter ] --END-- [ RunTime:0.000325s ]
INFO: [ app_end ] --START--
INFO: Run Behavior\ShowPageTraceBehavior [ RunTime:0.000594s ]
INFO: [ app_end ] --END-- [ RunTime:0.000639s ]

[ 2016-10-24T18:30:38+08:00 ] 120.40.97.18 /index.php/Admin/Region/index.html
INFO: [ app_init ] --START--
INFO: Run Behavior\BuildLiteBehavior [ RunTime:0.000019s ]
INFO: [ app_init ] --END-- [ RunTime:0.000438s ]
INFO: [ app_begin ] --START--
INFO: Run Behavior\ReadHtmlCacheBehavior [ RunTime:0.000534s ]
INFO: [ app_begin ] --END-- [ RunTime:0.000590s ]
SQL: SHOW COLUMNS FROM `ke_user` [ RunTime:0.0011s ]
SQL: SELECT * FROM `ke_user` WHERE `id` = 1 LIMIT 1   [ RunTime:0.0005s ]
SQL: SHOW COLUMNS FROM `ke_user` [ RunTime:0.0009s ]
SQL: SHOW COLUMNS FROM `ke_menu` [ RunTime:0.0008s ]
SQL: SHOW COLUMNS FROM `ke_role` [ RunTime:0.0007s ]
SQL: SELECT * FROM `ke_user` WHERE `id` = 1 LIMIT 1   [ RunTime:0.0004s ]
SQL: SELECT * FROM `ke_role` WHERE `id` = 1 LIMIT 1   [ RunTime:0.0004s ]
SQL: SELECT * FROM `ke_menu` WHERE `id` IN ('126','127','161','180','181','349','401','440','162','163','165','166','179','187','188','189','190','164','167','168','169','170','171','172','173','174','175','176','177','178','339','134','135','147','156','340','341','342','373','343','344','345','346','347','450','451','452','453','454') AND `type` = 1  [ RunTime:0.0008s ]
NOTIC: [2] array_multisort(): Argument #2 is expected to be an array or a sort flag /data/home/qxu1589900170/htdocs/Application/Common/Common/function.php 第 177 行.
NOTIC: [2] array_multisort(): Argument #2 is expected to be an array or a sort flag /data/home/qxu1589900170/htdocs/Application/Common/Common/function.php 第 177 行.
SQL: SHOW COLUMNS FROM `ke_region` [ RunTime:0.0009s ]
SQL: SELECT * FROM `ke_region` WHERE `pid` = 0 ORDER BY id asc  [ RunTime:0.0007s ]
INFO: [ view_parse ] --START--
INFO: [ template_filter ] --START--
INFO: Run Behavior\ContentReplaceBehavior [ RunTime:0.000173s ]
INFO: [ template_filter ] --END-- [ RunTime:0.000252s ]
NOTIC: [8] Undefined index: cur /data/home/qxu1589900170/htdocs/Runtime/Cache/Admin/9f8ee44ecc797c2c3560363c09537890.php 第 80 行.
NOTIC: [8] Undefined index: cur /data/home/qxu1589900170/htdocs/Runtime/Cache/Admin/9f8ee44ecc797c2c3560363c09537890.php 第 88 行.
NOTIC: [8] Undefined index: cur /data/home/qxu1589900170/htdocs/Runtime/Cache/Admin/9f8ee44ecc797c2c3560363c09537890.php 第 80 行.
NOTIC: [8] Undefined index: cur /data/home/qxu1589900170/htdocs/Runtime/Cache/Admin/9f8ee44ecc797c2c3560363c09537890.php 第 88 行.
NOTIC: [8] Undefined index: cur /data/home/qxu1589900170/htdocs/Runtime/Cache/Admin/9f8ee44ecc797c2c3560363c09537890.php 第 88 行.
NOTIC: [8] Undefined index: cur /data/home/qxu1589900170/htdocs/Runtime/Cache/Admin/9f8ee44ecc797c2c3560363c09537890.php 第 88 行.
NOTIC: [8] Undefined index: cur /data/home/qxu1589900170/htdocs/Runtime/Cache/Admin/9f8ee44ecc797c2c3560363c09537890.php 第 80 行.
NOTIC: [8] Undefined index: cur /data/home/qxu1589900170/htdocs/Runtime/Cache/Admin/9f8ee44ecc797c2c3560363c09537890.php 第 88 行.
NOTIC: [8] Undefined index: cur /data/home/qxu1589900170/htdocs/Runtime/Cache/Admin/9f8ee44ecc797c2c3560363c09537890.php 第 88 行.
NOTIC: [8] Undefined index: cur /data/home/qxu1589900170/htdocs/Runtime/Cache/Admin/9f8ee44ecc797c2c3560363c09537890.php 第 88 行.
NOTIC: [8] Undefined index: cur /data/home/qxu1589900170/htdocs/Runtime/Cache/Admin/9f8ee44ecc797c2c3560363c09537890.php 第 88 行.
NOTIC: [8] Undefined variable: type /data/home/qxu1589900170/htdocs/Runtime/Cache/Admin/9f8ee44ecc797c2c3560363c09537890.php 第 150 行.
INFO: Run Behavior\ParseTemplateBehavior [ RunTime:0.043274s ]
INFO: [ view_parse ] --END-- [ RunTime:0.043324s ]
INFO: [ view_filter ] --START--
INFO: Run Behavior\WriteHtmlCacheBehavior [ RunTime:0.000293s ]
INFO: [ view_filter ] --END-- [ RunTime:0.000349s ]
INFO: [ app_end ] --START--
INFO: Run Behavior\ShowPageTraceBehavior [ RunTime:0.000577s ]
INFO: [ app_end ] --END-- [ RunTime:0.000628s ]

[ 2016-10-24T18:30:39+08:00 ] 120.40.97.18 /index.php/Admin/Region/index/pid/21.html
INFO: [ app_init ] --START--
INFO: Run Behavior\BuildLiteBehavior [ RunTime:0.000017s ]
INFO: [ app_init ] --END-- [ RunTime:0.000397s ]
INFO: [ app_begin ] --START--
INFO: Run Behavior\ReadHtmlCacheBehavior [ RunTime:0.000513s ]
INFO: [ app_begin ] --END-- [ RunTime:0.000568s ]
SQL: SHOW COLUMNS FROM `ke_user` [ RunTime:0.0011s ]
SQL: SELECT * FROM `ke_user` WHERE `id` = 1 LIMIT 1   [ RunTime:0.0004s ]
SQL: SHOW COLUMNS FROM `ke_user` [ RunTime:0.0008s ]
SQL: SHOW COLUMNS FROM `ke_menu` [ RunTime:0.0008s ]
SQL: SHOW COLUMNS FROM `ke_role` [ RunTime:0.0007s ]
SQL: SELECT * FROM `ke_user` WHERE `id` = 1 LIMIT 1   [ RunTime:0.0004s ]
SQL: SELECT * FROM `ke_role` WHERE `id` = 1 LIMIT 1   [ RunTime:0.0004s ]
SQL: SELECT * FROM `ke_menu` WHERE `id` IN ('126','127','161','180','181','349','401','440','162','163','165','166','179','187','188','189','190','164','167','168','169','170','171','172','173','174','175','176','177','178','339','134','135','147','156','340','341','342','373','343','344','345','346','347','450','451','452','453','454') AND `type` = 1  [ RunTime:0.0008s ]
NOTIC: [2] array_multisort(): Argument #2 is expected to be an array or a sort flag /data/home/qxu1589900170/htdocs/Application/Common/Common/function.php 第 177 行.
NOTIC: [2] array_multisort(): Argument #2 is expected to be an array or a sort flag /data/home/qxu1589900170/htdocs/Application/Common/Common/function.php 第 177 行.
SQL: SHOW COLUMNS FROM `ke_region` [ RunTime:0.0007s ]
SQL: SELECT * FROM `ke_region` WHERE `pid` = 21 ORDER BY id asc  [ RunTime:0.0005s ]
SQL: SELECT * FROM `ke_region` WHERE `id` = 21 LIMIT 1   [ RunTime:0.0007s ]
INFO: [ view_parse ] --START--
INFO: [ template_filter ] --START--
INFO: Run Behavior\ContentReplaceBehavior [ RunTime:0.000129s ]
INFO: [ template_filter ] --END-- [ RunTime:0.000179s ]
NOTIC: [8] Undefined index: cur /data/home/qxu1589900170/htdocs/Runtime/Cache/Admin/9f8ee44ecc797c2c3560363c09537890.php 第 80 行.
NOTIC: [8] Undefined index: cur /data/home/qxu1589900170/htdocs/Runtime/Cache/Admin/9f8ee44ecc797c2c3560363c09537890.php 第 88 行.
NOTIC: [8] Undefined index: cur /data/home/qxu1589900170/htdocs/Runtime/Cache/Admin/9f8ee44ecc797c2c3560363c09537890.php 第 80 行.
NOTIC: [8] Undefined index: cur /data/home/qxu1589900170/htdocs/Runtime/Cache/Admin/9f8ee44ecc797c2c3560363c09537890.php 第 88 行.
NOTIC: [8] Undefined index: cur /data/home/qxu1589900170/htdocs/Runtime/Cache/Admin/9f8ee44ecc797c2c3560363c09537890.php 第 88 行.
NOTIC: [8] Undefined index: cur /data/home/qxu1589900170/htdocs/Runtime/Cache/Admin/9f8ee44ecc797c2c3560363c09537890.php 第 88 行.
NOTIC: [8] Undefined index: cur /data/home/qxu1589900170/htdocs/Runtime/Cache/Admin/9f8ee44ecc797c2c3560363c09537890.php 第 80 行.
NOTIC: [8] Undefined index: cur /data/home/qxu1589900170/htdocs/Runtime/Cache/Admin/9f8ee44ecc797c2c3560363c09537890.php 第 88 行.
NOTIC: [8] Undefined index: cur /data/home/qxu1589900170/htdocs/Runtime/Cache/Admin/9f8ee44ecc797c2c3560363c09537890.php 第 88 行.
NOTIC: [8] Undefined index: cur /data/home/qxu1589900170/htdocs/Runtime/Cache/Admin/9f8ee44ecc797c2c3560363c09537890.php 第 88 行.
NOTIC: [8] Undefined index: cur /data/home/qxu1589900170/htdocs/Runtime/Cache/Admin/9f8ee44ecc797c2c3560363c09537890.php 第 88 行.
NOTIC: [8] Undefined variable: type /data/home/qxu1589900170/htdocs/Runtime/Cache/Admin/9f8ee44ecc797c2c3560363c09537890.php 第 150 行.
INFO: Run Behavior\ParseTemplateBehavior [ RunTime:0.013608s ]
INFO: [ view_parse ] --END-- [ RunTime:0.013663s ]
INFO: [ view_filter ] --START--
INFO: Run Behavior\WriteHtmlCacheBehavior [ RunTime:0.000263s ]
INFO: [ view_filter ] --END-- [ RunTime:0.000302s ]
INFO: [ app_end ] --START--
INFO: Run Behavior\ShowPageTraceBehavior [ RunTime:0.000516s ]
INFO: [ app_end ] --END-- [ RunTime:0.000575s ]

[ 2016-10-24T18:30:41+08:00 ] 120.40.97.18 /index.php/Admin/User/index.html
INFO: [ app_init ] --START--
INFO: Run Behavior\BuildLiteBehavior [ RunTime:0.000021s ]
INFO: [ app_init ] --END-- [ RunTime:0.000421s ]
INFO: [ app_begin ] --START--
INFO: Run Behavior\ReadHtmlCacheBehavior [ RunTime:0.000518s ]
INFO: [ app_begin ] --END-- [ RunTime:0.000574s ]
SQL: SHOW COLUMNS FROM `ke_user` [ RunTime:0.0009s ]
SQL: SELECT * FROM `ke_user` WHERE `id` = 1 LIMIT 1   [ RunTime:0.0004s ]
SQL: SHOW COLUMNS FROM `ke_user` [ RunTime:0.0008s ]
SQL: SHOW COLUMNS FROM `ke_menu` [ RunTime:0.0008s ]
SQL: SHOW COLUMNS FROM `ke_role` [ RunTime:0.0007s ]
SQL: SELECT * FROM `ke_user` WHERE `id` = 1 LIMIT 1   [ RunTime:0.0004s ]
SQL: SELECT * FROM `ke_role` WHERE `id` = 1 LIMIT 1   [ RunTime:0.0004s ]
SQL: SELECT * FROM `ke_menu` WHERE `id` IN ('126','127','161','180','181','349','401','440','162','163','165','166','179','187','188','189','190','164','167','168','169','170','171','172','173','174','175','176','177','178','339','134','135','147','156','340','341','342','373','343','344','345','346','347','450','451','452','453','454') AND `type` = 1  [ RunTime:0.0008s ]
NOTIC: [2] array_multisort(): Argument #2 is expected to be an array or a sort flag /data/home/qxu1589900170/htdocs/Application/Common/Common/function.php 第 177 行.
NOTIC: [2] array_multisort(): Argument #2 is expected to be an array or a sort flag /data/home/qxu1589900170/htdocs/Application/Common/Common/function.php 第 177 行.
SQL: SELECT COUNT(*) AS tp_count FROM `ke_user` LIMIT 1   [ RunTime:0.0004s ]
SQL: SELECT * FROM `ke_user` ORDER BY id asc LIMIT 0,20   [ RunTime:0.0006s ]
SQL: SELECT * FROM `ke_role`  [ RunTime:0.0005s ]
INFO: [ view_parse ] --START--
INFO: [ template_filter ] --START--
INFO: Run Behavior\ContentReplaceBehavior [ RunTime:0.000145s ]
INFO: [ template_filter ] --END-- [ RunTime:0.000202s ]
NOTIC: [8] Undefined index: cur /data/home/qxu1589900170/htdocs/Runtime/Cache/Admin/65e605872ed5d34210f5b33beb13f5a3.php 第 80 行.
NOTIC: [8] Undefined index: cur /data/home/qxu1589900170/htdocs/Runtime/Cache/Admin/65e605872ed5d34210f5b33beb13f5a3.php 第 88 行.
NOTIC: [8] Undefined index: cur /data/home/qxu1589900170/htdocs/Runtime/Cache/Admin/65e605872ed5d34210f5b33beb13f5a3.php 第 80 行.
NOTIC: [8] Undefined index: cur /data/home/qxu1589900170/htdocs/Runtime/Cache/Admin/65e605872ed5d34210f5b33beb13f5a3.php 第 88 行.
NOTIC: [8] Undefined index: cur /data/home/qxu1589900170/htdocs/Runtime/Cache/Admin/65e605872ed5d34210f5b33beb13f5a3.php 第 88 行.
NOTIC: [8] Undefined index: cur /data/home/qxu1589900170/htdocs/Runtime/Cache/Admin/65e605872ed5d34210f5b33beb13f5a3.php 第 88 行.
NOTIC: [8] Undefined index: cur /data/home/qxu1589900170/htdocs/Runtime/Cache/Admin/65e605872ed5d34210f5b33beb13f5a3.php 第 88 行.
NOTIC: [8] Undefined index: cur /data/home/qxu1589900170/htdocs/Runtime/Cache/Admin/65e605872ed5d34210f5b33beb13f5a3.php 第 88 行.
NOTIC: [8] Undefined index: cur /data/home/qxu1589900170/htdocs/Runtime/Cache/Admin/65e605872ed5d34210f5b33beb13f5a3.php 第 80 行.
NOTIC: [8] Undefined index: cur /data/home/qxu1589900170/htdocs/Runtime/Cache/Admin/65e605872ed5d34210f5b33beb13f5a3.php 第 88 行.
INFO: Run Behavior\ParseTemplateBehavior [ RunTime:0.036482s ]
INFO: [ view_parse ] --END-- [ RunTime:0.036539s ]
INFO: [ view_filter ] --START--
INFO: Run Behavior\WriteHtmlCacheBehavior [ RunTime:0.000424s ]
INFO: [ view_filter ] --END-- [ RunTime:0.000464s ]
INFO: [ app_end ] --START--
INFO: Run Behavior\ShowPageTraceBehavior [ RunTime:0.000680s ]
INFO: [ app_end ] --END-- [ RunTime:0.000739s ]

[ 2016-10-24T18:30:43+08:00 ] 120.40.97.18 /index.php/Admin/Product/index.html
INFO: [ app_init ] --START--
INFO: Run Behavior\BuildLiteBehavior [ RunTime:0.000016s ]
INFO: [ app_init ] --END-- [ RunTime:0.000388s ]
INFO: [ app_begin ] --START--
INFO: Run Behavior\ReadHtmlCacheBehavior [ RunTime:0.000509s ]
INFO: [ app_begin ] --END-- [ RunTime:0.000565s ]
SQL: SHOW COLUMNS FROM `ke_user` [ RunTime:0.0009s ]
SQL: SELECT * FROM `ke_user` WHERE `id` = 1 LIMIT 1   [ RunTime:0.0004s ]
SQL: SHOW COLUMNS FROM `ke_user` [ RunTime:0.0008s ]
SQL: SHOW COLUMNS FROM `ke_menu` [ RunTime:0.0007s ]
SQL: SHOW COLUMNS FROM `ke_role` [ RunTime:0.0007s ]
SQL: SELECT * FROM `ke_user` WHERE `id` = 1 LIMIT 1   [ RunTime:0.0004s ]
SQL: SELECT * FROM `ke_role` WHERE `id` = 1 LIMIT 1   [ RunTime:0.0004s ]
SQL: SELECT * FROM `ke_menu` WHERE `id` IN ('126','127','161','180','181','349','401','440','162','163','165','166','179','187','188','189','190','164','167','168','169','170','171','172','173','174','175','176','177','178','339','134','135','147','156','340','341','342','373','343','344','345','346','347','450','451','452','453','454') AND `type` = 1  [ RunTime:0.0008s ]
NOTIC: [2] array_multisort(): Argument #2 is expected to be an array or a sort flag /data/home/qxu1589900170/htdocs/Application/Common/Common/function.php 第 177 行.
NOTIC: [2] array_multisort(): Argument #2 is expected to be an array or a sort flag /data/home/qxu1589900170/htdocs/Application/Common/Common/function.php 第 177 行.
SQL: SHOW COLUMNS FROM `ke_product` [ RunTime:0.0013s ]
SQL: SHOW COLUMNS FROM `ke_product_category` [ RunTime:0.0008s ]
SQL: SELECT COUNT(*) AS tp_count FROM `ke_product` WHERE `delete` = 0 LIMIT 1   [ RunTime:0.0006s ]
SQL: SELECT * FROM `ke_product` WHERE `delete` = 0 ORDER BY id desc LIMIT 0,15   [ RunTime:0.0006s ]
SQL: SELECT * FROM `ke_product_category` WHERE ( pid=0 AND status=1 )  [ RunTime:0.0007s ]
INFO: [ view_parse ] --START--
INFO: [ template_filter ] --START--
INFO: Run Behavior\ContentReplaceBehavior [ RunTime:0.000168s ]
INFO: [ template_filter ] --END-- [ RunTime:0.000222s ]
NOTIC: [8] Undefined index: cur /data/home/qxu1589900170/htdocs/Runtime/Cache/Admin/34e4b095905075aaede5ee9039415509.php 第 80 行.
NOTIC: [8] Undefined index: cur /data/home/qxu1589900170/htdocs/Runtime/Cache/Admin/34e4b095905075aaede5ee9039415509.php 第 88 行.
NOTIC: [8] Undefined index: cur /data/home/qxu1589900170/htdocs/Runtime/Cache/Admin/34e4b095905075aaede5ee9039415509.php 第 88 行.
NOTIC: [8] Undefined index: cur /data/home/qxu1589900170/htdocs/Runtime/Cache/Admin/34e4b095905075aaede5ee9039415509.php 第 88 行.
NOTIC: [8] Undefined index: cur /data/home/qxu1589900170/htdocs/Runtime/Cache/Admin/34e4b095905075aaede5ee9039415509.php 第 88 行.
NOTIC: [8] Undefined index: cur /data/home/qxu1589900170/htdocs/Runtime/Cache/Admin/34e4b095905075aaede5ee9039415509.php 第 80 行.
NOTIC: [8] Undefined index: cur /data/home/qxu1589900170/htdocs/Runtime/Cache/Admin/34e4b095905075aaede5ee9039415509.php 第 88 行.
NOTIC: [8] Undefined index: cur /data/home/qxu1589900170/htdocs/Runtime/Cache/Admin/34e4b095905075aaede5ee9039415509.php 第 88 行.
NOTIC: [8] Undefined index: cur /data/home/qxu1589900170/htdocs/Runtime/Cache/Admin/34e4b095905075aaede5ee9039415509.php 第 88 行.
NOTIC: [8] Undefined index: cur /data/home/qxu1589900170/htdocs/Runtime/Cache/Admin/34e4b095905075aaede5ee9039415509.php 第 80 行.
NOTIC: [8] Undefined index: cur /data/home/qxu1589900170/htdocs/Runtime/Cache/Admin/34e4b095905075aaede5ee9039415509.php 第 88 行.
INFO: Run Behavior\ParseTemplateBehavior [ RunTime:0.033057s ]
INFO: [ view_parse ] --END-- [ RunTime:0.033106s ]
INFO: [ view_filter ] --START--
INFO: Run Behavior\WriteHtmlCacheBehavior [ RunTime:0.000276s ]
INFO: [ view_filter ] --END-- [ RunTime:0.000315s ]
INFO: [ app_end ] --START--
INFO: Run Behavior\ShowPageTraceBehavior [ RunTime:0.000550s ]
INFO: [ app_end ] --END-- [ RunTime:0.000601s ]

[ 2016-10-24T18:30:44+08:00 ] 120.40.97.18 /index.php/Admin/Product/add.html
INFO: [ app_init ] --START--
INFO: Run Behavior\BuildLiteBehavior [ RunTime:0.000019s ]
INFO: [ app_init ] --END-- [ RunTime:0.000433s ]
INFO: [ app_begin ] --START--
INFO: Run Behavior\ReadHtmlCacheBehavior [ RunTime:0.000566s ]
INFO: [ app_begin ] --END-- [ RunTime:0.000631s ]
SQL: SHOW COLUMNS FROM `ke_user` [ RunTime:0.0010s ]
SQL: SELECT * FROM `ke_user` WHERE `id` = 1 LIMIT 1   [ RunTime:0.0005s ]
SQL: SHOW COLUMNS FROM `ke_user` [ RunTime:0.0009s ]
SQL: SHOW COLUMNS FROM `ke_menu` [ RunTime:0.0008s ]
SQL: SHOW COLUMNS FROM `ke_role` [ RunTime:0.0007s ]
SQL: SELECT * FROM `ke_user` WHERE `id` = 1 LIMIT 1   [ RunTime:0.0004s ]
SQL: SELECT * FROM `ke_role` WHERE `id` = 1 LIMIT 1   [ RunTime:0.0004s ]
SQL: SELECT * FROM `ke_menu` WHERE `id` IN ('126','127','161','180','181','349','401','440','162','163','165','166','179','187','188','189','190','164','167','168','169','170','171','172','173','174','175','176','177','178','339','134','135','147','156','340','341','342','373','343','344','345','346','347','450','451','452','453','454') AND `type` = 1  [ RunTime:0.0009s ]
NOTIC: [2] array_multisort(): Argument #2 is expected to be an array or a sort flag /data/home/qxu1589900170/htdocs/Application/Common/Common/function.php 第 177 行.
NOTIC: [2] array_multisort(): Argument #2 is expected to be an array or a sort flag /data/home/qxu1589900170/htdocs/Application/Common/Common/function.php 第 177 行.
SQL: SHOW COLUMNS FROM `ke_product_category` [ RunTime:0.0007s ]
SQL: SELECT * FROM `ke_product_category` WHERE ( pid=0 AND status=1 ) ORDER BY sort desc, id asc  [ RunTime:0.0006s ]
INFO: [ view_parse ] --START--
INFO: [ template_filter ] --START--
INFO: Run Behavior\ContentReplaceBehavior [ RunTime:0.000315s ]
INFO: [ template_filter ] --END-- [ RunTime:0.000385s ]
NOTIC: [8] Undefined index: cur /data/home/qxu1589900170/htdocs/Runtime/Cache/Admin/8b641081e7ea680aaaea87475742484f.php 第 83 行.
NOTIC: [8] Undefined index: cur /data/home/qxu1589900170/htdocs/Runtime/Cache/Admin/8b641081e7ea680aaaea87475742484f.php 第 91 行.
NOTIC: [8] Undefined index: cur /data/home/qxu1589900170/htdocs/Runtime/Cache/Admin/8b641081e7ea680aaaea87475742484f.php 第 91 行.
NOTIC: [8] Undefined index: cur /data/home/qxu1589900170/htdocs/Runtime/Cache/Admin/8b641081e7ea680aaaea87475742484f.php 第 91 行.
NOTIC: [8] Undefined index: cur /data/home/qxu1589900170/htdocs/Runtime/Cache/Admin/8b641081e7ea680aaaea87475742484f.php 第 83 行.
NOTIC: [8] Undefined index: cur /data/home/qxu1589900170/htdocs/Runtime/Cache/Admin/8b641081e7ea680aaaea87475742484f.php 第 91 行.
NOTIC: [8] Undefined index: cur /data/home/qxu1589900170/htdocs/Runtime/Cache/Admin/8b641081e7ea680aaaea87475742484f.php 第 91 行.
NOTIC: [8] Undefined index: cur /data/home/qxu1589900170/htdocs/Runtime/Cache/Admin/8b641081e7ea680aaaea87475742484f.php 第 91 行.
NOTIC: [8] Undefined index: cur /data/home/qxu1589900170/htdocs/Runtime/Cache/Admin/8b641081e7ea680aaaea87475742484f.php 第 83 行.
NOTIC: [8] Undefined index: cur /data/home/qxu1589900170/htdocs/Runtime/Cache/Admin/8b641081e7ea680aaaea87475742484f.php 第 91 行.
INFO: Run Behavior\ParseTemplateBehavior [ RunTime:0.067906s ]
INFO: [ view_parse ] --END-- [ RunTime:0.067970s ]
INFO: [ view_filter ] --START--
INFO: Run Behavior\WriteHtmlCacheBehavior [ RunTime:0.000342s ]
INFO: [ view_filter ] --END-- [ RunTime:0.000384s ]
INFO: [ app_end ] --START--
INFO: Run Behavior\ShowPageTraceBehavior [ RunTime:0.000584s ]
INFO: [ app_end ] --END-- [ RunTime:0.000635s ]

[ 2016-10-24T18:30:44+08:00 ] 120.40.97.18 /index.php/Admin/Images/product.html
INFO: [ app_init ] --START--
INFO: Run Behavior\BuildLiteBehavior [ RunTime:0.000027s ]
INFO: [ app_init ] --END-- [ RunTime:0.000643s ]
INFO: [ app_begin ] --START--
INFO: Run Behavior\ReadHtmlCacheBehavior [ RunTime:0.000838s ]
INFO: [ app_begin ] --END-- [ RunTime:0.000923s ]
SQL: SHOW COLUMNS FROM `ke_user` [ RunTime:0.0011s ]
SQL: SELECT * FROM `ke_user` WHERE `id` = 1 LIMIT 1   [ RunTime:0.0005s ]
SQL: SHOW COLUMNS FROM `ke_user` [ RunTime:0.0008s ]
SQL: SHOW COLUMNS FROM `ke_menu` [ RunTime:0.0008s ]
SQL: SHOW COLUMNS FROM `ke_role` [ RunTime:0.0007s ]
SQL: SELECT * FROM `ke_user` WHERE `id` = 1 LIMIT 1   [ RunTime:0.0004s ]
SQL: SELECT * FROM `ke_role` WHERE `id` = 1 LIMIT 1   [ RunTime:0.0004s ]
SQL: SELECT * FROM `ke_menu` WHERE `id` IN ('126','127','161','180','181','349','401','440','162','163','165','166','179','187','188','189','190','164','167','168','169','170','171','172','173','174','175','176','177','178','339','134','135','147','156','340','341','342','373','343','344','345','346','347','450','451','452','453','454') AND `type` = 1  [ RunTime:0.0010s ]
NOTIC: [2] array_multisort(): Argument #2 is expected to be an array or a sort flag /data/home/qxu1589900170/htdocs/Application/Common/Common/function.php 第 177 行.
NOTIC: [2] array_multisort(): Argument #2 is expected to be an array or a sort flag /data/home/qxu1589900170/htdocs/Application/Common/Common/function.php 第 177 行.
INFO: [ view_parse ] --START--
INFO: [ template_filter ] --START--
INFO: Run Behavior\ContentReplaceBehavior [ RunTime:0.000061s ]
INFO: [ template_filter ] --END-- [ RunTime:0.000111s ]
NOTIC: [8] Undefined variable: type /data/home/qxu1589900170/htdocs/Runtime/Cache/Admin/abf7b5e75524aec5989995e98bf782ae.php 第 10 行.
INFO: Run Behavior\ParseTemplateBehavior [ RunTime:0.007681s ]
INFO: [ view_parse ] --END-- [ RunTime:0.007729s ]
INFO: [ view_filter ] --START--
INFO: Run Behavior\WriteHtmlCacheBehavior [ RunTime:0.000261s ]
INFO: [ view_filter ] --END-- [ RunTime:0.000300s ]
INFO: [ app_end ] --START--
INFO: Run Behavior\ShowPageTraceBehavior [ RunTime:0.000581s ]
INFO: [ app_end ] --END-- [ RunTime:0.000629s ]

[ 2016-10-24T18:30:45+08:00 ] 120.40.97.18 /index.php/Admin/Category/index.html
INFO: [ app_init ] --START--
INFO: Run Behavior\BuildLiteBehavior [ RunTime:0.000024s ]
INFO: [ app_init ] --END-- [ RunTime:0.000441s ]
INFO: [ app_begin ] --START--
INFO: Run Behavior\ReadHtmlCacheBehavior [ RunTime:0.000539s ]
INFO: [ app_begin ] --END-- [ RunTime:0.000594s ]
SQL: SHOW COLUMNS FROM `ke_user` [ RunTime:0.0010s ]
SQL: SELECT * FROM `ke_user` WHERE `id` = 1 LIMIT 1   [ RunTime:0.0005s ]
SQL: SHOW COLUMNS FROM `ke_user` [ RunTime:0.0008s ]
SQL: SHOW COLUMNS FROM `ke_menu` [ RunTime:0.0008s ]
SQL: SHOW COLUMNS FROM `ke_role` [ RunTime:0.0008s ]
SQL: SELECT * FROM `ke_user` WHERE `id` = 1 LIMIT 1   [ RunTime:0.0004s ]
SQL: SELECT * FROM `ke_role` WHERE `id` = 1 LIMIT 1   [ RunTime:0.0004s ]
SQL: SELECT * FROM `ke_menu` WHERE `id` IN ('126','127','161','180','181','349','401','440','162','163','165','166','179','187','188','189','190','164','167','168','169','170','171','172','173','174','175','176','177','178','339','134','135','147','156','340','341','342','373','343','344','345','346','347','450','451','452','453','454') AND `type` = 1  [ RunTime:0.0010s ]
NOTIC: [2] array_multisort(): Argument #2 is expected to be an array or a sort flag /data/home/qxu1589900170/htdocs/Application/Common/Common/function.php 第 177 行.
NOTIC: [2] array_multisort(): Argument #2 is expected to be an array or a sort flag /data/home/qxu1589900170/htdocs/Application/Common/Common/function.php 第 177 行.
SQL: SHOW COLUMNS FROM `ke_product_category` [ RunTime:0.0008s ]
SQL: SELECT * FROM `ke_product_category` WHERE `pid` = 0 ORDER BY sort desc, id desc  [ RunTime:0.0008s ]
SQL: SELECT * FROM `ke_product_category`  [ RunTime:0.0006s ]
INFO: [ view_parse ] --START--
INFO: [ template_filter ] --START--
INFO: Run Behavior\ContentReplaceBehavior [ RunTime:0.000148s ]
INFO: [ template_filter ] --END-- [ RunTime:0.000208s ]
NOTIC: [8] Undefined index: cur /data/home/qxu1589900170/htdocs/Runtime/Cache/Admin/9bfef0f9f473c596f668b6c9a32bfd5c.php 第 80 行.
NOTIC: [8] Undefined index: cur /data/home/qxu1589900170/htdocs/Runtime/Cache/Admin/9bfef0f9f473c596f668b6c9a32bfd5c.php 第 88 行.
NOTIC: [8] Undefined index: cur /data/home/qxu1589900170/htdocs/Runtime/Cache/Admin/9bfef0f9f473c596f668b6c9a32bfd5c.php 第 88 行.
NOTIC: [8] Undefined index: cur /data/home/qxu1589900170/htdocs/Runtime/Cache/Admin/9bfef0f9f473c596f668b6c9a32bfd5c.php 第 88 行.
NOTIC: [8] Undefined index: cur /data/home/qxu1589900170/htdocs/Runtime/Cache/Admin/9bfef0f9f473c596f668b6c9a32bfd5c.php 第 80 行.
NOTIC: [8] Undefined index: cur /data/home/qxu1589900170/htdocs/Runtime/Cache/Admin/9bfef0f9f473c596f668b6c9a32bfd5c.php 第 88 行.
NOTIC: [8] Undefined index: cur /data/home/qxu1589900170/htdocs/Runtime/Cache/Admin/9bfef0f9f473c596f668b6c9a32bfd5c.php 第 88 行.
NOTIC: [8] Undefined index: cur /data/home/qxu1589900170/htdocs/Runtime/Cache/Admin/9bfef0f9f473c596f668b6c9a32bfd5c.php 第 88 行.
NOTIC: [8] Undefined index: cur /data/home/qxu1589900170/htdocs/Runtime/Cache/Admin/9bfef0f9f473c596f668b6c9a32bfd5c.php 第 80 行.
NOTIC: [8] Undefined index: cur /data/home/qxu1589900170/htdocs/Runtime/Cache/Admin/9bfef0f9f473c596f668b6c9a32bfd5c.php 第 88 行.
NOTIC: [8] Undefined index: addtime /data/home/qxu1589900170/htdocs/Runtime/Cache/Admin/9bfef0f9f473c596f668b6c9a32bfd5c.php 第 185 行.
NOTIC: [8] Undefined variable: token /data/home/qxu1589900170/htdocs/Runtime/Cache/Admin/9bfef0f9f473c596f668b6c9a32bfd5c.php 第 187 行.
NOTIC: [8] Undefined variable: token /data/home/qxu1589900170/htdocs/Runtime/Cache/Admin/9bfef0f9f473c596f668b6c9a32bfd5c.php 第 189 行.
NOTIC: [8] Undefined variable: page /data/home/qxu1589900170/htdocs/Runtime/Cache/Admin/9bfef0f9f473c596f668b6c9a32bfd5c.php 第 202 行.
INFO: Run Behavior\ParseTemplateBehavior [ RunTime:0.018618s ]
INFO: [ view_parse ] --END-- [ RunTime:0.018670s ]
INFO: [ view_filter ] --START--
INFO: Run Behavior\WriteHtmlCacheBehavior [ RunTime:0.000265s ]
INFO: [ view_filter ] --END-- [ RunTime:0.000303s ]
INFO: [ app_end ] --START--
INFO: Run Behavior\ShowPageTraceBehavior [ RunTime:0.000557s ]
INFO: [ app_end ] --END-- [ RunTime:0.000601s ]

[ 2016-10-24T18:30:48+08:00 ] 120.40.97.18 /index.php/Admin/User/index.html
INFO: [ app_init ] --START--
INFO: Run Behavior\BuildLiteBehavior [ RunTime:0.000020s ]
INFO: [ app_init ] --END-- [ RunTime:0.000539s ]
INFO: [ app_begin ] --START--
INFO: Run Behavior\ReadHtmlCacheBehavior [ RunTime:0.000679s ]
INFO: [ app_begin ] --END-- [ RunTime:0.000734s ]
SQL: SHOW COLUMNS FROM `ke_user` [ RunTime:0.0015s ]
SQL: SELECT * FROM `ke_user` WHERE `id` = 1 LIMIT 1   [ RunTime:0.0005s ]
SQL: SHOW COLUMNS FROM `ke_user` [ RunTime:0.0008s ]
SQL: SHOW COLUMNS FROM `ke_menu` [ RunTime:0.0008s ]
SQL: SHOW COLUMNS FROM `ke_role` [ RunTime:0.0007s ]
SQL: SELECT * FROM `ke_user` WHERE `id` = 1 LIMIT 1   [ RunTime:0.0004s ]
SQL: SELECT * FROM `ke_role` WHERE `id` = 1 LIMIT 1   [ RunTime:0.0012s ]
SQL: SELECT * FROM `ke_menu` WHERE `id` IN ('126','127','161','180','181','349','401','440','162','163','165','166','179','187','188','189','190','164','167','168','169','170','171','172','173','174','175','176','177','178','339','134','135','147','156','340','341','342','373','343','344','345','346','347','450','451','452','453','454') AND `type` = 1  [ RunTime:0.0008s ]
NOTIC: [2] array_multisort(): Argument #2 is expected to be an array or a sort flag /data/home/qxu1589900170/htdocs/Application/Common/Common/function.php 第 177 行.
NOTIC: [2] array_multisort(): Argument #2 is expected to be an array or a sort flag /data/home/qxu1589900170/htdocs/Application/Common/Common/function.php 第 177 行.
SQL: SELECT COUNT(*) AS tp_count FROM `ke_user` LIMIT 1   [ RunTime:0.0004s ]
SQL: SELECT * FROM `ke_user` ORDER BY id asc LIMIT 0,20   [ RunTime:0.0004s ]
SQL: SELECT * FROM `ke_role`  [ RunTime:0.0004s ]
INFO: [ view_parse ] --START--
INFO: [ template_filter ] --START--
INFO: Run Behavior\ContentReplaceBehavior [ RunTime:0.000138s ]
INFO: [ template_filter ] --END-- [ RunTime:0.000186s ]
NOTIC: [8] Undefined index: cur /data/home/qxu1589900170/htdocs/Runtime/Cache/Admin/65e605872ed5d34210f5b33beb13f5a3.php 第 80 行.
NOTIC: [8] Undefined index: cur /data/home/qxu1589900170/htdocs/Runtime/Cache/Admin/65e605872ed5d34210f5b33beb13f5a3.php 第 88 行.
NOTIC: [8] Undefined index: cur /data/home/qxu1589900170/htdocs/Runtime/Cache/Admin/65e605872ed5d34210f5b33beb13f5a3.php 第 80 行.
NOTIC: [8] Undefined index: cur /data/home/qxu1589900170/htdocs/Runtime/Cache/Admin/65e605872ed5d34210f5b33beb13f5a3.php 第 88 行.
NOTIC: [8] Undefined index: cur /data/home/qxu1589900170/htdocs/Runtime/Cache/Admin/65e605872ed5d34210f5b33beb13f5a3.php 第 88 行.
NOTIC: [8] Undefined index: cur /data/home/qxu1589900170/htdocs/Runtime/Cache/Admin/65e605872ed5d34210f5b33beb13f5a3.php 第 88 行.
NOTIC: [8] Undefined index: cur /data/home/qxu1589900170/htdocs/Runtime/Cache/Admin/65e605872ed5d34210f5b33beb13f5a3.php 第 88 行.
NOTIC: [8] Undefined index: cur /data/home/qxu1589900170/htdocs/Runtime/Cache/Admin/65e605872ed5d34210f5b33beb13f5a3.php 第 88 行.
NOTIC: [8] Undefined index: cur /data/home/qxu1589900170/htdocs/Runtime/Cache/Admin/65e605872ed5d34210f5b33beb13f5a3.php 第 80 行.
NOTIC: [8] Undefined index: cur /data/home/qxu1589900170/htdocs/Runtime/Cache/Admin/65e605872ed5d34210f5b33beb13f5a3.php 第 88 行.
INFO: Run Behavior\ParseTemplateBehavior [ RunTime:0.014194s ]
INFO: [ view_parse ] --END-- [ RunTime:0.014242s ]
INFO: [ view_filter ] --START--
INFO: Run Behavior\WriteHtmlCacheBehavior [ RunTime:0.000272s ]
INFO: [ view_filter ] --END-- [ RunTime:0.000315s ]
INFO: [ app_end ] --START--
INFO: Run Behavior\ShowPageTraceBehavior [ RunTime:0.000618s ]
INFO: [ app_end ] --END-- [ RunTime:0.000668s ]

[ 2016-10-24T18:52:14+08:00 ] 120.40.97.18 /index.php/Admin/Role/index.html
INFO: [ app_init ] --START--
INFO: Run Behavior\BuildLiteBehavior [ RunTime:0.000017s ]
INFO: [ app_init ] --END-- [ RunTime:0.000395s ]
INFO: [ app_begin ] --START--
INFO: Run Behavior\ReadHtmlCacheBehavior [ RunTime:0.000511s ]
INFO: [ app_begin ] --END-- [ RunTime:0.000566s ]
SQL: SHOW COLUMNS FROM `ke_user` [ RunTime:0.0010s ]
SQL: SELECT * FROM `ke_user` WHERE `id` = 1 LIMIT 1   [ RunTime:0.0005s ]
SQL: SHOW COLUMNS FROM `ke_user` [ RunTime:0.0008s ]
SQL: SHOW COLUMNS FROM `ke_menu` [ RunTime:0.0008s ]
SQL: SHOW COLUMNS FROM `ke_role` [ RunTime:0.0007s ]
SQL: SELECT * FROM `ke_user` WHERE `id` = 1 LIMIT 1   [ RunTime:0.0004s ]
SQL: SELECT * FROM `ke_role` WHERE `id` = 1 LIMIT 1   [ RunTime:0.0005s ]
SQL: SELECT * FROM `ke_menu` WHERE `id` IN ('126','127','161','180','181','349','401','440','162','163','165','166','179','187','188','189','190','164','167','168','169','170','171','172','173','174','175','176','177','178','339','134','135','147','156','340','341','342','373','343','344','345','346','347','450','451','452','453','454') AND `type` = 1  [ RunTime:0.0011s ]
NOTIC: [2] array_multisort(): Argument #2 is expected to be an array or a sort flag /data/home/qxu1589900170/htdocs/Application/Common/Common/function.php 第 177 行.
NOTIC: [2] array_multisort(): Argument #2 is expected to be an array or a sort flag /data/home/qxu1589900170/htdocs/Application/Common/Common/function.php 第 177 行.
SQL: SELECT * FROM `ke_role` ORDER BY sort desc  [ RunTime:0.0005s ]
INFO: [ view_parse ] --START--
INFO: [ template_filter ] --START--
INFO: Run Behavior\ContentReplaceBehavior [ RunTime:0.000159s ]
INFO: [ template_filter ] --END-- [ RunTime:0.000216s ]
NOTIC: [8] Undefined index: cur /data/home/qxu1589900170/htdocs/Runtime/Cache/Admin/b35d77029c5f30642b30c7a996208f53.php 第 80 行.
NOTIC: [8] Undefined index: cur /data/home/qxu1589900170/htdocs/Runtime/Cache/Admin/b35d77029c5f30642b30c7a996208f53.php 第 88 行.
NOTIC: [8] Undefined index: cur /data/home/qxu1589900170/htdocs/Runtime/Cache/Admin/b35d77029c5f30642b30c7a996208f53.php 第 80 行.
NOTIC: [8] Undefined index: cur /data/home/qxu1589900170/htdocs/Runtime/Cache/Admin/b35d77029c5f30642b30c7a996208f53.php 第 88 行.
NOTIC: [8] Undefined index: cur /data/home/qxu1589900170/htdocs/Runtime/Cache/Admin/b35d77029c5f30642b30c7a996208f53.php 第 88 行.
NOTIC: [8] Undefined index: cur /data/home/qxu1589900170/htdocs/Runtime/Cache/Admin/b35d77029c5f30642b30c7a996208f53.php 第 88 行.
NOTIC: [8] Undefined index: cur /data/home/qxu1589900170/htdocs/Runtime/Cache/Admin/b35d77029c5f30642b30c7a996208f53.php 第 88 行.
NOTIC: [8] Undefined index: cur /data/home/qxu1589900170/htdocs/Runtime/Cache/Admin/b35d77029c5f30642b30c7a996208f53.php 第 88 行.
NOTIC: [8] Undefined index: cur /data/home/qxu1589900170/htdocs/Runtime/Cache/Admin/b35d77029c5f30642b30c7a996208f53.php 第 80 行.
NOTIC: [8] Undefined index: cur /data/home/qxu1589900170/htdocs/Runtime/Cache/Admin/b35d77029c5f30642b30c7a996208f53.php 第 88 行.
INFO: Run Behavior\ParseTemplateBehavior [ RunTime:0.015529s ]
INFO: [ view_parse ] --END-- [ RunTime:0.015578s ]
INFO: [ view_filter ] --START--
INFO: Run Behavior\WriteHtmlCacheBehavior [ RunTime:0.000262s ]
INFO: [ view_filter ] --END-- [ RunTime:0.000302s ]
INFO: [ app_end ] --START--
INFO: Run Behavior\ShowPageTraceBehavior [ RunTime:0.000577s ]
INFO: [ app_end ] --END-- [ RunTime:0.000622s ]

[ 2016-10-24T18:52:15+08:00 ] 120.40.97.18 /index.php/Admin/Menu/index.html
INFO: [ app_init ] --START--
INFO: Run Behavior\BuildLiteBehavior [ RunTime:0.000019s ]
INFO: [ app_init ] --END-- [ RunTime:0.000429s ]
INFO: [ app_begin ] --START--
INFO: Run Behavior\ReadHtmlCacheBehavior [ RunTime:0.000615s ]
INFO: [ app_begin ] --END-- [ RunTime:0.000671s ]
SQL: SHOW COLUMNS FROM `ke_user` [ RunTime:0.0009s ]
SQL: SELECT * FROM `ke_user` WHERE `id` = 1 LIMIT 1   [ RunTime:0.0004s ]
SQL: SHOW COLUMNS FROM `ke_user` [ RunTime:0.0008s ]
SQL: SHOW COLUMNS FROM `ke_menu` [ RunTime:0.0008s ]
SQL: SHOW COLUMNS FROM `ke_role` [ RunTime:0.0022s ]
SQL: SELECT * FROM `ke_user` WHERE `id` = 1 LIMIT 1   [ RunTime:0.0004s ]
SQL: SELECT * FROM `ke_role` WHERE `id` = 1 LIMIT 1   [ RunTime:0.0004s ]
SQL: SELECT * FROM `ke_menu` WHERE `id` IN ('126','127','161','180','181','349','401','440','162','163','165','166','179','187','188','189','190','164','167','168','169','170','171','172','173','174','175','176','177','178','339','134','135','147','156','340','341','342','373','343','344','345','346','347','450','451','452','453','454') AND `type` = 1  [ RunTime:0.0009s ]
NOTIC: [2] array_multisort(): Argument #2 is expected to be an array or a sort flag /data/home/qxu1589900170/htdocs/Application/Common/Common/function.php 第 177 行.
NOTIC: [2] array_multisort(): Argument #2 is expected to be an array or a sort flag /data/home/qxu1589900170/htdocs/Application/Common/Common/function.php 第 177 行.
SQL: SELECT * FROM `ke_menu` WHERE (   1 = 1  AND type= 1 AND pid = 0 ) ORDER BY sort desc, id asc  [ RunTime:0.0006s ]
SQL: SELECT * FROM `ke_menu` WHERE ( 1=1 )  [ RunTime:0.0010s ]
NOTIC: [8] Undefined variable: currMenu /data/home/qxu1589900170/htdocs/Application/Admin/Controller/MenuController.class.php 第 48 行.
INFO: [ view_parse ] --START--
INFO: [ template_filter ] --START--
INFO: Run Behavior\ContentReplaceBehavior [ RunTime:0.000145s ]
INFO: [ template_filter ] --END-- [ RunTime:0.000206s ]
NOTIC: [8] Undefined index: cur /data/home/qxu1589900170/htdocs/Runtime/Cache/Admin/b956215329b6f9aca22277599a4efdfc.php 第 80 行.
NOTIC: [8] Undefined index: cur /data/home/qxu1589900170/htdocs/Runtime/Cache/Admin/b956215329b6f9aca22277599a4efdfc.php 第 88 行.
NOTIC: [8] Undefined index: cur /data/home/qxu1589900170/htdocs/Runtime/Cache/Admin/b956215329b6f9aca22277599a4efdfc.php 第 80 行.
NOTIC: [8] Undefined index: cur /data/home/qxu1589900170/htdocs/Runtime/Cache/Admin/b956215329b6f9aca22277599a4efdfc.php 第 88 行.
NOTIC: [8] Undefined index: cur /data/home/qxu1589900170/htdocs/Runtime/Cache/Admin/b956215329b6f9aca22277599a4efdfc.php 第 88 行.
NOTIC: [8] Undefined index: cur /data/home/qxu1589900170/htdocs/Runtime/Cache/Admin/b956215329b6f9aca22277599a4efdfc.php 第 88 行.
NOTIC: [8] Undefined index: cur /data/home/qxu1589900170/htdocs/Runtime/Cache/Admin/b956215329b6f9aca22277599a4efdfc.php 第 88 行.
NOTIC: [8] Undefined index: cur /data/home/qxu1589900170/htdocs/Runtime/Cache/Admin/b956215329b6f9aca22277599a4efdfc.php 第 88 行.
NOTIC: [8] Undefined index: cur /data/home/qxu1589900170/htdocs/Runtime/Cache/Admin/b956215329b6f9aca22277599a4efdfc.php 第 88 行.
NOTIC: [8] Undefined index: cur /data/home/qxu1589900170/htdocs/Runtime/Cache/Admin/b956215329b6f9aca22277599a4efdfc.php 第 80 行.
NOTIC: [8] Undefined index: cur /data/home/qxu1589900170/htdocs/Runtime/Cache/Admin/b956215329b6f9aca22277599a4efdfc.php 第 88 行.
INFO: Run Behavior\ParseTemplateBehavior [ RunTime:0.017546s ]
INFO: [ view_parse ] --END-- [ RunTime:0.017597s ]
INFO: [ view_filter ] --START--
INFO: Run Behavior\WriteHtmlCacheBehavior [ RunTime:0.000286s ]
INFO: [ view_filter ] --END-- [ RunTime:0.000326s ]
INFO: [ app_end ] --START--
INFO: Run Behavior\ShowPageTraceBehavior [ RunTime:0.000634s ]
INFO: [ app_end ] --END-- [ RunTime:0.000683s ]

[ 2016-10-24T18:52:16+08:00 ] 120.40.97.18 /index.php/Admin/User/index.html
INFO: [ app_init ] --START--
INFO: Run Behavior\BuildLiteBehavior [ RunTime:0.000017s ]
INFO: [ app_init ] --END-- [ RunTime:0.000395s ]
INFO: [ app_begin ] --START--
INFO: Run Behavior\ReadHtmlCacheBehavior [ RunTime:0.000508s ]
INFO: [ app_begin ] --END-- [ RunTime:0.000562s ]
SQL: SHOW COLUMNS FROM `ke_user` [ RunTime:0.0010s ]
SQL: SELECT * FROM `ke_user` WHERE `id` = 1 LIMIT 1   [ RunTime:0.0004s ]
SQL: SHOW COLUMNS FROM `ke_user` [ RunTime:0.0008s ]
SQL: SHOW COLUMNS FROM `ke_menu` [ RunTime:0.0008s ]
SQL: SHOW COLUMNS FROM `ke_role` [ RunTime:0.0007s ]
SQL: SELECT * FROM `ke_user` WHERE `id` = 1 LIMIT 1   [ RunTime:0.0004s ]
SQL: SELECT * FROM `ke_role` WHERE `id` = 1 LIMIT 1   [ RunTime:0.0004s ]
SQL: SELECT * FROM `ke_menu` WHERE `id` IN ('126','127','161','180','181','349','401','440','162','163','165','166','179','187','188','189','190','164','167','168','169','170','171','172','173','174','175','176','177','178','339','134','135','147','156','340','341','342','373','343','344','345','346','347','450','451','452','453','454') AND `type` = 1  [ RunTime:0.0008s ]
NOTIC: [2] array_multisort(): Argument #2 is expected to be an array or a sort flag /data/home/qxu1589900170/htdocs/Application/Common/Common/function.php 第 177 行.
NOTIC: [2] array_multisort(): Argument #2 is expected to be an array or a sort flag /data/home/qxu1589900170/htdocs/Application/Common/Common/function.php 第 177 行.
SQL: SELECT COUNT(*) AS tp_count FROM `ke_user` LIMIT 1   [ RunTime:0.0005s ]
SQL: SELECT * FROM `ke_user` ORDER BY id asc LIMIT 0,20   [ RunTime:0.0005s ]
SQL: SELECT * FROM `ke_role`  [ RunTime:0.0006s ]
INFO: [ view_parse ] --START--
INFO: [ template_filter ] --START--
INFO: Run Behavior\ContentReplaceBehavior [ RunTime:0.000147s ]
INFO: [ template_filter ] --END-- [ RunTime:0.000197s ]
NOTIC: [8] Undefined index: cur /data/home/qxu1589900170/htdocs/Runtime/Cache/Admin/65e605872ed5d34210f5b33beb13f5a3.php 第 80 行.
NOTIC: [8] Undefined index: cur /data/home/qxu1589900170/htdocs/Runtime/Cache/Admin/65e605872ed5d34210f5b33beb13f5a3.php 第 88 行.
NOTIC: [8] Undefined index: cur /data/home/qxu1589900170/htdocs/Runtime/Cache/Admin/65e605872ed5d34210f5b33beb13f5a3.php 第 80 行.
NOTIC: [8] Undefined index: cur /data/home/qxu1589900170/htdocs/Runtime/Cache/Admin/65e605872ed5d34210f5b33beb13f5a3.php 第 88 行.
NOTIC: [8] Undefined index: cur /data/home/qxu1589900170/htdocs/Runtime/Cache/Admin/65e605872ed5d34210f5b33beb13f5a3.php 第 88 行.
NOTIC: [8] Undefined index: cur /data/home/qxu1589900170/htdocs/Runtime/Cache/Admin/65e605872ed5d34210f5b33beb13f5a3.php 第 88 行.
NOTIC: [8] Undefined index: cur /data/home/qxu1589900170/htdocs/Runtime/Cache/Admin/65e605872ed5d34210f5b33beb13f5a3.php 第 88 行.
NOTIC: [8] Undefined index: cur /data/home/qxu1589900170/htdocs/Runtime/Cache/Admin/65e605872ed5d34210f5b33beb13f5a3.php 第 88 行.
NOTIC: [8] Undefined index: cur /data/home/qxu1589900170/htdocs/Runtime/Cache/Admin/65e605872ed5d34210f5b33beb13f5a3.php 第 80 行.
NOTIC: [8] Undefined index: cur /data/home/qxu1589900170/htdocs/Runtime/Cache/Admin/65e605872ed5d34210f5b33beb13f5a3.php 第 88 行.
INFO: Run Behavior\ParseTemplateBehavior [ RunTime:0.013420s ]
INFO: [ view_parse ] --END-- [ RunTime:0.013469s ]
INFO: [ view_filter ] --START--
INFO: Run Behavior\WriteHtmlCacheBehavior [ RunTime:0.000256s ]
INFO: [ view_filter ] --END-- [ RunTime:0.000296s ]
INFO: [ app_end ] --START--
INFO: Run Behavior\ShowPageTraceBehavior [ RunTime:0.000551s ]
INFO: [ app_end ] --END-- [ RunTime:0.000600s ]

[ 2016-10-24T18:52:18+08:00 ] 120.40.97.18 /index.php/Admin/Region/index.html
INFO: [ app_init ] --START--
INFO: Run Behavior\BuildLiteBehavior [ RunTime:0.000022s ]
INFO: [ app_init ] --END-- [ RunTime:0.000467s ]
INFO: [ app_begin ] --START--
INFO: Run Behavior\ReadHtmlCacheBehavior [ RunTime:0.000553s ]
INFO: [ app_begin ] --END-- [ RunTime:0.000623s ]
SQL: SHOW COLUMNS FROM `ke_user` [ RunTime:0.0010s ]
SQL: SELECT * FROM `ke_user` WHERE `id` = 1 LIMIT 1   [ RunTime:0.0004s ]
SQL: SHOW COLUMNS FROM `ke_user` [ RunTime:0.0008s ]
SQL: SHOW COLUMNS FROM `ke_menu` [ RunTime:0.0008s ]
SQL: SHOW COLUMNS FROM `ke_role` [ RunTime:0.0007s ]
SQL: SELECT * FROM `ke_user` WHERE `id` = 1 LIMIT 1   [ RunTime:0.0004s ]
SQL: SELECT * FROM `ke_role` WHERE `id` = 1 LIMIT 1   [ RunTime:0.0003s ]
SQL: SELECT * FROM `ke_menu` WHERE `id` IN ('126','127','161','180','181','349','401','440','162','163','165','166','179','187','188','189','190','164','167','168','169','170','171','172','173','174','175','176','177','178','339','134','135','147','156','340','341','342','373','343','344','345','346','347','450','451','452','453','454') AND `type` = 1  [ RunTime:0.0008s ]
NOTIC: [2] array_multisort(): Argument #2 is expected to be an array or a sort flag /data/home/qxu1589900170/htdocs/Application/Common/Common/function.php 第 177 行.
NOTIC: [2] array_multisort(): Argument #2 is expected to be an array or a sort flag /data/home/qxu1589900170/htdocs/Application/Common/Common/function.php 第 177 行.
SQL: SHOW COLUMNS FROM `ke_region` [ RunTime:0.0008s ]
SQL: SELECT * FROM `ke_region` WHERE `pid` = 0 ORDER BY id asc  [ RunTime:0.0005s ]
INFO: [ view_parse ] --START--
INFO: [ template_filter ] --START--
INFO: Run Behavior\ContentReplaceBehavior [ RunTime:0.000137s ]
INFO: [ template_filter ] --END-- [ RunTime:0.000186s ]
NOTIC: [8] Undefined index: cur /data/home/qxu1589900170/htdocs/Runtime/Cache/Admin/9f8ee44ecc797c2c3560363c09537890.php 第 80 行.
NOTIC: [8] Undefined index: cur /data/home/qxu1589900170/htdocs/Runtime/Cache/Admin/9f8ee44ecc797c2c3560363c09537890.php 第 88 行.
NOTIC: [8] Undefined index: cur /data/home/qxu1589900170/htdocs/Runtime/Cache/Admin/9f8ee44ecc797c2c3560363c09537890.php 第 80 行.
NOTIC: [8] Undefined index: cur /data/home/qxu1589900170/htdocs/Runtime/Cache/Admin/9f8ee44ecc797c2c3560363c09537890.php 第 88 行.
NOTIC: [8] Undefined index: cur /data/home/qxu1589900170/htdocs/Runtime/Cache/Admin/9f8ee44ecc797c2c3560363c09537890.php 第 88 行.
NOTIC: [8] Undefined index: cur /data/home/qxu1589900170/htdocs/Runtime/Cache/Admin/9f8ee44ecc797c2c3560363c09537890.php 第 88 行.
NOTIC: [8] Undefined index: cur /data/home/qxu1589900170/htdocs/Runtime/Cache/Admin/9f8ee44ecc797c2c3560363c09537890.php 第 80 行.
NOTIC: [8] Undefined index: cur /data/home/qxu1589900170/htdocs/Runtime/Cache/Admin/9f8ee44ecc797c2c3560363c09537890.php 第 88 行.
NOTIC: [8] Undefined index: cur /data/home/qxu1589900170/htdocs/Runtime/Cache/Admin/9f8ee44ecc797c2c3560363c09537890.php 第 88 行.
NOTIC: [8] Undefined index: cur /data/home/qxu1589900170/htdocs/Runtime/Cache/Admin/9f8ee44ecc797c2c3560363c09537890.php 第 88 行.
NOTIC: [8] Undefined index: cur /data/home/qxu1589900170/htdocs/Runtime/Cache/Admin/9f8ee44ecc797c2c3560363c09537890.php 第 88 行.
NOTIC: [8] Undefined variable: type /data/home/qxu1589900170/htdocs/Runtime/Cache/Admin/9f8ee44ecc797c2c3560363c09537890.php 第 150 行.
INFO: Run Behavior\ParseTemplateBehavior [ RunTime:0.014163s ]
INFO: [ view_parse ] --END-- [ RunTime:0.014210s ]
INFO: [ view_filter ] --START--
INFO: Run Behavior\WriteHtmlCacheBehavior [ RunTime:0.000267s ]
INFO: [ view_filter ] --END-- [ RunTime:0.000306s ]
INFO: [ app_end ] --START--
INFO: Run Behavior\ShowPageTraceBehavior [ RunTime:0.000570s ]
INFO: [ app_end ] --END-- [ RunTime:0.000621s ]

[ 2016-10-24T18:52:19+08:00 ] 120.40.97.18 /index.php/Admin/Product/index.html
INFO: [ app_init ] --START--
INFO: Run Behavior\BuildLiteBehavior [ RunTime:0.000019s ]
INFO: [ app_init ] --END-- [ RunTime:0.000432s ]
INFO: [ app_begin ] --START--
INFO: Run Behavior\ReadHtmlCacheBehavior [ RunTime:0.000604s ]
INFO: [ app_begin ] --END-- [ RunTime:0.000660s ]
SQL: SHOW COLUMNS FROM `ke_user` [ RunTime:0.0009s ]
SQL: SELECT * FROM `ke_user` WHERE `id` = 1 LIMIT 1   [ RunTime:0.0004s ]
SQL: SHOW COLUMNS FROM `ke_user` [ RunTime:0.0008s ]
SQL: SHOW COLUMNS FROM `ke_menu` [ RunTime:0.0008s ]
SQL: SHOW COLUMNS FROM `ke_role` [ RunTime:0.0007s ]
SQL: SELECT * FROM `ke_user` WHERE `id` = 1 LIMIT 1   [ RunTime:0.0004s ]
SQL: SELECT * FROM `ke_role` WHERE `id` = 1 LIMIT 1   [ RunTime:0.0004s ]
SQL: SELECT * FROM `ke_menu` WHERE `id` IN ('126','127','161','180','181','349','401','440','162','163','165','166','179','187','188','189','190','164','167','168','169','170','171','172','173','174','175','176','177','178','339','134','135','147','156','340','341','342','373','343','344','345','346','347','450','451','452','453','454') AND `type` = 1  [ RunTime:0.0008s ]
NOTIC: [2] array_multisort(): Argument #2 is expected to be an array or a sort flag /data/home/qxu1589900170/htdocs/Application/Common/Common/function.php 第 177 行.
NOTIC: [2] array_multisort(): Argument #2 is expected to be an array or a sort flag /data/home/qxu1589900170/htdocs/Application/Common/Common/function.php 第 177 行.
SQL: SHOW COLUMNS FROM `ke_product` [ RunTime:0.0013s ]
SQL: SHOW COLUMNS FROM `ke_product_category` [ RunTime:0.0008s ]
SQL: SELECT COUNT(*) AS tp_count FROM `ke_product` WHERE `delete` = 0 LIMIT 1   [ RunTime:0.0005s ]
SQL: SELECT * FROM `ke_product` WHERE `delete` = 0 ORDER BY id desc LIMIT 0,15   [ RunTime:0.0006s ]
SQL: SELECT * FROM `ke_product_category` WHERE ( pid=0 AND status=1 )  [ RunTime:0.0006s ]
INFO: [ view_parse ] --START--
INFO: [ template_filter ] --START--
INFO: Run Behavior\ContentReplaceBehavior [ RunTime:0.000169s ]
INFO: [ template_filter ] --END-- [ RunTime:0.000229s ]
NOTIC: [8] Undefined index: cur /data/home/qxu1589900170/htdocs/Runtime/Cache/Admin/34e4b095905075aaede5ee9039415509.php 第 80 行.
NOTIC: [8] Undefined index: cur /data/home/qxu1589900170/htdocs/Runtime/Cache/Admin/34e4b095905075aaede5ee9039415509.php 第 88 行.
NOTIC: [8] Undefined index: cur /data/home/qxu1589900170/htdocs/Runtime/Cache/Admin/34e4b095905075aaede5ee9039415509.php 第 88 行.
NOTIC: [8] Undefined index: cur /data/home/qxu1589900170/htdocs/Runtime/Cache/Admin/34e4b095905075aaede5ee9039415509.php 第 88 行.
NOTIC: [8] Undefined index: cur /data/home/qxu1589900170/htdocs/Runtime/Cache/Admin/34e4b095905075aaede5ee9039415509.php 第 88 行.
NOTIC: [8] Undefined index: cur /data/home/qxu1589900170/htdocs/Runtime/Cache/Admin/34e4b095905075aaede5ee9039415509.php 第 80 行.
NOTIC: [8] Undefined index: cur /data/home/qxu1589900170/htdocs/Runtime/Cache/Admin/34e4b095905075aaede5ee9039415509.php 第 88 行.
NOTIC: [8] Undefined index: cur /data/home/qxu1589900170/htdocs/Runtime/Cache/Admin/34e4b095905075aaede5ee9039415509.php 第 88 行.
NOTIC: [8] Undefined index: cur /data/home/qxu1589900170/htdocs/Runtime/Cache/Admin/34e4b095905075aaede5ee9039415509.php 第 88 行.
NOTIC: [8] Undefined index: cur /data/home/qxu1589900170/htdocs/Runtime/Cache/Admin/34e4b095905075aaede5ee9039415509.php 第 80 行.
NOTIC: [8] Undefined index: cur /data/home/qxu1589900170/htdocs/Runtime/Cache/Admin/34e4b095905075aaede5ee9039415509.php 第 88 行.
INFO: Run Behavior\ParseTemplateBehavior [ RunTime:0.016576s ]
INFO: [ view_parse ] --END-- [ RunTime:0.016626s ]
INFO: [ view_filter ] --START--
INFO: Run Behavior\WriteHtmlCacheBehavior [ RunTime:0.000300s ]
INFO: [ view_filter ] --END-- [ RunTime:0.000344s ]
INFO: [ app_end ] --START--
INFO: Run Behavior\ShowPageTraceBehavior [ RunTime:0.000593s ]
INFO: [ app_end ] --END-- [ RunTime:0.000642s ]

[ 2016-10-24T18:52:20+08:00 ] 120.40.97.18 /index.php/Admin/Product/add.html
INFO: [ app_init ] --START--
INFO: Run Behavior\BuildLiteBehavior [ RunTime:0.000020s ]
INFO: [ app_init ] --END-- [ RunTime:0.000412s ]
INFO: [ app_begin ] --START--
INFO: Run Behavior\ReadHtmlCacheBehavior [ RunTime:0.000517s ]
INFO: [ app_begin ] --END-- [ RunTime:0.000587s ]
SQL: SHOW COLUMNS FROM `ke_user` [ RunTime:0.0010s ]
SQL: SELECT * FROM `ke_user` WHERE `id` = 1 LIMIT 1   [ RunTime:0.0004s ]
SQL: SHOW COLUMNS FROM `ke_user` [ RunTime:0.0008s ]
SQL: SHOW COLUMNS FROM `ke_menu` [ RunTime:0.0008s ]
SQL: SHOW COLUMNS FROM `ke_role` [ RunTime:0.0006s ]
SQL: SELECT * FROM `ke_user` WHERE `id` = 1 LIMIT 1   [ RunTime:0.0004s ]
SQL: SELECT * FROM `ke_role` WHERE `id` = 1 LIMIT 1   [ RunTime:0.0003s ]
SQL: SELECT * FROM `ke_menu` WHERE `id` IN ('126','127','161','180','181','349','401','440','162','163','165','166','179','187','188','189','190','164','167','168','169','170','171','172','173','174','175','176','177','178','339','134','135','147','156','340','341','342','373','343','344','345','346','347','450','451','452','453','454') AND `type` = 1  [ RunTime:0.0009s ]
NOTIC: [2] array_multisort(): Argument #2 is expected to be an array or a sort flag /data/home/qxu1589900170/htdocs/Application/Common/Common/function.php 第 177 行.
NOTIC: [2] array_multisort(): Argument #2 is expected to be an array or a sort flag /data/home/qxu1589900170/htdocs/Application/Common/Common/function.php 第 177 行.
SQL: SHOW COLUMNS FROM `ke_product_category` [ RunTime:0.0007s ]
SQL: SELECT * FROM `ke_product_category` WHERE ( pid=0 AND status=1 ) ORDER BY sort desc, id asc  [ RunTime:0.0012s ]
INFO: [ view_parse ] --START--
INFO: [ template_filter ] --START--
INFO: Run Behavior\ContentReplaceBehavior [ RunTime:0.000307s ]
INFO: [ template_filter ] --END-- [ RunTime:0.000360s ]
NOTIC: [8] Undefined index: cur /data/home/qxu1589900170/htdocs/Runtime/Cache/Admin/8b641081e7ea680aaaea87475742484f.php 第 83 行.
NOTIC: [8] Undefined index: cur /data/home/qxu1589900170/htdocs/Runtime/Cache/Admin/8b641081e7ea680aaaea87475742484f.php 第 91 行.
NOTIC: [8] Undefined index: cur /data/home/qxu1589900170/htdocs/Runtime/Cache/Admin/8b641081e7ea680aaaea87475742484f.php 第 91 行.
NOTIC: [8] Undefined index: cur /data/home/qxu1589900170/htdocs/Runtime/Cache/Admin/8b641081e7ea680aaaea87475742484f.php 第 91 行.
NOTIC: [8] Undefined index: cur /data/home/qxu1589900170/htdocs/Runtime/Cache/Admin/8b641081e7ea680aaaea87475742484f.php 第 83 行.
NOTIC: [8] Undefined index: cur /data/home/qxu1589900170/htdocs/Runtime/Cache/Admin/8b641081e7ea680aaaea87475742484f.php 第 91 行.
NOTIC: [8] Undefined index: cur /data/home/qxu1589900170/htdocs/Runtime/Cache/Admin/8b641081e7ea680aaaea87475742484f.php 第 91 行.
NOTIC: [8] Undefined index: cur /data/home/qxu1589900170/htdocs/Runtime/Cache/Admin/8b641081e7ea680aaaea87475742484f.php 第 91 行.
NOTIC: [8] Undefined index: cur /data/home/qxu1589900170/htdocs/Runtime/Cache/Admin/8b641081e7ea680aaaea87475742484f.php 第 83 行.
NOTIC: [8] Undefined index: cur /data/home/qxu1589900170/htdocs/Runtime/Cache/Admin/8b641081e7ea680aaaea87475742484f.php 第 91 行.
INFO: Run Behavior\ParseTemplateBehavior [ RunTime:0.018960s ]
INFO: [ view_parse ] --END-- [ RunTime:0.019013s ]
INFO: [ view_filter ] --START--
INFO: Run Behavior\WriteHtmlCacheBehavior [ RunTime:0.000266s ]
INFO: [ view_filter ] --END-- [ RunTime:0.000306s ]
INFO: [ app_end ] --START--
INFO: Run Behavior\ShowPageTraceBehavior [ RunTime:0.000567s ]
INFO: [ app_end ] --END-- [ RunTime:0.000618s ]

[ 2016-10-24T18:52:20+08:00 ] 120.40.97.18 /index.php/Admin/Images/product.html
INFO: [ app_init ] --START--
INFO: Run Behavior\BuildLiteBehavior [ RunTime:0.000018s ]
INFO: [ app_init ] --END-- [ RunTime:0.000389s ]
INFO: [ app_begin ] --START--
INFO: Run Behavior\ReadHtmlCacheBehavior [ RunTime:0.000525s ]
INFO: [ app_begin ] --END-- [ RunTime:0.000580s ]
SQL: SHOW COLUMNS FROM `ke_user` [ RunTime:0.0009s ]
SQL: SELECT * FROM `ke_user` WHERE `id` = 1 LIMIT 1   [ RunTime:0.0004s ]
SQL: SHOW COLUMNS FROM `ke_user` [ RunTime:0.0008s ]
SQL: SHOW COLUMNS FROM `ke_menu` [ RunTime:0.0008s ]
SQL: SHOW COLUMNS FROM `ke_role` [ RunTime:0.0007s ]
SQL: SELECT * FROM `ke_user` WHERE `id` = 1 LIMIT 1   [ RunTime:0.0004s ]
SQL: SELECT * FROM `ke_role` WHERE `id` = 1 LIMIT 1   [ RunTime:0.0004s ]
SQL: SELECT * FROM `ke_menu` WHERE `id` IN ('126','127','161','180','181','349','401','440','162','163','165','166','179','187','188','189','190','164','167','168','169','170','171','172','173','174','175','176','177','178','339','134','135','147','156','340','341','342','373','343','344','345','346','347','450','451','452','453','454') AND `type` = 1  [ RunTime:0.0009s ]
NOTIC: [2] array_multisort(): Argument #2 is expected to be an array or a sort flag /data/home/qxu1589900170/htdocs/Application/Common/Common/function.php 第 177 行.
NOTIC: [2] array_multisort(): Argument #2 is expected to be an array or a sort flag /data/home/qxu1589900170/htdocs/Application/Common/Common/function.php 第 177 行.
INFO: [ view_parse ] --START--
INFO: [ template_filter ] --START--
INFO: Run Behavior\ContentReplaceBehavior [ RunTime:0.000053s ]
INFO: [ template_filter ] --END-- [ RunTime:0.000103s ]
NOTIC: [8] Undefined variable: type /data/home/qxu1589900170/htdocs/Runtime/Cache/Admin/abf7b5e75524aec5989995e98bf782ae.php 第 10 行.
INFO: Run Behavior\ParseTemplateBehavior [ RunTime:0.005697s ]
INFO: [ view_parse ] --END-- [ RunTime:0.005743s ]
INFO: [ view_filter ] --START--
INFO: Run Behavior\WriteHtmlCacheBehavior [ RunTime:0.000277s ]
INFO: [ view_filter ] --END-- [ RunTime:0.000317s ]
INFO: [ app_end ] --START--
INFO: Run Behavior\ShowPageTraceBehavior [ RunTime:0.000554s ]
INFO: [ app_end ] --END-- [ RunTime:0.000607s ]

[ 2016-10-24T18:52:21+08:00 ] 120.40.97.18 /index.php/Admin/Category/index.html
INFO: [ app_init ] --START--
INFO: Run Behavior\BuildLiteBehavior [ RunTime:0.000017s ]
INFO: [ app_init ] --END-- [ RunTime:0.000394s ]
INFO: [ app_begin ] --START--
INFO: Run Behavior\ReadHtmlCacheBehavior [ RunTime:0.000505s ]
INFO: [ app_begin ] --END-- [ RunTime:0.000561s ]
SQL: SHOW COLUMNS FROM `ke_user` [ RunTime:0.0010s ]
SQL: SELECT * FROM `ke_user` WHERE `id` = 1 LIMIT 1   [ RunTime:0.0004s ]
SQL: SHOW COLUMNS FROM `ke_user` [ RunTime:0.0008s ]
SQL: SHOW COLUMNS FROM `ke_menu` [ RunTime:0.0007s ]
SQL: SHOW COLUMNS FROM `ke_role` [ RunTime:0.0007s ]
SQL: SELECT * FROM `ke_user` WHERE `id` = 1 LIMIT 1   [ RunTime:0.0007s ]
SQL: SELECT * FROM `ke_role` WHERE `id` = 1 LIMIT 1   [ RunTime:0.0003s ]
SQL: SELECT * FROM `ke_menu` WHERE `id` IN ('126','127','161','180','181','349','401','440','162','163','165','166','179','187','188','189','190','164','167','168','169','170','171','172','173','174','175','176','177','178','339','134','135','147','156','340','341','342','373','343','344','345','346','347','450','451','452','453','454') AND `type` = 1  [ RunTime:0.0007s ]
NOTIC: [2] array_multisort(): Argument #2 is expected to be an array or a sort flag /data/home/qxu1589900170/htdocs/Application/Common/Common/function.php 第 177 行.
NOTIC: [2] array_multisort(): Argument #2 is expected to be an array or a sort flag /data/home/qxu1589900170/htdocs/Application/Common/Common/function.php 第 177 行.
SQL: SHOW COLUMNS FROM `ke_product_category` [ RunTime:0.0007s ]
SQL: SELECT * FROM `ke_product_category` WHERE `pid` = 0 ORDER BY sort desc, id desc  [ RunTime:0.0006s ]
SQL: SELECT * FROM `ke_product_category`  [ RunTime:0.0005s ]
INFO: [ view_parse ] --START--
INFO: [ template_filter ] --START--
INFO: Run Behavior\ContentReplaceBehavior [ RunTime:0.000144s ]
INFO: [ template_filter ] --END-- [ RunTime:0.000192s ]
NOTIC: [8] Undefined index: cur /data/home/qxu1589900170/htdocs/Runtime/Cache/Admin/9bfef0f9f473c596f668b6c9a32bfd5c.php 第 80 行.
NOTIC: [8] Undefined index: cur /data/home/qxu1589900170/htdocs/Runtime/Cache/Admin/9bfef0f9f473c596f668b6c9a32bfd5c.php 第 88 行.
NOTIC: [8] Undefined index: cur /data/home/qxu1589900170/htdocs/Runtime/Cache/Admin/9bfef0f9f473c596f668b6c9a32bfd5c.php 第 88 行.
NOTIC: [8] Undefined index: cur /data/home/qxu1589900170/htdocs/Runtime/Cache/Admin/9bfef0f9f473c596f668b6c9a32bfd5c.php 第 88 行.
NOTIC: [8] Undefined index: cur /data/home/qxu1589900170/htdocs/Runtime/Cache/Admin/9bfef0f9f473c596f668b6c9a32bfd5c.php 第 80 行.
NOTIC: [8] Undefined index: cur /data/home/qxu1589900170/htdocs/Runtime/Cache/Admin/9bfef0f9f473c596f668b6c9a32bfd5c.php 第 88 行.
NOTIC: [8] Undefined index: cur /data/home/qxu1589900170/htdocs/Runtime/Cache/Admin/9bfef0f9f473c596f668b6c9a32bfd5c.php 第 88 行.
NOTIC: [8] Undefined index: cur /data/home/qxu1589900170/htdocs/Runtime/Cache/Admin/9bfef0f9f473c596f668b6c9a32bfd5c.php 第 88 行.
NOTIC: [8] Undefined index: cur /data/home/qxu1589900170/htdocs/Runtime/Cache/Admin/9bfef0f9f473c596f668b6c9a32bfd5c.php 第 80 行.
NOTIC: [8] Undefined index: cur /data/home/qxu1589900170/htdocs/Runtime/Cache/Admin/9bfef0f9f473c596f668b6c9a32bfd5c.php 第 88 行.
NOTIC: [8] Undefined index: addtime /data/home/qxu1589900170/htdocs/Runtime/Cache/Admin/9bfef0f9f473c596f668b6c9a32bfd5c.php 第 185 行.
NOTIC: [8] Undefined variable: token /data/home/qxu1589900170/htdocs/Runtime/Cache/Admin/9bfef0f9f473c596f668b6c9a32bfd5c.php 第 187 行.
NOTIC: [8] Undefined variable: token /data/home/qxu1589900170/htdocs/Runtime/Cache/Admin/9bfef0f9f473c596f668b6c9a32bfd5c.php 第 189 行.
NOTIC: [8] Undefined variable: page /data/home/qxu1589900170/htdocs/Runtime/Cache/Admin/9bfef0f9f473c596f668b6c9a32bfd5c.php 第 202 行.
INFO: Run Behavior\ParseTemplateBehavior [ RunTime:0.015425s ]
INFO: [ view_parse ] --END-- [ RunTime:0.015475s ]
INFO: [ view_filter ] --START--
INFO: Run Behavior\WriteHtmlCacheBehavior [ RunTime:0.000334s ]
INFO: [ view_filter ] --END-- [ RunTime:0.000373s ]
INFO: [ app_end ] --START--
INFO: Run Behavior\ShowPageTraceBehavior [ RunTime:0.000559s ]
INFO: [ app_end ] --END-- [ RunTime:0.000603s ]

[ 2016-10-24T18:52:24+08:00 ] 120.40.97.18 /index.php/Admin/Product/add.html
INFO: [ app_init ] --START--
INFO: Run Behavior\BuildLiteBehavior [ RunTime:0.000017s ]
INFO: [ app_init ] --END-- [ RunTime:0.000410s ]
INFO: [ app_begin ] --START--
INFO: Run Behavior\ReadHtmlCacheBehavior [ RunTime:0.000508s ]
INFO: [ app_begin ] --END-- [ RunTime:0.000563s ]
SQL: SHOW COLUMNS FROM `ke_user` [ RunTime:0.0011s ]
SQL: SELECT * FROM `ke_user` WHERE `id` = 1 LIMIT 1   [ RunTime:0.0004s ]
SQL: SHOW COLUMNS FROM `ke_user` [ RunTime:0.0008s ]
SQL: SHOW COLUMNS FROM `ke_menu` [ RunTime:0.0008s ]
SQL: SHOW COLUMNS FROM `ke_role` [ RunTime:0.0007s ]
SQL: SELECT * FROM `ke_user` WHERE `id` = 1 LIMIT 1   [ RunTime:0.0004s ]
SQL: SELECT * FROM `ke_role` WHERE `id` = 1 LIMIT 1   [ RunTime:0.0004s ]
SQL: SELECT * FROM `ke_menu` WHERE `id` IN ('126','127','161','180','181','349','401','440','162','163','165','166','179','187','188','189','190','164','167','168','169','170','171','172','173','174','175','176','177','178','339','134','135','147','156','340','341','342','373','343','344','345','346','347','450','451','452','453','454') AND `type` = 1  [ RunTime:0.0009s ]
NOTIC: [2] array_multisort(): Argument #2 is expected to be an array or a sort flag /data/home/qxu1589900170/htdocs/Application/Common/Common/function.php 第 177 行.
NOTIC: [2] array_multisort(): Argument #2 is expected to be an array or a sort flag /data/home/qxu1589900170/htdocs/Application/Common/Common/function.php 第 177 行.
SQL: SHOW COLUMNS FROM `ke_product_category` [ RunTime:0.0007s ]
SQL: SELECT * FROM `ke_product_category` WHERE ( pid=0 AND status=1 ) ORDER BY sort desc, id asc  [ RunTime:0.0004s ]
INFO: [ view_parse ] --START--
INFO: [ template_filter ] --START--
INFO: Run Behavior\ContentReplaceBehavior [ RunTime:0.000323s ]
INFO: [ template_filter ] --END-- [ RunTime:0.000397s ]
NOTIC: [8] Undefined index: cur /data/home/qxu1589900170/htdocs/Runtime/Cache/Admin/8b641081e7ea680aaaea87475742484f.php 第 83 行.
NOTIC: [8] Undefined index: cur /data/home/qxu1589900170/htdocs/Runtime/Cache/Admin/8b641081e7ea680aaaea87475742484f.php 第 91 行.
NOTIC: [8] Undefined index: cur /data/home/qxu1589900170/htdocs/Runtime/Cache/Admin/8b641081e7ea680aaaea87475742484f.php 第 91 行.
NOTIC: [8] Undefined index: cur /data/home/qxu1589900170/htdocs/Runtime/Cache/Admin/8b641081e7ea680aaaea87475742484f.php 第 91 行.
NOTIC: [8] Undefined index: cur /data/home/qxu1589900170/htdocs/Runtime/Cache/Admin/8b641081e7ea680aaaea87475742484f.php 第 83 行.
NOTIC: [8] Undefined index: cur /data/home/qxu1589900170/htdocs/Runtime/Cache/Admin/8b641081e7ea680aaaea87475742484f.php 第 91 行.
NOTIC: [8] Undefined index: cur /data/home/qxu1589900170/htdocs/Runtime/Cache/Admin/8b641081e7ea680aaaea87475742484f.php 第 91 行.
NOTIC: [8] Undefined index: cur /data/home/qxu1589900170/htdocs/Runtime/Cache/Admin/8b641081e7ea680aaaea87475742484f.php 第 91 行.
NOTIC: [8] Undefined index: cur /data/home/qxu1589900170/htdocs/Runtime/Cache/Admin/8b641081e7ea680aaaea87475742484f.php 第 83 行.
NOTIC: [8] Undefined index: cur /data/home/qxu1589900170/htdocs/Runtime/Cache/Admin/8b641081e7ea680aaaea87475742484f.php 第 91 行.
INFO: Run Behavior\ParseTemplateBehavior [ RunTime:0.019910s ]
INFO: [ view_parse ] --END-- [ RunTime:0.019963s ]
INFO: [ view_filter ] --START--
INFO: Run Behavior\WriteHtmlCacheBehavior [ RunTime:0.000300s ]
INFO: [ view_filter ] --END-- [ RunTime:0.000339s ]
INFO: [ app_end ] --START--
INFO: Run Behavior\ShowPageTraceBehavior [ RunTime:0.000588s ]
INFO: [ app_end ] --END-- [ RunTime:0.000652s ]

[ 2016-10-24T18:52:25+08:00 ] 120.40.97.18 /index.php/Admin/Images/product.html
INFO: [ app_init ] --START--
INFO: Run Behavior\BuildLiteBehavior [ RunTime:0.000023s ]
INFO: [ app_init ] --END-- [ RunTime:0.000495s ]
INFO: [ app_begin ] --START--
INFO: Run Behavior\ReadHtmlCacheBehavior [ RunTime:0.000527s ]
INFO: [ app_begin ] --END-- [ RunTime:0.000595s ]
SQL: SHOW COLUMNS FROM `ke_user` [ RunTime:0.0009s ]
SQL: SELECT * FROM `ke_user` WHERE `id` = 1 LIMIT 1   [ RunTime:0.0004s ]
SQL: SHOW COLUMNS FROM `ke_user` [ RunTime:0.0013s ]
SQL: SHOW COLUMNS FROM `ke_menu` [ RunTime:0.0008s ]
SQL: SHOW COLUMNS FROM `ke_role` [ RunTime:0.0007s ]
SQL: SELECT * FROM `ke_user` WHERE `id` = 1 LIMIT 1   [ RunTime:0.0004s ]
SQL: SELECT * FROM `ke_role` WHERE `id` = 1 LIMIT 1   [ RunTime:0.0003s ]
SQL: SELECT * FROM `ke_menu` WHERE `id` IN ('126','127','161','180','181','349','401','440','162','163','165','166','179','187','188','189','190','164','167','168','169','170','171','172','173','174','175','176','177','178','339','134','135','147','156','340','341','342','373','343','344','345','346','347','450','451','452','453','454') AND `type` = 1  [ RunTime:0.0008s ]
NOTIC: [2] array_multisort(): Argument #2 is expected to be an array or a sort flag /data/home/qxu1589900170/htdocs/Application/Common/Common/function.php 第 177 行.
NOTIC: [2] array_multisort(): Argument #2 is expected to be an array or a sort flag /data/home/qxu1589900170/htdocs/Application/Common/Common/function.php 第 177 行.
INFO: [ view_parse ] --START--
INFO: [ template_filter ] --START--
INFO: Run Behavior\ContentReplaceBehavior [ RunTime:0.000080s ]
INFO: [ template_filter ] --END-- [ RunTime:0.000134s ]
NOTIC: [8] Undefined variable: type /data/home/qxu1589900170/htdocs/Runtime/Cache/Admin/abf7b5e75524aec5989995e98bf782ae.php 第 10 行.
INFO: Run Behavior\ParseTemplateBehavior [ RunTime:0.006140s ]
INFO: [ view_parse ] --END-- [ RunTime:0.006200s ]
INFO: [ view_filter ] --START--
INFO: Run Behavior\WriteHtmlCacheBehavior [ RunTime:0.000282s ]
INFO: [ view_filter ] --END-- [ RunTime:0.000323s ]
INFO: [ app_end ] --START--
INFO: Run Behavior\ShowPageTraceBehavior [ RunTime:0.000607s ]
INFO: [ app_end ] --END-- [ RunTime:0.000661s ]

[ 2016-10-24T18:52:31+08:00 ] 120.40.97.18 /index.php/Admin/Product/index.html
INFO: [ app_init ] --START--
INFO: Run Behavior\BuildLiteBehavior [ RunTime:0.000028s ]
INFO: [ app_init ] --END-- [ RunTime:0.000594s ]
INFO: [ app_begin ] --START--
INFO: Run Behavior\ReadHtmlCacheBehavior [ RunTime:0.000590s ]
INFO: [ app_begin ] --END-- [ RunTime:0.000671s ]
SQL: SHOW COLUMNS FROM `ke_user` [ RunTime:0.0010s ]
SQL: SELECT * FROM `ke_user` WHERE `id` = 1 LIMIT 1   [ RunTime:0.0004s ]
SQL: SHOW COLUMNS FROM `ke_user` [ RunTime:0.0008s ]
SQL: SHOW COLUMNS FROM `ke_menu` [ RunTime:0.0008s ]
SQL: SHOW COLUMNS FROM `ke_role` [ RunTime:0.0007s ]
SQL: SELECT * FROM `ke_user` WHERE `id` = 1 LIMIT 1   [ RunTime:0.0004s ]
SQL: SELECT * FROM `ke_role` WHERE `id` = 1 LIMIT 1   [ RunTime:0.0004s ]
SQL: SELECT * FROM `ke_menu` WHERE `id` IN ('126','127','161','180','181','349','401','440','162','163','165','166','179','187','188','189','190','164','167','168','169','170','171','172','173','174','175','176','177','178','339','134','135','147','156','340','341','342','373','343','344','345','346','347','450','451','452','453','454') AND `type` = 1  [ RunTime:0.0008s ]
NOTIC: [2] array_multisort(): Argument #2 is expected to be an array or a sort flag /data/home/qxu1589900170/htdocs/Application/Common/Common/function.php 第 177 行.
NOTIC: [2] array_multisort(): Argument #2 is expected to be an array or a sort flag /data/home/qxu1589900170/htdocs/Application/Common/Common/function.php 第 177 行.
SQL: SHOW COLUMNS FROM `ke_product` [ RunTime:0.0012s ]
SQL: SHOW COLUMNS FROM `ke_product_category` [ RunTime:0.0007s ]
SQL: SELECT COUNT(*) AS tp_count FROM `ke_product` WHERE `delete` = 0 LIMIT 1   [ RunTime:0.0003s ]
SQL: SELECT * FROM `ke_product` WHERE `delete` = 0 ORDER BY id desc LIMIT 0,15   [ RunTime:0.0005s ]
SQL: SELECT * FROM `ke_product_category` WHERE ( pid=0 AND status=1 )  [ RunTime:0.0004s ]
INFO: [ view_parse ] --START--
INFO: [ template_filter ] --START--
INFO: Run Behavior\ContentReplaceBehavior [ RunTime:0.000175s ]
INFO: [ template_filter ] --END-- [ RunTime:0.000251s ]
NOTIC: [8] Undefined index: cur /data/home/qxu1589900170/htdocs/Runtime/Cache/Admin/34e4b095905075aaede5ee9039415509.php 第 80 行.
NOTIC: [8] Undefined index: cur /data/home/qxu1589900170/htdocs/Runtime/Cache/Admin/34e4b095905075aaede5ee9039415509.php 第 88 行.
NOTIC: [8] Undefined index: cur /data/home/qxu1589900170/htdocs/Runtime/Cache/Admin/34e4b095905075aaede5ee9039415509.php 第 88 行.
NOTIC: [8] Undefined index: cur /data/home/qxu1589900170/htdocs/Runtime/Cache/Admin/34e4b095905075aaede5ee9039415509.php 第 88 行.
NOTIC: [8] Undefined index: cur /data/home/qxu1589900170/htdocs/Runtime/Cache/Admin/34e4b095905075aaede5ee9039415509.php 第 88 行.
NOTIC: [8] Undefined index: cur /data/home/qxu1589900170/htdocs/Runtime/Cache/Admin/34e4b095905075aaede5ee9039415509.php 第 80 行.
NOTIC: [8] Undefined index: cur /data/home/qxu1589900170/htdocs/Runtime/Cache/Admin/34e4b095905075aaede5ee9039415509.php 第 88 行.
NOTIC: [8] Undefined index: cur /data/home/qxu1589900170/htdocs/Runtime/Cache/Admin/34e4b095905075aaede5ee9039415509.php 第 88 行.
NOTIC: [8] Undefined index: cur /data/home/qxu1589900170/htdocs/Runtime/Cache/Admin/34e4b095905075aaede5ee9039415509.php 第 88 行.
NOTIC: [8] Undefined index: cur /data/home/qxu1589900170/htdocs/Runtime/Cache/Admin/34e4b095905075aaede5ee9039415509.php 第 80 行.
NOTIC: [8] Undefined index: cur /data/home/qxu1589900170/htdocs/Runtime/Cache/Admin/34e4b095905075aaede5ee9039415509.php 第 88 行.
INFO: Run Behavior\ParseTemplateBehavior [ RunTime:0.019359s ]
INFO: [ view_parse ] --END-- [ RunTime:0.019418s ]
INFO: [ view_filter ] --START--
INFO: Run Behavior\WriteHtmlCacheBehavior [ RunTime:0.000288s ]
INFO: [ view_filter ] --END-- [ RunTime:0.000345s ]
INFO: [ app_end ] --START--
INFO: Run Behavior\ShowPageTraceBehavior [ RunTime:0.000587s ]
INFO: [ app_end ] --END-- [ RunTime:0.000635s ]

[ 2016-10-24T18:57:48+08:00 ] 120.40.97.18 /index.php/Admin/Product/index.html
INFO: [ app_init ] --START--
INFO: Run Behavior\BuildLiteBehavior [ RunTime:0.000017s ]
INFO: [ app_init ] --END-- [ RunTime:0.000407s ]
INFO: [ app_begin ] --START--
INFO: Run Behavior\ReadHtmlCacheBehavior [ RunTime:0.000656s ]
INFO: [ app_begin ] --END-- [ RunTime:0.000780s ]
SQL: SHOW COLUMNS FROM `ke_user` [ RunTime:0.0011s ]
SQL: SELECT * FROM `ke_user` WHERE `id` = 1 LIMIT 1   [ RunTime:0.0014s ]
SQL: SHOW COLUMNS FROM `ke_user` [ RunTime:0.0009s ]
SQL: SHOW COLUMNS FROM `ke_menu` [ RunTime:0.0012s ]
SQL: SHOW COLUMNS FROM `ke_role` [ RunTime:0.0008s ]
SQL: SELECT * FROM `ke_user` WHERE `id` = 1 LIMIT 1   [ RunTime:0.0005s ]
SQL: SELECT * FROM `ke_role` WHERE `id` = 1 LIMIT 1   [ RunTime:0.0009s ]
SQL: SELECT * FROM `ke_menu` WHERE `id` IN ('126','127','161','180','181','349','401','440','162','163','165','166','179','187','188','189','190','164','167','168','169','170','171','172','173','174','175','176','177','178','339','134','135','147','156','340','341','342','373','343','344','345','346','347','450','451','452','453','454') AND `type` = 1  [ RunTime:0.0012s ]
NOTIC: [2] array_multisort(): Argument #2 is expected to be an array or a sort flag /data/home/qxu1589900170/htdocs/Application/Common/Common/function.php 第 177 行.
NOTIC: [2] array_multisort(): Argument #2 is expected to be an array or a sort flag /data/home/qxu1589900170/htdocs/Application/Common/Common/function.php 第 177 行.
SQL: SHOW COLUMNS FROM `ke_product` [ RunTime:0.0014s ]
SQL: SHOW COLUMNS FROM `ke_product_category` [ RunTime:0.0008s ]
SQL: SELECT COUNT(*) AS tp_count FROM `ke_product` WHERE `delete` = 0 LIMIT 1   [ RunTime:0.0006s ]
SQL: SELECT * FROM `ke_product` WHERE `delete` = 0 ORDER BY id desc LIMIT 0,15   [ RunTime:0.0006s ]
SQL: SELECT * FROM `ke_product_category` WHERE ( pid=0 AND status=1 )  [ RunTime:0.0007s ]
INFO: [ view_parse ] --START--
INFO: [ template_filter ] --START--
INFO: Run Behavior\ContentReplaceBehavior [ RunTime:0.000169s ]
INFO: [ template_filter ] --END-- [ RunTime:0.000230s ]
NOTIC: [8] Undefined index: cur /data/home/qxu1589900170/htdocs/Runtime/Cache/Admin/34e4b095905075aaede5ee9039415509.php 第 80 行.
NOTIC: [8] Undefined index: cur /data/home/qxu1589900170/htdocs/Runtime/Cache/Admin/34e4b095905075aaede5ee9039415509.php 第 88 行.
NOTIC: [8] Undefined index: cur /data/home/qxu1589900170/htdocs/Runtime/Cache/Admin/34e4b095905075aaede5ee9039415509.php 第 88 行.
NOTIC: [8] Undefined index: cur /data/home/qxu1589900170/htdocs/Runtime/Cache/Admin/34e4b095905075aaede5ee9039415509.php 第 88 行.
NOTIC: [8] Undefined index: cur /data/home/qxu1589900170/htdocs/Runtime/Cache/Admin/34e4b095905075aaede5ee9039415509.php 第 88 行.
NOTIC: [8] Undefined index: cur /data/home/qxu1589900170/htdocs/Runtime/Cache/Admin/34e4b095905075aaede5ee9039415509.php 第 80 行.
NOTIC: [8] Undefined index: cur /data/home/qxu1589900170/htdocs/Runtime/Cache/Admin/34e4b095905075aaede5ee9039415509.php 第 88 行.
NOTIC: [8] Undefined index: cur /data/home/qxu1589900170/htdocs/Runtime/Cache/Admin/34e4b095905075aaede5ee9039415509.php 第 88 行.
NOTIC: [8] Undefined index: cur /data/home/qxu1589900170/htdocs/Runtime/Cache/Admin/34e4b095905075aaede5ee9039415509.php 第 88 行.
NOTIC: [8] Undefined index: cur /data/home/qxu1589900170/htdocs/Runtime/Cache/Admin/34e4b095905075aaede5ee9039415509.php 第 80 行.
NOTIC: [8] Undefined index: cur /data/home/qxu1589900170/htdocs/Runtime/Cache/Admin/34e4b095905075aaede5ee9039415509.php 第 88 行.
INFO: Run Behavior\ParseTemplateBehavior [ RunTime:0.017070s ]
INFO: [ view_parse ] --END-- [ RunTime:0.017121s ]
INFO: [ view_filter ] --START--
INFO: Run Behavior\WriteHtmlCacheBehavior [ RunTime:0.000280s ]
INFO: [ view_filter ] --END-- [ RunTime:0.000319s ]
INFO: [ app_end ] --START--
INFO: Run Behavior\ShowPageTraceBehavior [ RunTime:0.000582s ]
INFO: [ app_end ] --END-- [ RunTime:0.000627s ]

[ 2016-10-24T18:57:50+08:00 ] 120.40.97.18 /index.php/Admin/Product/edit/id/196.html
INFO: [ app_init ] --START--
INFO: Run Behavior\BuildLiteBehavior [ RunTime:0.000019s ]
INFO: [ app_init ] --END-- [ RunTime:0.000437s ]
INFO: [ app_begin ] --START--
INFO: Run Behavior\ReadHtmlCacheBehavior [ RunTime:0.000528s ]
INFO: [ app_begin ] --END-- [ RunTime:0.000586s ]
SQL: SHOW COLUMNS FROM `ke_user` [ RunTime:0.0010s ]
SQL: SELECT * FROM `ke_user` WHERE `id` = 1 LIMIT 1   [ RunTime:0.0005s ]
SQL: SHOW COLUMNS FROM `ke_user` [ RunTime:0.0008s ]
SQL: SHOW COLUMNS FROM `ke_menu` [ RunTime:0.0008s ]
SQL: SHOW COLUMNS FROM `ke_role` [ RunTime:0.0007s ]
SQL: SELECT * FROM `ke_user` WHERE `id` = 1 LIMIT 1   [ RunTime:0.0005s ]
SQL: SELECT * FROM `ke_role` WHERE `id` = 1 LIMIT 1   [ RunTime:0.0004s ]
SQL: SELECT * FROM `ke_menu` WHERE `id` IN ('126','127','161','180','181','349','401','440','162','163','165','166','179','187','188','189','190','164','167','168','169','170','171','172','173','174','175','176','177','178','339','134','135','147','156','340','341','342','373','343','344','345','346','347','450','451','452','453','454') AND `type` = 1  [ RunTime:0.0009s ]
NOTIC: [2] array_multisort(): Argument #2 is expected to be an array or a sort flag /data/home/qxu1589900170/htdocs/Application/Common/Common/function.php 第 177 行.
NOTIC: [2] array_multisort(): Argument #2 is expected to be an array or a sort flag /data/home/qxu1589900170/htdocs/Application/Common/Common/function.php 第 177 行.
SQL: SHOW COLUMNS FROM `ke_product` [ RunTime:0.0012s ]
SQL: SHOW COLUMNS FROM `ke_product_content` [ RunTime:0.0008s ]
SQL: SHOW COLUMNS FROM `ke_product_items` [ RunTime:0.0014s ]
SQL: SELECT * FROM `ke_product` WHERE `id` = 196 LIMIT 1   [ RunTime:0.0006s ]
SQL: SELECT * FROM `ke_product_content` WHERE `id` = 196 LIMIT 1   [ RunTime:0.0006s ]
SQL: SHOW COLUMNS FROM `ke_product_specs` [ RunTime:0.0007s ]
SQL: SELECT * FROM `ke_product_specs` WHERE ( pid=386 ) ORDER BY id asc  [ RunTime:0.0006s ]
SQL: SELECT * FROM `ke_product_items` WHERE `gid` = 196 AND `issku` = 1 AND `delete` = 0 AND `status` = 1  [ RunTime:0.0008s ]
NOTIC: [8] Undefined offset: 2 /data/home/qxu1589900170/htdocs/Application/Admin/Controller/ProductController.class.php 第 663 行.
NOTIC: [8] Undefined offset: 3 /data/home/qxu1589900170/htdocs/Application/Admin/Controller/ProductController.class.php 第 663 行.
NOTIC: [8] Undefined offset: 0 /data/home/qxu1589900170/htdocs/Application/Admin/Controller/ProductController.class.php 第 663 行.
NOTIC: [8] Undefined offset: 3 /data/home/qxu1589900170/htdocs/Application/Admin/Controller/ProductController.class.php 第 663 行.
NOTIC: [8] Undefined offset: 4 /data/home/qxu1589900170/htdocs/Application/Admin/Controller/ProductController.class.php 第 663 行.
NOTIC: [8] Undefined offset: 0 /data/home/qxu1589900170/htdocs/Application/Admin/Controller/ProductController.class.php 第 663 行.
SQL: SHOW COLUMNS FROM `ke_product_attribute` [ RunTime:0.0008s ]
SQL: SELECT * FROM `ke_product_attribute` WHERE ( pid = 386 AND status=1  ) ORDER BY sort desc, id desc  [ RunTime:0.0009s ]
SQL: SHOW COLUMNS FROM `ke_product_category` [ RunTime:0.0008s ]
SQL: SELECT * FROM `ke_product_category` WHERE (  status=1 AND pid=0 ) ORDER BY sort desc  [ RunTime:0.0006s ]
SQL: SELECT * FROM `ke_product_category` WHERE (  status=1 AND pid=384 ) ORDER BY sort desc  [ RunTime:0.0005s ]
SQL: SELECT * FROM `ke_product_category` WHERE (  status=1 AND pid=385 ) ORDER BY sort desc  [ RunTime:0.0005s ]
NOTIC: [8] Undefined variable: list /data/home/qxu1589900170/htdocs/Application/Admin/Controller/ProductController.class.php 第 557 行.
INFO: [ view_parse ] --START--
INFO: [ template_filter ] --START--
INFO: Run Behavior\ContentReplaceBehavior [ RunTime:0.000363s ]
INFO: [ template_filter ] --END-- [ RunTime:0.000439s ]
NOTIC: [8] Undefined index: cur /data/home/qxu1589900170/htdocs/Runtime/Cache/Admin/b3c4eeadefc336ccc37682b1e72f6690.php 第 82 行.
NOTIC: [8] Undefined index: cur /data/home/qxu1589900170/htdocs/Runtime/Cache/Admin/b3c4eeadefc336ccc37682b1e72f6690.php 第 90 行.
NOTIC: [8] Undefined index: cur /data/home/qxu1589900170/htdocs/Runtime/Cache/Admin/b3c4eeadefc336ccc37682b1e72f6690.php 第 90 行.
NOTIC: [8] Undefined index: cur /data/home/qxu1589900170/htdocs/Runtime/Cache/Admin/b3c4eeadefc336ccc37682b1e72f6690.php 第 90 行.
NOTIC: [8] Undefined index: cur /data/home/qxu1589900170/htdocs/Runtime/Cache/Admin/b3c4eeadefc336ccc37682b1e72f6690.php 第 82 行.
NOTIC: [8] Undefined index: cur /data/home/qxu1589900170/htdocs/Runtime/Cache/Admin/b3c4eeadefc336ccc37682b1e72f6690.php 第 90 行.
NOTIC: [8] Undefined index: cur /data/home/qxu1589900170/htdocs/Runtime/Cache/Admin/b3c4eeadefc336ccc37682b1e72f6690.php 第 90 行.
NOTIC: [8] Undefined index: cur /data/home/qxu1589900170/htdocs/Runtime/Cache/Admin/b3c4eeadefc336ccc37682b1e72f6690.php 第 90 行.
NOTIC: [8] Undefined index: cur /data/home/qxu1589900170/htdocs/Runtime/Cache/Admin/b3c4eeadefc336ccc37682b1e72f6690.php 第 82 行.
NOTIC: [8] Undefined index: cur /data/home/qxu1589900170/htdocs/Runtime/Cache/Admin/b3c4eeadefc336ccc37682b1e72f6690.php 第 90 行.
INFO: Run Behavior\ParseTemplateBehavior [ RunTime:0.143859s ]
INFO: [ view_parse ] --END-- [ RunTime:0.143930s ]
INFO: [ view_filter ] --START--
INFO: Run Behavior\WriteHtmlCacheBehavior [ RunTime:0.000298s ]
INFO: [ view_filter ] --END-- [ RunTime:0.000339s ]
INFO: [ app_end ] --START--
INFO: Run Behavior\ShowPageTraceBehavior [ RunTime:0.000570s ]
INFO: [ app_end ] --END-- [ RunTime:0.000650s ]

[ 2016-10-24T18:57:50+08:00 ] 120.40.97.18 /index.php/Admin/Images/product.html
INFO: [ app_init ] --START--
INFO: Run Behavior\BuildLiteBehavior [ RunTime:0.000020s ]
INFO: [ app_init ] --END-- [ RunTime:0.000433s ]
INFO: [ app_begin ] --START--
INFO: Run Behavior\ReadHtmlCacheBehavior [ RunTime:0.000550s ]
INFO: [ app_begin ] --END-- [ RunTime:0.000609s ]
SQL: SHOW COLUMNS FROM `ke_user` [ RunTime:0.0009s ]
SQL: SELECT * FROM `ke_user` WHERE `id` = 1 LIMIT 1   [ RunTime:0.0004s ]
SQL: SHOW COLUMNS FROM `ke_user` [ RunTime:0.0008s ]
SQL: SHOW COLUMNS FROM `ke_menu` [ RunTime:0.0008s ]
SQL: SHOW COLUMNS FROM `ke_role` [ RunTime:0.0007s ]
SQL: SELECT * FROM `ke_user` WHERE `id` = 1 LIMIT 1   [ RunTime:0.0004s ]
SQL: SELECT * FROM `ke_role` WHERE `id` = 1 LIMIT 1   [ RunTime:0.0004s ]
SQL: SELECT * FROM `ke_menu` WHERE `id` IN ('126','127','161','180','181','349','401','440','162','163','165','166','179','187','188','189','190','164','167','168','169','170','171','172','173','174','175','176','177','178','339','134','135','147','156','340','341','342','373','343','344','345','346','347','450','451','452','453','454') AND `type` = 1  [ RunTime:0.0008s ]
NOTIC: [2] array_multisort(): Argument #2 is expected to be an array or a sort flag /data/home/qxu1589900170/htdocs/Application/Common/Common/function.php 第 177 行.
NOTIC: [2] array_multisort(): Argument #2 is expected to be an array or a sort flag /data/home/qxu1589900170/htdocs/Application/Common/Common/function.php 第 177 行.
INFO: [ view_parse ] --START--
INFO: [ template_filter ] --START--
INFO: Run Behavior\ContentReplaceBehavior [ RunTime:0.000057s ]
INFO: [ template_filter ] --END-- [ RunTime:0.000111s ]
NOTIC: [8] Undefined variable: type /data/home/qxu1589900170/htdocs/Runtime/Cache/Admin/abf7b5e75524aec5989995e98bf782ae.php 第 10 行.
INFO: Run Behavior\ParseTemplateBehavior [ RunTime:0.005773s ]
INFO: [ view_parse ] --END-- [ RunTime:0.005822s ]
INFO: [ view_filter ] --START--
INFO: Run Behavior\WriteHtmlCacheBehavior [ RunTime:0.000275s ]
INFO: [ view_filter ] --END-- [ RunTime:0.000316s ]
INFO: [ app_end ] --START--
INFO: Run Behavior\ShowPageTraceBehavior [ RunTime:0.000562s ]
INFO: [ app_end ] --END-- [ RunTime:0.000609s ]

[ 2016-10-24T18:58:04+08:00 ] 120.40.97.18 /index.php/Admin/Product/index.html
INFO: [ app_init ] --START--
INFO: Run Behavior\BuildLiteBehavior [ RunTime:0.000015s ]
INFO: [ app_init ] --END-- [ RunTime:0.000401s ]
INFO: [ app_begin ] --START--
INFO: Run Behavior\ReadHtmlCacheBehavior [ RunTime:0.000554s ]
INFO: [ app_begin ] --END-- [ RunTime:0.000624s ]
SQL: SHOW COLUMNS FROM `ke_user` [ RunTime:0.0011s ]
SQL: SELECT * FROM `ke_user` WHERE `id` = 1 LIMIT 1   [ RunTime:0.0004s ]
SQL: SHOW COLUMNS FROM `ke_user` [ RunTime:0.0008s ]
SQL: SHOW COLUMNS FROM `ke_menu` [ RunTime:0.0008s ]
SQL: SHOW COLUMNS FROM `ke_role` [ RunTime:0.0007s ]
SQL: SELECT * FROM `ke_user` WHERE `id` = 1 LIMIT 1   [ RunTime:0.0017s ]
SQL: SELECT * FROM `ke_role` WHERE `id` = 1 LIMIT 1   [ RunTime:0.0004s ]
SQL: SELECT * FROM `ke_menu` WHERE `id` IN ('126','127','161','180','181','349','401','440','162','163','165','166','179','187','188','189','190','164','167','168','169','170','171','172','173','174','175','176','177','178','339','134','135','147','156','340','341','342','373','343','344','345','346','347','450','451','452','453','454') AND `type` = 1  [ RunTime:0.0008s ]
NOTIC: [2] array_multisort(): Argument #2 is expected to be an array or a sort flag /data/home/qxu1589900170/htdocs/Application/Common/Common/function.php 第 177 行.
NOTIC: [2] array_multisort(): Argument #2 is expected to be an array or a sort flag /data/home/qxu1589900170/htdocs/Application/Common/Common/function.php 第 177 行.
SQL: SHOW COLUMNS FROM `ke_product` [ RunTime:0.0012s ]
SQL: SHOW COLUMNS FROM `ke_product_category` [ RunTime:0.0008s ]
SQL: SELECT COUNT(*) AS tp_count FROM `ke_product` WHERE `delete` = 0 LIMIT 1   [ RunTime:0.0003s ]
SQL: SELECT * FROM `ke_product` WHERE `delete` = 0 ORDER BY id desc LIMIT 0,15   [ RunTime:0.0005s ]
SQL: SELECT * FROM `ke_product_category` WHERE ( pid=0 AND status=1 )  [ RunTime:0.0004s ]
INFO: [ view_parse ] --START--
INFO: [ template_filter ] --START--
INFO: Run Behavior\ContentReplaceBehavior [ RunTime:0.000169s ]
INFO: [ template_filter ] --END-- [ RunTime:0.000236s ]
NOTIC: [8] Undefined index: cur /data/home/qxu1589900170/htdocs/Runtime/Cache/Admin/34e4b095905075aaede5ee9039415509.php 第 80 行.
NOTIC: [8] Undefined index: cur /data/home/qxu1589900170/htdocs/Runtime/Cache/Admin/34e4b095905075aaede5ee9039415509.php 第 88 行.
NOTIC: [8] Undefined index: cur /data/home/qxu1589900170/htdocs/Runtime/Cache/Admin/34e4b095905075aaede5ee9039415509.php 第 88 行.
NOTIC: [8] Undefined index: cur /data/home/qxu1589900170/htdocs/Runtime/Cache/Admin/34e4b095905075aaede5ee9039415509.php 第 88 行.
NOTIC: [8] Undefined index: cur /data/home/qxu1589900170/htdocs/Runtime/Cache/Admin/34e4b095905075aaede5ee9039415509.php 第 88 行.
NOTIC: [8] Undefined index: cur /data/home/qxu1589900170/htdocs/Runtime/Cache/Admin/34e4b095905075aaede5ee9039415509.php 第 80 行.
NOTIC: [8] Undefined index: cur /data/home/qxu1589900170/htdocs/Runtime/Cache/Admin/34e4b095905075aaede5ee9039415509.php 第 88 行.
NOTIC: [8] Undefined index: cur /data/home/qxu1589900170/htdocs/Runtime/Cache/Admin/34e4b095905075aaede5ee9039415509.php 第 88 行.
NOTIC: [8] Undefined index: cur /data/home/qxu1589900170/htdocs/Runtime/Cache/Admin/34e4b095905075aaede5ee9039415509.php 第 88 行.
NOTIC: [8] Undefined index: cur /data/home/qxu1589900170/htdocs/Runtime/Cache/Admin/34e4b095905075aaede5ee9039415509.php 第 80 行.
NOTIC: [8] Undefined index: cur /data/home/qxu1589900170/htdocs/Runtime/Cache/Admin/34e4b095905075aaede5ee9039415509.php 第 88 行.
INFO: Run Behavior\ParseTemplateBehavior [ RunTime:0.017395s ]
INFO: [ view_parse ] --END-- [ RunTime:0.017445s ]
INFO: [ view_filter ] --START--
INFO: Run Behavior\WriteHtmlCacheBehavior [ RunTime:0.000292s ]
INFO: [ view_filter ] --END-- [ RunTime:0.000332s ]
INFO: [ app_end ] --START--
INFO: Run Behavior\ShowPageTraceBehavior [ RunTime:0.000568s ]
INFO: [ app_end ] --END-- [ RunTime:0.000612s ]

[ 2016-10-24T18:58:05+08:00 ] 120.40.97.18 /index.php/Admin/Product/add.html
INFO: [ app_init ] --START--
INFO: Run Behavior\BuildLiteBehavior [ RunTime:0.000017s ]
INFO: [ app_init ] --END-- [ RunTime:0.000403s ]
INFO: [ app_begin ] --START--
INFO: Run Behavior\ReadHtmlCacheBehavior [ RunTime:0.000518s ]
INFO: [ app_begin ] --END-- [ RunTime:0.000575s ]
SQL: SHOW COLUMNS FROM `ke_user` [ RunTime:0.0009s ]
SQL: SELECT * FROM `ke_user` WHERE `id` = 1 LIMIT 1   [ RunTime:0.0004s ]
SQL: SHOW COLUMNS FROM `ke_user` [ RunTime:0.0008s ]
SQL: SHOW COLUMNS FROM `ke_menu` [ RunTime:0.0008s ]
SQL: SHOW COLUMNS FROM `ke_role` [ RunTime:0.0007s ]
SQL: SELECT * FROM `ke_user` WHERE `id` = 1 LIMIT 1   [ RunTime:0.0004s ]
SQL: SELECT * FROM `ke_role` WHERE `id` = 1 LIMIT 1   [ RunTime:0.0004s ]
SQL: SELECT * FROM `ke_menu` WHERE `id` IN ('126','127','161','180','181','349','401','440','162','163','165','166','179','187','188','189','190','164','167','168','169','170','171','172','173','174','175','176','177','178','339','134','135','147','156','340','341','342','373','343','344','345','346','347','450','451','452','453','454') AND `type` = 1  [ RunTime:0.0009s ]
NOTIC: [2] array_multisort(): Argument #2 is expected to be an array or a sort flag /data/home/qxu1589900170/htdocs/Application/Common/Common/function.php 第 177 行.
NOTIC: [2] array_multisort(): Argument #2 is expected to be an array or a sort flag /data/home/qxu1589900170/htdocs/Application/Common/Common/function.php 第 177 行.
SQL: SHOW COLUMNS FROM `ke_product_category` [ RunTime:0.0008s ]
SQL: SELECT * FROM `ke_product_category` WHERE ( pid=0 AND status=1 ) ORDER BY sort desc, id asc  [ RunTime:0.0006s ]
INFO: [ view_parse ] --START--
INFO: [ template_filter ] --START--
INFO: Run Behavior\ContentReplaceBehavior [ RunTime:0.000312s ]
INFO: [ template_filter ] --END-- [ RunTime:0.000382s ]
NOTIC: [8] Undefined index: cur /data/home/qxu1589900170/htdocs/Runtime/Cache/Admin/8b641081e7ea680aaaea87475742484f.php 第 83 行.
NOTIC: [8] Undefined index: cur /data/home/qxu1589900170/htdocs/Runtime/Cache/Admin/8b641081e7ea680aaaea87475742484f.php 第 91 行.
NOTIC: [8] Undefined index: cur /data/home/qxu1589900170/htdocs/Runtime/Cache/Admin/8b641081e7ea680aaaea87475742484f.php 第 91 行.
NOTIC: [8] Undefined index: cur /data/home/qxu1589900170/htdocs/Runtime/Cache/Admin/8b641081e7ea680aaaea87475742484f.php 第 91 行.
NOTIC: [8] Undefined index: cur /data/home/qxu1589900170/htdocs/Runtime/Cache/Admin/8b641081e7ea680aaaea87475742484f.php 第 83 行.
NOTIC: [8] Undefined index: cur /data/home/qxu1589900170/htdocs/Runtime/Cache/Admin/8b641081e7ea680aaaea87475742484f.php 第 91 行.
NOTIC: [8] Undefined index: cur /data/home/qxu1589900170/htdocs/Runtime/Cache/Admin/8b641081e7ea680aaaea87475742484f.php 第 91 行.
NOTIC: [8] Undefined index: cur /data/home/qxu1589900170/htdocs/Runtime/Cache/Admin/8b641081e7ea680aaaea87475742484f.php 第 91 行.
NOTIC: [8] Undefined index: cur /data/home/qxu1589900170/htdocs/Runtime/Cache/Admin/8b641081e7ea680aaaea87475742484f.php 第 83 行.
NOTIC: [8] Undefined index: cur /data/home/qxu1589900170/htdocs/Runtime/Cache/Admin/8b641081e7ea680aaaea87475742484f.php 第 91 行.
INFO: Run Behavior\ParseTemplateBehavior [ RunTime:0.021971s ]
INFO: [ view_parse ] --END-- [ RunTime:0.022023s ]
INFO: [ view_filter ] --START--
INFO: Run Behavior\WriteHtmlCacheBehavior [ RunTime:0.000283s ]
INFO: [ view_filter ] --END-- [ RunTime:0.000322s ]
INFO: [ app_end ] --START--
INFO: Run Behavior\ShowPageTraceBehavior [ RunTime:0.000566s ]
INFO: [ app_end ] --END-- [ RunTime:0.000623s ]

[ 2016-10-24T18:58:05+08:00 ] 120.40.97.18 /index.php/Admin/Images/product.html
INFO: [ app_init ] --START--
INFO: Run Behavior\BuildLiteBehavior [ RunTime:0.000020s ]
INFO: [ app_init ] --END-- [ RunTime:0.000475s ]
INFO: [ app_begin ] --START--
INFO: Run Behavior\ReadHtmlCacheBehavior [ RunTime:0.000543s ]
INFO: [ app_begin ] --END-- [ RunTime:0.000616s ]
SQL: SHOW COLUMNS FROM `ke_user` [ RunTime:0.0009s ]
SQL: SELECT * FROM `ke_user` WHERE `id` = 1 LIMIT 1   [ RunTime:0.0004s ]
SQL: SHOW COLUMNS FROM `ke_user` [ RunTime:0.0008s ]
SQL: SHOW COLUMNS FROM `ke_menu` [ RunTime:0.0008s ]
SQL: SHOW COLUMNS FROM `ke_role` [ RunTime:0.0007s ]
SQL: SELECT * FROM `ke_user` WHERE `id` = 1 LIMIT 1   [ RunTime:0.0005s ]
SQL: SELECT * FROM `ke_role` WHERE `id` = 1 LIMIT 1   [ RunTime:0.0003s ]
SQL: SELECT * FROM `ke_menu` WHERE `id` IN ('126','127','161','180','181','349','401','440','162','163','165','166','179','187','188','189','190','164','167','168','169','170','171','172','173','174','175','176','177','178','339','134','135','147','156','340','341','342','373','343','344','345','346','347','450','451','452','453','454') AND `type` = 1  [ RunTime:0.0008s ]
NOTIC: [2] array_multisort(): Argument #2 is expected to be an array or a sort flag /data/home/qxu1589900170/htdocs/Application/Common/Common/function.php 第 177 行.
NOTIC: [2] array_multisort(): Argument #2 is expected to be an array or a sort flag /data/home/qxu1589900170/htdocs/Application/Common/Common/function.php 第 177 行.
INFO: [ view_parse ] --START--
INFO: [ template_filter ] --START--
INFO: Run Behavior\ContentReplaceBehavior [ RunTime:0.000078s ]
INFO: [ template_filter ] --END-- [ RunTime:0.000138s ]
NOTIC: [8] Undefined variable: type /data/home/qxu1589900170/htdocs/Runtime/Cache/Admin/abf7b5e75524aec5989995e98bf782ae.php 第 10 行.
INFO: Run Behavior\ParseTemplateBehavior [ RunTime:0.006494s ]
INFO: [ view_parse ] --END-- [ RunTime:0.006548s ]
INFO: [ view_filter ] --START--
INFO: Run Behavior\WriteHtmlCacheBehavior [ RunTime:0.000287s ]
INFO: [ view_filter ] --END-- [ RunTime:0.000325s ]
INFO: [ app_end ] --START--
INFO: Run Behavior\ShowPageTraceBehavior [ RunTime:0.000607s ]
INFO: [ app_end ] --END-- [ RunTime:0.000660s ]

