[ 2016-11-21T22:10:59+08:00 ] 127.0.0.1 /Admin
INFO: [ app_init ] --START--
INFO: Run Behavior\BuildLiteBehavior [ RunTime:0.000013s ]
INFO: [ app_init ] --END-- [ RunTime:0.000558s ]
INFO: [ app_begin ] --START--
INFO: Run Behavior\ReadHtmlCacheBehavior [ RunTime:0.000792s ]
INFO: [ app_begin ] --END-- [ RunTime:0.000850s ]

[ 2016-11-21T22:11:00+08:00 ] 127.0.0.1 /index.php/Admin/Login/index.html
INFO: [ app_init ] --START--
INFO: Run Behavior\BuildLiteBehavior [ RunTime:0.000015s ]
INFO: [ app_init ] --END-- [ RunTime:0.000475s ]
INFO: [ app_begin ] --START--
INFO: Run Behavior\ReadHtmlCacheBehavior [ RunTime:0.000747s ]
INFO: [ app_begin ] --END-- [ RunTime:0.000813s ]
INFO: [ view_parse ] --START--
INFO: [ template_filter ] --START--
INFO: Run Behavior\ContentReplaceBehavior [ RunTime:0.000087s ]
INFO: [ template_filter ] --END-- [ RunTime:0.000140s ]
INFO: Run Behavior\ParseTemplateBehavior [ RunTime:0.052718s ]
INFO: [ view_parse ] --END-- [ RunTime:0.052789s ]
INFO: [ view_filter ] --START--
INFO: Run Behavior\WriteHtmlCacheBehavior [ RunTime:0.000524s ]
INFO: [ view_filter ] --END-- [ RunTime:0.000564s ]
INFO: [ app_end ] --START--
INFO: Run Behavior\ShowPageTraceBehavior [ RunTime:0.000789s ]
INFO: [ app_end ] --END-- [ RunTime:0.000829s ]

[ 2016-11-21T22:11:03+08:00 ] 127.0.0.1 /index.php/Admin/Login/login.html
INFO: [ app_init ] --START--
INFO: Run Behavior\BuildLiteBehavior [ RunTime:0.000014s ]
INFO: [ app_init ] --END-- [ RunTime:0.000465s ]
INFO: [ app_begin ] --START--
INFO: Run Behavior\ReadHtmlCacheBehavior [ RunTime:0.000680s ]
INFO: [ app_begin ] --END-- [ RunTime:0.000727s ]
SQL: SHOW COLUMNS FROM `ke_user` [ RunTime:0.0320s ]
SQL: SELECT * FROM `ke_user` WHERE ( username="admin" ) LIMIT 1   [ RunTime:0.0004s ]
SQL: UPDATE `ke_user` SET `last_login_time`='2016-11-13 16:12:15',`last_login_ip`='127.0.0.1',`now_login_time`='2016-11-21 22:11:03',`now_login_ip`='127.0.0.1',`login_times`='247' WHERE `id` = 1 [ RunTime:0.0701s ]

[ 2016-11-21T22:11:04+08:00 ] 127.0.0.1 /index.php/Admin/Index/index.html
INFO: [ app_init ] --START--
INFO: Run Behavior\BuildLiteBehavior [ RunTime:0.000013s ]
INFO: [ app_init ] --END-- [ RunTime:0.000451s ]
INFO: [ app_begin ] --START--
INFO: Run Behavior\ReadHtmlCacheBehavior [ RunTime:0.000685s ]
INFO: [ app_begin ] --END-- [ RunTime:0.000732s ]
SQL: SHOW COLUMNS FROM `ke_user` [ RunTime:0.0046s ]
SQL: SELECT * FROM `ke_user` WHERE `id` = 1 LIMIT 1   [ RunTime:0.0005s ]
SQL: SHOW COLUMNS FROM `ke_user` [ RunTime:0.0060s ]
SQL: SHOW COLUMNS FROM `ke_menu` [ RunTime:0.0199s ]
SQL: SHOW COLUMNS FROM `ke_role` [ RunTime:0.0213s ]
SQL: SELECT * FROM `ke_user` WHERE `id` = 1 LIMIT 1   [ RunTime:0.0003s ]
SQL: SELECT * FROM `ke_role` WHERE `id` = 1 LIMIT 1   [ RunTime:0.0002s ]
SQL: SELECT * FROM `ke_menu` WHERE `id` IN ('126','127','161','180','181','349','401','440','162','163','165','166','179','187','188','189','190','164','167','168','169','170','171','172','173','174','175','176','177','178','339','134','135','147','156','340','341','342','373','343','344','345','346','347','364','365','366','367','368','369','370','371','372','392','393','394','395','396','397','398','399','400','450','451','452','453','454','470','460','461','462','463','464','465','466','467','468','469','471','472','473','474','475') AND `type` = 1 ORDER BY sort desc  [ RunTime:0.0237s ]
NOTIC: [2] array_multisort(): Argument #2 is expected to be an array or a sort flag E:\www\sc\Application\Common\Common\function.php 第 177 行.
NOTIC: [2] array_multisort(): Argument #2 is expected to be an array or a sort flag E:\www\sc\Application\Common\Common\function.php 第 177 行.
INFO: [ view_parse ] --START--
INFO: [ template_filter ] --START--
INFO: Run Behavior\ContentReplaceBehavior [ RunTime:0.000135s ]
INFO: [ template_filter ] --END-- [ RunTime:0.000184s ]
NOTIC: [8] Undefined index: cur E:\www\sc\Runtime\Cache\Admin\b595b808c2ebeeeb0478ffc30bb4e87a.php 第 86 行.
NOTIC: [8] Undefined index: cur E:\www\sc\Runtime\Cache\Admin\b595b808c2ebeeeb0478ffc30bb4e87a.php 第 78 行.
NOTIC: [8] Undefined index: cur E:\www\sc\Runtime\Cache\Admin\b595b808c2ebeeeb0478ffc30bb4e87a.php 第 86 行.
NOTIC: [8] Undefined index: cur E:\www\sc\Runtime\Cache\Admin\b595b808c2ebeeeb0478ffc30bb4e87a.php 第 86 行.
NOTIC: [8] Undefined index: cur E:\www\sc\Runtime\Cache\Admin\b595b808c2ebeeeb0478ffc30bb4e87a.php 第 86 行.
NOTIC: [8] Undefined index: cur E:\www\sc\Runtime\Cache\Admin\b595b808c2ebeeeb0478ffc30bb4e87a.php 第 78 行.
NOTIC: [8] Undefined index: cur E:\www\sc\Runtime\Cache\Admin\b595b808c2ebeeeb0478ffc30bb4e87a.php 第 86 行.
NOTIC: [8] Undefined index: cur E:\www\sc\Runtime\Cache\Admin\b595b808c2ebeeeb0478ffc30bb4e87a.php 第 86 行.
NOTIC: [8] Undefined index: cur E:\www\sc\Runtime\Cache\Admin\b595b808c2ebeeeb0478ffc30bb4e87a.php 第 78 行.
NOTIC: [8] Undefined index: cur E:\www\sc\Runtime\Cache\Admin\b595b808c2ebeeeb0478ffc30bb4e87a.php 第 86 行.
NOTIC: [8] Undefined index: cur E:\www\sc\Runtime\Cache\Admin\b595b808c2ebeeeb0478ffc30bb4e87a.php 第 78 行.
NOTIC: [8] Undefined index: cur E:\www\sc\Runtime\Cache\Admin\b595b808c2ebeeeb0478ffc30bb4e87a.php 第 86 行.
NOTIC: [8] Undefined index: cur E:\www\sc\Runtime\Cache\Admin\b595b808c2ebeeeb0478ffc30bb4e87a.php 第 78 行.
NOTIC: [8] Undefined index: cur E:\www\sc\Runtime\Cache\Admin\b595b808c2ebeeeb0478ffc30bb4e87a.php 第 86 行.
NOTIC: [8] Undefined index: cur E:\www\sc\Runtime\Cache\Admin\b595b808c2ebeeeb0478ffc30bb4e87a.php 第 78 行.
NOTIC: [8] Undefined index: cur E:\www\sc\Runtime\Cache\Admin\b595b808c2ebeeeb0478ffc30bb4e87a.php 第 86 行.
NOTIC: [8] Undefined index: cur E:\www\sc\Runtime\Cache\Admin\b595b808c2ebeeeb0478ffc30bb4e87a.php 第 86 行.
NOTIC: [8] Undefined index: cur E:\www\sc\Runtime\Cache\Admin\b595b808c2ebeeeb0478ffc30bb4e87a.php 第 78 行.
NOTIC: [8] Undefined index: cur E:\www\sc\Runtime\Cache\Admin\b595b808c2ebeeeb0478ffc30bb4e87a.php 第 86 行.
NOTIC: [8] Undefined index: cur E:\www\sc\Runtime\Cache\Admin\b595b808c2ebeeeb0478ffc30bb4e87a.php 第 78 行.
NOTIC: [8] Undefined index: cur E:\www\sc\Runtime\Cache\Admin\b595b808c2ebeeeb0478ffc30bb4e87a.php 第 86 行.
NOTIC: [8] Undefined index: cur E:\www\sc\Runtime\Cache\Admin\b595b808c2ebeeeb0478ffc30bb4e87a.php 第 86 行.
NOTIC: [8] Undefined index: cur E:\www\sc\Runtime\Cache\Admin\b595b808c2ebeeeb0478ffc30bb4e87a.php 第 86 行.
NOTIC: [8] Undefined variable: dp_count E:\www\sc\Runtime\Cache\Admin\b595b808c2ebeeeb0478ffc30bb4e87a.php 第 153 行.
NOTIC: [8] Undefined variable: dp_count E:\www\sc\Runtime\Cache\Admin\b595b808c2ebeeeb0478ffc30bb4e87a.php 第 167 行.
NOTIC: [8] Undefined variable: xq_count E:\www\sc\Runtime\Cache\Admin\b595b808c2ebeeeb0478ffc30bb4e87a.php 第 184 行.
NOTIC: [8] Undefined variable: xq_count E:\www\sc\Runtime\Cache\Admin\b595b808c2ebeeeb0478ffc30bb4e87a.php 第 196 行.
NOTIC: [8] Undefined variable: zp_count E:\www\sc\Runtime\Cache\Admin\b595b808c2ebeeeb0478ffc30bb4e87a.php 第 208 行.
NOTIC: [8] Undefined variable: zp_count E:\www\sc\Runtime\Cache\Admin\b595b808c2ebeeeb0478ffc30bb4e87a.php 第 220 行.
INFO: Run Behavior\ParseTemplateBehavior [ RunTime:0.042109s ]
INFO: [ view_parse ] --END-- [ RunTime:0.042174s ]
INFO: [ view_filter ] --START--
INFO: Run Behavior\WriteHtmlCacheBehavior [ RunTime:0.000482s ]
INFO: [ view_filter ] --END-- [ RunTime:0.000527s ]
INFO: [ app_end ] --START--
INFO: Run Behavior\ShowPageTraceBehavior [ RunTime:0.000910s ]
INFO: [ app_end ] --END-- [ RunTime:0.000969s ]

[ 2016-11-21T22:11:14+08:00 ] 127.0.0.1 /index.php/Admin/Product/index.html
INFO: [ app_init ] --START--
INFO: Run Behavior\BuildLiteBehavior [ RunTime:0.000025s ]
INFO: [ app_init ] --END-- [ RunTime:0.000582s ]
INFO: [ app_begin ] --START--
INFO: Run Behavior\ReadHtmlCacheBehavior [ RunTime:0.000704s ]
INFO: [ app_begin ] --END-- [ RunTime:0.000762s ]
SQL: SHOW COLUMNS FROM `ke_user` [ RunTime:0.0046s ]
SQL: SELECT * FROM `ke_user` WHERE `id` = 1 LIMIT 1   [ RunTime:0.0005s ]
SQL: SHOW COLUMNS FROM `ke_user` [ RunTime:0.0038s ]
SQL: SHOW COLUMNS FROM `ke_menu` [ RunTime:0.0045s ]
SQL: SHOW COLUMNS FROM `ke_role` [ RunTime:0.0040s ]
SQL: SELECT * FROM `ke_user` WHERE `id` = 1 LIMIT 1   [ RunTime:0.0005s ]
SQL: SELECT * FROM `ke_role` WHERE `id` = 1 LIMIT 1   [ RunTime:0.0004s ]
SQL: SELECT * FROM `ke_menu` WHERE `id` IN ('126','127','161','180','181','349','401','440','162','163','165','166','179','187','188','189','190','164','167','168','169','170','171','172','173','174','175','176','177','178','339','134','135','147','156','340','341','342','373','343','344','345','346','347','364','365','366','367','368','369','370','371','372','392','393','394','395','396','397','398','399','400','450','451','452','453','454','470','460','461','462','463','464','465','466','467','468','469','471','472','473','474','475') AND `type` = 1 ORDER BY sort desc  [ RunTime:0.0012s ]
NOTIC: [2] array_multisort(): Argument #2 is expected to be an array or a sort flag E:\www\sc\Application\Common\Common\function.php 第 177 行.
NOTIC: [2] array_multisort(): Argument #2 is expected to be an array or a sort flag E:\www\sc\Application\Common\Common\function.php 第 177 行.
SQL: SHOW COLUMNS FROM `ke_product` [ RunTime:0.0060s ]
SQL: SHOW COLUMNS FROM `ke_product_category` [ RunTime:0.0040s ]
SQL: SELECT COUNT(*) AS tp_count FROM `ke_product` WHERE `delete` = 0 LIMIT 1   [ RunTime:0.0003s ]
SQL: SELECT * FROM `ke_product` WHERE `delete` = 0 ORDER BY id desc LIMIT 0,15   [ RunTime:0.0005s ]
SQL: SELECT * FROM `ke_product_category` WHERE ( pid=0 AND status=1 )  [ RunTime:0.0003s ]
INFO: [ view_parse ] --START--
INFO: [ template_filter ] --START--
INFO: Run Behavior\ContentReplaceBehavior [ RunTime:0.000146s ]
INFO: [ template_filter ] --END-- [ RunTime:0.000192s ]
NOTIC: [8] Undefined index: cur E:\www\sc\Runtime\Cache\Admin\34e4b095905075aaede5ee9039415509.php 第 80 行.
NOTIC: [8] Undefined index: cur E:\www\sc\Runtime\Cache\Admin\34e4b095905075aaede5ee9039415509.php 第 88 行.
NOTIC: [8] Undefined index: cur E:\www\sc\Runtime\Cache\Admin\34e4b095905075aaede5ee9039415509.php 第 88 行.
NOTIC: [8] Undefined index: cur E:\www\sc\Runtime\Cache\Admin\34e4b095905075aaede5ee9039415509.php 第 88 行.
NOTIC: [8] Undefined index: cur E:\www\sc\Runtime\Cache\Admin\34e4b095905075aaede5ee9039415509.php 第 88 行.
NOTIC: [8] Undefined index: cur E:\www\sc\Runtime\Cache\Admin\34e4b095905075aaede5ee9039415509.php 第 80 行.
NOTIC: [8] Undefined index: cur E:\www\sc\Runtime\Cache\Admin\34e4b095905075aaede5ee9039415509.php 第 88 行.
NOTIC: [8] Undefined index: cur E:\www\sc\Runtime\Cache\Admin\34e4b095905075aaede5ee9039415509.php 第 88 行.
NOTIC: [8] Undefined index: cur E:\www\sc\Runtime\Cache\Admin\34e4b095905075aaede5ee9039415509.php 第 80 行.
NOTIC: [8] Undefined index: cur E:\www\sc\Runtime\Cache\Admin\34e4b095905075aaede5ee9039415509.php 第 88 行.
NOTIC: [8] Undefined index: cur E:\www\sc\Runtime\Cache\Admin\34e4b095905075aaede5ee9039415509.php 第 80 行.
NOTIC: [8] Undefined index: cur E:\www\sc\Runtime\Cache\Admin\34e4b095905075aaede5ee9039415509.php 第 88 行.
NOTIC: [8] Undefined index: cur E:\www\sc\Runtime\Cache\Admin\34e4b095905075aaede5ee9039415509.php 第 80 行.
NOTIC: [8] Undefined index: cur E:\www\sc\Runtime\Cache\Admin\34e4b095905075aaede5ee9039415509.php 第 88 行.
NOTIC: [8] Undefined index: cur E:\www\sc\Runtime\Cache\Admin\34e4b095905075aaede5ee9039415509.php 第 80 行.
NOTIC: [8] Undefined index: cur E:\www\sc\Runtime\Cache\Admin\34e4b095905075aaede5ee9039415509.php 第 88 行.
NOTIC: [8] Undefined index: cur E:\www\sc\Runtime\Cache\Admin\34e4b095905075aaede5ee9039415509.php 第 88 行.
NOTIC: [8] Undefined index: cur E:\www\sc\Runtime\Cache\Admin\34e4b095905075aaede5ee9039415509.php 第 80 行.
NOTIC: [8] Undefined index: cur E:\www\sc\Runtime\Cache\Admin\34e4b095905075aaede5ee9039415509.php 第 88 行.
NOTIC: [8] Undefined index: cur E:\www\sc\Runtime\Cache\Admin\34e4b095905075aaede5ee9039415509.php 第 80 行.
NOTIC: [8] Undefined index: cur E:\www\sc\Runtime\Cache\Admin\34e4b095905075aaede5ee9039415509.php 第 88 行.
NOTIC: [8] Undefined index: cur E:\www\sc\Runtime\Cache\Admin\34e4b095905075aaede5ee9039415509.php 第 88 行.
NOTIC: [8] Undefined index: cur E:\www\sc\Runtime\Cache\Admin\34e4b095905075aaede5ee9039415509.php 第 88 行.
INFO: Run Behavior\ParseTemplateBehavior [ RunTime:0.047936s ]
INFO: [ view_parse ] --END-- [ RunTime:0.048004s ]
INFO: [ view_filter ] --START--
INFO: Run Behavior\WriteHtmlCacheBehavior [ RunTime:0.000448s ]
INFO: [ view_filter ] --END-- [ RunTime:0.000493s ]
INFO: [ app_end ] --START--
INFO: Run Behavior\ShowPageTraceBehavior [ RunTime:0.001092s ]
INFO: [ app_end ] --END-- [ RunTime:0.001188s ]

[ 2016-11-21T22:11:21+08:00 ] 127.0.0.1 /index.php/Admin/Product/edit/id/196.html
INFO: [ app_init ] --START--
INFO: Run Behavior\BuildLiteBehavior [ RunTime:0.000015s ]
INFO: [ app_init ] --END-- [ RunTime:0.000505s ]
INFO: [ app_begin ] --START--
INFO: Run Behavior\ReadHtmlCacheBehavior [ RunTime:0.000610s ]
INFO: [ app_begin ] --END-- [ RunTime:0.000656s ]
SQL: SHOW COLUMNS FROM `ke_user` [ RunTime:0.0050s ]
SQL: SELECT * FROM `ke_user` WHERE `id` = 1 LIMIT 1   [ RunTime:0.0004s ]
SQL: SHOW COLUMNS FROM `ke_user` [ RunTime:0.0042s ]
SQL: SHOW COLUMNS FROM `ke_menu` [ RunTime:0.0045s ]
SQL: SHOW COLUMNS FROM `ke_role` [ RunTime:0.0037s ]
SQL: SELECT * FROM `ke_user` WHERE `id` = 1 LIMIT 1   [ RunTime:0.0004s ]
SQL: SELECT * FROM `ke_role` WHERE `id` = 1 LIMIT 1   [ RunTime:0.0003s ]
SQL: SELECT * FROM `ke_menu` WHERE `id` IN ('126','127','161','180','181','349','401','440','162','163','165','166','179','187','188','189','190','164','167','168','169','170','171','172','173','174','175','176','177','178','339','134','135','147','156','340','341','342','373','343','344','345','346','347','364','365','366','367','368','369','370','371','372','392','393','394','395','396','397','398','399','400','450','451','452','453','454','470','460','461','462','463','464','465','466','467','468','469','471','472','473','474','475') AND `type` = 1 ORDER BY sort desc  [ RunTime:0.0010s ]
NOTIC: [2] array_multisort(): Argument #2 is expected to be an array or a sort flag E:\www\sc\Application\Common\Common\function.php 第 177 行.
NOTIC: [2] array_multisort(): Argument #2 is expected to be an array or a sort flag E:\www\sc\Application\Common\Common\function.php 第 177 行.
SQL: SHOW COLUMNS FROM `ke_product` [ RunTime:0.0046s ]
SQL: SHOW COLUMNS FROM `ke_product_content` [ RunTime:0.0037s ]
SQL: SHOW COLUMNS FROM `ke_product_items` [ RunTime:0.0045s ]
SQL: SELECT * FROM `ke_product` WHERE `id` = 196 LIMIT 1   [ RunTime:0.0005s ]
SQL: SELECT * FROM `ke_product_content` WHERE `id` = 196 LIMIT 1   [ RunTime:0.0005s ]
SQL: SHOW COLUMNS FROM `ke_product_specs` [ RunTime:0.0442s ]
SQL: SELECT * FROM `ke_product_specs` WHERE ( pid=386 ) ORDER BY id asc  [ RunTime:0.0003s ]
SQL: SELECT * FROM `ke_product_items` WHERE `gid` = 196 AND `issku` = 1 AND `delete` = 0 AND `status` = 1  [ RunTime:0.0004s ]
NOTIC: [8] Undefined offset: 2 E:\www\sc\Application\Admin\Controller\ProductController.class.php 第 663 行.
NOTIC: [8] Undefined offset: 3 E:\www\sc\Application\Admin\Controller\ProductController.class.php 第 663 行.
NOTIC: [8] Undefined offset: 0 E:\www\sc\Application\Admin\Controller\ProductController.class.php 第 663 行.
NOTIC: [8] Undefined offset: 3 E:\www\sc\Application\Admin\Controller\ProductController.class.php 第 663 行.
NOTIC: [8] Undefined offset: 4 E:\www\sc\Application\Admin\Controller\ProductController.class.php 第 663 行.
NOTIC: [8] Undefined offset: 0 E:\www\sc\Application\Admin\Controller\ProductController.class.php 第 663 行.
SQL: SHOW COLUMNS FROM `ke_product_attribute` [ RunTime:0.0305s ]
SQL: SELECT * FROM `ke_product_attribute` WHERE ( pid = 386 AND status=1  ) ORDER BY sort desc, id desc  [ RunTime:0.0004s ]
SQL: SHOW COLUMNS FROM `ke_product_category` [ RunTime:0.0038s ]
SQL: SELECT * FROM `ke_product_category` WHERE (  status=1 AND pid=0 ) ORDER BY sort desc  [ RunTime:0.0004s ]
SQL: SELECT * FROM `ke_product_category` WHERE (  status=1 AND pid=384 ) ORDER BY sort desc  [ RunTime:0.0003s ]
SQL: SELECT * FROM `ke_product_category` WHERE (  status=1 AND pid=385 ) ORDER BY sort desc  [ RunTime:0.0003s ]
NOTIC: [8] Undefined variable: list E:\www\sc\Application\Admin\Controller\ProductController.class.php 第 557 行.
INFO: [ view_parse ] --START--
INFO: [ template_filter ] --START--
INFO: Run Behavior\ContentReplaceBehavior [ RunTime:0.000287s ]
INFO: [ template_filter ] --END-- [ RunTime:0.000340s ]
NOTIC: [8] Undefined index: cur E:\www\sc\Runtime\Cache\Admin\b3c4eeadefc336ccc37682b1e72f6690.php 第 82 行.
NOTIC: [8] Undefined index: cur E:\www\sc\Runtime\Cache\Admin\b3c4eeadefc336ccc37682b1e72f6690.php 第 90 行.
NOTIC: [8] Undefined index: cur E:\www\sc\Runtime\Cache\Admin\b3c4eeadefc336ccc37682b1e72f6690.php 第 90 行.
NOTIC: [8] Undefined index: cur E:\www\sc\Runtime\Cache\Admin\b3c4eeadefc336ccc37682b1e72f6690.php 第 90 行.
NOTIC: [8] Undefined index: cur E:\www\sc\Runtime\Cache\Admin\b3c4eeadefc336ccc37682b1e72f6690.php 第 82 行.
NOTIC: [8] Undefined index: cur E:\www\sc\Runtime\Cache\Admin\b3c4eeadefc336ccc37682b1e72f6690.php 第 90 行.
NOTIC: [8] Undefined index: cur E:\www\sc\Runtime\Cache\Admin\b3c4eeadefc336ccc37682b1e72f6690.php 第 90 行.
NOTIC: [8] Undefined index: cur E:\www\sc\Runtime\Cache\Admin\b3c4eeadefc336ccc37682b1e72f6690.php 第 82 行.
NOTIC: [8] Undefined index: cur E:\www\sc\Runtime\Cache\Admin\b3c4eeadefc336ccc37682b1e72f6690.php 第 90 行.
NOTIC: [8] Undefined index: cur E:\www\sc\Runtime\Cache\Admin\b3c4eeadefc336ccc37682b1e72f6690.php 第 82 行.
NOTIC: [8] Undefined index: cur E:\www\sc\Runtime\Cache\Admin\b3c4eeadefc336ccc37682b1e72f6690.php 第 90 行.
NOTIC: [8] Undefined index: cur E:\www\sc\Runtime\Cache\Admin\b3c4eeadefc336ccc37682b1e72f6690.php 第 82 行.
NOTIC: [8] Undefined index: cur E:\www\sc\Runtime\Cache\Admin\b3c4eeadefc336ccc37682b1e72f6690.php 第 90 行.
NOTIC: [8] Undefined index: cur E:\www\sc\Runtime\Cache\Admin\b3c4eeadefc336ccc37682b1e72f6690.php 第 82 行.
NOTIC: [8] Undefined index: cur E:\www\sc\Runtime\Cache\Admin\b3c4eeadefc336ccc37682b1e72f6690.php 第 90 行.
NOTIC: [8] Undefined index: cur E:\www\sc\Runtime\Cache\Admin\b3c4eeadefc336ccc37682b1e72f6690.php 第 90 行.
NOTIC: [8] Undefined index: cur E:\www\sc\Runtime\Cache\Admin\b3c4eeadefc336ccc37682b1e72f6690.php 第 82 行.
NOTIC: [8] Undefined index: cur E:\www\sc\Runtime\Cache\Admin\b3c4eeadefc336ccc37682b1e72f6690.php 第 90 行.
NOTIC: [8] Undefined index: cur E:\www\sc\Runtime\Cache\Admin\b3c4eeadefc336ccc37682b1e72f6690.php 第 82 行.
NOTIC: [8] Undefined index: cur E:\www\sc\Runtime\Cache\Admin\b3c4eeadefc336ccc37682b1e72f6690.php 第 90 行.
NOTIC: [8] Undefined index: cur E:\www\sc\Runtime\Cache\Admin\b3c4eeadefc336ccc37682b1e72f6690.php 第 90 行.
NOTIC: [8] Undefined index: cur E:\www\sc\Runtime\Cache\Admin\b3c4eeadefc336ccc37682b1e72f6690.php 第 90 行.
INFO: Run Behavior\ParseTemplateBehavior [ RunTime:0.044819s ]
INFO: [ view_parse ] --END-- [ RunTime:0.044867s ]
INFO: [ view_filter ] --START--
INFO: Run Behavior\WriteHtmlCacheBehavior [ RunTime:0.000432s ]
INFO: [ view_filter ] --END-- [ RunTime:0.000471s ]
INFO: [ app_end ] --START--
INFO: Run Behavior\ShowPageTraceBehavior [ RunTime:0.001010s ]
INFO: [ app_end ] --END-- [ RunTime:0.001091s ]

[ 2016-11-21T22:11:23+08:00 ] 127.0.0.1 /index.php/Admin/Images/product.html
INFO: [ app_init ] --START--
INFO: Run Behavior\BuildLiteBehavior [ RunTime:0.000015s ]
INFO: [ app_init ] --END-- [ RunTime:0.000487s ]
INFO: [ app_begin ] --START--
INFO: Run Behavior\ReadHtmlCacheBehavior [ RunTime:0.000741s ]
INFO: [ app_begin ] --END-- [ RunTime:0.000796s ]
SQL: SHOW COLUMNS FROM `ke_user` [ RunTime:0.0093s ]
SQL: SELECT * FROM `ke_user` WHERE `id` = 1 LIMIT 1   [ RunTime:0.0007s ]
SQL: SHOW COLUMNS FROM `ke_user` [ RunTime:0.0069s ]
SQL: SHOW COLUMNS FROM `ke_menu` [ RunTime:0.0102s ]
SQL: SHOW COLUMNS FROM `ke_role` [ RunTime:0.0087s ]
SQL: SELECT * FROM `ke_user` WHERE `id` = 1 LIMIT 1   [ RunTime:0.0005s ]
SQL: SELECT * FROM `ke_role` WHERE `id` = 1 LIMIT 1   [ RunTime:0.0004s ]
SQL: SELECT * FROM `ke_menu` WHERE `id` IN ('126','127','161','180','181','349','401','440','162','163','165','166','179','187','188','189','190','164','167','168','169','170','171','172','173','174','175','176','177','178','339','134','135','147','156','340','341','342','373','343','344','345','346','347','364','365','366','367','368','369','370','371','372','392','393','394','395','396','397','398','399','400','450','451','452','453','454','470','460','461','462','463','464','465','466','467','468','469','471','472','473','474','475') AND `type` = 1 ORDER BY sort desc  [ RunTime:0.0016s ]
NOTIC: [2] array_multisort(): Argument #2 is expected to be an array or a sort flag E:\www\sc\Application\Common\Common\function.php 第 177 行.
NOTIC: [2] array_multisort(): Argument #2 is expected to be an array or a sort flag E:\www\sc\Application\Common\Common\function.php 第 177 行.
INFO: [ view_parse ] --START--
INFO: [ template_filter ] --START--
INFO: Run Behavior\ContentReplaceBehavior [ RunTime:0.000049s ]
INFO: [ template_filter ] --END-- [ RunTime:0.000099s ]
NOTIC: [8] Undefined variable: type E:\www\sc\Runtime\Cache\Admin\abf7b5e75524aec5989995e98bf782ae.php 第 10 行.
INFO: Run Behavior\ParseTemplateBehavior [ RunTime:0.027564s ]
INFO: [ view_parse ] --END-- [ RunTime:0.027633s ]
INFO: [ view_filter ] --START--
INFO: Run Behavior\WriteHtmlCacheBehavior [ RunTime:0.000346s ]
INFO: [ view_filter ] --END-- [ RunTime:0.000381s ]
INFO: [ app_end ] --START--
INFO: Run Behavior\ShowPageTraceBehavior [ RunTime:0.000607s ]
INFO: [ app_end ] --END-- [ RunTime:0.000645s ]

[ 2016-11-21T22:11:55+08:00 ] 127.0.0.1 /index.php/Admin/Product/edit.html
INFO: [ app_init ] --START--
INFO: Run Behavior\BuildLiteBehavior [ RunTime:0.000015s ]
INFO: [ app_init ] --END-- [ RunTime:0.000469s ]
INFO: [ app_begin ] --START--
INFO: Run Behavior\ReadHtmlCacheBehavior [ RunTime:0.000728s ]
INFO: [ app_begin ] --END-- [ RunTime:0.000810s ]
SQL: SHOW COLUMNS FROM `ke_user` [ RunTime:0.0039s ]
SQL: SELECT * FROM `ke_user` WHERE `id` = 1 LIMIT 1   [ RunTime:0.0005s ]
SQL: SHOW COLUMNS FROM `ke_user` [ RunTime:0.0038s ]
SQL: SHOW COLUMNS FROM `ke_menu` [ RunTime:0.0038s ]
SQL: SHOW COLUMNS FROM `ke_role` [ RunTime:0.0035s ]
SQL: SELECT * FROM `ke_user` WHERE `id` = 1 LIMIT 1   [ RunTime:0.0003s ]
SQL: SELECT * FROM `ke_role` WHERE `id` = 1 LIMIT 1   [ RunTime:0.0002s ]
SQL: SELECT * FROM `ke_menu` WHERE `id` IN ('126','127','161','180','181','349','401','440','162','163','165','166','179','187','188','189','190','164','167','168','169','170','171','172','173','174','175','176','177','178','339','134','135','147','156','340','341','342','373','343','344','345','346','347','364','365','366','367','368','369','370','371','372','392','393','394','395','396','397','398','399','400','450','451','452','453','454','470','460','461','462','463','464','465','466','467','468','469','471','472','473','474','475') AND `type` = 1 ORDER BY sort desc  [ RunTime:0.0009s ]
NOTIC: [2] array_multisort(): Argument #2 is expected to be an array or a sort flag E:\www\sc\Application\Common\Common\function.php 第 177 行.
NOTIC: [2] array_multisort(): Argument #2 is expected to be an array or a sort flag E:\www\sc\Application\Common\Common\function.php 第 177 行.
SQL: SHOW COLUMNS FROM `ke_product` [ RunTime:0.0041s ]
SQL: SHOW COLUMNS FROM `ke_product_content` [ RunTime:0.0034s ]
SQL: SELECT * FROM `ke_product` WHERE `id` = 196 LIMIT 1   [ RunTime:0.0004s ]
SQL: SHOW COLUMNS FROM `ke_product_specs` [ RunTime:0.0039s ]
SQL: SELECT * FROM `ke_product_specs` WHERE ( status=1 AND pid=386 ) ORDER BY id asc  [ RunTime:0.0003s ]
SQL: UPDATE `ke_product` SET `fpid`='384',`spid`='385',`tpid`='386',`name`='啊手动阀手动阀',`num`='asdfasdfsd',`iswho`='0',`attribute`='50-品牌:品2',`price`='100',`market_price`='100',`cost_price`='100',`stock`='400',`weight`='0',`sales`='0',`clicks`='0',`collects`='0',`freight`='0',`status`='1',`checked`='1',`isapp`='0',`type`='1',`score`='0',`sort`='50',`promotion_price1`='0',`issku`='1',`pic`='/Data/uploads/20161017/m_147669312174102.png',`updatetime`='2016-11-21 22:11:54',`showtime`='2016-11-21 22:11:54' WHERE `id` = 196 [ RunTime:0.0921s ]
SQL: UPDATE `ke_product_content` SET `name`='啊手动阀手动阀',`imgs`='/Data/uploads/20161017/m_147669312174102.png;/Data/uploads/20161017/m_147669312746176.png;/Data/uploads/20161017/m_147669313519123.png;;;',`updatetime`='2016-11-21 22:11:54',`createtime`='2016-11-21 22:11:54',`keys`='asdfasdf',`description`='asdfasdf',`content`='&lt;p&gt;asdfasdf&lt;/p&gt;&lt;p&gt;&lt;img src=&quot;http://5itm.com.cn/Data/product/desc/20161017/1476693161950841.png&quot; style=&quot;&quot; title=&quot;1476693161950841.png&quot;/&gt;&lt;/p&gt;&lt;p&gt;&lt;img src=&quot;http://5itm.com.cn/Data/product/desc/20161017/1476693161893489.png&quot; style=&quot;&quot; title=&quot;1476693161893489.png&quot;/&gt;&lt;/p&gt;&lt;p&gt;&lt;img src=&quot;http://5itm.com.cn/Data/product/desc/20161017/1476693162991563.png&quot; style=&quot;&quot; title=&quot;1476693162991563.png&quot;/&gt;&lt;/p&gt;&lt;p&gt;&lt;br/&gt;&lt;/p&gt;' WHERE `id` = 196 [ RunTime:0.0246s ]
NOTIC: [8] Undefined index: ispush E:\www\sc\Application\Admin\Controller\ProductController.class.php 第 399 行.
SQL: SHOW COLUMNS FROM `ke_product_items` [ RunTime:0.0048s ]
SQL: SELECT * FROM `ke_product_items` WHERE ( gid=196 )  [ RunTime:0.0005s ]
SQL: UPDATE `ke_product_items` SET `status`='0' WHERE `id` = 260 [ RunTime:0.0309s ]
SQL: UPDATE `ke_product_items` SET `status`='0' WHERE `id` = 261 [ RunTime:0.0337s ]
SQL: UPDATE `ke_product_items` SET `status`='0' WHERE `id` = 262 [ RunTime:0.0219s ]
SQL: UPDATE `ke_product_items` SET `status`='0' WHERE `id` = 263 [ RunTime:0.0219s ]
SQL: SELECT * FROM `ke_product_items` WHERE ( gid=196 AND specs="30:0;31:1;32:1" ) LIMIT 1   [ RunTime:0.0004s ]
SQL: UPDATE `ke_product_items` SET `gid`='196',`fpid`='384',`spid`='385',`tpid`='386',`iswho`='0',`type`='1',`score`='0',`name`='啊手动阀手动阀',`attribute`='50-品牌:品2',`status`='1',`checked`='1',`isapp`='0',`sales`='0',`clicks`='0',`collects`='0',`freight`='0',`weight`='0',`pic`='/Data/uploads/20161017/m_147669312174102.png',`sort`='50',`updatetime`='2016-11-21 22:11:54',`showtime`='2016-11-21 22:11:54',`price`='90',`market_price`='99',`cost_price`='100',`promotion_price1`='0',`stock`='100',`num`='',`specs`='30:0;31:1;32:1',`specsold`='30:0:颜色:红色;31:1:大小:L;32:1:容量:200ml',`specsnew`='30:0:颜色:红色;31:1:大小:L;32:1:容量:200ml',`delete`='0',`issku`='1' WHERE `id` = 260 [ RunTime:0.0587s ]
SQL: SELECT * FROM `ke_product_items` WHERE ( gid=196 AND specs="30:0;31:2;32:1" ) LIMIT 1   [ RunTime:0.0004s ]
SQL: UPDATE `ke_product_items` SET `gid`='196',`fpid`='384',`spid`='385',`tpid`='386',`iswho`='0',`type`='1',`score`='0',`name`='啊手动阀手动阀',`attribute`='50-品牌:品2',`status`='1',`checked`='1',`isapp`='0',`sales`='0',`clicks`='0',`collects`='0',`freight`='0',`weight`='0',`pic`='/Data/uploads/20161017/m_147669312174102.png',`sort`='50',`updatetime`='2016-11-21 22:11:54',`showtime`='2016-11-21 22:11:54',`price`='80',`market_price`='88',`cost_price`='100',`promotion_price1`='0',`stock`='100',`num`='',`specs`='30:0;31:2;32:1',`specsold`='30:0:颜色:红色;31:2:大小:XL;32:1:容量:200ml',`specsnew`='30:0:颜色:红色;31:2:大小:XL;32:1:容量:200ml',`delete`='0',`issku`='1' WHERE `id` = 261 [ RunTime:0.0384s ]
SQL: SELECT * FROM `ke_product_items` WHERE ( gid=196 AND specs="30:1;31:1;32:1" ) LIMIT 1   [ RunTime:0.0004s ]
SQL: UPDATE `ke_product_items` SET `gid`='196',`fpid`='384',`spid`='385',`tpid`='386',`iswho`='0',`type`='1',`score`='0',`name`='啊手动阀手动阀',`attribute`='50-品牌:品2',`status`='1',`checked`='1',`isapp`='0',`sales`='0',`clicks`='0',`collects`='0',`freight`='0',`weight`='0',`pic`='/Data/uploads/20161017/m_147669312174102.png',`sort`='50',`updatetime`='2016-11-21 22:11:54',`showtime`='2016-11-21 22:11:54',`price`='10',`market_price`='18',`cost_price`='10',`promotion_price1`='0',`stock`='100',`num`='',`specs`='30:1;31:1;32:1',`specsold`='30:1:颜色:蓝色;31:1:大小:L;32:1:容量:200ml',`specsnew`='30:1:颜色:蓝色;31:1:大小:L;32:1:容量:200ml',`delete`='0',`issku`='1' WHERE `id` = 262 [ RunTime:0.0268s ]
SQL: SELECT * FROM `ke_product_items` WHERE ( gid=196 AND specs="30:1;31:2;32:1" ) LIMIT 1   [ RunTime:0.0004s ]
SQL: UPDATE `ke_product_items` SET `gid`='196',`fpid`='384',`spid`='385',`tpid`='386',`iswho`='0',`type`='1',`score`='0',`name`='啊手动阀手动阀',`attribute`='50-品牌:品2',`status`='1',`checked`='1',`isapp`='0',`sales`='0',`clicks`='0',`collects`='0',`freight`='0',`weight`='0',`pic`='/Data/uploads/20161017/m_147669312174102.png',`sort`='50',`updatetime`='2016-11-21 22:11:54',`showtime`='2016-11-21 22:11:54',`price`='70',`market_price`='80',`cost_price`='100',`promotion_price1`='0',`stock`='100',`num`='',`specs`='30:1;31:2;32:1',`specsold`='30:1:颜色:蓝色;31:2:大小:XL;32:1:容量:200ml',`specsnew`='30:1:颜色:蓝色;31:2:大小:XL;32:1:容量:200ml',`delete`='0',`issku`='1' WHERE `id` = 263 [ RunTime:0.0262s ]

[ 2016-11-21T22:11:56+08:00 ] 127.0.0.1 /index.php/Admin/Product/index.html
INFO: [ app_init ] --START--
INFO: Run Behavior\BuildLiteBehavior [ RunTime:0.000013s ]
INFO: [ app_init ] --END-- [ RunTime:0.000527s ]
INFO: [ app_begin ] --START--
INFO: Run Behavior\ReadHtmlCacheBehavior [ RunTime:0.000844s ]
INFO: [ app_begin ] --END-- [ RunTime:0.000926s ]
SQL: SHOW COLUMNS FROM `ke_user` [ RunTime:0.0045s ]
SQL: SELECT * FROM `ke_user` WHERE `id` = 1 LIMIT 1   [ RunTime:0.0004s ]
SQL: SHOW COLUMNS FROM `ke_user` [ RunTime:0.0041s ]
SQL: SHOW COLUMNS FROM `ke_menu` [ RunTime:0.0036s ]
SQL: SHOW COLUMNS FROM `ke_role` [ RunTime:0.0049s ]
SQL: SELECT * FROM `ke_user` WHERE `id` = 1 LIMIT 1   [ RunTime:0.0004s ]
SQL: SELECT * FROM `ke_role` WHERE `id` = 1 LIMIT 1   [ RunTime:0.0003s ]
SQL: SELECT * FROM `ke_menu` WHERE `id` IN ('126','127','161','180','181','349','401','440','162','163','165','166','179','187','188','189','190','164','167','168','169','170','171','172','173','174','175','176','177','178','339','134','135','147','156','340','341','342','373','343','344','345','346','347','364','365','366','367','368','369','370','371','372','392','393','394','395','396','397','398','399','400','450','451','452','453','454','470','460','461','462','463','464','465','466','467','468','469','471','472','473','474','475') AND `type` = 1 ORDER BY sort desc  [ RunTime:0.0011s ]
NOTIC: [2] array_multisort(): Argument #2 is expected to be an array or a sort flag E:\www\sc\Application\Common\Common\function.php 第 177 行.
NOTIC: [2] array_multisort(): Argument #2 is expected to be an array or a sort flag E:\www\sc\Application\Common\Common\function.php 第 177 行.
SQL: SHOW COLUMNS FROM `ke_product` [ RunTime:0.0054s ]
SQL: SHOW COLUMNS FROM `ke_product_category` [ RunTime:0.0042s ]
SQL: SELECT COUNT(*) AS tp_count FROM `ke_product` WHERE `delete` = 0 LIMIT 1   [ RunTime:0.0003s ]
SQL: SELECT * FROM `ke_product` WHERE `delete` = 0 ORDER BY id desc LIMIT 0,15   [ RunTime:0.0004s ]
SQL: SELECT * FROM `ke_product_category` WHERE ( pid=0 AND status=1 )  [ RunTime:0.0003s ]
INFO: [ view_parse ] --START--
INFO: [ template_filter ] --START--
INFO: Run Behavior\ContentReplaceBehavior [ RunTime:0.000147s ]
INFO: [ template_filter ] --END-- [ RunTime:0.000200s ]
NOTIC: [8] Undefined index: cur E:\www\sc\Runtime\Cache\Admin\34e4b095905075aaede5ee9039415509.php 第 80 行.
NOTIC: [8] Undefined index: cur E:\www\sc\Runtime\Cache\Admin\34e4b095905075aaede5ee9039415509.php 第 88 行.
NOTIC: [8] Undefined index: cur E:\www\sc\Runtime\Cache\Admin\34e4b095905075aaede5ee9039415509.php 第 88 行.
NOTIC: [8] Undefined index: cur E:\www\sc\Runtime\Cache\Admin\34e4b095905075aaede5ee9039415509.php 第 88 行.
NOTIC: [8] Undefined index: cur E:\www\sc\Runtime\Cache\Admin\34e4b095905075aaede5ee9039415509.php 第 88 行.
NOTIC: [8] Undefined index: cur E:\www\sc\Runtime\Cache\Admin\34e4b095905075aaede5ee9039415509.php 第 80 行.
NOTIC: [8] Undefined index: cur E:\www\sc\Runtime\Cache\Admin\34e4b095905075aaede5ee9039415509.php 第 88 行.
NOTIC: [8] Undefined index: cur E:\www\sc\Runtime\Cache\Admin\34e4b095905075aaede5ee9039415509.php 第 88 行.
NOTIC: [8] Undefined index: cur E:\www\sc\Runtime\Cache\Admin\34e4b095905075aaede5ee9039415509.php 第 80 行.
NOTIC: [8] Undefined index: cur E:\www\sc\Runtime\Cache\Admin\34e4b095905075aaede5ee9039415509.php 第 88 行.
NOTIC: [8] Undefined index: cur E:\www\sc\Runtime\Cache\Admin\34e4b095905075aaede5ee9039415509.php 第 80 行.
NOTIC: [8] Undefined index: cur E:\www\sc\Runtime\Cache\Admin\34e4b095905075aaede5ee9039415509.php 第 88 行.
NOTIC: [8] Undefined index: cur E:\www\sc\Runtime\Cache\Admin\34e4b095905075aaede5ee9039415509.php 第 80 行.
NOTIC: [8] Undefined index: cur E:\www\sc\Runtime\Cache\Admin\34e4b095905075aaede5ee9039415509.php 第 88 行.
NOTIC: [8] Undefined index: cur E:\www\sc\Runtime\Cache\Admin\34e4b095905075aaede5ee9039415509.php 第 80 行.
NOTIC: [8] Undefined index: cur E:\www\sc\Runtime\Cache\Admin\34e4b095905075aaede5ee9039415509.php 第 88 行.
NOTIC: [8] Undefined index: cur E:\www\sc\Runtime\Cache\Admin\34e4b095905075aaede5ee9039415509.php 第 88 行.
NOTIC: [8] Undefined index: cur E:\www\sc\Runtime\Cache\Admin\34e4b095905075aaede5ee9039415509.php 第 80 行.
NOTIC: [8] Undefined index: cur E:\www\sc\Runtime\Cache\Admin\34e4b095905075aaede5ee9039415509.php 第 88 行.
NOTIC: [8] Undefined index: cur E:\www\sc\Runtime\Cache\Admin\34e4b095905075aaede5ee9039415509.php 第 80 行.
NOTIC: [8] Undefined index: cur E:\www\sc\Runtime\Cache\Admin\34e4b095905075aaede5ee9039415509.php 第 88 行.
NOTIC: [8] Undefined index: cur E:\www\sc\Runtime\Cache\Admin\34e4b095905075aaede5ee9039415509.php 第 88 行.
NOTIC: [8] Undefined index: cur E:\www\sc\Runtime\Cache\Admin\34e4b095905075aaede5ee9039415509.php 第 88 行.
INFO: Run Behavior\ParseTemplateBehavior [ RunTime:0.021083s ]
INFO: [ view_parse ] --END-- [ RunTime:0.021142s ]
INFO: [ view_filter ] --START--
INFO: Run Behavior\WriteHtmlCacheBehavior [ RunTime:0.000386s ]
INFO: [ view_filter ] --END-- [ RunTime:0.000426s ]
INFO: [ app_end ] --START--
INFO: Run Behavior\ShowPageTraceBehavior [ RunTime:0.000765s ]
INFO: [ app_end ] --END-- [ RunTime:0.000820s ]

[ 2016-11-21T22:17:09+08:00 ] 127.0.0.1 /index.php/Admin/Product/edit/id/196.html
INFO: [ app_init ] --START--
INFO: Run Behavior\BuildLiteBehavior [ RunTime:0.000015s ]
INFO: [ app_init ] --END-- [ RunTime:0.000581s ]
INFO: [ app_begin ] --START--
INFO: Run Behavior\ReadHtmlCacheBehavior [ RunTime:0.000737s ]
INFO: [ app_begin ] --END-- [ RunTime:0.000791s ]
SQL: SHOW COLUMNS FROM `ke_user` [ RunTime:0.0039s ]
SQL: SELECT * FROM `ke_user` WHERE `id` = 1 LIMIT 1   [ RunTime:0.0004s ]
SQL: SHOW COLUMNS FROM `ke_user` [ RunTime:0.0044s ]
SQL: SHOW COLUMNS FROM `ke_menu` [ RunTime:0.0094s ]
SQL: SHOW COLUMNS FROM `ke_role` [ RunTime:0.0037s ]
SQL: SELECT * FROM `ke_user` WHERE `id` = 1 LIMIT 1   [ RunTime:0.0004s ]
SQL: SELECT * FROM `ke_role` WHERE `id` = 1 LIMIT 1   [ RunTime:0.0002s ]
SQL: SELECT * FROM `ke_menu` WHERE `id` IN ('126','127','161','180','181','349','401','440','162','163','165','166','179','187','188','189','190','164','167','168','169','170','171','172','173','174','175','176','177','178','339','134','135','147','156','340','341','342','373','343','344','345','346','347','364','365','366','367','368','369','370','371','372','392','393','394','395','396','397','398','399','400','450','451','452','453','454','470','460','461','462','463','464','465','466','467','468','469','471','472','473','474','475') AND `type` = 1 ORDER BY sort desc  [ RunTime:0.0010s ]
NOTIC: [2] array_multisort(): Argument #2 is expected to be an array or a sort flag E:\www\sc\Application\Common\Common\function.php 第 177 行.
NOTIC: [2] array_multisort(): Argument #2 is expected to be an array or a sort flag E:\www\sc\Application\Common\Common\function.php 第 177 行.
SQL: SHOW COLUMNS FROM `ke_product` [ RunTime:0.0053s ]
SQL: SHOW COLUMNS FROM `ke_product_content` [ RunTime:0.0053s ]
SQL: SHOW COLUMNS FROM `ke_product_items` [ RunTime:0.0051s ]
SQL: SELECT * FROM `ke_product` WHERE `id` = 196 LIMIT 1   [ RunTime:0.0005s ]
SQL: SELECT * FROM `ke_product_content` WHERE `id` = 196 LIMIT 1   [ RunTime:0.0003s ]
SQL: SHOW COLUMNS FROM `ke_product_specs` [ RunTime:0.0045s ]
SQL: SELECT * FROM `ke_product_specs` WHERE ( pid=386 ) ORDER BY id asc  [ RunTime:0.0004s ]
SQL: SELECT * FROM `ke_product_items` WHERE `gid` = 196 AND `issku` = 1 AND `delete` = 0 AND `status` = 1  [ RunTime:0.0005s ]
NOTIC: [8] Undefined offset: 2 E:\www\sc\Application\Admin\Controller\ProductController.class.php 第 663 行.
NOTIC: [8] Undefined offset: 3 E:\www\sc\Application\Admin\Controller\ProductController.class.php 第 663 行.
NOTIC: [8] Undefined offset: 0 E:\www\sc\Application\Admin\Controller\ProductController.class.php 第 663 行.
NOTIC: [8] Undefined offset: 3 E:\www\sc\Application\Admin\Controller\ProductController.class.php 第 663 行.
NOTIC: [8] Undefined offset: 4 E:\www\sc\Application\Admin\Controller\ProductController.class.php 第 663 行.
NOTIC: [8] Undefined offset: 0 E:\www\sc\Application\Admin\Controller\ProductController.class.php 第 663 行.
SQL: SHOW COLUMNS FROM `ke_product_attribute` [ RunTime:0.0043s ]
SQL: SELECT * FROM `ke_product_attribute` WHERE ( pid = 386 AND status=1  ) ORDER BY sort desc, id desc  [ RunTime:0.0004s ]
SQL: SHOW COLUMNS FROM `ke_product_category` [ RunTime:0.0052s ]
SQL: SELECT * FROM `ke_product_category` WHERE (  status=1 AND pid=0 ) ORDER BY sort desc  [ RunTime:0.0004s ]
SQL: SELECT * FROM `ke_product_category` WHERE (  status=1 AND pid=384 ) ORDER BY sort desc  [ RunTime:0.0004s ]
SQL: SELECT * FROM `ke_product_category` WHERE (  status=1 AND pid=385 ) ORDER BY sort desc  [ RunTime:0.0004s ]
NOTIC: [8] Undefined variable: list E:\www\sc\Application\Admin\Controller\ProductController.class.php 第 557 行.
INFO: [ view_parse ] --START--
INFO: [ template_filter ] --START--
INFO: Run Behavior\ContentReplaceBehavior [ RunTime:0.000284s ]
INFO: [ template_filter ] --END-- [ RunTime:0.000337s ]
NOTIC: [8] Undefined index: cur E:\www\sc\Runtime\Cache\Admin\b3c4eeadefc336ccc37682b1e72f6690.php 第 82 行.
NOTIC: [8] Undefined index: cur E:\www\sc\Runtime\Cache\Admin\b3c4eeadefc336ccc37682b1e72f6690.php 第 90 行.
NOTIC: [8] Undefined index: cur E:\www\sc\Runtime\Cache\Admin\b3c4eeadefc336ccc37682b1e72f6690.php 第 90 行.
NOTIC: [8] Undefined index: cur E:\www\sc\Runtime\Cache\Admin\b3c4eeadefc336ccc37682b1e72f6690.php 第 90 行.
NOTIC: [8] Undefined index: cur E:\www\sc\Runtime\Cache\Admin\b3c4eeadefc336ccc37682b1e72f6690.php 第 82 行.
NOTIC: [8] Undefined index: cur E:\www\sc\Runtime\Cache\Admin\b3c4eeadefc336ccc37682b1e72f6690.php 第 90 行.
NOTIC: [8] Undefined index: cur E:\www\sc\Runtime\Cache\Admin\b3c4eeadefc336ccc37682b1e72f6690.php 第 90 行.
NOTIC: [8] Undefined index: cur E:\www\sc\Runtime\Cache\Admin\b3c4eeadefc336ccc37682b1e72f6690.php 第 82 行.
NOTIC: [8] Undefined index: cur E:\www\sc\Runtime\Cache\Admin\b3c4eeadefc336ccc37682b1e72f6690.php 第 90 行.
NOTIC: [8] Undefined index: cur E:\www\sc\Runtime\Cache\Admin\b3c4eeadefc336ccc37682b1e72f6690.php 第 82 行.
NOTIC: [8] Undefined index: cur E:\www\sc\Runtime\Cache\Admin\b3c4eeadefc336ccc37682b1e72f6690.php 第 90 行.
NOTIC: [8] Undefined index: cur E:\www\sc\Runtime\Cache\Admin\b3c4eeadefc336ccc37682b1e72f6690.php 第 82 行.
NOTIC: [8] Undefined index: cur E:\www\sc\Runtime\Cache\Admin\b3c4eeadefc336ccc37682b1e72f6690.php 第 90 行.
NOTIC: [8] Undefined index: cur E:\www\sc\Runtime\Cache\Admin\b3c4eeadefc336ccc37682b1e72f6690.php 第 82 行.
NOTIC: [8] Undefined index: cur E:\www\sc\Runtime\Cache\Admin\b3c4eeadefc336ccc37682b1e72f6690.php 第 90 行.
NOTIC: [8] Undefined index: cur E:\www\sc\Runtime\Cache\Admin\b3c4eeadefc336ccc37682b1e72f6690.php 第 90 行.
NOTIC: [8] Undefined index: cur E:\www\sc\Runtime\Cache\Admin\b3c4eeadefc336ccc37682b1e72f6690.php 第 82 行.
NOTIC: [8] Undefined index: cur E:\www\sc\Runtime\Cache\Admin\b3c4eeadefc336ccc37682b1e72f6690.php 第 90 行.
NOTIC: [8] Undefined index: cur E:\www\sc\Runtime\Cache\Admin\b3c4eeadefc336ccc37682b1e72f6690.php 第 82 行.
NOTIC: [8] Undefined index: cur E:\www\sc\Runtime\Cache\Admin\b3c4eeadefc336ccc37682b1e72f6690.php 第 90 行.
NOTIC: [8] Undefined index: cur E:\www\sc\Runtime\Cache\Admin\b3c4eeadefc336ccc37682b1e72f6690.php 第 90 行.
NOTIC: [8] Undefined index: cur E:\www\sc\Runtime\Cache\Admin\b3c4eeadefc336ccc37682b1e72f6690.php 第 90 行.
INFO: Run Behavior\ParseTemplateBehavior [ RunTime:0.026004s ]
INFO: [ view_parse ] --END-- [ RunTime:0.026072s ]
INFO: [ view_filter ] --START--
INFO: Run Behavior\WriteHtmlCacheBehavior [ RunTime:0.000778s ]
INFO: [ view_filter ] --END-- [ RunTime:0.000850s ]
INFO: [ app_end ] --START--
INFO: Run Behavior\ShowPageTraceBehavior [ RunTime:0.001390s ]
INFO: [ app_end ] --END-- [ RunTime:0.001485s ]

[ 2016-11-21T22:17:10+08:00 ] 127.0.0.1 /index.php/Admin/Images/product.html
INFO: [ app_init ] --START--
INFO: Run Behavior\BuildLiteBehavior [ RunTime:0.000015s ]
INFO: [ app_init ] --END-- [ RunTime:0.000451s ]
INFO: [ app_begin ] --START--
INFO: Run Behavior\ReadHtmlCacheBehavior [ RunTime:0.000782s ]
INFO: [ app_begin ] --END-- [ RunTime:0.000869s ]
SQL: SHOW COLUMNS FROM `ke_user` [ RunTime:0.0049s ]
SQL: SELECT * FROM `ke_user` WHERE `id` = 1 LIMIT 1   [ RunTime:0.0005s ]
SQL: SHOW COLUMNS FROM `ke_user` [ RunTime:0.0057s ]
SQL: SHOW COLUMNS FROM `ke_menu` [ RunTime:0.0060s ]
SQL: SHOW COLUMNS FROM `ke_role` [ RunTime:0.0047s ]
SQL: SELECT * FROM `ke_user` WHERE `id` = 1 LIMIT 1   [ RunTime:0.0005s ]
SQL: SELECT * FROM `ke_role` WHERE `id` = 1 LIMIT 1   [ RunTime:0.0003s ]
SQL: SELECT * FROM `ke_menu` WHERE `id` IN ('126','127','161','180','181','349','401','440','162','163','165','166','179','187','188','189','190','164','167','168','169','170','171','172','173','174','175','176','177','178','339','134','135','147','156','340','341','342','373','343','344','345','346','347','364','365','366','367','368','369','370','371','372','392','393','394','395','396','397','398','399','400','450','451','452','453','454','470','460','461','462','463','464','465','466','467','468','469','471','472','473','474','475') AND `type` = 1 ORDER BY sort desc  [ RunTime:0.0014s ]
NOTIC: [2] array_multisort(): Argument #2 is expected to be an array or a sort flag E:\www\sc\Application\Common\Common\function.php 第 177 行.
NOTIC: [2] array_multisort(): Argument #2 is expected to be an array or a sort flag E:\www\sc\Application\Common\Common\function.php 第 177 行.
INFO: [ view_parse ] --START--
INFO: [ template_filter ] --START--
INFO: Run Behavior\ContentReplaceBehavior [ RunTime:0.000078s ]
INFO: [ template_filter ] --END-- [ RunTime:0.000160s ]
NOTIC: [8] Undefined variable: type E:\www\sc\Runtime\Cache\Admin\abf7b5e75524aec5989995e98bf782ae.php 第 10 行.
INFO: Run Behavior\ParseTemplateBehavior [ RunTime:0.009360s ]
INFO: [ view_parse ] --END-- [ RunTime:0.009435s ]
INFO: [ view_filter ] --START--
INFO: Run Behavior\WriteHtmlCacheBehavior [ RunTime:0.000477s ]
INFO: [ view_filter ] --END-- [ RunTime:0.000533s ]
INFO: [ app_end ] --START--
INFO: Run Behavior\ShowPageTraceBehavior [ RunTime:0.000798s ]
INFO: [ app_end ] --END-- [ RunTime:0.000864s ]

[ 2016-11-21T22:33:19+08:00 ] 127.0.0.1 /index.php/Admin/Product/edit.html
INFO: [ app_init ] --START--
INFO: Run Behavior\BuildLiteBehavior [ RunTime:0.000020s ]
INFO: [ app_init ] --END-- [ RunTime:0.000564s ]
INFO: [ app_begin ] --START--
INFO: Run Behavior\ReadHtmlCacheBehavior [ RunTime:0.000756s ]
INFO: [ app_begin ] --END-- [ RunTime:0.000825s ]
SQL: SHOW COLUMNS FROM `ke_user` [ RunTime:0.0043s ]
SQL: SELECT * FROM `ke_user` WHERE `id` = 1 LIMIT 1   [ RunTime:0.0004s ]
SQL: SHOW COLUMNS FROM `ke_user` [ RunTime:0.0042s ]
SQL: SHOW COLUMNS FROM `ke_menu` [ RunTime:0.0044s ]
SQL: SHOW COLUMNS FROM `ke_role` [ RunTime:0.0112s ]
SQL: SELECT * FROM `ke_user` WHERE `id` = 1 LIMIT 1   [ RunTime:0.0003s ]
SQL: SELECT * FROM `ke_role` WHERE `id` = 1 LIMIT 1   [ RunTime:0.0002s ]
SQL: SELECT * FROM `ke_menu` WHERE `id` IN ('126','127','161','180','181','349','401','440','162','163','165','166','179','187','188','189','190','164','167','168','169','170','171','172','173','174','175','176','177','178','339','134','135','147','156','340','341','342','373','343','344','345','346','347','364','365','366','367','368','369','370','371','372','392','393','394','395','396','397','398','399','400','450','451','452','453','454','470','460','461','462','463','464','465','466','467','468','469','471','472','473','474','475') AND `type` = 1 ORDER BY sort desc  [ RunTime:0.0010s ]
NOTIC: [2] array_multisort(): Argument #2 is expected to be an array or a sort flag E:\www\sc\Application\Common\Common\function.php 第 177 行.
NOTIC: [2] array_multisort(): Argument #2 is expected to be an array or a sort flag E:\www\sc\Application\Common\Common\function.php 第 177 行.
SQL: SHOW COLUMNS FROM `ke_product` [ RunTime:0.0045s ]
SQL: SHOW COLUMNS FROM `ke_product_content` [ RunTime:0.0035s ]
SQL: SELECT * FROM `ke_product` WHERE `id` = 196 LIMIT 1   [ RunTime:0.0004s ]
SQL: SHOW COLUMNS FROM `ke_product_specs` [ RunTime:0.0035s ]
SQL: SELECT * FROM `ke_product_specs` WHERE ( status=1 AND pid=386 ) ORDER BY id asc  [ RunTime:0.0003s ]
SQL: UPDATE `ke_product` SET `fpid`='384',`spid`='385',`tpid`='386',`name`='啊手动阀手动阀',`num`='asdfasdfsd',`iswho`='0',`attribute`='50-品牌:品2',`price`='100',`market_price`='100',`cost_price`='100',`stock`='401',`weight`='0',`sales`='0',`clicks`='0',`collects`='0',`freight`='0',`status`='1',`checked`='1',`isapp`='0',`type`='1',`score`='0',`sort`='50',`promotion_price1`='0',`issku`='1',`pic`='/Data/uploads/20161017/m_147669312174102.png',`updatetime`='2016-11-21 22:33:18',`showtime`='2016-11-21 22:33:18' WHERE `id` = 196 [ RunTime:0.1017s ]
SQL: UPDATE `ke_product_content` SET `name`='啊手动阀手动阀',`imgs`='/Data/uploads/20161017/m_147669312174102.png;/Data/uploads/20161017/m_147669312746176.png;/Data/uploads/20161017/m_147669313519123.png;;;',`updatetime`='2016-11-21 22:33:18',`createtime`='2016-11-21 22:33:18',`keys`='asdfasdf',`description`='asdfasdf',`content`='&lt;p&gt;asdfasdf&lt;/p&gt;&lt;p&gt;&lt;img src=&quot;http://5itm.com.cn/Data/product/desc/20161017/1476693161950841.png&quot; style=&quot;&quot; title=&quot;1476693161950841.png&quot;/&gt;&lt;/p&gt;&lt;p&gt;&lt;img src=&quot;http://5itm.com.cn/Data/product/desc/20161017/1476693161893489.png&quot; style=&quot;&quot; title=&quot;1476693161893489.png&quot;/&gt;&lt;/p&gt;&lt;p&gt;&lt;img src=&quot;http://5itm.com.cn/Data/product/desc/20161017/1476693162991563.png&quot; style=&quot;&quot; title=&quot;1476693162991563.png&quot;/&gt;&lt;/p&gt;&lt;p&gt;&lt;br/&gt;&lt;/p&gt;' WHERE `id` = 196 [ RunTime:0.0505s ]
NOTIC: [8] Undefined index: ispush E:\www\sc\Application\Admin\Controller\ProductController.class.php 第 399 行.
SQL: SHOW COLUMNS FROM `ke_product_items` [ RunTime:0.0057s ]
SQL: SELECT * FROM `ke_product_items` WHERE ( gid=196 )  [ RunTime:0.0005s ]
SQL: UPDATE `ke_product_items` SET `status`='0' WHERE `id` = 260 [ RunTime:0.0777s ]
SQL: UPDATE `ke_product_items` SET `status`='0' WHERE `id` = 261 [ RunTime:0.0473s ]
SQL: UPDATE `ke_product_items` SET `status`='0' WHERE `id` = 262 [ RunTime:0.0219s ]
SQL: UPDATE `ke_product_items` SET `status`='0' WHERE `id` = 263 [ RunTime:0.0219s ]
SQL: SELECT * FROM `ke_product_items` WHERE ( gid=196 AND specs="30:0;31:1;32:1" ) LIMIT 1   [ RunTime:0.0004s ]
SQL: UPDATE `ke_product_items` SET `gid`='196',`fpid`='384',`spid`='385',`tpid`='386',`iswho`='0',`type`='1',`score`='0',`name`='啊手动阀手动阀',`attribute`='50-品牌:品2',`status`='1',`checked`='1',`isapp`='0',`sales`='0',`clicks`='0',`collects`='0',`freight`='0',`weight`='0',`pic`='/Data/uploads/20161017/m_147669312174102.png',`sort`='50',`updatetime`='2016-11-21 22:33:18',`showtime`='2016-11-21 22:33:18',`price`='90',`market_price`='99',`cost_price`='100',`promotion_price1`='0',`stock`='100',`num`='',`specs`='30:0;31:1;32:1',`specsold`='30:0:颜色:红色;31:1:大小:L;32:1:容量:200ml',`specsnew`='30:0:颜色:红色;31:1:大小:L;32:1:容量:200ml',`delete`='0',`issku`='1' WHERE `id` = 260 [ RunTime:0.0273s ]
SQL: SELECT * FROM `ke_product_items` WHERE ( gid=196 AND specs="30:0;31:2;32:1" ) LIMIT 1   [ RunTime:0.0004s ]
SQL: UPDATE `ke_product_items` SET `gid`='196',`fpid`='384',`spid`='385',`tpid`='386',`iswho`='0',`type`='1',`score`='0',`name`='啊手动阀手动阀',`attribute`='50-品牌:品2',`status`='1',`checked`='1',`isapp`='0',`sales`='0',`clicks`='0',`collects`='0',`freight`='0',`weight`='0',`pic`='/Data/uploads/20161017/m_147669312174102.png',`sort`='50',`updatetime`='2016-11-21 22:33:18',`showtime`='2016-11-21 22:33:18',`price`='80',`market_price`='88',`cost_price`='100',`promotion_price1`='0',`stock`='101',`num`='',`specs`='30:0;31:2;32:1',`specsold`='30:0:颜色:红色;31:2:大小:XL;32:1:容量:200ml',`specsnew`='30:0:颜色:红色;31:2:大小:XL;32:1:容量:200ml',`delete`='0',`issku`='1' WHERE `id` = 261 [ RunTime:0.0254s ]
SQL: SELECT * FROM `ke_product_items` WHERE ( gid=196 AND specs="30:1;31:1;32:1" ) LIMIT 1   [ RunTime:0.0004s ]
SQL: UPDATE `ke_product_items` SET `gid`='196',`fpid`='384',`spid`='385',`tpid`='386',`iswho`='0',`type`='1',`score`='0',`name`='啊手动阀手动阀',`attribute`='50-品牌:品2',`status`='1',`checked`='1',`isapp`='0',`sales`='0',`clicks`='0',`collects`='0',`freight`='0',`weight`='0',`pic`='/Data/uploads/20161017/m_147669312174102.png',`sort`='50',`updatetime`='2016-11-21 22:33:18',`showtime`='2016-11-21 22:33:18',`price`='10',`market_price`='18',`cost_price`='10',`promotion_price1`='0',`stock`='100',`num`='',`specs`='30:1;31:1;32:1',`specsold`='30:1:颜色:蓝色;31:1:大小:L;32:1:容量:200ml',`specsnew`='30:1:颜色:蓝色;31:1:大小:L;32:1:容量:200ml',`delete`='0',`issku`='1' WHERE `id` = 262 [ RunTime:0.0208s ]
SQL: SELECT * FROM `ke_product_items` WHERE ( gid=196 AND specs="30:1;31:2;32:1" ) LIMIT 1   [ RunTime:0.0004s ]
SQL: UPDATE `ke_product_items` SET `gid`='196',`fpid`='384',`spid`='385',`tpid`='386',`iswho`='0',`type`='1',`score`='0',`name`='啊手动阀手动阀',`attribute`='50-品牌:品2',`status`='1',`checked`='1',`isapp`='0',`sales`='0',`clicks`='0',`collects`='0',`freight`='0',`weight`='0',`pic`='/Data/uploads/20161017/m_147669312174102.png',`sort`='50',`updatetime`='2016-11-21 22:33:18',`showtime`='2016-11-21 22:33:18',`price`='70',`market_price`='80',`cost_price`='100',`promotion_price1`='0',`stock`='100',`num`='',`specs`='30:1;31:2;32:1',`specsold`='30:1:颜色:蓝色;31:2:大小:XL;32:1:容量:200ml',`specsnew`='30:1:颜色:蓝色;31:2:大小:XL;32:1:容量:200ml',`delete`='0',`issku`='1' WHERE `id` = 263 [ RunTime:0.0269s ]

[ 2016-11-21T22:33:20+08:00 ] 127.0.0.1 /index.php/Admin/Product/index.html
INFO: [ app_init ] --START--
INFO: Run Behavior\BuildLiteBehavior [ RunTime:0.000015s ]
INFO: [ app_init ] --END-- [ RunTime:0.000541s ]
INFO: [ app_begin ] --START--
INFO: Run Behavior\ReadHtmlCacheBehavior [ RunTime:0.000666s ]
INFO: [ app_begin ] --END-- [ RunTime:0.000712s ]
SQL: SHOW COLUMNS FROM `ke_user` [ RunTime:0.0049s ]
SQL: SELECT * FROM `ke_user` WHERE `id` = 1 LIMIT 1   [ RunTime:0.0005s ]
SQL: SHOW COLUMNS FROM `ke_user` [ RunTime:0.0044s ]
SQL: SHOW COLUMNS FROM `ke_menu` [ RunTime:0.0045s ]
SQL: SHOW COLUMNS FROM `ke_role` [ RunTime:0.0044s ]
SQL: SELECT * FROM `ke_user` WHERE `id` = 1 LIMIT 1   [ RunTime:0.0004s ]
SQL: SELECT * FROM `ke_role` WHERE `id` = 1 LIMIT 1   [ RunTime:0.0003s ]
SQL: SELECT * FROM `ke_menu` WHERE `id` IN ('126','127','161','180','181','349','401','440','162','163','165','166','179','187','188','189','190','164','167','168','169','170','171','172','173','174','175','176','177','178','339','134','135','147','156','340','341','342','373','343','344','345','346','347','364','365','366','367','368','369','370','371','372','392','393','394','395','396','397','398','399','400','450','451','452','453','454','470','460','461','462','463','464','465','466','467','468','469','471','472','473','474','475') AND `type` = 1 ORDER BY sort desc  [ RunTime:0.0010s ]
NOTIC: [2] array_multisort(): Argument #2 is expected to be an array or a sort flag E:\www\sc\Application\Common\Common\function.php 第 177 行.
NOTIC: [2] array_multisort(): Argument #2 is expected to be an array or a sort flag E:\www\sc\Application\Common\Common\function.php 第 177 行.
SQL: SHOW COLUMNS FROM `ke_product` [ RunTime:0.0069s ]
SQL: SHOW COLUMNS FROM `ke_product_category` [ RunTime:0.0049s ]
SQL: SELECT COUNT(*) AS tp_count FROM `ke_product` WHERE `delete` = 0 LIMIT 1   [ RunTime:0.0003s ]
SQL: SELECT * FROM `ke_product` WHERE `delete` = 0 ORDER BY id desc LIMIT 0,15   [ RunTime:0.0005s ]
SQL: SELECT * FROM `ke_product_category` WHERE ( pid=0 AND status=1 )  [ RunTime:0.0004s ]
INFO: [ view_parse ] --START--
INFO: [ template_filter ] --START--
INFO: Run Behavior\ContentReplaceBehavior [ RunTime:0.000206s ]
INFO: [ template_filter ] --END-- [ RunTime:0.000277s ]
NOTIC: [8] Undefined index: cur E:\www\sc\Runtime\Cache\Admin\34e4b095905075aaede5ee9039415509.php 第 80 行.
NOTIC: [8] Undefined index: cur E:\www\sc\Runtime\Cache\Admin\34e4b095905075aaede5ee9039415509.php 第 88 行.
NOTIC: [8] Undefined index: cur E:\www\sc\Runtime\Cache\Admin\34e4b095905075aaede5ee9039415509.php 第 88 行.
NOTIC: [8] Undefined index: cur E:\www\sc\Runtime\Cache\Admin\34e4b095905075aaede5ee9039415509.php 第 88 行.
NOTIC: [8] Undefined index: cur E:\www\sc\Runtime\Cache\Admin\34e4b095905075aaede5ee9039415509.php 第 88 行.
NOTIC: [8] Undefined index: cur E:\www\sc\Runtime\Cache\Admin\34e4b095905075aaede5ee9039415509.php 第 80 行.
NOTIC: [8] Undefined index: cur E:\www\sc\Runtime\Cache\Admin\34e4b095905075aaede5ee9039415509.php 第 88 行.
NOTIC: [8] Undefined index: cur E:\www\sc\Runtime\Cache\Admin\34e4b095905075aaede5ee9039415509.php 第 88 行.
NOTIC: [8] Undefined index: cur E:\www\sc\Runtime\Cache\Admin\34e4b095905075aaede5ee9039415509.php 第 80 行.
NOTIC: [8] Undefined index: cur E:\www\sc\Runtime\Cache\Admin\34e4b095905075aaede5ee9039415509.php 第 88 行.
NOTIC: [8] Undefined index: cur E:\www\sc\Runtime\Cache\Admin\34e4b095905075aaede5ee9039415509.php 第 80 行.
NOTIC: [8] Undefined index: cur E:\www\sc\Runtime\Cache\Admin\34e4b095905075aaede5ee9039415509.php 第 88 行.
NOTIC: [8] Undefined index: cur E:\www\sc\Runtime\Cache\Admin\34e4b095905075aaede5ee9039415509.php 第 80 行.
NOTIC: [8] Undefined index: cur E:\www\sc\Runtime\Cache\Admin\34e4b095905075aaede5ee9039415509.php 第 88 行.
NOTIC: [8] Undefined index: cur E:\www\sc\Runtime\Cache\Admin\34e4b095905075aaede5ee9039415509.php 第 80 行.
NOTIC: [8] Undefined index: cur E:\www\sc\Runtime\Cache\Admin\34e4b095905075aaede5ee9039415509.php 第 88 行.
NOTIC: [8] Undefined index: cur E:\www\sc\Runtime\Cache\Admin\34e4b095905075aaede5ee9039415509.php 第 88 行.
NOTIC: [8] Undefined index: cur E:\www\sc\Runtime\Cache\Admin\34e4b095905075aaede5ee9039415509.php 第 80 行.
NOTIC: [8] Undefined index: cur E:\www\sc\Runtime\Cache\Admin\34e4b095905075aaede5ee9039415509.php 第 88 行.
NOTIC: [8] Undefined index: cur E:\www\sc\Runtime\Cache\Admin\34e4b095905075aaede5ee9039415509.php 第 80 行.
NOTIC: [8] Undefined index: cur E:\www\sc\Runtime\Cache\Admin\34e4b095905075aaede5ee9039415509.php 第 88 行.
NOTIC: [8] Undefined index: cur E:\www\sc\Runtime\Cache\Admin\34e4b095905075aaede5ee9039415509.php 第 88 行.
NOTIC: [8] Undefined index: cur E:\www\sc\Runtime\Cache\Admin\34e4b095905075aaede5ee9039415509.php 第 88 行.
INFO: Run Behavior\ParseTemplateBehavior [ RunTime:0.022910s ]
INFO: [ view_parse ] --END-- [ RunTime:0.022994s ]
INFO: [ view_filter ] --START--
INFO: Run Behavior\WriteHtmlCacheBehavior [ RunTime:0.000857s ]
INFO: [ view_filter ] --END-- [ RunTime:0.000924s ]
INFO: [ app_end ] --START--
INFO: Run Behavior\ShowPageTraceBehavior [ RunTime:0.001382s ]
INFO: [ app_end ] --END-- [ RunTime:0.001479s ]

