[ 2017-10-11T11:03:04+08:00 ] 127.0.0.1 /index.php/admin
INFO: [ app_init ] --START--
INFO: Run Behavior\BuildLiteBehavior [ RunTime:0.000014s ]
INFO: [ app_init ] --END-- [ RunTime:0.000643s ]
INFO: [ app_begin ] --START--
INFO: Run Behavior\ReadHtmlCacheBehavior [ RunTime:0.000877s ]
INFO: [ app_begin ] --END-- [ RunTime:0.000928s ]

[ 2017-10-11T11:03:04+08:00 ] 127.0.0.1 /index.php/Admin/Login/index.html
INFO: [ app_init ] --START--
INFO: Run Behavior\BuildLiteBehavior [ RunTime:0.000014s ]
INFO: [ app_init ] --END-- [ RunTime:0.000601s ]
INFO: [ app_begin ] --START--
INFO: Run Behavior\ReadHtmlCacheBehavior [ RunTime:0.000746s ]
INFO: [ app_begin ] --END-- [ RunTime:0.000800s ]
INFO: [ view_parse ] --START--
INFO: [ template_filter ] --START--
INFO: Run Behavior\ContentReplaceBehavior [ RunTime:0.000088s ]
INFO: [ template_filter ] --END-- [ RunTime:0.000141s ]
INFO: Run Behavior\ParseTemplateBehavior [ RunTime:0.010586s ]
INFO: [ view_parse ] --END-- [ RunTime:0.010636s ]
INFO: [ view_filter ] --START--
INFO: Run Behavior\WriteHtmlCacheBehavior [ RunTime:0.000653s ]
INFO: [ view_filter ] --END-- [ RunTime:0.000692s ]
INFO: [ app_end ] --START--
INFO: Run Behavior\ShowPageTraceBehavior [ RunTime:0.000874s ]
INFO: [ app_end ] --END-- [ RunTime:0.000916s ]

[ 2017-10-11T11:03:15+08:00 ] 127.0.0.1 /index.php/Admin/Login/login.html
INFO: [ app_init ] --START--
INFO: Run Behavior\BuildLiteBehavior [ RunTime:0.000018s ]
INFO: [ app_init ] --END-- [ RunTime:0.001251s ]
INFO: [ app_begin ] --START--
INFO: Run Behavior\ReadHtmlCacheBehavior [ RunTime:0.002200s ]
INFO: [ app_begin ] --END-- [ RunTime:0.002288s ]
SQL: SHOW COLUMNS FROM `ke_user` [ RunTime:0.0347s ]
SQL: SELECT * FROM `ke_user` WHERE ( username="admin" ) LIMIT 1   [ RunTime:0.0004s ]
SQL: UPDATE `ke_user` SET `last_login_time`='2016-12-15 22:21:15',`last_login_ip`='127.0.0.1',`now_login_time`='2017-10-11 11:03:15',`now_login_ip`='127.0.0.1',`login_times`='252' WHERE `id` = 1 [ RunTime:0.0449s ]

[ 2017-10-11T11:03:16+08:00 ] 127.0.0.1 /index.php/Admin/Index/index.html
INFO: [ app_init ] --START--
INFO: Run Behavior\BuildLiteBehavior [ RunTime:0.000023s ]
INFO: [ app_init ] --END-- [ RunTime:0.000848s ]
INFO: [ app_begin ] --START--
INFO: Run Behavior\ReadHtmlCacheBehavior [ RunTime:0.001127s ]
INFO: [ app_begin ] --END-- [ RunTime:0.001221s ]
SQL: SHOW COLUMNS FROM `ke_user` [ RunTime:0.0042s ]
SQL: SELECT * FROM `ke_user` WHERE `id` = 1 LIMIT 1   [ RunTime:0.0004s ]
SQL: SHOW COLUMNS FROM `ke_user` [ RunTime:0.0039s ]
SQL: SHOW COLUMNS FROM `ke_menu` [ RunTime:0.0565s ]
SQL: SHOW COLUMNS FROM `ke_role` [ RunTime:0.0228s ]
SQL: SELECT * FROM `ke_user` WHERE `id` = 1 LIMIT 1   [ RunTime:0.0004s ]
SQL: SELECT * FROM `ke_role` WHERE `id` = 1 LIMIT 1   [ RunTime:0.0003s ]
SQL: SELECT * FROM `ke_menu` WHERE `id` IN ('126','127','161','180','181','349','401','440','339','134','135','147','156','340','341','342','373','343','344','345','346','347','392','393','394','395','396','397','398','399','400','482','483','484','485','486','487') AND `type` = 1 ORDER BY sort desc  [ RunTime:0.0008s ]
NOTIC: [2] array_multisort(): Argument #2 is expected to be an array or a sort flag E:\www\sc\Application\Common\Common\function.php 第 177 行.
NOTIC: [2] array_multisort(): Argument #2 is expected to be an array or a sort flag E:\www\sc\Application\Common\Common\function.php 第 177 行.
INFO: [ view_parse ] --START--
INFO: [ template_filter ] --START--
INFO: Run Behavior\ContentReplaceBehavior [ RunTime:0.000119s ]
INFO: [ template_filter ] --END-- [ RunTime:0.000175s ]
NOTIC: [8] Undefined index: cur E:\www\sc\Runtime\Cache\Admin\b595b808c2ebeeeb0478ffc30bb4e87a.php 第 86 行.
NOTIC: [8] Undefined index: cur E:\www\sc\Runtime\Cache\Admin\b595b808c2ebeeeb0478ffc30bb4e87a.php 第 78 行.
NOTIC: [8] Undefined index: cur E:\www\sc\Runtime\Cache\Admin\b595b808c2ebeeeb0478ffc30bb4e87a.php 第 86 行.
NOTIC: [8] Undefined index: cur E:\www\sc\Runtime\Cache\Admin\b595b808c2ebeeeb0478ffc30bb4e87a.php 第 86 行.
NOTIC: [8] Undefined index: cur E:\www\sc\Runtime\Cache\Admin\b595b808c2ebeeeb0478ffc30bb4e87a.php 第 78 行.
NOTIC: [8] Undefined index: cur E:\www\sc\Runtime\Cache\Admin\b595b808c2ebeeeb0478ffc30bb4e87a.php 第 86 行.
NOTIC: [8] Undefined index: cur E:\www\sc\Runtime\Cache\Admin\b595b808c2ebeeeb0478ffc30bb4e87a.php 第 78 行.
NOTIC: [8] Undefined index: cur E:\www\sc\Runtime\Cache\Admin\b595b808c2ebeeeb0478ffc30bb4e87a.php 第 86 行.
NOTIC: [8] Undefined index: cur E:\www\sc\Runtime\Cache\Admin\b595b808c2ebeeeb0478ffc30bb4e87a.php 第 78 行.
NOTIC: [8] Undefined index: cur E:\www\sc\Runtime\Cache\Admin\b595b808c2ebeeeb0478ffc30bb4e87a.php 第 86 行.
NOTIC: [8] Undefined index: cur E:\www\sc\Runtime\Cache\Admin\b595b808c2ebeeeb0478ffc30bb4e87a.php 第 86 行.
NOTIC: [8] Undefined index: cur E:\www\sc\Runtime\Cache\Admin\b595b808c2ebeeeb0478ffc30bb4e87a.php 第 86 行.
INFO: Run Behavior\ParseTemplateBehavior [ RunTime:0.014067s ]
INFO: [ view_parse ] --END-- [ RunTime:0.014144s ]
INFO: [ view_filter ] --START--
INFO: Run Behavior\WriteHtmlCacheBehavior [ RunTime:0.000873s ]
INFO: [ view_filter ] --END-- [ RunTime:0.000926s ]
INFO: [ app_end ] --START--
INFO: Run Behavior\ShowPageTraceBehavior [ RunTime:0.001180s ]
INFO: [ app_end ] --END-- [ RunTime:0.001253s ]

[ 2017-10-11T11:05:51+08:00 ] 127.0.0.1 /index.php/Admin/Index/index.html
INFO: [ app_init ] --START--
INFO: Run Behavior\BuildLiteBehavior [ RunTime:0.000020s ]
INFO: [ app_init ] --END-- [ RunTime:0.000668s ]
INFO: [ app_begin ] --START--
INFO: Run Behavior\ReadHtmlCacheBehavior [ RunTime:0.002092s ]
INFO: [ app_begin ] --END-- [ RunTime:0.002207s ]
SQL: SHOW COLUMNS FROM `ke_user` [ RunTime:0.0041s ]
SQL: SELECT * FROM `ke_user` WHERE `id` = 1 LIMIT 1   [ RunTime:0.0004s ]
SQL: SHOW COLUMNS FROM `ke_user` [ RunTime:0.0037s ]
SQL: SHOW COLUMNS FROM `ke_menu` [ RunTime:0.0040s ]
SQL: SHOW COLUMNS FROM `ke_role` [ RunTime:0.0037s ]
SQL: SELECT * FROM `ke_user` WHERE `id` = 1 LIMIT 1   [ RunTime:0.0004s ]
SQL: SELECT * FROM `ke_role` WHERE `id` = 1 LIMIT 1   [ RunTime:0.0003s ]
SQL: SELECT * FROM `ke_menu` WHERE `id` IN ('126','127','161','180','181','349','401','440','339','134','135','147','156','340','341','342','373','343','344','345','346','347','392','393','394','395','396','397','398','399','400','482','483','484','485','486','487') AND `type` = 1 ORDER BY sort desc  [ RunTime:0.0007s ]
NOTIC: [2] array_multisort(): Argument #2 is expected to be an array or a sort flag E:\www\sc\Application\Common\Common\function.php 第 177 行.
NOTIC: [2] array_multisort(): Argument #2 is expected to be an array or a sort flag E:\www\sc\Application\Common\Common\function.php 第 177 行.
INFO: [ view_parse ] --START--
INFO: [ template_filter ] --START--
INFO: Run Behavior\ContentReplaceBehavior [ RunTime:0.000119s ]
INFO: [ template_filter ] --END-- [ RunTime:0.000171s ]
NOTIC: [8] Undefined index: cur E:\www\sc\Runtime\Cache\Admin\b595b808c2ebeeeb0478ffc30bb4e87a.php 第 86 行.
NOTIC: [8] Undefined index: cur E:\www\sc\Runtime\Cache\Admin\b595b808c2ebeeeb0478ffc30bb4e87a.php 第 78 行.
NOTIC: [8] Undefined index: cur E:\www\sc\Runtime\Cache\Admin\b595b808c2ebeeeb0478ffc30bb4e87a.php 第 86 行.
NOTIC: [8] Undefined index: cur E:\www\sc\Runtime\Cache\Admin\b595b808c2ebeeeb0478ffc30bb4e87a.php 第 86 行.
NOTIC: [8] Undefined index: cur E:\www\sc\Runtime\Cache\Admin\b595b808c2ebeeeb0478ffc30bb4e87a.php 第 78 行.
NOTIC: [8] Undefined index: cur E:\www\sc\Runtime\Cache\Admin\b595b808c2ebeeeb0478ffc30bb4e87a.php 第 86 行.
NOTIC: [8] Undefined index: cur E:\www\sc\Runtime\Cache\Admin\b595b808c2ebeeeb0478ffc30bb4e87a.php 第 78 行.
NOTIC: [8] Undefined index: cur E:\www\sc\Runtime\Cache\Admin\b595b808c2ebeeeb0478ffc30bb4e87a.php 第 86 行.
NOTIC: [8] Undefined index: cur E:\www\sc\Runtime\Cache\Admin\b595b808c2ebeeeb0478ffc30bb4e87a.php 第 78 行.
NOTIC: [8] Undefined index: cur E:\www\sc\Runtime\Cache\Admin\b595b808c2ebeeeb0478ffc30bb4e87a.php 第 86 行.
NOTIC: [8] Undefined index: cur E:\www\sc\Runtime\Cache\Admin\b595b808c2ebeeeb0478ffc30bb4e87a.php 第 86 行.
NOTIC: [8] Undefined index: cur E:\www\sc\Runtime\Cache\Admin\b595b808c2ebeeeb0478ffc30bb4e87a.php 第 86 行.
INFO: Run Behavior\ParseTemplateBehavior [ RunTime:0.014166s ]
INFO: [ view_parse ] --END-- [ RunTime:0.014213s ]
INFO: [ view_filter ] --START--
INFO: Run Behavior\WriteHtmlCacheBehavior [ RunTime:0.000688s ]
INFO: [ view_filter ] --END-- [ RunTime:0.000725s ]
INFO: [ app_end ] --START--
INFO: Run Behavior\ShowPageTraceBehavior [ RunTime:0.001068s ]
INFO: [ app_end ] --END-- [ RunTime:0.001135s ]

[ 2017-10-11T23:39:14+08:00 ] 127.0.0.1 /admin
INFO: [ app_init ] --START--
INFO: Run Behavior\BuildLiteBehavior [ RunTime:0.000036s ]
INFO: [ app_init ] --END-- [ RunTime:0.001378s ]
INFO: [ app_begin ] --START--
INFO: Run Behavior\ReadHtmlCacheBehavior [ RunTime:0.001246s ]
INFO: [ app_begin ] --END-- [ RunTime:0.001369s ]

[ 2017-10-11T23:39:14+08:00 ] 127.0.0.1 /Admin/Login/index.html
INFO: [ app_init ] --START--
INFO: Run Behavior\BuildLiteBehavior [ RunTime:0.000018s ]
INFO: [ app_init ] --END-- [ RunTime:0.000698s ]
INFO: [ app_begin ] --START--
INFO: Run Behavior\ReadHtmlCacheBehavior [ RunTime:0.000870s ]
INFO: [ app_begin ] --END-- [ RunTime:0.000952s ]
INFO: [ view_parse ] --START--
INFO: [ template_filter ] --START--
INFO: Run Behavior\ContentReplaceBehavior [ RunTime:0.000177s ]
INFO: [ template_filter ] --END-- [ RunTime:0.000263s ]
INFO: Run Behavior\ParseTemplateBehavior [ RunTime:0.023186s ]
INFO: [ view_parse ] --END-- [ RunTime:0.023267s ]
INFO: [ view_filter ] --START--
INFO: Run Behavior\WriteHtmlCacheBehavior [ RunTime:0.000626s ]
INFO: [ view_filter ] --END-- [ RunTime:0.000676s ]
INFO: [ app_end ] --START--
INFO: Run Behavior\ShowPageTraceBehavior [ RunTime:0.001003s ]
INFO: [ app_end ] --END-- [ RunTime:0.001063s ]

[ 2017-10-11T23:39:25+08:00 ] 127.0.0.1 /Admin/Login/login.html
INFO: [ app_init ] --START--
INFO: Run Behavior\BuildLiteBehavior [ RunTime:0.000017s ]
INFO: [ app_init ] --END-- [ RunTime:0.000635s ]
INFO: [ app_begin ] --START--
INFO: Run Behavior\ReadHtmlCacheBehavior [ RunTime:0.000757s ]
INFO: [ app_begin ] --END-- [ RunTime:0.000835s ]
SQL: SHOW COLUMNS FROM `ke_user` [ RunTime:0.0092s ]
SQL: SELECT * FROM `ke_user` WHERE ( username="admin" ) LIMIT 1   [ RunTime:0.0006s ]
SQL: UPDATE `ke_user` SET `last_login_time`='2016-12-15 22:21:15',`last_login_ip`='127.0.0.1',`now_login_time`='2017-10-11 23:39:25',`now_login_ip`='127.0.0.1',`login_times`='252' WHERE `id` = 1 [ RunTime:0.0779s ]

[ 2017-10-11T23:39:25+08:00 ] 127.0.0.1 /Admin/Index/index.html
INFO: [ app_init ] --START--
INFO: Run Behavior\BuildLiteBehavior [ RunTime:0.000020s ]
INFO: [ app_init ] --END-- [ RunTime:0.000703s ]
INFO: [ app_begin ] --START--
INFO: Run Behavior\ReadHtmlCacheBehavior [ RunTime:0.000798s ]
INFO: [ app_begin ] --END-- [ RunTime:0.000879s ]
SQL: SHOW COLUMNS FROM `ke_user` [ RunTime:0.0091s ]
SQL: SELECT * FROM `ke_user` WHERE `id` = 1 LIMIT 1   [ RunTime:0.0006s ]
SQL: SHOW COLUMNS FROM `ke_user` [ RunTime:0.0061s ]
SQL: SHOW COLUMNS FROM `ke_menu` [ RunTime:0.0070s ]
SQL: SHOW COLUMNS FROM `ke_role` [ RunTime:0.0058s ]
SQL: SELECT * FROM `ke_user` WHERE `id` = 1 LIMIT 1   [ RunTime:0.0002s ]
SQL: SELECT * FROM `ke_role` WHERE `id` = 1 LIMIT 1   [ RunTime:0.0003s ]
SQL: SELECT * FROM `ke_menu` WHERE `id` IN ('126','127','161','180','181','349','401','440','339','134','135','147','156','340','341','342','373','343','344','345','346','347','392','393','394','395','396','397','398','399','400','482','483','484','485','486','487') AND `type` = 1 ORDER BY sort desc  [ RunTime:0.0010s ]
NOTIC: [2] array_multisort(): Argument #2 is expected to be an array or a sort flag E:\www\sc\Application\Common\Common\function.php 第 177 行.
NOTIC: [2] array_multisort(): Argument #2 is expected to be an array or a sort flag E:\www\sc\Application\Common\Common\function.php 第 177 行.
INFO: [ view_parse ] --START--
INFO: [ template_filter ] --START--
INFO: Run Behavior\ContentReplaceBehavior [ RunTime:0.000145s ]
INFO: [ template_filter ] --END-- [ RunTime:0.000203s ]
NOTIC: [8] Undefined index: cur E:\www\sc\Runtime\Cache\Admin\b595b808c2ebeeeb0478ffc30bb4e87a.php 第 86 行.
NOTIC: [8] Undefined index: cur E:\www\sc\Runtime\Cache\Admin\b595b808c2ebeeeb0478ffc30bb4e87a.php 第 78 行.
NOTIC: [8] Undefined index: cur E:\www\sc\Runtime\Cache\Admin\b595b808c2ebeeeb0478ffc30bb4e87a.php 第 86 行.
NOTIC: [8] Undefined index: cur E:\www\sc\Runtime\Cache\Admin\b595b808c2ebeeeb0478ffc30bb4e87a.php 第 86 行.
NOTIC: [8] Undefined index: cur E:\www\sc\Runtime\Cache\Admin\b595b808c2ebeeeb0478ffc30bb4e87a.php 第 78 行.
NOTIC: [8] Undefined index: cur E:\www\sc\Runtime\Cache\Admin\b595b808c2ebeeeb0478ffc30bb4e87a.php 第 86 行.
NOTIC: [8] Undefined index: cur E:\www\sc\Runtime\Cache\Admin\b595b808c2ebeeeb0478ffc30bb4e87a.php 第 78 行.
NOTIC: [8] Undefined index: cur E:\www\sc\Runtime\Cache\Admin\b595b808c2ebeeeb0478ffc30bb4e87a.php 第 86 行.
NOTIC: [8] Undefined index: cur E:\www\sc\Runtime\Cache\Admin\b595b808c2ebeeeb0478ffc30bb4e87a.php 第 78 行.
NOTIC: [8] Undefined index: cur E:\www\sc\Runtime\Cache\Admin\b595b808c2ebeeeb0478ffc30bb4e87a.php 第 86 行.
NOTIC: [8] Undefined index: cur E:\www\sc\Runtime\Cache\Admin\b595b808c2ebeeeb0478ffc30bb4e87a.php 第 86 行.
NOTIC: [8] Undefined index: cur E:\www\sc\Runtime\Cache\Admin\b595b808c2ebeeeb0478ffc30bb4e87a.php 第 86 行.
INFO: Run Behavior\ParseTemplateBehavior [ RunTime:0.015007s ]
INFO: [ view_parse ] --END-- [ RunTime:0.015066s ]
INFO: [ view_filter ] --START--
INFO: Run Behavior\WriteHtmlCacheBehavior [ RunTime:0.000460s ]
INFO: [ view_filter ] --END-- [ RunTime:0.000506s ]
INFO: [ app_end ] --START--
INFO: Run Behavior\ShowPageTraceBehavior [ RunTime:0.000756s ]
INFO: [ app_end ] --END-- [ RunTime:0.000814s ]

[ 2017-10-11T23:39:30+08:00 ] 127.0.0.1 /Admin/Message/index.html
INFO: [ app_init ] --START--
INFO: Run Behavior\BuildLiteBehavior [ RunTime:0.000020s ]
INFO: [ app_init ] --END-- [ RunTime:0.000754s ]
INFO: [ app_begin ] --START--
INFO: Run Behavior\ReadHtmlCacheBehavior [ RunTime:0.000807s ]
INFO: [ app_begin ] --END-- [ RunTime:0.000886s ]
SQL: SHOW COLUMNS FROM `ke_user` [ RunTime:0.0063s ]
SQL: SELECT * FROM `ke_user` WHERE `id` = 1 LIMIT 1   [ RunTime:0.0003s ]
SQL: SHOW COLUMNS FROM `ke_user` [ RunTime:0.0062s ]
SQL: SHOW COLUMNS FROM `ke_menu` [ RunTime:0.0071s ]
SQL: SHOW COLUMNS FROM `ke_role` [ RunTime:0.0060s ]
SQL: SELECT * FROM `ke_user` WHERE `id` = 1 LIMIT 1   [ RunTime:0.0003s ]
SQL: SELECT * FROM `ke_role` WHERE `id` = 1 LIMIT 1   [ RunTime:0.0003s ]
SQL: SELECT * FROM `ke_menu` WHERE `id` IN ('126','127','161','180','181','349','401','440','339','134','135','147','156','340','341','342','373','343','344','345','346','347','392','393','394','395','396','397','398','399','400','482','483','484','485','486','487') AND `type` = 1 ORDER BY sort desc  [ RunTime:0.0004s ]
NOTIC: [2] array_multisort(): Argument #2 is expected to be an array or a sort flag E:\www\sc\Application\Common\Common\function.php 第 177 行.
NOTIC: [2] array_multisort(): Argument #2 is expected to be an array or a sort flag E:\www\sc\Application\Common\Common\function.php 第 177 行.
SQL: SHOW COLUMNS FROM `ke_message` [ RunTime:0.0064s ]
SQL: SELECT COUNT(*) AS tp_count FROM `ke_message` WHERE `status` = 1 LIMIT 1   [ RunTime:0.0005s ]
SQL: SELECT * FROM `ke_message` WHERE `status` = 1 ORDER BY id desc LIMIT 0,15   [ RunTime:0.0004s ]
INFO: [ view_parse ] --START--
INFO: [ template_filter ] --START--
INFO: Run Behavior\ContentReplaceBehavior [ RunTime:0.000173s ]
INFO: [ template_filter ] --END-- [ RunTime:0.000235s ]
NOTIC: [8] Undefined index: cur E:\www\sc\Runtime\Cache\Admin\e1ad611a04673ac9fc78d17e28cd370b.php 第 80 行.
NOTIC: [8] Undefined index: cur E:\www\sc\Runtime\Cache\Admin\e1ad611a04673ac9fc78d17e28cd370b.php 第 88 行.
NOTIC: [8] Undefined index: cur E:\www\sc\Runtime\Cache\Admin\e1ad611a04673ac9fc78d17e28cd370b.php 第 80 行.
NOTIC: [8] Undefined index: cur E:\www\sc\Runtime\Cache\Admin\e1ad611a04673ac9fc78d17e28cd370b.php 第 88 行.
NOTIC: [8] Undefined index: cur E:\www\sc\Runtime\Cache\Admin\e1ad611a04673ac9fc78d17e28cd370b.php 第 88 行.
NOTIC: [8] Undefined index: cur E:\www\sc\Runtime\Cache\Admin\e1ad611a04673ac9fc78d17e28cd370b.php 第 80 行.
NOTIC: [8] Undefined index: cur E:\www\sc\Runtime\Cache\Admin\e1ad611a04673ac9fc78d17e28cd370b.php 第 88 行.
NOTIC: [8] Undefined index: cur E:\www\sc\Runtime\Cache\Admin\e1ad611a04673ac9fc78d17e28cd370b.php 第 88 行.
NOTIC: [8] Undefined index: cur E:\www\sc\Runtime\Cache\Admin\e1ad611a04673ac9fc78d17e28cd370b.php 第 80 行.
NOTIC: [8] Undefined index: cur E:\www\sc\Runtime\Cache\Admin\e1ad611a04673ac9fc78d17e28cd370b.php 第 88 行.
NOTIC: [8] Undefined index: cur E:\www\sc\Runtime\Cache\Admin\e1ad611a04673ac9fc78d17e28cd370b.php 第 88 行.
NOTIC: [8] Undefined index: cur E:\www\sc\Runtime\Cache\Admin\e1ad611a04673ac9fc78d17e28cd370b.php 第 88 行.
NOTIC: [8] Undefined variable: BOOK_STATUS E:\www\sc\Runtime\Cache\Admin\e1ad611a04673ac9fc78d17e28cd370b.php 第 164 行.
INFO: Run Behavior\ParseTemplateBehavior [ RunTime:0.030687s ]
INFO: [ view_parse ] --END-- [ RunTime:0.030748s ]
INFO: [ view_filter ] --START--
INFO: Run Behavior\WriteHtmlCacheBehavior [ RunTime:0.000586s ]
INFO: [ view_filter ] --END-- [ RunTime:0.000634s ]
INFO: [ app_end ] --START--
INFO: Run Behavior\ShowPageTraceBehavior [ RunTime:0.000876s ]
INFO: [ app_end ] --END-- [ RunTime:0.000937s ]

[ 2017-10-11T23:39:32+08:00 ] 127.0.0.1 /Admin/Book/index.html
INFO: [ app_init ] --START--
INFO: Run Behavior\BuildLiteBehavior [ RunTime:0.000018s ]
INFO: [ app_init ] --END-- [ RunTime:0.000635s ]
INFO: [ app_begin ] --START--
INFO: Run Behavior\ReadHtmlCacheBehavior [ RunTime:0.001051s ]
INFO: [ app_begin ] --END-- [ RunTime:0.001156s ]
SQL: SHOW COLUMNS FROM `ke_user` [ RunTime:0.0075s ]
SQL: SELECT * FROM `ke_user` WHERE `id` = 1 LIMIT 1   [ RunTime:0.0003s ]
SQL: SHOW COLUMNS FROM `ke_user` [ RunTime:0.0641s ]
SQL: SHOW COLUMNS FROM `ke_menu` [ RunTime:0.0085s ]
SQL: SHOW COLUMNS FROM `ke_role` [ RunTime:0.0074s ]
SQL: SELECT * FROM `ke_user` WHERE `id` = 1 LIMIT 1   [ RunTime:0.0003s ]
SQL: SELECT * FROM `ke_role` WHERE `id` = 1 LIMIT 1   [ RunTime:0.0002s ]
SQL: SELECT * FROM `ke_menu` WHERE `id` IN ('126','127','161','180','181','349','401','440','339','134','135','147','156','340','341','342','373','343','344','345','346','347','392','393','394','395','396','397','398','399','400','482','483','484','485','486','487') AND `type` = 1 ORDER BY sort desc  [ RunTime:0.0003s ]
NOTIC: [2] array_multisort(): Argument #2 is expected to be an array or a sort flag E:\www\sc\Application\Common\Common\function.php 第 177 行.
NOTIC: [2] array_multisort(): Argument #2 is expected to be an array or a sort flag E:\www\sc\Application\Common\Common\function.php 第 177 行.
SQL: SHOW COLUMNS FROM `ke_book` [ RunTime:0.0083s ]
SQL: SELECT COUNT(*) AS tp_count FROM `ke_book` WHERE `status` < 4 LIMIT 1   [ RunTime:0.0004s ]
SQL: SELECT * FROM `ke_book` WHERE `status` < 4 ORDER BY id desc LIMIT 0,15   [ RunTime:0.0004s ]
INFO: [ view_parse ] --START--
INFO: [ template_filter ] --START--
INFO: Run Behavior\ContentReplaceBehavior [ RunTime:0.000254s ]
INFO: [ template_filter ] --END-- [ RunTime:0.000373s ]
NOTIC: [8] Undefined index: cur E:\www\sc\Runtime\Cache\Admin\afa8c6529ef554789834553d1ae7ec47.php 第 80 行.
NOTIC: [8] Undefined index: cur E:\www\sc\Runtime\Cache\Admin\afa8c6529ef554789834553d1ae7ec47.php 第 88 行.
NOTIC: [8] Undefined index: cur E:\www\sc\Runtime\Cache\Admin\afa8c6529ef554789834553d1ae7ec47.php 第 80 行.
NOTIC: [8] Undefined index: cur E:\www\sc\Runtime\Cache\Admin\afa8c6529ef554789834553d1ae7ec47.php 第 88 行.
NOTIC: [8] Undefined index: cur E:\www\sc\Runtime\Cache\Admin\afa8c6529ef554789834553d1ae7ec47.php 第 88 行.
NOTIC: [8] Undefined index: cur E:\www\sc\Runtime\Cache\Admin\afa8c6529ef554789834553d1ae7ec47.php 第 88 行.
NOTIC: [8] Undefined index: cur E:\www\sc\Runtime\Cache\Admin\afa8c6529ef554789834553d1ae7ec47.php 第 80 行.
NOTIC: [8] Undefined index: cur E:\www\sc\Runtime\Cache\Admin\afa8c6529ef554789834553d1ae7ec47.php 第 88 行.
NOTIC: [8] Undefined index: cur E:\www\sc\Runtime\Cache\Admin\afa8c6529ef554789834553d1ae7ec47.php 第 80 行.
NOTIC: [8] Undefined index: cur E:\www\sc\Runtime\Cache\Admin\afa8c6529ef554789834553d1ae7ec47.php 第 88 行.
NOTIC: [8] Undefined index: cur E:\www\sc\Runtime\Cache\Admin\afa8c6529ef554789834553d1ae7ec47.php 第 88 行.
NOTIC: [8] Undefined index: cur E:\www\sc\Runtime\Cache\Admin\afa8c6529ef554789834553d1ae7ec47.php 第 88 行.
INFO: Run Behavior\ParseTemplateBehavior [ RunTime:0.023803s ]
INFO: [ view_parse ] --END-- [ RunTime:0.023878s ]
INFO: [ view_filter ] --START--
INFO: Run Behavior\WriteHtmlCacheBehavior [ RunTime:0.000564s ]
INFO: [ view_filter ] --END-- [ RunTime:0.000624s ]
INFO: [ app_end ] --START--
INFO: Run Behavior\ShowPageTraceBehavior [ RunTime:0.000927s ]
INFO: [ app_end ] --END-- [ RunTime:0.001003s ]

[ 2017-10-11T23:40:34+08:00 ] 127.0.0.1 /Admin/Book/index.html
INFO: [ app_init ] --START--
INFO: Run Behavior\BuildLiteBehavior [ RunTime:0.000017s ]
INFO: [ app_init ] --END-- [ RunTime:0.000721s ]
INFO: [ app_begin ] --START--
INFO: Run Behavior\ReadHtmlCacheBehavior [ RunTime:0.000865s ]
INFO: [ app_begin ] --END-- [ RunTime:0.000952s ]
SQL: SHOW COLUMNS FROM `ke_user` [ RunTime:0.0074s ]
SQL: SELECT * FROM `ke_user` WHERE `id` = 1 LIMIT 1   [ RunTime:0.0003s ]
SQL: SHOW COLUMNS FROM `ke_user` [ RunTime:0.0064s ]
SQL: SHOW COLUMNS FROM `ke_menu` [ RunTime:0.0073s ]
SQL: SHOW COLUMNS FROM `ke_role` [ RunTime:0.0060s ]
SQL: SELECT * FROM `ke_user` WHERE `id` = 1 LIMIT 1   [ RunTime:0.0002s ]
SQL: SELECT * FROM `ke_role` WHERE `id` = 1 LIMIT 1   [ RunTime:0.0002s ]
SQL: SELECT * FROM `ke_menu` WHERE `id` IN ('126','127','161','180','181','349','401','440','339','134','135','147','156','340','341','342','373','343','344','345','346','347','392','393','394','395','396','397','398','399','400','482','483','484','485','486','487') AND `type` = 1 ORDER BY sort desc  [ RunTime:0.0003s ]
NOTIC: [2] array_multisort(): Argument #2 is expected to be an array or a sort flag E:\www\sc\Application\Common\Common\function.php 第 177 行.
NOTIC: [2] array_multisort(): Argument #2 is expected to be an array or a sort flag E:\www\sc\Application\Common\Common\function.php 第 177 行.
SQL: SHOW COLUMNS FROM `ke_book` [ RunTime:0.0070s ]
SQL: SELECT COUNT(*) AS tp_count FROM `ke_book` WHERE `status` < 4 LIMIT 1   [ RunTime:0.0005s ]
SQL: SELECT * FROM `ke_book` WHERE `status` < 4 ORDER BY id desc LIMIT 0,15   [ RunTime:0.0004s ]
INFO: [ view_parse ] --START--
INFO: [ template_filter ] --START--
INFO: Run Behavior\ContentReplaceBehavior [ RunTime:0.000234s ]
INFO: [ template_filter ] --END-- [ RunTime:0.000333s ]
NOTIC: [8] Undefined index: cur E:\www\sc\Runtime\Cache\Admin\afa8c6529ef554789834553d1ae7ec47.php 第 80 行.
NOTIC: [8] Undefined index: cur E:\www\sc\Runtime\Cache\Admin\afa8c6529ef554789834553d1ae7ec47.php 第 88 行.
NOTIC: [8] Undefined index: cur E:\www\sc\Runtime\Cache\Admin\afa8c6529ef554789834553d1ae7ec47.php 第 80 行.
NOTIC: [8] Undefined index: cur E:\www\sc\Runtime\Cache\Admin\afa8c6529ef554789834553d1ae7ec47.php 第 88 行.
NOTIC: [8] Undefined index: cur E:\www\sc\Runtime\Cache\Admin\afa8c6529ef554789834553d1ae7ec47.php 第 88 行.
NOTIC: [8] Undefined index: cur E:\www\sc\Runtime\Cache\Admin\afa8c6529ef554789834553d1ae7ec47.php 第 88 行.
NOTIC: [8] Undefined index: cur E:\www\sc\Runtime\Cache\Admin\afa8c6529ef554789834553d1ae7ec47.php 第 80 行.
NOTIC: [8] Undefined index: cur E:\www\sc\Runtime\Cache\Admin\afa8c6529ef554789834553d1ae7ec47.php 第 88 行.
NOTIC: [8] Undefined index: cur E:\www\sc\Runtime\Cache\Admin\afa8c6529ef554789834553d1ae7ec47.php 第 80 行.
NOTIC: [8] Undefined index: cur E:\www\sc\Runtime\Cache\Admin\afa8c6529ef554789834553d1ae7ec47.php 第 88 行.
NOTIC: [8] Undefined index: cur E:\www\sc\Runtime\Cache\Admin\afa8c6529ef554789834553d1ae7ec47.php 第 88 行.
NOTIC: [8] Undefined index: cur E:\www\sc\Runtime\Cache\Admin\afa8c6529ef554789834553d1ae7ec47.php 第 88 行.
INFO: Run Behavior\ParseTemplateBehavior [ RunTime:0.020508s ]
INFO: [ view_parse ] --END-- [ RunTime:0.020567s ]
INFO: [ view_filter ] --START--
INFO: Run Behavior\WriteHtmlCacheBehavior [ RunTime:0.000526s ]
INFO: [ view_filter ] --END-- [ RunTime:0.000575s ]
INFO: [ app_end ] --START--
INFO: Run Behavior\ShowPageTraceBehavior [ RunTime:0.000798s ]
INFO: [ app_end ] --END-- [ RunTime:0.000861s ]

[ 2017-10-11T23:40:37+08:00 ] 127.0.0.1 /Admin/Message/index.html
INFO: [ app_init ] --START--
INFO: Run Behavior\BuildLiteBehavior [ RunTime:0.000020s ]
INFO: [ app_init ] --END-- [ RunTime:0.000720s ]
INFO: [ app_begin ] --START--
INFO: Run Behavior\ReadHtmlCacheBehavior [ RunTime:0.000804s ]
INFO: [ app_begin ] --END-- [ RunTime:0.000875s ]
SQL: SHOW COLUMNS FROM `ke_user` [ RunTime:0.0068s ]
SQL: SELECT * FROM `ke_user` WHERE `id` = 1 LIMIT 1   [ RunTime:0.0003s ]
SQL: SHOW COLUMNS FROM `ke_user` [ RunTime:0.0074s ]
SQL: SHOW COLUMNS FROM `ke_menu` [ RunTime:0.0059s ]
SQL: SHOW COLUMNS FROM `ke_role` [ RunTime:0.0064s ]
SQL: SELECT * FROM `ke_user` WHERE `id` = 1 LIMIT 1   [ RunTime:0.0003s ]
SQL: SELECT * FROM `ke_role` WHERE `id` = 1 LIMIT 1   [ RunTime:0.0002s ]
SQL: SELECT * FROM `ke_menu` WHERE `id` IN ('126','127','161','180','181','349','401','440','339','134','135','147','156','340','341','342','373','343','344','345','346','347','392','393','394','395','396','397','398','399','400','482','483','484','485','486','487') AND `type` = 1 ORDER BY sort desc  [ RunTime:0.0003s ]
NOTIC: [2] array_multisort(): Argument #2 is expected to be an array or a sort flag E:\www\sc\Application\Common\Common\function.php 第 177 行.
NOTIC: [2] array_multisort(): Argument #2 is expected to be an array or a sort flag E:\www\sc\Application\Common\Common\function.php 第 177 行.
SQL: SHOW COLUMNS FROM `ke_message` [ RunTime:0.0060s ]
SQL: SELECT COUNT(*) AS tp_count FROM `ke_message` WHERE `status` = 1 LIMIT 1   [ RunTime:0.0004s ]
SQL: SELECT * FROM `ke_message` WHERE `status` = 1 ORDER BY id desc LIMIT 0,15   [ RunTime:0.0004s ]
INFO: [ view_parse ] --START--
INFO: [ template_filter ] --START--
INFO: Run Behavior\ContentReplaceBehavior [ RunTime:0.000163s ]
INFO: [ template_filter ] --END-- [ RunTime:0.000222s ]
NOTIC: [8] Undefined index: cur E:\www\sc\Runtime\Cache\Admin\e1ad611a04673ac9fc78d17e28cd370b.php 第 80 行.
NOTIC: [8] Undefined index: cur E:\www\sc\Runtime\Cache\Admin\e1ad611a04673ac9fc78d17e28cd370b.php 第 88 行.
NOTIC: [8] Undefined index: cur E:\www\sc\Runtime\Cache\Admin\e1ad611a04673ac9fc78d17e28cd370b.php 第 80 行.
NOTIC: [8] Undefined index: cur E:\www\sc\Runtime\Cache\Admin\e1ad611a04673ac9fc78d17e28cd370b.php 第 88 行.
NOTIC: [8] Undefined index: cur E:\www\sc\Runtime\Cache\Admin\e1ad611a04673ac9fc78d17e28cd370b.php 第 88 行.
NOTIC: [8] Undefined index: cur E:\www\sc\Runtime\Cache\Admin\e1ad611a04673ac9fc78d17e28cd370b.php 第 80 行.
NOTIC: [8] Undefined index: cur E:\www\sc\Runtime\Cache\Admin\e1ad611a04673ac9fc78d17e28cd370b.php 第 88 行.
NOTIC: [8] Undefined index: cur E:\www\sc\Runtime\Cache\Admin\e1ad611a04673ac9fc78d17e28cd370b.php 第 88 行.
NOTIC: [8] Undefined index: cur E:\www\sc\Runtime\Cache\Admin\e1ad611a04673ac9fc78d17e28cd370b.php 第 80 行.
NOTIC: [8] Undefined index: cur E:\www\sc\Runtime\Cache\Admin\e1ad611a04673ac9fc78d17e28cd370b.php 第 88 行.
NOTIC: [8] Undefined index: cur E:\www\sc\Runtime\Cache\Admin\e1ad611a04673ac9fc78d17e28cd370b.php 第 88 行.
NOTIC: [8] Undefined index: cur E:\www\sc\Runtime\Cache\Admin\e1ad611a04673ac9fc78d17e28cd370b.php 第 88 行.
NOTIC: [8] Undefined variable: BOOK_STATUS E:\www\sc\Runtime\Cache\Admin\e1ad611a04673ac9fc78d17e28cd370b.php 第 164 行.
INFO: Run Behavior\ParseTemplateBehavior [ RunTime:0.017584s ]
INFO: [ view_parse ] --END-- [ RunTime:0.017640s ]
INFO: [ view_filter ] --START--
INFO: Run Behavior\WriteHtmlCacheBehavior [ RunTime:0.000495s ]
INFO: [ view_filter ] --END-- [ RunTime:0.000540s ]
INFO: [ app_end ] --START--
INFO: Run Behavior\ShowPageTraceBehavior [ RunTime:0.000759s ]
INFO: [ app_end ] --END-- [ RunTime:0.000823s ]

[ 2017-10-11T23:41:05+08:00 ] 127.0.0.1 /Admin/Message/index.html
INFO: [ app_init ] --START--
INFO: Run Behavior\BuildLiteBehavior [ RunTime:0.000020s ]
INFO: [ app_init ] --END-- [ RunTime:0.000880s ]
INFO: [ app_begin ] --START--
INFO: Run Behavior\ReadHtmlCacheBehavior [ RunTime:0.000843s ]
INFO: [ app_begin ] --END-- [ RunTime:0.000932s ]
SQL: SHOW COLUMNS FROM `ke_user` [ RunTime:0.0074s ]
SQL: SELECT * FROM `ke_user` WHERE `id` = 1 LIMIT 1   [ RunTime:0.0003s ]
SQL: SHOW COLUMNS FROM `ke_user` [ RunTime:0.0066s ]
SQL: SHOW COLUMNS FROM `ke_menu` [ RunTime:0.0068s ]
SQL: SHOW COLUMNS FROM `ke_role` [ RunTime:0.0059s ]
SQL: SELECT * FROM `ke_user` WHERE `id` = 1 LIMIT 1   [ RunTime:0.0003s ]
SQL: SELECT * FROM `ke_role` WHERE `id` = 1 LIMIT 1   [ RunTime:0.0002s ]
SQL: SELECT * FROM `ke_menu` WHERE `id` IN ('126','127','161','180','181','349','401','440','339','134','135','147','156','340','341','342','373','343','344','345','346','347','392','393','394','395','396','397','398','399','400','482','483','484','485','486','487') AND `type` = 1 ORDER BY sort desc  [ RunTime:0.0006s ]
NOTIC: [2] array_multisort(): Argument #2 is expected to be an array or a sort flag E:\www\sc\Application\Common\Common\function.php 第 177 行.
NOTIC: [2] array_multisort(): Argument #2 is expected to be an array or a sort flag E:\www\sc\Application\Common\Common\function.php 第 177 行.
SQL: SHOW COLUMNS FROM `ke_message` [ RunTime:0.0067s ]
SQL: SELECT COUNT(*) AS tp_count FROM `ke_message` WHERE `status` = 1 LIMIT 1   [ RunTime:0.0002s ]
SQL: SELECT * FROM `ke_message` WHERE `status` = 1 ORDER BY id desc LIMIT 0,15   [ RunTime:0.0002s ]
INFO: [ view_parse ] --START--
INFO: [ template_filter ] --START--
INFO: Run Behavior\ContentReplaceBehavior [ RunTime:0.000167s ]
INFO: [ template_filter ] --END-- [ RunTime:0.000234s ]
NOTIC: [8] Undefined index: cur E:\www\sc\Runtime\Cache\Admin\e1ad611a04673ac9fc78d17e28cd370b.php 第 80 行.
NOTIC: [8] Undefined index: cur E:\www\sc\Runtime\Cache\Admin\e1ad611a04673ac9fc78d17e28cd370b.php 第 88 行.
NOTIC: [8] Undefined index: cur E:\www\sc\Runtime\Cache\Admin\e1ad611a04673ac9fc78d17e28cd370b.php 第 80 行.
NOTIC: [8] Undefined index: cur E:\www\sc\Runtime\Cache\Admin\e1ad611a04673ac9fc78d17e28cd370b.php 第 88 行.
NOTIC: [8] Undefined index: cur E:\www\sc\Runtime\Cache\Admin\e1ad611a04673ac9fc78d17e28cd370b.php 第 88 行.
NOTIC: [8] Undefined index: cur E:\www\sc\Runtime\Cache\Admin\e1ad611a04673ac9fc78d17e28cd370b.php 第 80 行.
NOTIC: [8] Undefined index: cur E:\www\sc\Runtime\Cache\Admin\e1ad611a04673ac9fc78d17e28cd370b.php 第 88 行.
NOTIC: [8] Undefined index: cur E:\www\sc\Runtime\Cache\Admin\e1ad611a04673ac9fc78d17e28cd370b.php 第 88 行.
NOTIC: [8] Undefined index: cur E:\www\sc\Runtime\Cache\Admin\e1ad611a04673ac9fc78d17e28cd370b.php 第 80 行.
NOTIC: [8] Undefined index: cur E:\www\sc\Runtime\Cache\Admin\e1ad611a04673ac9fc78d17e28cd370b.php 第 88 行.
NOTIC: [8] Undefined index: cur E:\www\sc\Runtime\Cache\Admin\e1ad611a04673ac9fc78d17e28cd370b.php 第 88 行.
NOTIC: [8] Undefined index: cur E:\www\sc\Runtime\Cache\Admin\e1ad611a04673ac9fc78d17e28cd370b.php 第 88 行.
NOTIC: [8] Undefined variable: BOOK_STATUS E:\www\sc\Runtime\Cache\Admin\e1ad611a04673ac9fc78d17e28cd370b.php 第 164 行.
INFO: Run Behavior\ParseTemplateBehavior [ RunTime:0.020098s ]
INFO: [ view_parse ] --END-- [ RunTime:0.020180s ]
INFO: [ view_filter ] --START--
INFO: Run Behavior\WriteHtmlCacheBehavior [ RunTime:0.000814s ]
INFO: [ view_filter ] --END-- [ RunTime:0.000914s ]
INFO: [ app_end ] --START--
INFO: Run Behavior\ShowPageTraceBehavior [ RunTime:0.001331s ]
INFO: [ app_end ] --END-- [ RunTime:0.001550s ]

[ 2017-10-11T23:41:06+08:00 ] 127.0.0.1 /Admin/Message/index.html
INFO: [ app_init ] --START--
INFO: Run Behavior\BuildLiteBehavior [ RunTime:0.000017s ]
INFO: [ app_init ] --END-- [ RunTime:0.000649s ]
INFO: [ app_begin ] --START--
INFO: Run Behavior\ReadHtmlCacheBehavior [ RunTime:0.001224s ]
INFO: [ app_begin ] --END-- [ RunTime:0.001323s ]
SQL: SHOW COLUMNS FROM `ke_user` [ RunTime:0.0086s ]
SQL: SELECT * FROM `ke_user` WHERE `id` = 1 LIMIT 1   [ RunTime:0.0003s ]
SQL: SHOW COLUMNS FROM `ke_user` [ RunTime:0.0060s ]
SQL: SHOW COLUMNS FROM `ke_menu` [ RunTime:0.0081s ]
SQL: SHOW COLUMNS FROM `ke_role` [ RunTime:0.0061s ]
SQL: SELECT * FROM `ke_user` WHERE `id` = 1 LIMIT 1   [ RunTime:0.0003s ]
SQL: SELECT * FROM `ke_role` WHERE `id` = 1 LIMIT 1   [ RunTime:0.0002s ]
SQL: SELECT * FROM `ke_menu` WHERE `id` IN ('126','127','161','180','181','349','401','440','339','134','135','147','156','340','341','342','373','343','344','345','346','347','392','393','394','395','396','397','398','399','400','482','483','484','485','486','487') AND `type` = 1 ORDER BY sort desc  [ RunTime:0.0004s ]
NOTIC: [2] array_multisort(): Argument #2 is expected to be an array or a sort flag E:\www\sc\Application\Common\Common\function.php 第 177 行.
NOTIC: [2] array_multisort(): Argument #2 is expected to be an array or a sort flag E:\www\sc\Application\Common\Common\function.php 第 177 行.
SQL: SHOW COLUMNS FROM `ke_message` [ RunTime:0.0067s ]
SQL: SELECT COUNT(*) AS tp_count FROM `ke_message` WHERE `status` = 1 LIMIT 1   [ RunTime:0.0002s ]
SQL: SELECT * FROM `ke_message` WHERE `status` = 1 ORDER BY id desc LIMIT 0,15   [ RunTime:0.0002s ]
INFO: [ view_parse ] --START--
INFO: [ template_filter ] --START--
INFO: Run Behavior\ContentReplaceBehavior [ RunTime:0.000167s ]
INFO: [ template_filter ] --END-- [ RunTime:0.000232s ]
NOTIC: [8] Undefined index: cur E:\www\sc\Runtime\Cache\Admin\e1ad611a04673ac9fc78d17e28cd370b.php 第 80 行.
NOTIC: [8] Undefined index: cur E:\www\sc\Runtime\Cache\Admin\e1ad611a04673ac9fc78d17e28cd370b.php 第 88 行.
NOTIC: [8] Undefined index: cur E:\www\sc\Runtime\Cache\Admin\e1ad611a04673ac9fc78d17e28cd370b.php 第 80 行.
NOTIC: [8] Undefined index: cur E:\www\sc\Runtime\Cache\Admin\e1ad611a04673ac9fc78d17e28cd370b.php 第 88 行.
NOTIC: [8] Undefined index: cur E:\www\sc\Runtime\Cache\Admin\e1ad611a04673ac9fc78d17e28cd370b.php 第 88 行.
NOTIC: [8] Undefined index: cur E:\www\sc\Runtime\Cache\Admin\e1ad611a04673ac9fc78d17e28cd370b.php 第 80 行.
NOTIC: [8] Undefined index: cur E:\www\sc\Runtime\Cache\Admin\e1ad611a04673ac9fc78d17e28cd370b.php 第 88 行.
NOTIC: [8] Undefined index: cur E:\www\sc\Runtime\Cache\Admin\e1ad611a04673ac9fc78d17e28cd370b.php 第 88 行.
NOTIC: [8] Undefined index: cur E:\www\sc\Runtime\Cache\Admin\e1ad611a04673ac9fc78d17e28cd370b.php 第 80 行.
NOTIC: [8] Undefined index: cur E:\www\sc\Runtime\Cache\Admin\e1ad611a04673ac9fc78d17e28cd370b.php 第 88 行.
NOTIC: [8] Undefined index: cur E:\www\sc\Runtime\Cache\Admin\e1ad611a04673ac9fc78d17e28cd370b.php 第 88 行.
NOTIC: [8] Undefined index: cur E:\www\sc\Runtime\Cache\Admin\e1ad611a04673ac9fc78d17e28cd370b.php 第 88 行.
NOTIC: [8] Undefined variable: BOOK_STATUS E:\www\sc\Runtime\Cache\Admin\e1ad611a04673ac9fc78d17e28cd370b.php 第 164 行.
INFO: Run Behavior\ParseTemplateBehavior [ RunTime:0.019453s ]
INFO: [ view_parse ] --END-- [ RunTime:0.019514s ]
INFO: [ view_filter ] --START--
INFO: Run Behavior\WriteHtmlCacheBehavior [ RunTime:0.000492s ]
INFO: [ view_filter ] --END-- [ RunTime:0.000539s ]
INFO: [ app_end ] --START--
INFO: Run Behavior\ShowPageTraceBehavior [ RunTime:0.000795s ]
INFO: [ app_end ] --END-- [ RunTime:0.000855s ]

[ 2017-10-11T23:41:06+08:00 ] 127.0.0.1 /Admin/Message/index.html
INFO: [ app_init ] --START--
INFO: Run Behavior\BuildLiteBehavior [ RunTime:0.000020s ]
INFO: [ app_init ] --END-- [ RunTime:0.000710s ]
INFO: [ app_begin ] --START--
INFO: Run Behavior\ReadHtmlCacheBehavior [ RunTime:0.000918s ]
INFO: [ app_begin ] --END-- [ RunTime:0.001008s ]
SQL: SHOW COLUMNS FROM `ke_user` [ RunTime:0.0079s ]
SQL: SELECT * FROM `ke_user` WHERE `id` = 1 LIMIT 1   [ RunTime:0.0003s ]
SQL: SHOW COLUMNS FROM `ke_user` [ RunTime:0.0061s ]
SQL: SHOW COLUMNS FROM `ke_menu` [ RunTime:0.0073s ]
SQL: SHOW COLUMNS FROM `ke_role` [ RunTime:0.0059s ]
SQL: SELECT * FROM `ke_user` WHERE `id` = 1 LIMIT 1   [ RunTime:0.0003s ]
SQL: SELECT * FROM `ke_role` WHERE `id` = 1 LIMIT 1   [ RunTime:0.0002s ]
SQL: SELECT * FROM `ke_menu` WHERE `id` IN ('126','127','161','180','181','349','401','440','339','134','135','147','156','340','341','342','373','343','344','345','346','347','392','393','394','395','396','397','398','399','400','482','483','484','485','486','487') AND `type` = 1 ORDER BY sort desc  [ RunTime:0.0004s ]
NOTIC: [2] array_multisort(): Argument #2 is expected to be an array or a sort flag E:\www\sc\Application\Common\Common\function.php 第 177 行.
NOTIC: [2] array_multisort(): Argument #2 is expected to be an array or a sort flag E:\www\sc\Application\Common\Common\function.php 第 177 行.
SQL: SHOW COLUMNS FROM `ke_message` [ RunTime:0.0071s ]
SQL: SELECT COUNT(*) AS tp_count FROM `ke_message` WHERE `status` = 1 LIMIT 1   [ RunTime:0.0002s ]
SQL: SELECT * FROM `ke_message` WHERE `status` = 1 ORDER BY id desc LIMIT 0,15   [ RunTime:0.0002s ]
INFO: [ view_parse ] --START--
INFO: [ template_filter ] --START--
INFO: Run Behavior\ContentReplaceBehavior [ RunTime:0.000165s ]
INFO: [ template_filter ] --END-- [ RunTime:0.000242s ]
NOTIC: [8] Undefined index: cur E:\www\sc\Runtime\Cache\Admin\e1ad611a04673ac9fc78d17e28cd370b.php 第 80 行.
NOTIC: [8] Undefined index: cur E:\www\sc\Runtime\Cache\Admin\e1ad611a04673ac9fc78d17e28cd370b.php 第 88 行.
NOTIC: [8] Undefined index: cur E:\www\sc\Runtime\Cache\Admin\e1ad611a04673ac9fc78d17e28cd370b.php 第 80 行.
NOTIC: [8] Undefined index: cur E:\www\sc\Runtime\Cache\Admin\e1ad611a04673ac9fc78d17e28cd370b.php 第 88 行.
NOTIC: [8] Undefined index: cur E:\www\sc\Runtime\Cache\Admin\e1ad611a04673ac9fc78d17e28cd370b.php 第 88 行.
NOTIC: [8] Undefined index: cur E:\www\sc\Runtime\Cache\Admin\e1ad611a04673ac9fc78d17e28cd370b.php 第 80 行.
NOTIC: [8] Undefined index: cur E:\www\sc\Runtime\Cache\Admin\e1ad611a04673ac9fc78d17e28cd370b.php 第 88 行.
NOTIC: [8] Undefined index: cur E:\www\sc\Runtime\Cache\Admin\e1ad611a04673ac9fc78d17e28cd370b.php 第 88 行.
NOTIC: [8] Undefined index: cur E:\www\sc\Runtime\Cache\Admin\e1ad611a04673ac9fc78d17e28cd370b.php 第 80 行.
NOTIC: [8] Undefined index: cur E:\www\sc\Runtime\Cache\Admin\e1ad611a04673ac9fc78d17e28cd370b.php 第 88 行.
NOTIC: [8] Undefined index: cur E:\www\sc\Runtime\Cache\Admin\e1ad611a04673ac9fc78d17e28cd370b.php 第 88 行.
NOTIC: [8] Undefined index: cur E:\www\sc\Runtime\Cache\Admin\e1ad611a04673ac9fc78d17e28cd370b.php 第 88 行.
NOTIC: [8] Undefined variable: BOOK_STATUS E:\www\sc\Runtime\Cache\Admin\e1ad611a04673ac9fc78d17e28cd370b.php 第 164 行.
INFO: Run Behavior\ParseTemplateBehavior [ RunTime:0.017890s ]
INFO: [ view_parse ] --END-- [ RunTime:0.017956s ]
INFO: [ view_filter ] --START--
INFO: Run Behavior\WriteHtmlCacheBehavior [ RunTime:0.000747s ]
INFO: [ view_filter ] --END-- [ RunTime:0.000866s ]
INFO: [ app_end ] --START--
INFO: Run Behavior\ShowPageTraceBehavior [ RunTime:0.000927s ]
INFO: [ app_end ] --END-- [ RunTime:0.001008s ]

[ 2017-10-11T23:41:07+08:00 ] 127.0.0.1 /Admin/Message/index.html
INFO: [ app_init ] --START--
INFO: Run Behavior\BuildLiteBehavior [ RunTime:0.000017s ]
INFO: [ app_init ] --END-- [ RunTime:0.000714s ]
INFO: [ app_begin ] --START--
INFO: Run Behavior\ReadHtmlCacheBehavior [ RunTime:0.000808s ]
INFO: [ app_begin ] --END-- [ RunTime:0.000879s ]
SQL: SHOW COLUMNS FROM `ke_user` [ RunTime:0.0068s ]
SQL: SELECT * FROM `ke_user` WHERE `id` = 1 LIMIT 1   [ RunTime:0.0003s ]
SQL: SHOW COLUMNS FROM `ke_user` [ RunTime:0.0062s ]
SQL: SHOW COLUMNS FROM `ke_menu` [ RunTime:0.0081s ]
SQL: SHOW COLUMNS FROM `ke_role` [ RunTime:0.0087s ]
SQL: SELECT * FROM `ke_user` WHERE `id` = 1 LIMIT 1   [ RunTime:0.0003s ]
SQL: SELECT * FROM `ke_role` WHERE `id` = 1 LIMIT 1   [ RunTime:0.0002s ]
SQL: SELECT * FROM `ke_menu` WHERE `id` IN ('126','127','161','180','181','349','401','440','339','134','135','147','156','340','341','342','373','343','344','345','346','347','392','393','394','395','396','397','398','399','400','482','483','484','485','486','487') AND `type` = 1 ORDER BY sort desc  [ RunTime:0.0004s ]
NOTIC: [2] array_multisort(): Argument #2 is expected to be an array or a sort flag E:\www\sc\Application\Common\Common\function.php 第 177 行.
NOTIC: [2] array_multisort(): Argument #2 is expected to be an array or a sort flag E:\www\sc\Application\Common\Common\function.php 第 177 行.
SQL: SHOW COLUMNS FROM `ke_message` [ RunTime:0.0064s ]
SQL: SELECT COUNT(*) AS tp_count FROM `ke_message` WHERE `status` = 1 LIMIT 1   [ RunTime:0.0002s ]
SQL: SELECT * FROM `ke_message` WHERE `status` = 1 ORDER BY id desc LIMIT 0,15   [ RunTime:0.0002s ]
INFO: [ view_parse ] --START--
INFO: [ template_filter ] --START--
INFO: Run Behavior\ContentReplaceBehavior [ RunTime:0.000162s ]
INFO: [ template_filter ] --END-- [ RunTime:0.000224s ]
NOTIC: [8] Undefined index: cur E:\www\sc\Runtime\Cache\Admin\e1ad611a04673ac9fc78d17e28cd370b.php 第 80 行.
NOTIC: [8] Undefined index: cur E:\www\sc\Runtime\Cache\Admin\e1ad611a04673ac9fc78d17e28cd370b.php 第 88 行.
NOTIC: [8] Undefined index: cur E:\www\sc\Runtime\Cache\Admin\e1ad611a04673ac9fc78d17e28cd370b.php 第 80 行.
NOTIC: [8] Undefined index: cur E:\www\sc\Runtime\Cache\Admin\e1ad611a04673ac9fc78d17e28cd370b.php 第 88 行.
NOTIC: [8] Undefined index: cur E:\www\sc\Runtime\Cache\Admin\e1ad611a04673ac9fc78d17e28cd370b.php 第 88 行.
NOTIC: [8] Undefined index: cur E:\www\sc\Runtime\Cache\Admin\e1ad611a04673ac9fc78d17e28cd370b.php 第 80 行.
NOTIC: [8] Undefined index: cur E:\www\sc\Runtime\Cache\Admin\e1ad611a04673ac9fc78d17e28cd370b.php 第 88 行.
NOTIC: [8] Undefined index: cur E:\www\sc\Runtime\Cache\Admin\e1ad611a04673ac9fc78d17e28cd370b.php 第 88 行.
NOTIC: [8] Undefined index: cur E:\www\sc\Runtime\Cache\Admin\e1ad611a04673ac9fc78d17e28cd370b.php 第 80 行.
NOTIC: [8] Undefined index: cur E:\www\sc\Runtime\Cache\Admin\e1ad611a04673ac9fc78d17e28cd370b.php 第 88 行.
NOTIC: [8] Undefined index: cur E:\www\sc\Runtime\Cache\Admin\e1ad611a04673ac9fc78d17e28cd370b.php 第 88 行.
NOTIC: [8] Undefined index: cur E:\www\sc\Runtime\Cache\Admin\e1ad611a04673ac9fc78d17e28cd370b.php 第 88 行.
NOTIC: [8] Undefined variable: BOOK_STATUS E:\www\sc\Runtime\Cache\Admin\e1ad611a04673ac9fc78d17e28cd370b.php 第 164 行.
INFO: Run Behavior\ParseTemplateBehavior [ RunTime:0.017324s ]
INFO: [ view_parse ] --END-- [ RunTime:0.017383s ]
INFO: [ view_filter ] --START--
INFO: Run Behavior\WriteHtmlCacheBehavior [ RunTime:0.000569s ]
INFO: [ view_filter ] --END-- [ RunTime:0.000622s ]
INFO: [ app_end ] --START--
INFO: Run Behavior\ShowPageTraceBehavior [ RunTime:0.000879s ]
INFO: [ app_end ] --END-- [ RunTime:0.000955s ]

[ 2017-10-11T23:41:08+08:00 ] 127.0.0.1 /Admin/Book/index.html
INFO: [ app_init ] --START--
INFO: Run Behavior\BuildLiteBehavior [ RunTime:0.000020s ]
INFO: [ app_init ] --END-- [ RunTime:0.000638s ]
INFO: [ app_begin ] --START--
INFO: Run Behavior\ReadHtmlCacheBehavior [ RunTime:0.000715s ]
INFO: [ app_begin ] --END-- [ RunTime:0.000793s ]
SQL: SHOW COLUMNS FROM `ke_user` [ RunTime:0.0073s ]
SQL: SELECT * FROM `ke_user` WHERE `id` = 1 LIMIT 1   [ RunTime:0.0003s ]
SQL: SHOW COLUMNS FROM `ke_user` [ RunTime:0.0068s ]
SQL: SHOW COLUMNS FROM `ke_menu` [ RunTime:0.0071s ]
SQL: SHOW COLUMNS FROM `ke_role` [ RunTime:0.0130s ]
SQL: SELECT * FROM `ke_user` WHERE `id` = 1 LIMIT 1   [ RunTime:0.0002s ]
SQL: SELECT * FROM `ke_role` WHERE `id` = 1 LIMIT 1   [ RunTime:0.0002s ]
SQL: SELECT * FROM `ke_menu` WHERE `id` IN ('126','127','161','180','181','349','401','440','339','134','135','147','156','340','341','342','373','343','344','345','346','347','392','393','394','395','396','397','398','399','400','482','483','484','485','486','487') AND `type` = 1 ORDER BY sort desc  [ RunTime:0.0003s ]
NOTIC: [2] array_multisort(): Argument #2 is expected to be an array or a sort flag E:\www\sc\Application\Common\Common\function.php 第 177 行.
NOTIC: [2] array_multisort(): Argument #2 is expected to be an array or a sort flag E:\www\sc\Application\Common\Common\function.php 第 177 行.
SQL: SHOW COLUMNS FROM `ke_book` [ RunTime:0.0061s ]
SQL: SELECT COUNT(*) AS tp_count FROM `ke_book` WHERE `status` < 4 LIMIT 1   [ RunTime:0.0002s ]
SQL: SELECT * FROM `ke_book` WHERE `status` < 4 ORDER BY id desc LIMIT 0,15   [ RunTime:0.0002s ]
INFO: [ view_parse ] --START--
INFO: [ template_filter ] --START--
INFO: Run Behavior\ContentReplaceBehavior [ RunTime:0.000162s ]
INFO: [ template_filter ] --END-- [ RunTime:0.000222s ]
NOTIC: [8] Undefined index: cur E:\www\sc\Runtime\Cache\Admin\afa8c6529ef554789834553d1ae7ec47.php 第 80 行.
NOTIC: [8] Undefined index: cur E:\www\sc\Runtime\Cache\Admin\afa8c6529ef554789834553d1ae7ec47.php 第 88 行.
NOTIC: [8] Undefined index: cur E:\www\sc\Runtime\Cache\Admin\afa8c6529ef554789834553d1ae7ec47.php 第 80 行.
NOTIC: [8] Undefined index: cur E:\www\sc\Runtime\Cache\Admin\afa8c6529ef554789834553d1ae7ec47.php 第 88 行.
NOTIC: [8] Undefined index: cur E:\www\sc\Runtime\Cache\Admin\afa8c6529ef554789834553d1ae7ec47.php 第 88 行.
NOTIC: [8] Undefined index: cur E:\www\sc\Runtime\Cache\Admin\afa8c6529ef554789834553d1ae7ec47.php 第 88 行.
NOTIC: [8] Undefined index: cur E:\www\sc\Runtime\Cache\Admin\afa8c6529ef554789834553d1ae7ec47.php 第 80 行.
NOTIC: [8] Undefined index: cur E:\www\sc\Runtime\Cache\Admin\afa8c6529ef554789834553d1ae7ec47.php 第 88 行.
NOTIC: [8] Undefined index: cur E:\www\sc\Runtime\Cache\Admin\afa8c6529ef554789834553d1ae7ec47.php 第 80 行.
NOTIC: [8] Undefined index: cur E:\www\sc\Runtime\Cache\Admin\afa8c6529ef554789834553d1ae7ec47.php 第 88 行.
NOTIC: [8] Undefined index: cur E:\www\sc\Runtime\Cache\Admin\afa8c6529ef554789834553d1ae7ec47.php 第 88 行.
NOTIC: [8] Undefined index: cur E:\www\sc\Runtime\Cache\Admin\afa8c6529ef554789834553d1ae7ec47.php 第 88 行.
INFO: Run Behavior\ParseTemplateBehavior [ RunTime:0.017978s ]
INFO: [ view_parse ] --END-- [ RunTime:0.018047s ]
INFO: [ view_filter ] --START--
INFO: Run Behavior\WriteHtmlCacheBehavior [ RunTime:0.000514s ]
INFO: [ view_filter ] --END-- [ RunTime:0.000561s ]
INFO: [ app_end ] --START--
INFO: Run Behavior\ShowPageTraceBehavior [ RunTime:0.001250s ]
INFO: [ app_end ] --END-- [ RunTime:0.001326s ]

[ 2017-10-11T23:41:10+08:00 ] 127.0.0.1 /Admin/ArticleCategory/index.html
INFO: [ app_init ] --START--
INFO: Run Behavior\BuildLiteBehavior [ RunTime:0.000018s ]
INFO: [ app_init ] --END-- [ RunTime:0.000656s ]
INFO: [ app_begin ] --START--
INFO: Run Behavior\ReadHtmlCacheBehavior [ RunTime:0.000982s ]
INFO: [ app_begin ] --END-- [ RunTime:0.001091s ]
SQL: SHOW COLUMNS FROM `ke_user` [ RunTime:0.0072s ]
SQL: SELECT * FROM `ke_user` WHERE `id` = 1 LIMIT 1   [ RunTime:0.0003s ]
SQL: SHOW COLUMNS FROM `ke_user` [ RunTime:0.0077s ]
SQL: SHOW COLUMNS FROM `ke_menu` [ RunTime:0.0065s ]
SQL: SHOW COLUMNS FROM `ke_role` [ RunTime:0.0074s ]
SQL: SELECT * FROM `ke_user` WHERE `id` = 1 LIMIT 1   [ RunTime:0.0002s ]
SQL: SELECT * FROM `ke_role` WHERE `id` = 1 LIMIT 1   [ RunTime:0.0002s ]
SQL: SELECT * FROM `ke_menu` WHERE `id` IN ('126','127','161','180','181','349','401','440','339','134','135','147','156','340','341','342','373','343','344','345','346','347','392','393','394','395','396','397','398','399','400','482','483','484','485','486','487') AND `type` = 1 ORDER BY sort desc  [ RunTime:0.0004s ]
NOTIC: [2] array_multisort(): Argument #2 is expected to be an array or a sort flag E:\www\sc\Application\Common\Common\function.php 第 177 行.
NOTIC: [2] array_multisort(): Argument #2 is expected to be an array or a sort flag E:\www\sc\Application\Common\Common\function.php 第 177 行.
SQL: SHOW COLUMNS FROM `ke_article_category` [ RunTime:0.0076s ]
SQL: SELECT * FROM `ke_article_category` ORDER BY id asc  [ RunTime:0.0006s ]
NOTIC: [8] Undefined variable: bars E:\www\sc\Application\Admin\Controller\ArticleCategoryController.class.php 第 18 行.
INFO: [ view_parse ] --START--
INFO: [ template_filter ] --START--
INFO: Run Behavior\ContentReplaceBehavior [ RunTime:0.000235s ]
INFO: [ template_filter ] --END-- [ RunTime:0.000332s ]
NOTIC: [8] Undefined index: cur E:\www\sc\Runtime\Cache\Admin\a4157d61f42ecf177c2157a7bd6c97ba.php 第 80 行.
NOTIC: [8] Undefined index: cur E:\www\sc\Runtime\Cache\Admin\a4157d61f42ecf177c2157a7bd6c97ba.php 第 88 行.
NOTIC: [8] Undefined index: cur E:\www\sc\Runtime\Cache\Admin\a4157d61f42ecf177c2157a7bd6c97ba.php 第 88 行.
NOTIC: [8] Undefined index: cur E:\www\sc\Runtime\Cache\Admin\a4157d61f42ecf177c2157a7bd6c97ba.php 第 80 行.
NOTIC: [8] Undefined index: cur E:\www\sc\Runtime\Cache\Admin\a4157d61f42ecf177c2157a7bd6c97ba.php 第 88 行.
NOTIC: [8] Undefined index: cur E:\www\sc\Runtime\Cache\Admin\a4157d61f42ecf177c2157a7bd6c97ba.php 第 80 行.
NOTIC: [8] Undefined index: cur E:\www\sc\Runtime\Cache\Admin\a4157d61f42ecf177c2157a7bd6c97ba.php 第 88 行.
NOTIC: [8] Undefined index: cur E:\www\sc\Runtime\Cache\Admin\a4157d61f42ecf177c2157a7bd6c97ba.php 第 80 行.
NOTIC: [8] Undefined index: cur E:\www\sc\Runtime\Cache\Admin\a4157d61f42ecf177c2157a7bd6c97ba.php 第 88 行.
NOTIC: [8] Undefined index: cur E:\www\sc\Runtime\Cache\Admin\a4157d61f42ecf177c2157a7bd6c97ba.php 第 88 行.
NOTIC: [8] Undefined index: cur E:\www\sc\Runtime\Cache\Admin\a4157d61f42ecf177c2157a7bd6c97ba.php 第 88 行.
NOTIC: [8] Undefined variable: type E:\www\sc\Runtime\Cache\Admin\a4157d61f42ecf177c2157a7bd6c97ba.php 第 150 行.
NOTIC: [8] Undefined variable: type E:\www\sc\Runtime\Cache\Admin\a4157d61f42ecf177c2157a7bd6c97ba.php 第 180 行.
NOTIC: [8] Undefined variable: type E:\www\sc\Runtime\Cache\Admin\a4157d61f42ecf177c2157a7bd6c97ba.php 第 180 行.
NOTIC: [8] Undefined variable: type E:\www\sc\Runtime\Cache\Admin\a4157d61f42ecf177c2157a7bd6c97ba.php 第 180 行.
NOTIC: [8] Undefined variable: type E:\www\sc\Runtime\Cache\Admin\a4157d61f42ecf177c2157a7bd6c97ba.php 第 180 行.
NOTIC: [8] Undefined variable: type E:\www\sc\Runtime\Cache\Admin\a4157d61f42ecf177c2157a7bd6c97ba.php 第 180 行.
INFO: Run Behavior\ParseTemplateBehavior [ RunTime:0.021197s ]
INFO: [ view_parse ] --END-- [ RunTime:0.021290s ]
INFO: [ view_filter ] --START--
INFO: Run Behavior\WriteHtmlCacheBehavior [ RunTime:0.000656s ]
INFO: [ view_filter ] --END-- [ RunTime:0.000718s ]
INFO: [ app_end ] --START--
INFO: Run Behavior\ShowPageTraceBehavior [ RunTime:0.000811s ]
INFO: [ app_end ] --END-- [ RunTime:0.000877s ]

[ 2017-10-11T23:41:11+08:00 ] 127.0.0.1 /Admin/Article/index.html
INFO: [ app_init ] --START--
INFO: Run Behavior\BuildLiteBehavior [ RunTime:0.000017s ]
INFO: [ app_init ] --END-- [ RunTime:0.000646s ]
INFO: [ app_begin ] --START--
INFO: Run Behavior\ReadHtmlCacheBehavior [ RunTime:0.001006s ]
INFO: [ app_begin ] --END-- [ RunTime:0.001106s ]
SQL: SHOW COLUMNS FROM `ke_user` [ RunTime:0.0084s ]
SQL: SELECT * FROM `ke_user` WHERE `id` = 1 LIMIT 1   [ RunTime:0.0003s ]
SQL: SHOW COLUMNS FROM `ke_user` [ RunTime:0.0070s ]
SQL: SHOW COLUMNS FROM `ke_menu` [ RunTime:0.0071s ]
SQL: SHOW COLUMNS FROM `ke_role` [ RunTime:0.0061s ]
SQL: SELECT * FROM `ke_user` WHERE `id` = 1 LIMIT 1   [ RunTime:0.0002s ]
SQL: SELECT * FROM `ke_role` WHERE `id` = 1 LIMIT 1   [ RunTime:0.0003s ]
SQL: SELECT * FROM `ke_menu` WHERE `id` IN ('126','127','161','180','181','349','401','440','339','134','135','147','156','340','341','342','373','343','344','345','346','347','392','393','394','395','396','397','398','399','400','482','483','484','485','486','487') AND `type` = 1 ORDER BY sort desc  [ RunTime:0.0003s ]
NOTIC: [2] array_multisort(): Argument #2 is expected to be an array or a sort flag E:\www\sc\Application\Common\Common\function.php 第 177 行.
NOTIC: [2] array_multisort(): Argument #2 is expected to be an array or a sort flag E:\www\sc\Application\Common\Common\function.php 第 177 行.
SQL: SHOW COLUMNS FROM `ke_article_category` [ RunTime:0.0073s ]
SQL: SELECT * FROM `ke_article_category` ORDER BY id asc  [ RunTime:0.0002s ]
SQL: SHOW COLUMNS FROM `ke_article` [ RunTime:0.0066s ]
SQL: SELECT COUNT(*) AS tp_count FROM `ke_article` LIMIT 1   [ RunTime:0.0004s ]
SQL: SELECT * FROM `ke_article` ORDER BY id desc LIMIT 0,15   [ RunTime:0.0006s ]
INFO: [ view_parse ] --START--
INFO: [ template_filter ] --START--
INFO: Run Behavior\ContentReplaceBehavior [ RunTime:0.000258s ]
INFO: [ template_filter ] --END-- [ RunTime:0.000367s ]
NOTIC: [8] Undefined index: cur E:\www\sc\Runtime\Cache\Admin\7a4184ffe8f804b12b2e7f8851dd8f7d.php 第 80 行.
NOTIC: [8] Undefined index: cur E:\www\sc\Runtime\Cache\Admin\7a4184ffe8f804b12b2e7f8851dd8f7d.php 第 88 行.
NOTIC: [8] Undefined index: cur E:\www\sc\Runtime\Cache\Admin\7a4184ffe8f804b12b2e7f8851dd8f7d.php 第 88 行.
NOTIC: [8] Undefined index: cur E:\www\sc\Runtime\Cache\Admin\7a4184ffe8f804b12b2e7f8851dd8f7d.php 第 88 行.
NOTIC: [8] Undefined index: cur E:\www\sc\Runtime\Cache\Admin\7a4184ffe8f804b12b2e7f8851dd8f7d.php 第 80 行.
NOTIC: [8] Undefined index: cur E:\www\sc\Runtime\Cache\Admin\7a4184ffe8f804b12b2e7f8851dd8f7d.php 第 88 行.
NOTIC: [8] Undefined index: cur E:\www\sc\Runtime\Cache\Admin\7a4184ffe8f804b12b2e7f8851dd8f7d.php 第 80 行.
NOTIC: [8] Undefined index: cur E:\www\sc\Runtime\Cache\Admin\7a4184ffe8f804b12b2e7f8851dd8f7d.php 第 88 行.
NOTIC: [8] Undefined index: cur E:\www\sc\Runtime\Cache\Admin\7a4184ffe8f804b12b2e7f8851dd8f7d.php 第 80 行.
NOTIC: [8] Undefined index: cur E:\www\sc\Runtime\Cache\Admin\7a4184ffe8f804b12b2e7f8851dd8f7d.php 第 88 行.
NOTIC: [8] Undefined index: cur E:\www\sc\Runtime\Cache\Admin\7a4184ffe8f804b12b2e7f8851dd8f7d.php 第 88 行.
NOTIC: [8] Undefined index: cur E:\www\sc\Runtime\Cache\Admin\7a4184ffe8f804b12b2e7f8851dd8f7d.php 第 88 行.
NOTIC: [8] Undefined variable: type E:\www\sc\Runtime\Cache\Admin\7a4184ffe8f804b12b2e7f8851dd8f7d.php 第 161 行.
INFO: Run Behavior\ParseTemplateBehavior [ RunTime:0.024857s ]
INFO: [ view_parse ] --END-- [ RunTime:0.024932s ]
INFO: [ view_filter ] --START--
INFO: Run Behavior\WriteHtmlCacheBehavior [ RunTime:0.000613s ]
INFO: [ view_filter ] --END-- [ RunTime:0.000678s ]
INFO: [ app_end ] --START--
INFO: Run Behavior\ShowPageTraceBehavior [ RunTime:0.001059s ]
INFO: [ app_end ] --END-- [ RunTime:0.001169s ]

[ 2017-10-11T23:41:13+08:00 ] 127.0.0.1 /Admin/ArticleCategory/index.html
INFO: [ app_init ] --START--
INFO: Run Behavior\BuildLiteBehavior [ RunTime:0.000017s ]
INFO: [ app_init ] --END-- [ RunTime:0.000637s ]
INFO: [ app_begin ] --START--
INFO: Run Behavior\ReadHtmlCacheBehavior [ RunTime:0.000709s ]
INFO: [ app_begin ] --END-- [ RunTime:0.000779s ]
SQL: SHOW COLUMNS FROM `ke_user` [ RunTime:0.0073s ]
SQL: SELECT * FROM `ke_user` WHERE `id` = 1 LIMIT 1   [ RunTime:0.0004s ]
SQL: SHOW COLUMNS FROM `ke_user` [ RunTime:0.0079s ]
SQL: SHOW COLUMNS FROM `ke_menu` [ RunTime:0.0088s ]
SQL: SHOW COLUMNS FROM `ke_role` [ RunTime:0.0063s ]
SQL: SELECT * FROM `ke_user` WHERE `id` = 1 LIMIT 1   [ RunTime:0.0002s ]
SQL: SELECT * FROM `ke_role` WHERE `id` = 1 LIMIT 1   [ RunTime:0.0002s ]
SQL: SELECT * FROM `ke_menu` WHERE `id` IN ('126','127','161','180','181','349','401','440','339','134','135','147','156','340','341','342','373','343','344','345','346','347','392','393','394','395','396','397','398','399','400','482','483','484','485','486','487') AND `type` = 1 ORDER BY sort desc  [ RunTime:0.0004s ]
NOTIC: [2] array_multisort(): Argument #2 is expected to be an array or a sort flag E:\www\sc\Application\Common\Common\function.php 第 177 行.
NOTIC: [2] array_multisort(): Argument #2 is expected to be an array or a sort flag E:\www\sc\Application\Common\Common\function.php 第 177 行.
SQL: SHOW COLUMNS FROM `ke_article_category` [ RunTime:0.0063s ]
SQL: SELECT * FROM `ke_article_category` ORDER BY id asc  [ RunTime:0.0002s ]
NOTIC: [8] Undefined variable: bars E:\www\sc\Application\Admin\Controller\ArticleCategoryController.class.php 第 18 行.
INFO: [ view_parse ] --START--
INFO: [ template_filter ] --START--
INFO: Run Behavior\ContentReplaceBehavior [ RunTime:0.000156s ]
INFO: [ template_filter ] --END-- [ RunTime:0.000226s ]
NOTIC: [8] Undefined index: cur E:\www\sc\Runtime\Cache\Admin\a4157d61f42ecf177c2157a7bd6c97ba.php 第 80 行.
NOTIC: [8] Undefined index: cur E:\www\sc\Runtime\Cache\Admin\a4157d61f42ecf177c2157a7bd6c97ba.php 第 88 行.
NOTIC: [8] Undefined index: cur E:\www\sc\Runtime\Cache\Admin\a4157d61f42ecf177c2157a7bd6c97ba.php 第 88 行.
NOTIC: [8] Undefined index: cur E:\www\sc\Runtime\Cache\Admin\a4157d61f42ecf177c2157a7bd6c97ba.php 第 80 行.
NOTIC: [8] Undefined index: cur E:\www\sc\Runtime\Cache\Admin\a4157d61f42ecf177c2157a7bd6c97ba.php 第 88 行.
NOTIC: [8] Undefined index: cur E:\www\sc\Runtime\Cache\Admin\a4157d61f42ecf177c2157a7bd6c97ba.php 第 80 行.
NOTIC: [8] Undefined index: cur E:\www\sc\Runtime\Cache\Admin\a4157d61f42ecf177c2157a7bd6c97ba.php 第 88 行.
NOTIC: [8] Undefined index: cur E:\www\sc\Runtime\Cache\Admin\a4157d61f42ecf177c2157a7bd6c97ba.php 第 80 行.
NOTIC: [8] Undefined index: cur E:\www\sc\Runtime\Cache\Admin\a4157d61f42ecf177c2157a7bd6c97ba.php 第 88 行.
NOTIC: [8] Undefined index: cur E:\www\sc\Runtime\Cache\Admin\a4157d61f42ecf177c2157a7bd6c97ba.php 第 88 行.
NOTIC: [8] Undefined index: cur E:\www\sc\Runtime\Cache\Admin\a4157d61f42ecf177c2157a7bd6c97ba.php 第 88 行.
NOTIC: [8] Undefined variable: type E:\www\sc\Runtime\Cache\Admin\a4157d61f42ecf177c2157a7bd6c97ba.php 第 150 行.
NOTIC: [8] Undefined variable: type E:\www\sc\Runtime\Cache\Admin\a4157d61f42ecf177c2157a7bd6c97ba.php 第 180 行.
NOTIC: [8] Undefined variable: type E:\www\sc\Runtime\Cache\Admin\a4157d61f42ecf177c2157a7bd6c97ba.php 第 180 行.
NOTIC: [8] Undefined variable: type E:\www\sc\Runtime\Cache\Admin\a4157d61f42ecf177c2157a7bd6c97ba.php 第 180 行.
NOTIC: [8] Undefined variable: type E:\www\sc\Runtime\Cache\Admin\a4157d61f42ecf177c2157a7bd6c97ba.php 第 180 行.
NOTIC: [8] Undefined variable: type E:\www\sc\Runtime\Cache\Admin\a4157d61f42ecf177c2157a7bd6c97ba.php 第 180 行.
INFO: Run Behavior\ParseTemplateBehavior [ RunTime:0.018802s ]
INFO: [ view_parse ] --END-- [ RunTime:0.018865s ]
INFO: [ view_filter ] --START--
INFO: Run Behavior\WriteHtmlCacheBehavior [ RunTime:0.000527s ]
INFO: [ view_filter ] --END-- [ RunTime:0.000581s ]
INFO: [ app_end ] --START--
INFO: Run Behavior\ShowPageTraceBehavior [ RunTime:0.000822s ]
INFO: [ app_end ] --END-- [ RunTime:0.000896s ]

[ 2017-10-11T23:41:13+08:00 ] 127.0.0.1 /Admin/ArticleCategory/add.html
INFO: [ app_init ] --START--
INFO: Run Behavior\BuildLiteBehavior [ RunTime:0.000018s ]
INFO: [ app_init ] --END-- [ RunTime:0.000719s ]
INFO: [ app_begin ] --START--
INFO: Run Behavior\ReadHtmlCacheBehavior [ RunTime:0.000805s ]
INFO: [ app_begin ] --END-- [ RunTime:0.000877s ]
SQL: SHOW COLUMNS FROM `ke_user` [ RunTime:0.0062s ]
SQL: SELECT * FROM `ke_user` WHERE `id` = 1 LIMIT 1   [ RunTime:0.0003s ]
SQL: SHOW COLUMNS FROM `ke_user` [ RunTime:0.0068s ]
SQL: SHOW COLUMNS FROM `ke_menu` [ RunTime:0.0060s ]
SQL: SHOW COLUMNS FROM `ke_role` [ RunTime:0.0068s ]
SQL: SELECT * FROM `ke_user` WHERE `id` = 1 LIMIT 1   [ RunTime:0.0003s ]
SQL: SELECT * FROM `ke_role` WHERE `id` = 1 LIMIT 1   [ RunTime:0.0002s ]
SQL: SELECT * FROM `ke_menu` WHERE `id` IN ('126','127','161','180','181','349','401','440','339','134','135','147','156','340','341','342','373','343','344','345','346','347','392','393','394','395','396','397','398','399','400','482','483','484','485','486','487') AND `type` = 1 ORDER BY sort desc  [ RunTime:0.0004s ]
NOTIC: [2] array_multisort(): Argument #2 is expected to be an array or a sort flag E:\www\sc\Application\Common\Common\function.php 第 177 行.
NOTIC: [2] array_multisort(): Argument #2 is expected to be an array or a sort flag E:\www\sc\Application\Common\Common\function.php 第 177 行.
INFO: [ view_parse ] --START--
INFO: [ template_filter ] --START--
INFO: Run Behavior\ContentReplaceBehavior [ RunTime:0.000138s ]
INFO: [ template_filter ] --END-- [ RunTime:0.000199s ]
NOTIC: [8] Undefined index: cur E:\www\sc\Runtime\Cache\Admin\c5943862bdb17fb2c4500933b393eaa1.php 第 80 行.
NOTIC: [8] Undefined index: cur E:\www\sc\Runtime\Cache\Admin\c5943862bdb17fb2c4500933b393eaa1.php 第 88 行.
NOTIC: [8] Undefined index: cur E:\www\sc\Runtime\Cache\Admin\c5943862bdb17fb2c4500933b393eaa1.php 第 88 行.
NOTIC: [8] Undefined index: cur E:\www\sc\Runtime\Cache\Admin\c5943862bdb17fb2c4500933b393eaa1.php 第 80 行.
NOTIC: [8] Undefined index: cur E:\www\sc\Runtime\Cache\Admin\c5943862bdb17fb2c4500933b393eaa1.php 第 88 行.
NOTIC: [8] Undefined index: cur E:\www\sc\Runtime\Cache\Admin\c5943862bdb17fb2c4500933b393eaa1.php 第 80 行.
NOTIC: [8] Undefined index: cur E:\www\sc\Runtime\Cache\Admin\c5943862bdb17fb2c4500933b393eaa1.php 第 88 行.
NOTIC: [8] Undefined index: cur E:\www\sc\Runtime\Cache\Admin\c5943862bdb17fb2c4500933b393eaa1.php 第 80 行.
NOTIC: [8] Undefined index: cur E:\www\sc\Runtime\Cache\Admin\c5943862bdb17fb2c4500933b393eaa1.php 第 88 行.
NOTIC: [8] Undefined index: cur E:\www\sc\Runtime\Cache\Admin\c5943862bdb17fb2c4500933b393eaa1.php 第 88 行.
NOTIC: [8] Undefined index: cur E:\www\sc\Runtime\Cache\Admin\c5943862bdb17fb2c4500933b393eaa1.php 第 88 行.
INFO: Run Behavior\ParseTemplateBehavior [ RunTime:0.014793s ]
INFO: [ view_parse ] --END-- [ RunTime:0.014858s ]
INFO: [ view_filter ] --START--
INFO: Run Behavior\WriteHtmlCacheBehavior [ RunTime:0.000580s ]
INFO: [ view_filter ] --END-- [ RunTime:0.000632s ]
INFO: [ app_end ] --START--
INFO: Run Behavior\ShowPageTraceBehavior [ RunTime:0.000858s ]
INFO: [ app_end ] --END-- [ RunTime:0.000931s ]

[ 2017-10-11T23:41:18+08:00 ] 127.0.0.1 /Admin/ArticleCategory/add.html
INFO: [ app_init ] --START--
INFO: Run Behavior\BuildLiteBehavior [ RunTime:0.000018s ]
INFO: [ app_init ] --END-- [ RunTime:0.000822s ]
INFO: [ app_begin ] --START--
INFO: Run Behavior\ReadHtmlCacheBehavior [ RunTime:0.001275s ]
INFO: [ app_begin ] --END-- [ RunTime:0.001526s ]
SQL: SHOW COLUMNS FROM `ke_user` [ RunTime:0.0088s ]
SQL: SELECT * FROM `ke_user` WHERE `id` = 1 LIMIT 1   [ RunTime:0.0003s ]
SQL: SHOW COLUMNS FROM `ke_user` [ RunTime:0.0059s ]
SQL: SHOW COLUMNS FROM `ke_menu` [ RunTime:0.0080s ]
SQL: SHOW COLUMNS FROM `ke_role` [ RunTime:0.0057s ]
SQL: SELECT * FROM `ke_user` WHERE `id` = 1 LIMIT 1   [ RunTime:0.0003s ]
SQL: SELECT * FROM `ke_role` WHERE `id` = 1 LIMIT 1   [ RunTime:0.0002s ]
SQL: SELECT * FROM `ke_menu` WHERE `id` IN ('126','127','161','180','181','349','401','440','339','134','135','147','156','340','341','342','373','343','344','345','346','347','392','393','394','395','396','397','398','399','400','482','483','484','485','486','487') AND `type` = 1 ORDER BY sort desc  [ RunTime:0.0005s ]
NOTIC: [2] array_multisort(): Argument #2 is expected to be an array or a sort flag E:\www\sc\Application\Common\Common\function.php 第 177 行.
NOTIC: [2] array_multisort(): Argument #2 is expected to be an array or a sort flag E:\www\sc\Application\Common\Common\function.php 第 177 行.
SQL: SHOW COLUMNS FROM `ke_article_category` [ RunTime:0.0076s ]
NOTIC: [8] Undefined index: validate E:\www\sc\ThinkPHP\Library\Think\Model.class.php 第 1185 行.
NOTIC: [8] Undefined index: auto E:\www\sc\ThinkPHP\Library\Think\Model.class.php 第 1128 行.
SQL: INSERT INTO `ke_article_category` (`name`,`add_time`) VALUES ('测试儿','2017-10-11 23:41:18') [ RunTime:0.1113s ]

[ 2017-10-11T23:41:18+08:00 ] 127.0.0.1 /Admin/ArticleCategory/index.html
INFO: [ app_init ] --START--
INFO: Run Behavior\BuildLiteBehavior [ RunTime:0.000018s ]
INFO: [ app_init ] --END-- [ RunTime:0.000814s ]
INFO: [ app_begin ] --START--
INFO: Run Behavior\ReadHtmlCacheBehavior [ RunTime:0.000969s ]
INFO: [ app_begin ] --END-- [ RunTime:0.001060s ]
SQL: SHOW COLUMNS FROM `ke_user` [ RunTime:0.0076s ]
SQL: SELECT * FROM `ke_user` WHERE `id` = 1 LIMIT 1   [ RunTime:0.0003s ]
SQL: SHOW COLUMNS FROM `ke_user` [ RunTime:0.0073s ]
SQL: SHOW COLUMNS FROM `ke_menu` [ RunTime:0.0067s ]
SQL: SHOW COLUMNS FROM `ke_role` [ RunTime:0.0058s ]
SQL: SELECT * FROM `ke_user` WHERE `id` = 1 LIMIT 1   [ RunTime:0.0003s ]
SQL: SELECT * FROM `ke_role` WHERE `id` = 1 LIMIT 1   [ RunTime:0.0002s ]
SQL: SELECT * FROM `ke_menu` WHERE `id` IN ('126','127','161','180','181','349','401','440','339','134','135','147','156','340','341','342','373','343','344','345','346','347','392','393','394','395','396','397','398','399','400','482','483','484','485','486','487') AND `type` = 1 ORDER BY sort desc  [ RunTime:0.0003s ]
NOTIC: [2] array_multisort(): Argument #2 is expected to be an array or a sort flag E:\www\sc\Application\Common\Common\function.php 第 177 行.
NOTIC: [2] array_multisort(): Argument #2 is expected to be an array or a sort flag E:\www\sc\Application\Common\Common\function.php 第 177 行.
SQL: SHOW COLUMNS FROM `ke_article_category` [ RunTime:0.0075s ]
SQL: SELECT * FROM `ke_article_category` ORDER BY id asc  [ RunTime:0.0004s ]
NOTIC: [8] Undefined variable: bars E:\www\sc\Application\Admin\Controller\ArticleCategoryController.class.php 第 18 行.
INFO: [ view_parse ] --START--
INFO: [ template_filter ] --START--
INFO: Run Behavior\ContentReplaceBehavior [ RunTime:0.000146s ]
INFO: [ template_filter ] --END-- [ RunTime:0.000212s ]
NOTIC: [8] Undefined index: cur E:\www\sc\Runtime\Cache\Admin\a4157d61f42ecf177c2157a7bd6c97ba.php 第 80 行.
NOTIC: [8] Undefined index: cur E:\www\sc\Runtime\Cache\Admin\a4157d61f42ecf177c2157a7bd6c97ba.php 第 88 行.
NOTIC: [8] Undefined index: cur E:\www\sc\Runtime\Cache\Admin\a4157d61f42ecf177c2157a7bd6c97ba.php 第 88 行.
NOTIC: [8] Undefined index: cur E:\www\sc\Runtime\Cache\Admin\a4157d61f42ecf177c2157a7bd6c97ba.php 第 80 行.
NOTIC: [8] Undefined index: cur E:\www\sc\Runtime\Cache\Admin\a4157d61f42ecf177c2157a7bd6c97ba.php 第 88 行.
NOTIC: [8] Undefined index: cur E:\www\sc\Runtime\Cache\Admin\a4157d61f42ecf177c2157a7bd6c97ba.php 第 80 行.
NOTIC: [8] Undefined index: cur E:\www\sc\Runtime\Cache\Admin\a4157d61f42ecf177c2157a7bd6c97ba.php 第 88 行.
NOTIC: [8] Undefined index: cur E:\www\sc\Runtime\Cache\Admin\a4157d61f42ecf177c2157a7bd6c97ba.php 第 80 行.
NOTIC: [8] Undefined index: cur E:\www\sc\Runtime\Cache\Admin\a4157d61f42ecf177c2157a7bd6c97ba.php 第 88 行.
NOTIC: [8] Undefined index: cur E:\www\sc\Runtime\Cache\Admin\a4157d61f42ecf177c2157a7bd6c97ba.php 第 88 行.
NOTIC: [8] Undefined index: cur E:\www\sc\Runtime\Cache\Admin\a4157d61f42ecf177c2157a7bd6c97ba.php 第 88 行.
NOTIC: [8] Undefined variable: type E:\www\sc\Runtime\Cache\Admin\a4157d61f42ecf177c2157a7bd6c97ba.php 第 150 行.
NOTIC: [8] Undefined variable: type E:\www\sc\Runtime\Cache\Admin\a4157d61f42ecf177c2157a7bd6c97ba.php 第 180 行.
NOTIC: [8] Undefined variable: type E:\www\sc\Runtime\Cache\Admin\a4157d61f42ecf177c2157a7bd6c97ba.php 第 180 行.
NOTIC: [8] Undefined variable: type E:\www\sc\Runtime\Cache\Admin\a4157d61f42ecf177c2157a7bd6c97ba.php 第 180 行.
NOTIC: [8] Undefined variable: type E:\www\sc\Runtime\Cache\Admin\a4157d61f42ecf177c2157a7bd6c97ba.php 第 180 行.
NOTIC: [8] Undefined variable: type E:\www\sc\Runtime\Cache\Admin\a4157d61f42ecf177c2157a7bd6c97ba.php 第 180 行.
NOTIC: [8] Undefined variable: type E:\www\sc\Runtime\Cache\Admin\a4157d61f42ecf177c2157a7bd6c97ba.php 第 180 行.
INFO: Run Behavior\ParseTemplateBehavior [ RunTime:0.016747s ]
INFO: [ view_parse ] --END-- [ RunTime:0.016808s ]
INFO: [ view_filter ] --START--
INFO: Run Behavior\WriteHtmlCacheBehavior [ RunTime:0.000523s ]
INFO: [ view_filter ] --END-- [ RunTime:0.000576s ]
INFO: [ app_end ] --START--
INFO: Run Behavior\ShowPageTraceBehavior [ RunTime:0.000962s ]
INFO: [ app_end ] --END-- [ RunTime:0.001033s ]

[ 2017-10-11T23:41:59+08:00 ] 127.0.0.1 /Admin/ArticleCategory/index.html
INFO: [ app_init ] --START--
INFO: Run Behavior\BuildLiteBehavior [ RunTime:0.000028s ]
INFO: [ app_init ] --END-- [ RunTime:0.000945s ]
INFO: [ app_begin ] --START--
INFO: Run Behavior\ReadHtmlCacheBehavior [ RunTime:0.001561s ]
INFO: [ app_begin ] --END-- [ RunTime:0.001692s ]
SQL: SHOW COLUMNS FROM `ke_user` [ RunTime:0.0104s ]
SQL: SELECT * FROM `ke_user` WHERE `id` = 1 LIMIT 1   [ RunTime:0.0004s ]
SQL: SHOW COLUMNS FROM `ke_user` [ RunTime:0.0093s ]
SQL: SHOW COLUMNS FROM `ke_menu` [ RunTime:0.0074s ]
SQL: SHOW COLUMNS FROM `ke_role` [ RunTime:0.0103s ]
SQL: SELECT * FROM `ke_user` WHERE `id` = 1 LIMIT 1   [ RunTime:0.0003s ]
SQL: SELECT * FROM `ke_role` WHERE `id` = 1 LIMIT 1   [ RunTime:0.0002s ]
SQL: SELECT * FROM `ke_menu` WHERE `id` IN ('126','127','161','180','181','349','401','440','339','134','135','147','156','340','341','342','373','343','344','345','346','347','392','393','394','395','396','397','398','399','400','482','483','484','485','486','487') AND `type` = 1 ORDER BY sort desc  [ RunTime:0.0004s ]
NOTIC: [2] array_multisort(): Argument #2 is expected to be an array or a sort flag E:\www\sc\Application\Common\Common\function.php 第 177 行.
NOTIC: [2] array_multisort(): Argument #2 is expected to be an array or a sort flag E:\www\sc\Application\Common\Common\function.php 第 177 行.
SQL: SHOW COLUMNS FROM `ke_article_category` [ RunTime:0.0105s ]
SQL: SELECT * FROM `ke_article_category` ORDER BY id asc  [ RunTime:0.0003s ]
NOTIC: [8] Undefined variable: bars E:\www\sc\Application\Admin\Controller\ArticleCategoryController.class.php 第 18 行.
INFO: [ view_parse ] --START--
INFO: [ template_filter ] --START--
INFO: Run Behavior\ContentReplaceBehavior [ RunTime:0.000244s ]
INFO: [ template_filter ] --END-- [ RunTime:0.000352s ]
NOTIC: [8] Undefined index: cur E:\www\sc\Runtime\Cache\Admin\a4157d61f42ecf177c2157a7bd6c97ba.php 第 80 行.
NOTIC: [8] Undefined index: cur E:\www\sc\Runtime\Cache\Admin\a4157d61f42ecf177c2157a7bd6c97ba.php 第 88 行.
NOTIC: [8] Undefined index: cur E:\www\sc\Runtime\Cache\Admin\a4157d61f42ecf177c2157a7bd6c97ba.php 第 88 行.
NOTIC: [8] Undefined index: cur E:\www\sc\Runtime\Cache\Admin\a4157d61f42ecf177c2157a7bd6c97ba.php 第 80 行.
NOTIC: [8] Undefined index: cur E:\www\sc\Runtime\Cache\Admin\a4157d61f42ecf177c2157a7bd6c97ba.php 第 88 行.
NOTIC: [8] Undefined index: cur E:\www\sc\Runtime\Cache\Admin\a4157d61f42ecf177c2157a7bd6c97ba.php 第 80 行.
NOTIC: [8] Undefined index: cur E:\www\sc\Runtime\Cache\Admin\a4157d61f42ecf177c2157a7bd6c97ba.php 第 88 行.
NOTIC: [8] Undefined index: cur E:\www\sc\Runtime\Cache\Admin\a4157d61f42ecf177c2157a7bd6c97ba.php 第 80 行.
NOTIC: [8] Undefined index: cur E:\www\sc\Runtime\Cache\Admin\a4157d61f42ecf177c2157a7bd6c97ba.php 第 88 行.
NOTIC: [8] Undefined index: cur E:\www\sc\Runtime\Cache\Admin\a4157d61f42ecf177c2157a7bd6c97ba.php 第 88 行.
NOTIC: [8] Undefined index: cur E:\www\sc\Runtime\Cache\Admin\a4157d61f42ecf177c2157a7bd6c97ba.php 第 88 行.
NOTIC: [8] Undefined variable: type E:\www\sc\Runtime\Cache\Admin\a4157d61f42ecf177c2157a7bd6c97ba.php 第 150 行.
NOTIC: [8] Undefined variable: type E:\www\sc\Runtime\Cache\Admin\a4157d61f42ecf177c2157a7bd6c97ba.php 第 180 行.
NOTIC: [8] Undefined variable: type E:\www\sc\Runtime\Cache\Admin\a4157d61f42ecf177c2157a7bd6c97ba.php 第 180 行.
NOTIC: [8] Undefined variable: type E:\www\sc\Runtime\Cache\Admin\a4157d61f42ecf177c2157a7bd6c97ba.php 第 180 行.
NOTIC: [8] Undefined variable: type E:\www\sc\Runtime\Cache\Admin\a4157d61f42ecf177c2157a7bd6c97ba.php 第 180 行.
NOTIC: [8] Undefined variable: type E:\www\sc\Runtime\Cache\Admin\a4157d61f42ecf177c2157a7bd6c97ba.php 第 180 行.
NOTIC: [8] Undefined variable: type E:\www\sc\Runtime\Cache\Admin\a4157d61f42ecf177c2157a7bd6c97ba.php 第 180 行.
INFO: Run Behavior\ParseTemplateBehavior [ RunTime:0.026832s ]
INFO: [ view_parse ] --END-- [ RunTime:0.026934s ]
INFO: [ view_filter ] --START--
INFO: Run Behavior\WriteHtmlCacheBehavior [ RunTime:0.000978s ]
INFO: [ view_filter ] --END-- [ RunTime:0.001070s ]
INFO: [ app_end ] --START--
INFO: Run Behavior\ShowPageTraceBehavior [ RunTime:0.001428s ]
INFO: [ app_end ] --END-- [ RunTime:0.001558s ]

[ 2017-10-11T23:43:04+08:00 ] 127.0.0.1 /Admin/ArticleCategory/index.html
INFO: [ app_init ] --START--
INFO: Run Behavior\BuildLiteBehavior [ RunTime:0.000034s ]
INFO: [ app_init ] --END-- [ RunTime:0.001035s ]
INFO: [ app_begin ] --START--
INFO: Run Behavior\ReadHtmlCacheBehavior [ RunTime:0.000869s ]
INFO: [ app_begin ] --END-- [ RunTime:0.000940s ]
SQL: SHOW COLUMNS FROM `ke_user` [ RunTime:0.0073s ]
SQL: SELECT * FROM `ke_user` WHERE `id` = 1 LIMIT 1   [ RunTime:0.0003s ]
SQL: SHOW COLUMNS FROM `ke_user` [ RunTime:0.0069s ]
SQL: SHOW COLUMNS FROM `ke_menu` [ RunTime:0.0063s ]
SQL: SHOW COLUMNS FROM `ke_role` [ RunTime:0.0072s ]
SQL: SELECT * FROM `ke_user` WHERE `id` = 1 LIMIT 1   [ RunTime:0.0004s ]
SQL: SELECT * FROM `ke_role` WHERE `id` = 1 LIMIT 1   [ RunTime:0.0003s ]
SQL: SELECT * FROM `ke_menu` WHERE `id` IN ('126','127','161','180','181','349','401','440','339','134','135','147','156','340','341','342','373','343','344','345','346','347','392','393','394','395','396','397','398','399','400','482','483','484','485','486','487') AND `type` = 1 ORDER BY sort desc  [ RunTime:0.0005s ]
NOTIC: [2] array_multisort(): Argument #2 is expected to be an array or a sort flag E:\www\sc\Application\Common\Common\function.php 第 177 行.
NOTIC: [2] array_multisort(): Argument #2 is expected to be an array or a sort flag E:\www\sc\Application\Common\Common\function.php 第 177 行.
SQL: SHOW COLUMNS FROM `ke_article_category` [ RunTime:0.0061s ]
SQL: SELECT * FROM `ke_article_category` ORDER BY id asc  [ RunTime:0.0003s ]
NOTIC: [8] Undefined variable: bars E:\www\sc\Application\Admin\Controller\ArticleCategoryController.class.php 第 18 行.
INFO: [ view_parse ] --START--
INFO: [ template_filter ] --START--
INFO: Run Behavior\ContentReplaceBehavior [ RunTime:0.000147s ]
INFO: [ template_filter ] --END-- [ RunTime:0.000209s ]
NOTIC: [8] Undefined index: cur E:\www\sc\Runtime\Cache\Admin\a4157d61f42ecf177c2157a7bd6c97ba.php 第 80 行.
NOTIC: [8] Undefined index: cur E:\www\sc\Runtime\Cache\Admin\a4157d61f42ecf177c2157a7bd6c97ba.php 第 88 行.
NOTIC: [8] Undefined index: cur E:\www\sc\Runtime\Cache\Admin\a4157d61f42ecf177c2157a7bd6c97ba.php 第 88 行.
NOTIC: [8] Undefined index: cur E:\www\sc\Runtime\Cache\Admin\a4157d61f42ecf177c2157a7bd6c97ba.php 第 80 行.
NOTIC: [8] Undefined index: cur E:\www\sc\Runtime\Cache\Admin\a4157d61f42ecf177c2157a7bd6c97ba.php 第 88 行.
NOTIC: [8] Undefined index: cur E:\www\sc\Runtime\Cache\Admin\a4157d61f42ecf177c2157a7bd6c97ba.php 第 80 行.
NOTIC: [8] Undefined index: cur E:\www\sc\Runtime\Cache\Admin\a4157d61f42ecf177c2157a7bd6c97ba.php 第 88 行.
NOTIC: [8] Undefined index: cur E:\www\sc\Runtime\Cache\Admin\a4157d61f42ecf177c2157a7bd6c97ba.php 第 80 行.
NOTIC: [8] Undefined index: cur E:\www\sc\Runtime\Cache\Admin\a4157d61f42ecf177c2157a7bd6c97ba.php 第 88 行.
NOTIC: [8] Undefined index: cur E:\www\sc\Runtime\Cache\Admin\a4157d61f42ecf177c2157a7bd6c97ba.php 第 88 行.
NOTIC: [8] Undefined index: cur E:\www\sc\Runtime\Cache\Admin\a4157d61f42ecf177c2157a7bd6c97ba.php 第 88 行.
NOTIC: [8] Undefined variable: type E:\www\sc\Runtime\Cache\Admin\a4157d61f42ecf177c2157a7bd6c97ba.php 第 150 行.
NOTIC: [8] Undefined variable: type E:\www\sc\Runtime\Cache\Admin\a4157d61f42ecf177c2157a7bd6c97ba.php 第 180 行.
NOTIC: [8] Undefined variable: type E:\www\sc\Runtime\Cache\Admin\a4157d61f42ecf177c2157a7bd6c97ba.php 第 180 行.
NOTIC: [8] Undefined variable: type E:\www\sc\Runtime\Cache\Admin\a4157d61f42ecf177c2157a7bd6c97ba.php 第 180 行.
NOTIC: [8] Undefined variable: type E:\www\sc\Runtime\Cache\Admin\a4157d61f42ecf177c2157a7bd6c97ba.php 第 180 行.
NOTIC: [8] Undefined variable: type E:\www\sc\Runtime\Cache\Admin\a4157d61f42ecf177c2157a7bd6c97ba.php 第 180 行.
NOTIC: [8] Undefined variable: type E:\www\sc\Runtime\Cache\Admin\a4157d61f42ecf177c2157a7bd6c97ba.php 第 180 行.
INFO: Run Behavior\ParseTemplateBehavior [ RunTime:0.018151s ]
INFO: [ view_parse ] --END-- [ RunTime:0.018210s ]
INFO: [ view_filter ] --START--
INFO: Run Behavior\WriteHtmlCacheBehavior [ RunTime:0.000585s ]
INFO: [ view_filter ] --END-- [ RunTime:0.000633s ]
INFO: [ app_end ] --START--
INFO: Run Behavior\ShowPageTraceBehavior [ RunTime:0.000915s ]
INFO: [ app_end ] --END-- [ RunTime:0.000980s ]

[ 2017-10-11T23:43:15+08:00 ] 127.0.0.1 /Admin/Message/index.html
INFO: [ app_init ] --START--
INFO: Run Behavior\BuildLiteBehavior [ RunTime:0.000018s ]
INFO: [ app_init ] --END-- [ RunTime:0.000749s ]
INFO: [ app_begin ] --START--
INFO: Run Behavior\ReadHtmlCacheBehavior [ RunTime:0.000820s ]
INFO: [ app_begin ] --END-- [ RunTime:0.000894s ]
SQL: SHOW COLUMNS FROM `ke_user` [ RunTime:0.0066s ]
SQL: SELECT * FROM `ke_user` WHERE `id` = 1 LIMIT 1   [ RunTime:0.0003s ]
SQL: SHOW COLUMNS FROM `ke_user` [ RunTime:0.0066s ]
SQL: SHOW COLUMNS FROM `ke_menu` [ RunTime:0.0079s ]
SQL: SHOW COLUMNS FROM `ke_role` [ RunTime:0.0069s ]
SQL: SELECT * FROM `ke_user` WHERE `id` = 1 LIMIT 1   [ RunTime:0.0003s ]
SQL: SELECT * FROM `ke_role` WHERE `id` = 1 LIMIT 1   [ RunTime:0.0002s ]
SQL: SELECT * FROM `ke_menu` WHERE `id` IN ('126','127','161','180','181','349','401','440','339','134','135','147','156','340','341','342','373','343','344','345','346','347','392','393','394','395','396','397','398','399','400','482','483','484','485','486','487') AND `type` = 1 ORDER BY sort desc  [ RunTime:0.0004s ]
NOTIC: [2] array_multisort(): Argument #2 is expected to be an array or a sort flag E:\www\sc\Application\Common\Common\function.php 第 177 行.
NOTIC: [2] array_multisort(): Argument #2 is expected to be an array or a sort flag E:\www\sc\Application\Common\Common\function.php 第 177 行.
SQL: SHOW COLUMNS FROM `ke_message` [ RunTime:0.0063s ]
SQL: SELECT COUNT(*) AS tp_count FROM `ke_message` WHERE `status` = 1 LIMIT 1   [ RunTime:0.0003s ]
SQL: SELECT * FROM `ke_message` WHERE `status` = 1 ORDER BY id desc LIMIT 0,15   [ RunTime:0.0002s ]
INFO: [ view_parse ] --START--
INFO: [ template_filter ] --START--
INFO: Run Behavior\ContentReplaceBehavior [ RunTime:0.000166s ]
INFO: [ template_filter ] --END-- [ RunTime:0.000226s ]
NOTIC: [8] Undefined index: cur E:\www\sc\Runtime\Cache\Admin\e1ad611a04673ac9fc78d17e28cd370b.php 第 80 行.
NOTIC: [8] Undefined index: cur E:\www\sc\Runtime\Cache\Admin\e1ad611a04673ac9fc78d17e28cd370b.php 第 88 行.
NOTIC: [8] Undefined index: cur E:\www\sc\Runtime\Cache\Admin\e1ad611a04673ac9fc78d17e28cd370b.php 第 80 行.
NOTIC: [8] Undefined index: cur E:\www\sc\Runtime\Cache\Admin\e1ad611a04673ac9fc78d17e28cd370b.php 第 88 行.
NOTIC: [8] Undefined index: cur E:\www\sc\Runtime\Cache\Admin\e1ad611a04673ac9fc78d17e28cd370b.php 第 88 行.
NOTIC: [8] Undefined index: cur E:\www\sc\Runtime\Cache\Admin\e1ad611a04673ac9fc78d17e28cd370b.php 第 80 行.
NOTIC: [8] Undefined index: cur E:\www\sc\Runtime\Cache\Admin\e1ad611a04673ac9fc78d17e28cd370b.php 第 88 行.
NOTIC: [8] Undefined index: cur E:\www\sc\Runtime\Cache\Admin\e1ad611a04673ac9fc78d17e28cd370b.php 第 88 行.
NOTIC: [8] Undefined index: cur E:\www\sc\Runtime\Cache\Admin\e1ad611a04673ac9fc78d17e28cd370b.php 第 80 行.
NOTIC: [8] Undefined index: cur E:\www\sc\Runtime\Cache\Admin\e1ad611a04673ac9fc78d17e28cd370b.php 第 88 行.
NOTIC: [8] Undefined index: cur E:\www\sc\Runtime\Cache\Admin\e1ad611a04673ac9fc78d17e28cd370b.php 第 88 行.
NOTIC: [8] Undefined index: cur E:\www\sc\Runtime\Cache\Admin\e1ad611a04673ac9fc78d17e28cd370b.php 第 88 行.
NOTIC: [8] Undefined variable: BOOK_STATUS E:\www\sc\Runtime\Cache\Admin\e1ad611a04673ac9fc78d17e28cd370b.php 第 164 行.
INFO: Run Behavior\ParseTemplateBehavior [ RunTime:0.017861s ]
INFO: [ view_parse ] --END-- [ RunTime:0.017923s ]
INFO: [ view_filter ] --START--
INFO: Run Behavior\WriteHtmlCacheBehavior [ RunTime:0.000630s ]
INFO: [ view_filter ] --END-- [ RunTime:0.000703s ]
INFO: [ app_end ] --START--
INFO: Run Behavior\ShowPageTraceBehavior [ RunTime:0.000927s ]
INFO: [ app_end ] --END-- [ RunTime:0.001011s ]

[ 2017-10-11T23:43:20+08:00 ] 127.0.0.1 /Admin/Book/index.html
INFO: [ app_init ] --START--
INFO: Run Behavior\BuildLiteBehavior [ RunTime:0.000017s ]
INFO: [ app_init ] --END-- [ RunTime:0.000804s ]
INFO: [ app_begin ] --START--
INFO: Run Behavior\ReadHtmlCacheBehavior [ RunTime:0.000963s ]
INFO: [ app_begin ] --END-- [ RunTime:0.001038s ]
SQL: SHOW COLUMNS FROM `ke_user` [ RunTime:0.0064s ]
SQL: SELECT * FROM `ke_user` WHERE `id` = 1 LIMIT 1   [ RunTime:0.0003s ]
SQL: SHOW COLUMNS FROM `ke_user` [ RunTime:0.0068s ]
SQL: SHOW COLUMNS FROM `ke_menu` [ RunTime:0.0061s ]
SQL: SHOW COLUMNS FROM `ke_role` [ RunTime:0.0065s ]
SQL: SELECT * FROM `ke_user` WHERE `id` = 1 LIMIT 1   [ RunTime:0.0003s ]
SQL: SELECT * FROM `ke_role` WHERE `id` = 1 LIMIT 1   [ RunTime:0.0002s ]
SQL: SELECT * FROM `ke_menu` WHERE `id` IN ('126','127','161','180','181','349','401','440','339','134','135','147','156','340','341','342','373','343','344','345','346','347','392','393','394','395','396','397','398','399','400','482','483','484','485','486','487') AND `type` = 1 ORDER BY sort desc  [ RunTime:0.0004s ]
NOTIC: [2] array_multisort(): Argument #2 is expected to be an array or a sort flag E:\www\sc\Application\Common\Common\function.php 第 177 行.
NOTIC: [2] array_multisort(): Argument #2 is expected to be an array or a sort flag E:\www\sc\Application\Common\Common\function.php 第 177 行.
SQL: SHOW COLUMNS FROM `ke_book` [ RunTime:0.0062s ]
SQL: SELECT COUNT(*) AS tp_count FROM `ke_book` WHERE `status` < 4 LIMIT 1   [ RunTime:0.0002s ]
SQL: SELECT * FROM `ke_book` WHERE `status` < 4 ORDER BY id desc LIMIT 0,15   [ RunTime:0.0002s ]
INFO: [ view_parse ] --START--
INFO: [ template_filter ] --START--
INFO: Run Behavior\ContentReplaceBehavior [ RunTime:0.000163s ]
INFO: [ template_filter ] --END-- [ RunTime:0.000222s ]
NOTIC: [8] Undefined index: cur E:\www\sc\Runtime\Cache\Admin\afa8c6529ef554789834553d1ae7ec47.php 第 80 行.
NOTIC: [8] Undefined index: cur E:\www\sc\Runtime\Cache\Admin\afa8c6529ef554789834553d1ae7ec47.php 第 88 行.
NOTIC: [8] Undefined index: cur E:\www\sc\Runtime\Cache\Admin\afa8c6529ef554789834553d1ae7ec47.php 第 80 行.
NOTIC: [8] Undefined index: cur E:\www\sc\Runtime\Cache\Admin\afa8c6529ef554789834553d1ae7ec47.php 第 88 行.
NOTIC: [8] Undefined index: cur E:\www\sc\Runtime\Cache\Admin\afa8c6529ef554789834553d1ae7ec47.php 第 88 行.
NOTIC: [8] Undefined index: cur E:\www\sc\Runtime\Cache\Admin\afa8c6529ef554789834553d1ae7ec47.php 第 88 行.
NOTIC: [8] Undefined index: cur E:\www\sc\Runtime\Cache\Admin\afa8c6529ef554789834553d1ae7ec47.php 第 80 行.
NOTIC: [8] Undefined index: cur E:\www\sc\Runtime\Cache\Admin\afa8c6529ef554789834553d1ae7ec47.php 第 88 行.
NOTIC: [8] Undefined index: cur E:\www\sc\Runtime\Cache\Admin\afa8c6529ef554789834553d1ae7ec47.php 第 80 行.
NOTIC: [8] Undefined index: cur E:\www\sc\Runtime\Cache\Admin\afa8c6529ef554789834553d1ae7ec47.php 第 88 行.
NOTIC: [8] Undefined index: cur E:\www\sc\Runtime\Cache\Admin\afa8c6529ef554789834553d1ae7ec47.php 第 88 行.
NOTIC: [8] Undefined index: cur E:\www\sc\Runtime\Cache\Admin\afa8c6529ef554789834553d1ae7ec47.php 第 88 行.
INFO: Run Behavior\ParseTemplateBehavior [ RunTime:0.018444s ]
INFO: [ view_parse ] --END-- [ RunTime:0.018508s ]
INFO: [ view_filter ] --START--
INFO: Run Behavior\WriteHtmlCacheBehavior [ RunTime:0.000807s ]
INFO: [ view_filter ] --END-- [ RunTime:0.000896s ]
INFO: [ app_end ] --START--
INFO: Run Behavior\ShowPageTraceBehavior [ RunTime:0.000919s ]
INFO: [ app_end ] --END-- [ RunTime:0.000997s ]

[ 2017-10-11T23:43:36+08:00 ] 127.0.0.1 /admin
INFO: [ app_init ] --START--
INFO: Run Behavior\BuildLiteBehavior [ RunTime:0.000019s ]
INFO: [ app_init ] --END-- [ RunTime:0.000852s ]
INFO: [ app_begin ] --START--
INFO: Run Behavior\ReadHtmlCacheBehavior [ RunTime:0.000828s ]
INFO: [ app_begin ] --END-- [ RunTime:0.000902s ]
SQL: SHOW COLUMNS FROM `ke_user` [ RunTime:0.0081s ]
SQL: SELECT * FROM `ke_user` WHERE `id` = 1 LIMIT 1   [ RunTime:0.0003s ]
SQL: SHOW COLUMNS FROM `ke_user` [ RunTime:0.0220s ]
SQL: SHOW COLUMNS FROM `ke_menu` [ RunTime:0.0414s ]
SQL: SHOW COLUMNS FROM `ke_role` [ RunTime:0.0221s ]
SQL: SELECT * FROM `ke_user` WHERE `id` = 1 LIMIT 1   [ RunTime:0.0003s ]
SQL: SELECT * FROM `ke_role` WHERE `id` = 1 LIMIT 1   [ RunTime:0.0002s ]
SQL: SELECT * FROM `ke_menu` WHERE `id` IN ('126','127','161','180','181','349','401','440','339','134','135','147','156','340','341','342','373','343','344','345','346','347','392','393','394','395','396','397','398','399','400','482','483','484','485','486','487') AND `type` = 1 ORDER BY sort desc  [ RunTime:0.0003s ]
NOTIC: [2] array_multisort(): Argument #2 is expected to be an array or a sort flag E:\www\sc\Application\Common\Common\function.php 第 177 行.
NOTIC: [2] array_multisort(): Argument #2 is expected to be an array or a sort flag E:\www\sc\Application\Common\Common\function.php 第 177 行.
INFO: [ view_parse ] --START--
INFO: [ template_filter ] --START--
INFO: Run Behavior\ContentReplaceBehavior [ RunTime:0.000162s ]
INFO: [ template_filter ] --END-- [ RunTime:0.000223s ]
NOTIC: [8] Undefined index: cur E:\www\sc\Runtime\Cache\Admin\b595b808c2ebeeeb0478ffc30bb4e87a.php 第 86 行.
NOTIC: [8] Undefined index: cur E:\www\sc\Runtime\Cache\Admin\b595b808c2ebeeeb0478ffc30bb4e87a.php 第 78 行.
NOTIC: [8] Undefined index: cur E:\www\sc\Runtime\Cache\Admin\b595b808c2ebeeeb0478ffc30bb4e87a.php 第 86 行.
NOTIC: [8] Undefined index: cur E:\www\sc\Runtime\Cache\Admin\b595b808c2ebeeeb0478ffc30bb4e87a.php 第 86 行.
NOTIC: [8] Undefined index: cur E:\www\sc\Runtime\Cache\Admin\b595b808c2ebeeeb0478ffc30bb4e87a.php 第 78 行.
NOTIC: [8] Undefined index: cur E:\www\sc\Runtime\Cache\Admin\b595b808c2ebeeeb0478ffc30bb4e87a.php 第 86 行.
NOTIC: [8] Undefined index: cur E:\www\sc\Runtime\Cache\Admin\b595b808c2ebeeeb0478ffc30bb4e87a.php 第 78 行.
NOTIC: [8] Undefined index: cur E:\www\sc\Runtime\Cache\Admin\b595b808c2ebeeeb0478ffc30bb4e87a.php 第 86 行.
NOTIC: [8] Undefined index: cur E:\www\sc\Runtime\Cache\Admin\b595b808c2ebeeeb0478ffc30bb4e87a.php 第 78 行.
NOTIC: [8] Undefined index: cur E:\www\sc\Runtime\Cache\Admin\b595b808c2ebeeeb0478ffc30bb4e87a.php 第 86 行.
NOTIC: [8] Undefined index: cur E:\www\sc\Runtime\Cache\Admin\b595b808c2ebeeeb0478ffc30bb4e87a.php 第 86 行.
NOTIC: [8] Undefined index: cur E:\www\sc\Runtime\Cache\Admin\b595b808c2ebeeeb0478ffc30bb4e87a.php 第 86 行.
INFO: Run Behavior\ParseTemplateBehavior [ RunTime:0.014067s ]
INFO: [ view_parse ] --END-- [ RunTime:0.014127s ]
INFO: [ view_filter ] --START--
INFO: Run Behavior\WriteHtmlCacheBehavior [ RunTime:0.000579s ]
INFO: [ view_filter ] --END-- [ RunTime:0.000629s ]
INFO: [ app_end ] --START--
INFO: Run Behavior\ShowPageTraceBehavior [ RunTime:0.000872s ]
INFO: [ app_end ] --END-- [ RunTime:0.000951s ]

[ 2017-10-11T23:43:38+08:00 ] 127.0.0.1 /Admin/Index/index.html
INFO: [ app_init ] --START--
INFO: Run Behavior\BuildLiteBehavior [ RunTime:0.000024s ]
INFO: [ app_init ] --END-- [ RunTime:0.000690s ]
INFO: [ app_begin ] --START--
INFO: Run Behavior\ReadHtmlCacheBehavior [ RunTime:0.000825s ]
INFO: [ app_begin ] --END-- [ RunTime:0.000920s ]
SQL: SHOW COLUMNS FROM `ke_user` [ RunTime:0.0077s ]
SQL: SELECT * FROM `ke_user` WHERE `id` = 1 LIMIT 1   [ RunTime:0.0003s ]
SQL: SHOW COLUMNS FROM `ke_user` [ RunTime:0.0086s ]
SQL: SHOW COLUMNS FROM `ke_menu` [ RunTime:0.0082s ]
SQL: SHOW COLUMNS FROM `ke_role` [ RunTime:0.0068s ]
SQL: SELECT * FROM `ke_user` WHERE `id` = 1 LIMIT 1   [ RunTime:0.0003s ]
SQL: SELECT * FROM `ke_role` WHERE `id` = 1 LIMIT 1   [ RunTime:0.0002s ]
SQL: SELECT * FROM `ke_menu` WHERE `id` IN ('126','127','161','180','181','349','401','440','339','134','135','147','156','340','341','342','373','343','344','345','346','347','392','393','394','395','396','397','398','399','400','482','483','484','485','486','487') AND `type` = 1 ORDER BY sort desc  [ RunTime:0.0003s ]
NOTIC: [2] array_multisort(): Argument #2 is expected to be an array or a sort flag E:\www\sc\Application\Common\Common\function.php 第 177 行.
NOTIC: [2] array_multisort(): Argument #2 is expected to be an array or a sort flag E:\www\sc\Application\Common\Common\function.php 第 177 行.
INFO: [ view_parse ] --START--
INFO: [ template_filter ] --START--
INFO: Run Behavior\ContentReplaceBehavior [ RunTime:0.000247s ]
INFO: [ template_filter ] --END-- [ RunTime:0.000342s ]
NOTIC: [8] Undefined index: cur E:\www\sc\Runtime\Cache\Admin\b595b808c2ebeeeb0478ffc30bb4e87a.php 第 86 行.
NOTIC: [8] Undefined index: cur E:\www\sc\Runtime\Cache\Admin\b595b808c2ebeeeb0478ffc30bb4e87a.php 第 78 行.
NOTIC: [8] Undefined index: cur E:\www\sc\Runtime\Cache\Admin\b595b808c2ebeeeb0478ffc30bb4e87a.php 第 86 行.
NOTIC: [8] Undefined index: cur E:\www\sc\Runtime\Cache\Admin\b595b808c2ebeeeb0478ffc30bb4e87a.php 第 86 行.
NOTIC: [8] Undefined index: cur E:\www\sc\Runtime\Cache\Admin\b595b808c2ebeeeb0478ffc30bb4e87a.php 第 78 行.
NOTIC: [8] Undefined index: cur E:\www\sc\Runtime\Cache\Admin\b595b808c2ebeeeb0478ffc30bb4e87a.php 第 86 行.
NOTIC: [8] Undefined index: cur E:\www\sc\Runtime\Cache\Admin\b595b808c2ebeeeb0478ffc30bb4e87a.php 第 78 行.
NOTIC: [8] Undefined index: cur E:\www\sc\Runtime\Cache\Admin\b595b808c2ebeeeb0478ffc30bb4e87a.php 第 86 行.
NOTIC: [8] Undefined index: cur E:\www\sc\Runtime\Cache\Admin\b595b808c2ebeeeb0478ffc30bb4e87a.php 第 78 行.
NOTIC: [8] Undefined index: cur E:\www\sc\Runtime\Cache\Admin\b595b808c2ebeeeb0478ffc30bb4e87a.php 第 86 行.
NOTIC: [8] Undefined index: cur E:\www\sc\Runtime\Cache\Admin\b595b808c2ebeeeb0478ffc30bb4e87a.php 第 86 行.
NOTIC: [8] Undefined index: cur E:\www\sc\Runtime\Cache\Admin\b595b808c2ebeeeb0478ffc30bb4e87a.php 第 86 行.
INFO: Run Behavior\ParseTemplateBehavior [ RunTime:0.017618s ]
INFO: [ view_parse ] --END-- [ RunTime:0.017685s ]
INFO: [ view_filter ] --START--
INFO: Run Behavior\WriteHtmlCacheBehavior [ RunTime:0.000555s ]
INFO: [ view_filter ] --END-- [ RunTime:0.000605s ]
INFO: [ app_end ] --START--
INFO: Run Behavior\ShowPageTraceBehavior [ RunTime:0.000867s ]
INFO: [ app_end ] --END-- [ RunTime:0.000940s ]

[ 2017-10-11T23:43:40+08:00 ] 127.0.0.1 /Admin/Message/index.html
INFO: [ app_init ] --START--
INFO: Run Behavior\BuildLiteBehavior [ RunTime:0.000018s ]
INFO: [ app_init ] --END-- [ RunTime:0.000632s ]
INFO: [ app_begin ] --START--
INFO: Run Behavior\ReadHtmlCacheBehavior [ RunTime:0.000899s ]
INFO: [ app_begin ] --END-- [ RunTime:0.000990s ]
SQL: SHOW COLUMNS FROM `ke_user` [ RunTime:0.0065s ]
SQL: SELECT * FROM `ke_user` WHERE `id` = 1 LIMIT 1   [ RunTime:0.0003s ]
SQL: SHOW COLUMNS FROM `ke_user` [ RunTime:0.0088s ]
SQL: SHOW COLUMNS FROM `ke_menu` [ RunTime:0.0070s ]
SQL: SHOW COLUMNS FROM `ke_role` [ RunTime:0.0075s ]
SQL: SELECT * FROM `ke_user` WHERE `id` = 1 LIMIT 1   [ RunTime:0.0003s ]
SQL: SELECT * FROM `ke_role` WHERE `id` = 1 LIMIT 1   [ RunTime:0.0002s ]
SQL: SELECT * FROM `ke_menu` WHERE `id` IN ('126','127','161','180','181','349','401','440','339','134','135','147','156','340','341','342','373','343','344','345','346','347','392','393','394','395','396','397','398','399','400','482','483','484','485','486','487') AND `type` = 1 ORDER BY sort desc  [ RunTime:0.0004s ]
NOTIC: [2] array_multisort(): Argument #2 is expected to be an array or a sort flag E:\www\sc\Application\Common\Common\function.php 第 177 行.
NOTIC: [2] array_multisort(): Argument #2 is expected to be an array or a sort flag E:\www\sc\Application\Common\Common\function.php 第 177 行.
SQL: SHOW COLUMNS FROM `ke_message` [ RunTime:0.0073s ]
SQL: SELECT COUNT(*) AS tp_count FROM `ke_message` WHERE `status` = 1 LIMIT 1   [ RunTime:0.0003s ]
SQL: SELECT * FROM `ke_message` WHERE `status` = 1 ORDER BY id desc LIMIT 0,15   [ RunTime:0.0003s ]
INFO: [ view_parse ] --START--
INFO: [ template_filter ] --START--
INFO: Run Behavior\ContentReplaceBehavior [ RunTime:0.000182s ]
INFO: [ template_filter ] --END-- [ RunTime:0.000265s ]
NOTIC: [8] Undefined index: cur E:\www\sc\Runtime\Cache\Admin\e1ad611a04673ac9fc78d17e28cd370b.php 第 80 行.
NOTIC: [8] Undefined index: cur E:\www\sc\Runtime\Cache\Admin\e1ad611a04673ac9fc78d17e28cd370b.php 第 88 行.
NOTIC: [8] Undefined index: cur E:\www\sc\Runtime\Cache\Admin\e1ad611a04673ac9fc78d17e28cd370b.php 第 80 行.
NOTIC: [8] Undefined index: cur E:\www\sc\Runtime\Cache\Admin\e1ad611a04673ac9fc78d17e28cd370b.php 第 88 行.
NOTIC: [8] Undefined index: cur E:\www\sc\Runtime\Cache\Admin\e1ad611a04673ac9fc78d17e28cd370b.php 第 88 行.
NOTIC: [8] Undefined index: cur E:\www\sc\Runtime\Cache\Admin\e1ad611a04673ac9fc78d17e28cd370b.php 第 80 行.
NOTIC: [8] Undefined index: cur E:\www\sc\Runtime\Cache\Admin\e1ad611a04673ac9fc78d17e28cd370b.php 第 88 行.
NOTIC: [8] Undefined index: cur E:\www\sc\Runtime\Cache\Admin\e1ad611a04673ac9fc78d17e28cd370b.php 第 88 行.
NOTIC: [8] Undefined index: cur E:\www\sc\Runtime\Cache\Admin\e1ad611a04673ac9fc78d17e28cd370b.php 第 80 行.
NOTIC: [8] Undefined index: cur E:\www\sc\Runtime\Cache\Admin\e1ad611a04673ac9fc78d17e28cd370b.php 第 88 行.
NOTIC: [8] Undefined index: cur E:\www\sc\Runtime\Cache\Admin\e1ad611a04673ac9fc78d17e28cd370b.php 第 88 行.
NOTIC: [8] Undefined index: cur E:\www\sc\Runtime\Cache\Admin\e1ad611a04673ac9fc78d17e28cd370b.php 第 88 行.
NOTIC: [8] Undefined variable: BOOK_STATUS E:\www\sc\Runtime\Cache\Admin\e1ad611a04673ac9fc78d17e28cd370b.php 第 164 行.
INFO: Run Behavior\ParseTemplateBehavior [ RunTime:0.022296s ]
INFO: [ view_parse ] --END-- [ RunTime:0.022391s ]
INFO: [ view_filter ] --START--
INFO: Run Behavior\WriteHtmlCacheBehavior [ RunTime:0.000627s ]
INFO: [ view_filter ] --END-- [ RunTime:0.000690s ]
INFO: [ app_end ] --START--
INFO: Run Behavior\ShowPageTraceBehavior [ RunTime:0.000786s ]
INFO: [ app_end ] --END-- [ RunTime:0.000848s ]

[ 2017-10-11T23:43:42+08:00 ] 127.0.0.1 /Admin/User/index.html
INFO: [ app_init ] --START--
INFO: Run Behavior\BuildLiteBehavior [ RunTime:0.000024s ]
INFO: [ app_init ] --END-- [ RunTime:0.000806s ]
INFO: [ app_begin ] --START--
INFO: Run Behavior\ReadHtmlCacheBehavior [ RunTime:0.000741s ]
INFO: [ app_begin ] --END-- [ RunTime:0.000815s ]
SQL: SHOW COLUMNS FROM `ke_user` [ RunTime:0.0075s ]
SQL: SELECT * FROM `ke_user` WHERE `id` = 1 LIMIT 1   [ RunTime:0.0003s ]
SQL: SHOW COLUMNS FROM `ke_user` [ RunTime:0.0065s ]
SQL: SHOW COLUMNS FROM `ke_menu` [ RunTime:0.0096s ]
SQL: SHOW COLUMNS FROM `ke_role` [ RunTime:0.0079s ]
SQL: SELECT * FROM `ke_user` WHERE `id` = 1 LIMIT 1   [ RunTime:0.0003s ]
SQL: SELECT * FROM `ke_role` WHERE `id` = 1 LIMIT 1   [ RunTime:0.0002s ]
SQL: SELECT * FROM `ke_menu` WHERE `id` IN ('126','127','161','180','181','349','401','440','339','134','135','147','156','340','341','342','373','343','344','345','346','347','392','393','394','395','396','397','398','399','400','482','483','484','485','486','487') AND `type` = 1 ORDER BY sort desc  [ RunTime:0.0004s ]
NOTIC: [2] array_multisort(): Argument #2 is expected to be an array or a sort flag E:\www\sc\Application\Common\Common\function.php 第 177 行.
NOTIC: [2] array_multisort(): Argument #2 is expected to be an array or a sort flag E:\www\sc\Application\Common\Common\function.php 第 177 行.
SQL: SELECT COUNT(*) AS tp_count FROM `ke_user` LIMIT 1   [ RunTime:0.0004s ]
SQL: SELECT * FROM `ke_user` ORDER BY id asc LIMIT 0,20   [ RunTime:0.0004s ]
SQL: SELECT * FROM `ke_role`  [ RunTime:0.0003s ]
INFO: [ view_parse ] --START--
INFO: [ template_filter ] --START--
INFO: Run Behavior\ContentReplaceBehavior [ RunTime:0.000230s ]
INFO: [ template_filter ] --END-- [ RunTime:0.000324s ]
NOTIC: [8] Undefined index: cur E:\www\sc\Runtime\Cache\Admin\65e605872ed5d34210f5b33beb13f5a3.php 第 80 行.
NOTIC: [8] Undefined index: cur E:\www\sc\Runtime\Cache\Admin\65e605872ed5d34210f5b33beb13f5a3.php 第 88 行.
NOTIC: [8] Undefined index: cur E:\www\sc\Runtime\Cache\Admin\65e605872ed5d34210f5b33beb13f5a3.php 第 80 行.
NOTIC: [8] Undefined index: cur E:\www\sc\Runtime\Cache\Admin\65e605872ed5d34210f5b33beb13f5a3.php 第 88 行.
NOTIC: [8] Undefined index: cur E:\www\sc\Runtime\Cache\Admin\65e605872ed5d34210f5b33beb13f5a3.php 第 88 行.
NOTIC: [8] Undefined index: cur E:\www\sc\Runtime\Cache\Admin\65e605872ed5d34210f5b33beb13f5a3.php 第 80 行.
NOTIC: [8] Undefined index: cur E:\www\sc\Runtime\Cache\Admin\65e605872ed5d34210f5b33beb13f5a3.php 第 88 行.
NOTIC: [8] Undefined index: cur E:\www\sc\Runtime\Cache\Admin\65e605872ed5d34210f5b33beb13f5a3.php 第 80 行.
NOTIC: [8] Undefined index: cur E:\www\sc\Runtime\Cache\Admin\65e605872ed5d34210f5b33beb13f5a3.php 第 88 行.
NOTIC: [8] Undefined index: cur E:\www\sc\Runtime\Cache\Admin\65e605872ed5d34210f5b33beb13f5a3.php 第 88 行.
NOTIC: [8] Undefined index: cur E:\www\sc\Runtime\Cache\Admin\65e605872ed5d34210f5b33beb13f5a3.php 第 88 行.
INFO: Run Behavior\ParseTemplateBehavior [ RunTime:0.019518s ]
INFO: [ view_parse ] --END-- [ RunTime:0.019578s ]
INFO: [ view_filter ] --START--
INFO: Run Behavior\WriteHtmlCacheBehavior [ RunTime:0.000518s ]
INFO: [ view_filter ] --END-- [ RunTime:0.000576s ]
INFO: [ app_end ] --START--
INFO: Run Behavior\ShowPageTraceBehavior [ RunTime:0.000840s ]
INFO: [ app_end ] --END-- [ RunTime:0.000911s ]

