[ 2017-10-12T09:35:02+08:00 ] 127.0.0.1 /admin
INFO: [ app_init ] --START--
INFO: Run Behavior\BuildLiteBehavior [ RunTime:0.000021s ]
INFO: [ app_init ] --END-- [ RunTime:0.000737s ]
INFO: [ app_begin ] --START--
INFO: Run Behavior\ReadHtmlCacheBehavior [ RunTime:0.000849s ]
INFO: [ app_begin ] --END-- [ RunTime:0.000924s ]

[ 2017-10-12T09:35:02+08:00 ] 127.0.0.1 /Admin/Login/index.html
INFO: [ app_init ] --START--
INFO: Run Behavior\BuildLiteBehavior [ RunTime:0.000018s ]
INFO: [ app_init ] --END-- [ RunTime:0.000540s ]
INFO: [ app_begin ] --START--
INFO: Run Behavior\ReadHtmlCacheBehavior [ RunTime:0.000645s ]
INFO: [ app_begin ] --END-- [ RunTime:0.000716s ]
INFO: [ view_parse ] --START--
INFO: [ template_filter ] --START--
INFO: Run Behavior\ContentReplaceBehavior [ RunTime:0.000112s ]
INFO: [ template_filter ] --END-- [ RunTime:0.000189s ]
INFO: Run Behavior\ParseTemplateBehavior [ RunTime:0.008759s ]
INFO: [ view_parse ] --END-- [ RunTime:0.008846s ]
INFO: [ view_filter ] --START--
INFO: Run Behavior\WriteHtmlCacheBehavior [ RunTime:0.000489s ]
INFO: [ view_filter ] --END-- [ RunTime:0.000530s ]
INFO: [ app_end ] --START--
INFO: Run Behavior\ShowPageTraceBehavior [ RunTime:0.000887s ]
INFO: [ app_end ] --END-- [ RunTime:0.000947s ]

[ 2017-10-12T09:35:09+08:00 ] 127.0.0.1 /Admin/Login/login.html
INFO: [ app_init ] --START--
INFO: Run Behavior\BuildLiteBehavior [ RunTime:0.000014s ]
INFO: [ app_init ] --END-- [ RunTime:0.000557s ]
INFO: [ app_begin ] --START--
INFO: Run Behavior\ReadHtmlCacheBehavior [ RunTime:0.000610s ]
INFO: [ app_begin ] --END-- [ RunTime:0.000660s ]
SQL: SHOW COLUMNS FROM `ke_user` [ RunTime:0.0516s ]
SQL: SELECT * FROM `ke_user` WHERE ( username="admin" ) LIMIT 1   [ RunTime:0.0004s ]
SQL: UPDATE `ke_user` SET `last_login_time`='2017-10-11 23:39:25',`last_login_ip`='127.0.0.1',`now_login_time`='2017-10-12 09:35:09',`now_login_ip`='127.0.0.1',`login_times`='253' WHERE `id` = 1 [ RunTime:0.0571s ]

[ 2017-10-12T09:35:09+08:00 ] 127.0.0.1 /Admin/Index/index.html
INFO: [ app_init ] --START--
INFO: Run Behavior\BuildLiteBehavior [ RunTime:0.000014s ]
INFO: [ app_init ] --END-- [ RunTime:0.000586s ]
INFO: [ app_begin ] --START--
INFO: Run Behavior\ReadHtmlCacheBehavior [ RunTime:0.001279s ]
INFO: [ app_begin ] --END-- [ RunTime:0.001372s ]
SQL: SHOW COLUMNS FROM `ke_user` [ RunTime:0.0056s ]
SQL: SELECT * FROM `ke_user` WHERE `id` = 1 LIMIT 1   [ RunTime:0.0004s ]
SQL: SHOW COLUMNS FROM `ke_user` [ RunTime:0.0054s ]
SQL: SHOW COLUMNS FROM `ke_menu` [ RunTime:0.0051s ]
SQL: SHOW COLUMNS FROM `ke_role` [ RunTime:0.0052s ]
SQL: SELECT * FROM `ke_user` WHERE `id` = 1 LIMIT 1   [ RunTime:0.0002s ]
SQL: SELECT * FROM `ke_role` WHERE `id` = 1 LIMIT 1   [ RunTime:0.0002s ]
SQL: SELECT * FROM `ke_menu` WHERE `id` IN ('126','127','161','180','181','349','401','440','339','134','135','147','156','340','341','342','373','343','344','345','346','347','392','393','394','395','396','397','398','399','400','482','483','484','485','486','487') AND `type` = 1 ORDER BY sort desc  [ RunTime:0.0002s ]
NOTIC: [2] array_multisort(): Argument #2 is expected to be an array or a sort flag E:\www\sc\Application\Common\Common\function.php 第 177 行.
NOTIC: [2] array_multisort(): Argument #2 is expected to be an array or a sort flag E:\www\sc\Application\Common\Common\function.php 第 177 行.
INFO: [ view_parse ] --START--
INFO: [ template_filter ] --START--
INFO: Run Behavior\ContentReplaceBehavior [ RunTime:0.000110s ]
INFO: [ template_filter ] --END-- [ RunTime:0.000152s ]
NOTIC: [8] Undefined index: cur E:\www\sc\Runtime\Cache\Admin\b595b808c2ebeeeb0478ffc30bb4e87a.php 第 86 行.
NOTIC: [8] Undefined index: cur E:\www\sc\Runtime\Cache\Admin\b595b808c2ebeeeb0478ffc30bb4e87a.php 第 78 行.
NOTIC: [8] Undefined index: cur E:\www\sc\Runtime\Cache\Admin\b595b808c2ebeeeb0478ffc30bb4e87a.php 第 86 行.
NOTIC: [8] Undefined index: cur E:\www\sc\Runtime\Cache\Admin\b595b808c2ebeeeb0478ffc30bb4e87a.php 第 86 行.
NOTIC: [8] Undefined index: cur E:\www\sc\Runtime\Cache\Admin\b595b808c2ebeeeb0478ffc30bb4e87a.php 第 78 行.
NOTIC: [8] Undefined index: cur E:\www\sc\Runtime\Cache\Admin\b595b808c2ebeeeb0478ffc30bb4e87a.php 第 86 行.
NOTIC: [8] Undefined index: cur E:\www\sc\Runtime\Cache\Admin\b595b808c2ebeeeb0478ffc30bb4e87a.php 第 78 行.
NOTIC: [8] Undefined index: cur E:\www\sc\Runtime\Cache\Admin\b595b808c2ebeeeb0478ffc30bb4e87a.php 第 86 行.
NOTIC: [8] Undefined index: cur E:\www\sc\Runtime\Cache\Admin\b595b808c2ebeeeb0478ffc30bb4e87a.php 第 78 行.
NOTIC: [8] Undefined index: cur E:\www\sc\Runtime\Cache\Admin\b595b808c2ebeeeb0478ffc30bb4e87a.php 第 86 行.
NOTIC: [8] Undefined index: cur E:\www\sc\Runtime\Cache\Admin\b595b808c2ebeeeb0478ffc30bb4e87a.php 第 86 行.
NOTIC: [8] Undefined index: cur E:\www\sc\Runtime\Cache\Admin\b595b808c2ebeeeb0478ffc30bb4e87a.php 第 86 行.
INFO: Run Behavior\ParseTemplateBehavior [ RunTime:0.010813s ]
INFO: [ view_parse ] --END-- [ RunTime:0.010861s ]
INFO: [ view_filter ] --START--
INFO: Run Behavior\WriteHtmlCacheBehavior [ RunTime:0.000417s ]
INFO: [ view_filter ] --END-- [ RunTime:0.000457s ]
INFO: [ app_end ] --START--
INFO: Run Behavior\ShowPageTraceBehavior [ RunTime:0.000667s ]
INFO: [ app_end ] --END-- [ RunTime:0.000726s ]

