[ 2016-12-18T17:59:44+08:00 ] 127.0.0.1 /Mobile/Order/pay/id/10.html
INFO: [ app_init ] --START--
INFO: Run Behavior\BuildLiteBehavior [ RunTime:0.000016s ]
INFO: [ app_init ] --END-- [ RunTime:0.001088s ]
INFO: [ app_begin ] --START--
INFO: Run Behavior\ReadHtmlCacheBehavior [ RunTime:0.001023s ]
INFO: [ app_begin ] --END-- [ RunTime:0.001089s ]
SQL: SHOW COLUMNS FROM `ke_product_trade` [ RunTime:0.3188s ]
SQL: SELECT * FROM `ke_product_trade` WHERE ( id=10 AND member_id=2 ) LIMIT 1   [ RunTime:0.0010s ]
INFO: [ view_parse ] --START--
INFO: [ template_filter ] --START--
INFO: Run Behavior\ContentReplaceBehavior [ RunTime:0.000117s ]
INFO: [ template_filter ] --END-- [ RunTime:0.000170s ]
INFO: Run Behavior\ParseTemplateBehavior [ RunTime:0.033187s ]
INFO: [ view_parse ] --END-- [ RunTime:0.033243s ]
INFO: [ view_filter ] --START--
INFO: Run Behavior\WriteHtmlCacheBehavior [ RunTime:0.010401s ]
INFO: [ view_filter ] --END-- [ RunTime:0.010453s ]
INFO: [ app_end ] --START--
INFO: Run Behavior\ShowPageTraceBehavior [ RunTime:0.010982s ]
INFO: [ app_end ] --END-- [ RunTime:0.011079s ]

[ 2016-12-18T17:59:52+08:00 ] 127.0.0.1 /Mobile/Order/wexintopay.html
INFO: [ app_init ] --START--
INFO: Run Behavior\BuildLiteBehavior [ RunTime:0.000017s ]
INFO: [ app_init ] --END-- [ RunTime:0.000524s ]
INFO: [ app_begin ] --START--
INFO: Run Behavior\ReadHtmlCacheBehavior [ RunTime:0.000843s ]
INFO: [ app_begin ] --END-- [ RunTime:0.000917s ]
SQL: SHOW COLUMNS FROM `ke_product_trade` [ RunTime:0.0040s ]
SQL: SELECT * FROM `ke_product_trade` WHERE `id` = 10 LIMIT 1   [ RunTime:0.0004s ]
SQL: UPDATE `ke_product_trade` SET `pay_mode`='1' WHERE ( id=10 ) [ RunTime:0.0811s ]
NOTIC: [8] Use of undefined constant OPENID - assumed 'OPENID' E:\www\sc\Application\Mobile\Controller\OrderController.class.php 第 176 行.

[ 2016-12-18T17:59:55+08:00 ] 127.0.0.1 /Mobile/Member/order.html
INFO: [ app_init ] --START--
INFO: Run Behavior\BuildLiteBehavior [ RunTime:0.000025s ]
INFO: [ app_init ] --END-- [ RunTime:0.001225s ]
INFO: [ app_begin ] --START--
INFO: Run Behavior\ReadHtmlCacheBehavior [ RunTime:0.000680s ]
INFO: [ app_begin ] --END-- [ RunTime:0.000741s ]
SQL: SHOW COLUMNS FROM `ke_product_trade` [ RunTime:0.0042s ]
SQL: SELECT * FROM `ke_product_trade` WHERE `member_id` = 2 ORDER BY id desc  [ RunTime:0.0004s ]
SQL: SELECT COUNT(*) AS tp_count FROM `ke_product_trade` WHERE ( member_id=2 ) LIMIT 1   [ RunTime:0.0003s ]
SQL: SELECT COUNT(*) AS tp_count FROM `ke_product_trade` WHERE ( member_id=2 AND status=20 ) LIMIT 1   [ RunTime:0.0003s ]
SQL: SELECT COUNT(*) AS tp_count FROM `ke_product_trade` WHERE ( member_id=2 AND status=30 ) LIMIT 1   [ RunTime:0.0003s ]
SQL: SELECT COUNT(*) AS tp_count FROM `ke_product_trade` WHERE ( member_id=2 AND status=60 ) LIMIT 1   [ RunTime:0.0002s ]
INFO: [ view_parse ] --START--
INFO: [ template_filter ] --START--
INFO: Run Behavior\ContentReplaceBehavior [ RunTime:0.000208s ]
INFO: [ template_filter ] --END-- [ RunTime:0.000262s ]
INFO: Run Behavior\ParseTemplateBehavior [ RunTime:0.020832s ]
INFO: [ view_parse ] --END-- [ RunTime:0.020901s ]
INFO: [ view_filter ] --START--
INFO: Run Behavior\WriteHtmlCacheBehavior [ RunTime:0.000427s ]
INFO: [ view_filter ] --END-- [ RunTime:0.000465s ]
INFO: [ app_end ] --START--
INFO: Run Behavior\ShowPageTraceBehavior [ RunTime:0.000778s ]
INFO: [ app_end ] --END-- [ RunTime:0.000838s ]

